<?xml version="1.0" encoding="UTF-8"?>
<coverage generated="1778737207248" clover="3.2.0">
  <project timestamp="1778737207249" name="All files">
    <metrics statements="3429" coveredstatements="3161" conditionals="733" coveredconditionals="544" methods="69" coveredmethods="66" elements="4231" coveredelements="3771" complexity="0" loc="3429" ncloc="3429" packages="5" files="28" classes="28"/>
    <package name="db">
      <metrics statements="171" coveredstatements="83" conditionals="18" coveredconditionals="6" methods="5" coveredmethods="4"/>
      <file name="connection.js" path="C:\Users\camil\Desktop\Fittreacker\fittracker-backend\backend\src\db\connection.js">
        <metrics statements="3" coveredstatements="3" conditionals="0" coveredconditionals="0" methods="0" coveredmethods="0"/>
        <line num="1" count="1" type="stmt"/>
        <line num="2" count="1" type="stmt"/>
        <line num="3" count="1" type="stmt"/>
      </file>
      <file name="migrate.js" path="C:\Users\camil\Desktop\Fittreacker\fittracker-backend\backend\src\db\migrate.js">
        <metrics statements="105" coveredstatements="80" conditionals="17" coveredconditionals="6" methods="4" coveredmethods="4"/>
        <line num="1" count="1" type="stmt"/>
        <line num="2" count="1" type="stmt"/>
        <line num="3" count="1" type="stmt"/>
        <line num="4" count="1" type="stmt"/>
        <line num="5" count="1" type="stmt"/>
        <line num="6" count="1" type="stmt"/>
        <line num="7" count="1" type="stmt"/>
        <line num="8" count="1" type="stmt"/>
        <line num="9" count="1" type="stmt"/>
        <line num="10" count="1" type="stmt"/>
        <line num="11" count="209" type="cond" truecount="1" falsecount="0"/>
        <line num="12" count="209" type="stmt"/>
        <line num="13" count="209" type="stmt"/>
        <line num="14" count="209" type="stmt"/>
        <line num="15" count="209" type="cond" truecount="0" falsecount="1"/>
        <line num="16" count="209" type="stmt"/>
        <line num="17" count="1" type="stmt"/>
        <line num="18" count="19" type="cond" truecount="1" falsecount="0"/>
        <line num="19" count="19" type="cond" truecount="0" falsecount="1"/>
        <line num="20" count="0" type="stmt"/>
        <line num="21" count="0" type="stmt"/>
        <line num="22" count="0" type="stmt"/>
        <line num="23" count="0" type="stmt"/>
        <line num="24" count="19" type="stmt"/>
        <line num="25" count="19" type="stmt"/>
        <line num="26" count="19" type="stmt"/>
        <line num="27" count="19" type="stmt"/>
        <line num="28" count="19" type="stmt"/>
        <line num="29" count="19" type="stmt"/>
        <line num="30" count="19" type="stmt"/>
        <line num="31" count="19" type="stmt"/>
        <line num="32" count="19" type="stmt"/>
        <line num="33" count="19" type="stmt"/>
        <line num="34" count="19" type="stmt"/>
        <line num="35" count="19" type="stmt"/>
        <line num="36" count="1" type="stmt"/>
        <line num="37" count="190" type="cond" truecount="1" falsecount="0"/>
        <line num="38" count="190" type="stmt"/>
        <line num="39" count="190" type="stmt"/>
        <line num="40" count="190" type="stmt"/>
        <line num="41" count="190" type="stmt"/>
        <line num="42" count="190" type="cond" truecount="0" falsecount="1"/>
        <line num="43" count="0" type="stmt"/>
        <line num="44" count="0" type="stmt"/>
        <line num="45" count="0" type="stmt"/>
        <line num="46" count="0" type="stmt"/>
        <line num="47" count="190" type="stmt"/>
        <line num="48" count="190" type="stmt"/>
        <line num="49" count="190" type="stmt"/>
        <line num="50" count="190" type="stmt"/>
        <line num="51" count="190" type="stmt"/>
        <line num="52" count="190" type="stmt"/>
        <line num="53" count="190" type="stmt"/>
        <line num="54" count="190" type="stmt"/>
        <line num="55" count="190" type="cond" truecount="0" falsecount="1"/>
        <line num="56" count="0" type="stmt"/>
        <line num="57" count="0" type="stmt"/>
        <line num="58" count="0" type="stmt"/>
        <line num="59" count="190" type="stmt"/>
        <line num="60" count="1" type="stmt"/>
        <line num="61" count="19" type="cond" truecount="1" falsecount="0"/>
        <line num="62" count="19" type="cond" truecount="0" falsecount="2"/>
        <line num="63" count="0" type="stmt"/>
        <line num="64" count="0" type="stmt"/>
        <line num="65" count="0" type="stmt"/>
        <line num="66" count="19" type="stmt"/>
        <line num="67" count="19" type="cond" truecount="0" falsecount="1"/>
        <line num="68" count="0" type="stmt"/>
        <line num="69" count="0" type="stmt"/>
        <line num="70" count="0" type="stmt"/>
        <line num="71" count="19" type="stmt"/>
        <line num="72" count="19" type="stmt"/>
        <line num="73" count="19" type="stmt"/>
        <line num="74" count="19" type="stmt"/>
        <line num="75" count="19" type="stmt"/>
        <line num="76" count="19" type="cond" truecount="1" falsecount="0"/>
        <line num="77" count="19" type="stmt"/>
        <line num="78" count="19" type="stmt"/>
        <line num="79" count="19" type="stmt"/>
        <line num="80" count="19" type="cond" truecount="1" falsecount="0"/>
        <line num="81" count="190" type="cond" truecount="0" falsecount="1"/>
        <line num="82" count="190" type="stmt"/>
        <line num="83" count="190" type="stmt"/>
        <line num="84" count="190" type="stmt"/>
        <line num="85" count="190" type="stmt"/>
        <line num="86" count="190" type="cond" truecount="0" falsecount="1"/>
        <line num="87" count="0" type="stmt"/>
        <line num="88" count="0" type="stmt"/>
        <line num="89" count="0" type="stmt"/>
        <line num="90" count="190" type="stmt"/>
        <line num="91" count="19" type="stmt"/>
        <line num="92" count="19" type="stmt"/>
        <line num="93" count="0" type="cond" truecount="0" falsecount="1"/>
        <line num="94" count="19" type="stmt"/>
        <line num="95" count="19" type="stmt"/>
        <line num="96" count="19" type="stmt"/>
        <line num="97" count="19" type="stmt"/>
        <line num="98" count="1" type="stmt"/>
        <line num="99" count="1" type="stmt"/>
        <line num="100" count="1" type="stmt"/>
        <line num="101" count="1" type="cond" truecount="0" falsecount="1"/>
        <line num="102" count="0" type="stmt"/>
        <line num="103" count="0" type="stmt"/>
        <line num="104" count="0" type="stmt"/>
        <line num="105" count="0" type="stmt"/>
      </file>
      <file name="postgres.js" path="C:\Users\camil\Desktop\Fittreacker\fittracker-backend\backend\src\db\postgres.js">
        <metrics statements="63" coveredstatements="0" conditionals="1" coveredconditionals="0" methods="1" coveredmethods="0"/>
        <line num="1" count="0" type="cond" truecount="0" falsecount="1"/>
        <line num="2" count="0" type="stmt"/>
        <line num="3" count="0" type="stmt"/>
        <line num="4" count="0" type="stmt"/>
        <line num="5" count="0" type="stmt"/>
        <line num="6" count="0" type="stmt"/>
        <line num="7" count="0" type="stmt"/>
        <line num="8" count="0" type="stmt"/>
        <line num="9" count="0" type="stmt"/>
        <line num="10" count="0" type="stmt"/>
        <line num="11" count="0" type="stmt"/>
        <line num="12" count="0" type="stmt"/>
        <line num="13" count="0" type="stmt"/>
        <line num="14" count="0" type="stmt"/>
        <line num="15" count="0" type="stmt"/>
        <line num="16" count="0" type="stmt"/>
        <line num="17" count="0" type="stmt"/>
        <line num="18" count="0" type="stmt"/>
        <line num="19" count="0" type="stmt"/>
        <line num="20" count="0" type="stmt"/>
        <line num="21" count="0" type="stmt"/>
        <line num="22" count="0" type="stmt"/>
        <line num="23" count="0" type="stmt"/>
        <line num="24" count="0" type="stmt"/>
        <line num="25" count="0" type="stmt"/>
        <line num="26" count="0" type="stmt"/>
        <line num="27" count="0" type="stmt"/>
        <line num="28" count="0" type="stmt"/>
        <line num="29" count="0" type="stmt"/>
        <line num="30" count="0" type="stmt"/>
        <line num="31" count="0" type="stmt"/>
        <line num="32" count="0" type="stmt"/>
        <line num="33" count="0" type="stmt"/>
        <line num="34" count="0" type="stmt"/>
        <line num="35" count="0" type="stmt"/>
        <line num="36" count="0" type="stmt"/>
        <line num="37" count="0" type="stmt"/>
        <line num="38" count="0" type="stmt"/>
        <line num="39" count="0" type="stmt"/>
        <line num="40" count="0" type="stmt"/>
        <line num="41" count="0" type="stmt"/>
        <line num="42" count="0" type="stmt"/>
        <line num="43" count="0" type="stmt"/>
        <line num="44" count="0" type="stmt"/>
        <line num="45" count="0" type="stmt"/>
        <line num="46" count="0" type="stmt"/>
        <line num="47" count="0" type="stmt"/>
        <line num="48" count="0" type="stmt"/>
        <line num="49" count="0" type="stmt"/>
        <line num="50" count="0" type="stmt"/>
        <line num="51" count="0" type="stmt"/>
        <line num="52" count="0" type="stmt"/>
        <line num="53" count="0" type="stmt"/>
        <line num="54" count="0" type="stmt"/>
        <line num="55" count="0" type="stmt"/>
        <line num="56" count="0" type="stmt"/>
        <line num="57" count="0" type="stmt"/>
        <line num="58" count="0" type="stmt"/>
        <line num="59" count="0" type="stmt"/>
        <line num="60" count="0" type="stmt"/>
        <line num="61" count="0" type="stmt"/>
        <line num="62" count="0" type="stmt"/>
        <line num="63" count="0" type="stmt"/>
      </file>
    </package>
    <package name="middleware">
      <metrics statements="75" coveredstatements="75" conditionals="9" coveredconditionals="7" methods="6" coveredmethods="5"/>
      <file name="featureFlags.js" path="C:\Users\camil\Desktop\Fittreacker\fittracker-backend\backend\src\middleware\featureFlags.js">
        <metrics statements="30" coveredstatements="30" conditionals="4" coveredconditionals="4" methods="2" coveredmethods="2"/>
        <line num="1" count="1" type="stmt"/>
        <line num="2" count="1" type="stmt"/>
        <line num="3" count="1" type="stmt"/>
        <line num="4" count="1" type="stmt"/>
        <line num="5" count="1" type="stmt"/>
        <line num="6" count="1" type="stmt"/>
        <line num="7" count="1" type="stmt"/>
        <line num="8" count="1" type="stmt"/>
        <line num="9" count="1" type="stmt"/>
        <line num="10" count="1" type="stmt"/>
        <line num="11" count="1" type="stmt"/>
        <line num="12" count="1" type="stmt"/>
        <line num="13" count="1" type="stmt"/>
        <line num="14" count="1" type="stmt"/>
        <line num="15" count="1" type="stmt"/>
        <line num="16" count="22" type="cond" truecount="1" falsecount="0"/>
        <line num="17" count="22" type="stmt"/>
        <line num="18" count="22" type="cond" truecount="1" falsecount="0"/>
        <line num="19" count="16" type="cond" truecount="1" falsecount="0"/>
        <line num="20" count="5" type="stmt"/>
        <line num="21" count="5" type="stmt"/>
        <line num="22" count="5" type="stmt"/>
        <line num="23" count="5" type="stmt"/>
        <line num="24" count="5" type="stmt"/>
        <line num="25" count="5" type="cond" truecount="1" falsecount="0"/>
        <line num="26" count="11" type="stmt"/>
        <line num="27" count="22" type="stmt"/>
        <line num="28" count="22" type="stmt"/>
        <line num="29" count="1" type="stmt"/>
        <line num="30" count="1" type="stmt"/>
      </file>
      <file name="rateLimiter.js" path="C:\Users\camil\Desktop\Fittreacker\fittracker-backend\backend\src\middleware\rateLimiter.js">
        <metrics statements="29" coveredstatements="29" conditionals="4" coveredconditionals="2" methods="3" coveredmethods="2"/>
        <line num="1" count="1" type="stmt"/>
        <line num="2" count="1" type="stmt"/>
        <line num="3" count="1" type="stmt"/>
        <line num="4" count="1" type="stmt"/>
        <line num="5" count="1" type="stmt"/>
        <line num="6" count="1" type="stmt"/>
        <line num="7" count="1" type="stmt"/>
        <line num="8" count="1" type="stmt"/>
        <line num="9" count="1" type="stmt"/>
        <line num="10" count="1" type="stmt"/>
        <line num="11" count="1" type="cond" truecount="0" falsecount="1"/>
        <line num="12" count="1" type="stmt"/>
        <line num="13" count="1" type="stmt"/>
        <line num="14" count="1" type="cond" truecount="1" falsecount="0"/>
        <line num="15" count="1" type="stmt"/>
        <line num="16" count="1" type="stmt"/>
        <line num="17" count="1" type="stmt"/>
        <line num="18" count="1" type="stmt"/>
        <line num="19" count="1" type="stmt"/>
        <line num="20" count="1" type="stmt"/>
        <line num="21" count="1" type="stmt"/>
        <line num="22" count="1" type="cond" truecount="0" falsecount="1"/>
        <line num="23" count="1" type="stmt"/>
        <line num="24" count="1" type="stmt"/>
        <line num="25" count="1" type="cond" truecount="1" falsecount="0"/>
        <line num="26" count="1" type="stmt"/>
        <line num="27" count="1" type="stmt"/>
        <line num="28" count="1" type="stmt"/>
        <line num="29" count="1" type="stmt"/>
      </file>
      <file name="requestId.js" path="C:\Users\camil\Desktop\Fittreacker\fittracker-backend\backend\src\middleware\requestId.js">
        <metrics statements="16" coveredstatements="16" conditionals="1" coveredconditionals="1" methods="1" coveredmethods="1"/>
        <line num="1" count="1" type="stmt"/>
        <line num="2" count="1" type="stmt"/>
        <line num="3" count="1" type="stmt"/>
        <line num="4" count="1" type="stmt"/>
        <line num="5" count="1" type="stmt"/>
        <line num="6" count="1" type="stmt"/>
        <line num="7" count="1" type="stmt"/>
        <line num="8" count="1" type="stmt"/>
        <line num="9" count="1" type="stmt"/>
        <line num="10" count="536" type="cond" truecount="1" falsecount="0"/>
        <line num="11" count="536" type="stmt"/>
        <line num="12" count="536" type="stmt"/>
        <line num="13" count="536" type="stmt"/>
        <line num="14" count="536" type="stmt"/>
        <line num="15" count="1" type="stmt"/>
        <line num="16" count="1" type="stmt"/>
      </file>
    </package>
    <package name="routes.v1">
      <metrics statements="2582" coveredstatements="2440" conditionals="584" coveredconditionals="432" methods="25" coveredmethods="25"/>
      <file name="ai.js" path="C:\Users\camil\Desktop\Fittreacker\fittracker-backend\backend\src\routes\v1\ai.js">
        <metrics statements="473" coveredstatements="388" conditionals="126" coveredconditionals="80" methods="9" coveredmethods="9"/>
        <line num="1" count="1" type="stmt"/>
        <line num="2" count="1" type="stmt"/>
        <line num="3" count="1" type="stmt"/>
        <line num="4" count="1" type="stmt"/>
        <line num="5" count="1" type="stmt"/>
        <line num="6" count="1" type="stmt"/>
        <line num="7" count="1" type="stmt"/>
        <line num="8" count="1" type="stmt"/>
        <line num="9" count="1" type="stmt"/>
        <line num="10" count="1" type="stmt"/>
        <line num="11" count="1" type="stmt"/>
        <line num="12" count="1" type="stmt"/>
        <line num="13" count="1" type="stmt"/>
        <line num="14" count="24" type="cond" truecount="1" falsecount="0"/>
        <line num="15" count="24" type="cond" truecount="2" falsecount="0"/>
        <line num="16" count="1" type="stmt"/>
        <line num="17" count="1" type="stmt"/>
        <line num="18" count="1" type="stmt"/>
        <line num="19" count="1" type="stmt"/>
        <line num="20" count="1" type="stmt"/>
        <line num="21" count="1" type="stmt"/>
        <line num="22" count="1" type="stmt"/>
        <line num="23" count="1" type="cond" truecount="1" falsecount="0"/>
        <line num="24" count="1" type="cond" truecount="0" falsecount="2"/>
        <line num="25" count="0" type="stmt"/>
        <line num="26" count="0" type="stmt"/>
        <line num="27" count="0" type="stmt"/>
        <line num="28" count="0" type="stmt"/>
        <line num="29" count="0" type="stmt"/>
        <line num="30" count="0" type="stmt"/>
        <line num="31" count="0" type="stmt"/>
        <line num="32" count="0" type="stmt"/>
        <line num="33" count="0" type="stmt"/>
        <line num="34" count="0" type="stmt"/>
        <line num="35" count="0" type="stmt"/>
        <line num="36" count="0" type="stmt"/>
        <line num="37" count="0" type="stmt"/>
        <line num="38" count="0" type="stmt"/>
        <line num="39" count="0" type="stmt"/>
        <line num="40" count="0" type="stmt"/>
        <line num="41" count="0" type="stmt"/>
        <line num="42" count="0" type="stmt"/>
        <line num="43" count="1" type="stmt"/>
        <line num="44" count="1" type="stmt"/>
        <line num="45" count="1" type="stmt"/>
        <line num="46" count="23" type="cond" truecount="1" falsecount="0"/>
        <line num="47" count="23" type="stmt"/>
        <line num="48" count="23" type="stmt"/>
        <line num="49" count="23" type="stmt"/>
        <line num="50" count="23" type="stmt"/>
        <line num="51" count="23" type="cond" truecount="1" falsecount="0"/>
        <line num="52" count="23" type="stmt"/>
        <line num="53" count="23" type="cond" truecount="0" falsecount="1"/>
        <line num="54" count="23" type="cond" truecount="0" falsecount="1"/>
        <line num="55" count="23" type="cond" truecount="0" falsecount="1"/>
        <line num="56" count="23" type="cond" truecount="0" falsecount="1"/>
        <line num="57" count="23" type="cond" truecount="0" falsecount="1"/>
        <line num="58" count="23" type="stmt"/>
        <line num="59" count="23" type="cond" truecount="0" falsecount="1"/>
        <line num="60" count="23" type="cond" truecount="0" falsecount="1"/>
        <line num="61" count="23" type="cond" truecount="0" falsecount="1"/>
        <line num="62" count="23" type="stmt"/>
        <line num="63" count="23" type="cond" truecount="0" falsecount="1"/>
        <line num="64" count="23" type="cond" truecount="0" falsecount="1"/>
        <line num="65" count="23" type="cond" truecount="0" falsecount="1"/>
        <line num="66" count="23" type="cond" truecount="0" falsecount="1"/>
        <line num="67" count="23" type="stmt"/>
        <line num="68" count="23" type="cond" truecount="0" falsecount="1"/>
        <line num="69" count="23" type="cond" truecount="0" falsecount="1"/>
        <line num="70" count="23" type="stmt"/>
        <line num="71" count="23" type="stmt"/>
        <line num="72" count="23" type="cond" truecount="0" falsecount="1"/>
        <line num="73" count="23" type="stmt"/>
        <line num="74" count="23" type="stmt"/>
        <line num="75" count="23" type="cond" truecount="0" falsecount="1"/>
        <line num="76" count="23" type="stmt"/>
        <line num="77" count="23" type="cond" truecount="0" falsecount="1"/>
        <line num="78" count="23" type="stmt"/>
        <line num="79" count="23" type="cond" truecount="0" falsecount="1"/>
        <line num="80" count="23" type="stmt"/>
        <line num="81" count="23" type="stmt"/>
        <line num="82" count="23" type="stmt"/>
        <line num="83" count="1" type="stmt"/>
        <line num="84" count="1" type="stmt"/>
        <line num="85" count="23" type="cond" truecount="1" falsecount="0"/>
        <line num="86" count="23" type="stmt"/>
        <line num="87" count="23" type="stmt"/>
        <line num="88" count="23" type="stmt"/>
        <line num="89" count="23" type="stmt"/>
        <line num="90" count="23" type="stmt"/>
        <line num="91" count="23" type="stmt"/>
        <line num="92" count="23" type="stmt"/>
        <line num="93" count="23" type="stmt"/>
        <line num="94" count="23" type="stmt"/>
        <line num="95" count="23" type="stmt"/>
        <line num="96" count="23" type="stmt"/>
        <line num="97" count="23" type="stmt"/>
        <line num="98" count="23" type="stmt"/>
        <line num="99" count="23" type="stmt"/>
        <line num="100" count="23" type="stmt"/>
        <line num="101" count="23" type="cond" truecount="3" falsecount="0"/>
        <line num="102" count="13" type="stmt"/>
        <line num="103" count="13" type="stmt"/>
        <line num="104" count="13" type="stmt"/>
        <line num="105" count="13" type="stmt"/>
        <line num="106" count="13" type="stmt"/>
        <line num="107" count="13" type="stmt"/>
        <line num="108" count="23" type="stmt"/>
        <line num="109" count="23" type="stmt"/>
        <line num="110" count="23" type="cond" truecount="1" falsecount="0"/>
        <line num="111" count="23" type="cond" truecount="1" falsecount="0"/>
        <line num="112" count="23" type="cond" truecount="2" falsecount="0"/>
        <line num="113" count="23" type="cond" truecount="2" falsecount="0"/>
        <line num="114" count="23" type="cond" truecount="2" falsecount="0"/>
        <line num="115" count="23" type="cond" truecount="4" falsecount="0"/>
        <line num="116" count="23" type="cond" truecount="1" falsecount="0"/>
        <line num="117" count="23" type="cond" truecount="0" falsecount="1"/>
        <line num="118" count="23" type="cond" truecount="1" falsecount="0"/>
        <line num="119" count="23" type="stmt"/>
        <line num="120" count="23" type="stmt"/>
        <line num="121" count="0" type="cond" truecount="0" falsecount="1"/>
        <line num="122" count="23" type="stmt"/>
        <line num="123" count="23" type="stmt"/>
        <line num="124" count="23" type="stmt"/>
        <line num="125" count="23" type="stmt"/>
        <line num="126" count="23" type="stmt"/>
        <line num="127" count="23" type="stmt"/>
        <line num="128" count="23" type="stmt"/>
        <line num="129" count="23" type="stmt"/>
        <line num="130" count="23" type="stmt"/>
        <line num="131" count="23" type="stmt"/>
        <line num="132" count="23" type="stmt"/>
        <line num="133" count="23" type="stmt"/>
        <line num="134" count="23" type="stmt"/>
        <line num="135" count="23" type="stmt"/>
        <line num="136" count="23" type="stmt"/>
        <line num="137" count="23" type="stmt"/>
        <line num="138" count="23" type="stmt"/>
        <line num="139" count="23" type="stmt"/>
        <line num="140" count="23" type="stmt"/>
        <line num="141" count="23" type="stmt"/>
        <line num="142" count="23" type="stmt"/>
        <line num="143" count="23" type="stmt"/>
        <line num="144" count="23" type="stmt"/>
        <line num="145" count="23" type="stmt"/>
        <line num="146" count="23" type="stmt"/>
        <line num="147" count="23" type="stmt"/>
        <line num="148" count="23" type="stmt"/>
        <line num="149" count="23" type="stmt"/>
        <line num="150" count="23" type="stmt"/>
        <line num="151" count="1" type="stmt"/>
        <line num="152" count="1" type="stmt"/>
        <line num="153" count="1" type="stmt"/>
        <line num="154" count="1" type="stmt"/>
        <line num="155" count="1" type="stmt"/>
        <line num="156" count="1" type="stmt"/>
        <line num="157" count="1" type="stmt"/>
        <line num="158" count="1" type="stmt"/>
        <line num="159" count="1" type="stmt"/>
        <line num="160" count="1" type="stmt"/>
        <line num="161" count="1" type="stmt"/>
        <line num="162" count="1" type="stmt"/>
        <line num="163" count="1" type="stmt"/>
        <line num="164" count="1" type="stmt"/>
        <line num="165" count="1" type="stmt"/>
        <line num="166" count="1" type="stmt"/>
        <line num="167" count="1" type="stmt"/>
        <line num="168" count="1" type="stmt"/>
        <line num="169" count="1" type="stmt"/>
        <line num="170" count="23" type="cond" truecount="1" falsecount="0"/>
        <line num="171" count="23" type="cond" truecount="1" falsecount="0"/>
        <line num="172" count="140" type="cond" truecount="1" falsecount="0"/>
        <line num="173" count="140" type="cond" truecount="0" falsecount="1"/>
        <line num="174" count="0" type="stmt"/>
        <line num="175" count="0" type="stmt"/>
        <line num="176" count="1" type="stmt"/>
        <line num="177" count="3" type="cond" truecount="1" falsecount="0"/>
        <line num="178" count="3" type="cond" truecount="0" falsecount="3"/>
        <line num="179" count="3" type="stmt"/>
        <line num="180" count="3" type="stmt"/>
        <line num="181" count="3" type="stmt"/>
        <line num="182" count="3" type="stmt"/>
        <line num="183" count="3" type="stmt"/>
        <line num="184" count="1" type="stmt"/>
        <line num="185" count="3" type="cond" truecount="1" falsecount="0"/>
        <line num="186" count="3" type="stmt"/>
        <line num="187" count="3" type="stmt"/>
        <line num="188" count="3" type="stmt"/>
        <line num="189" count="3" type="stmt"/>
        <line num="190" count="3" type="stmt"/>
        <line num="191" count="3" type="stmt"/>
        <line num="192" count="3" type="stmt"/>
        <line num="193" count="3" type="stmt"/>
        <line num="194" count="3" type="stmt"/>
        <line num="195" count="3" type="stmt"/>
        <line num="196" count="3" type="stmt"/>
        <line num="197" count="3" type="stmt"/>
        <line num="198" count="3" type="stmt"/>
        <line num="199" count="3" type="stmt"/>
        <line num="200" count="3" type="stmt"/>
        <line num="201" count="3" type="stmt"/>
        <line num="202" count="3" type="stmt"/>
        <line num="203" count="3" type="stmt"/>
        <line num="204" count="3" type="stmt"/>
        <line num="205" count="3" type="stmt"/>
        <line num="206" count="3" type="stmt"/>
        <line num="207" count="3" type="stmt"/>
        <line num="208" count="3" type="stmt"/>
        <line num="209" count="3" type="stmt"/>
        <line num="210" count="3" type="stmt"/>
        <line num="211" count="3" type="stmt"/>
        <line num="212" count="3" type="stmt"/>
        <line num="213" count="3" type="stmt"/>
        <line num="214" count="3" type="stmt"/>
        <line num="215" count="3" type="stmt"/>
        <line num="216" count="3" type="stmt"/>
        <line num="217" count="3" type="stmt"/>
        <line num="218" count="3" type="cond" truecount="0" falsecount="1"/>
        <line num="219" count="3" type="stmt"/>
        <line num="220" count="1" type="stmt"/>
        <line num="221" count="4" type="cond" truecount="1" falsecount="0"/>
        <line num="222" count="4" type="stmt"/>
        <line num="223" count="4" type="cond" truecount="0" falsecount="1"/>
        <line num="224" count="4" type="cond" truecount="3" falsecount="0"/>
        <line num="225" count="2" type="stmt"/>
        <line num="226" count="2" type="stmt"/>
        <line num="227" count="2" type="stmt"/>
        <line num="228" count="4" type="stmt"/>
        <line num="229" count="4" type="stmt"/>
        <line num="230" count="4" type="stmt"/>
        <line num="231" count="4" type="stmt"/>
        <line num="232" count="4" type="stmt"/>
        <line num="233" count="4" type="stmt"/>
        <line num="234" count="4" type="stmt"/>
        <line num="235" count="4" type="stmt"/>
        <line num="236" count="4" type="stmt"/>
        <line num="237" count="4" type="stmt"/>
        <line num="238" count="4" type="stmt"/>
        <line num="239" count="4" type="stmt"/>
        <line num="240" count="4" type="stmt"/>
        <line num="241" count="4" type="stmt"/>
        <line num="242" count="4" type="stmt"/>
        <line num="243" count="4" type="stmt"/>
        <line num="244" count="4" type="stmt"/>
        <line num="245" count="4" type="stmt"/>
        <line num="246" count="4" type="stmt"/>
        <line num="247" count="4" type="stmt"/>
        <line num="248" count="4" type="stmt"/>
        <line num="249" count="4" type="stmt"/>
        <line num="250" count="4" type="stmt"/>
        <line num="251" count="4" type="stmt"/>
        <line num="252" count="4" type="cond" truecount="0" falsecount="1"/>
        <line num="253" count="4" type="stmt"/>
        <line num="254" count="4" type="cond" truecount="0" falsecount="1"/>
        <line num="255" count="4" type="stmt"/>
        <line num="256" count="4" type="stmt"/>
        <line num="257" count="4" type="stmt"/>
        <line num="258" count="4" type="stmt"/>
        <line num="259" count="4" type="cond" truecount="1" falsecount="0"/>
        <line num="260" count="4" type="stmt"/>
        <line num="261" count="1" type="cond" truecount="1" falsecount="0"/>
        <line num="262" count="3" type="cond" truecount="1" falsecount="0"/>
        <line num="263" count="2" type="cond" truecount="1" falsecount="1"/>
        <line num="264" count="1" type="cond" truecount="1" falsecount="0"/>
        <line num="265" count="4" type="stmt"/>
        <line num="266" count="4" type="stmt"/>
        <line num="267" count="1" type="stmt"/>
        <line num="268" count="23" type="cond" truecount="1" falsecount="0"/>
        <line num="269" count="23" type="stmt"/>
        <line num="270" count="23" type="stmt"/>
        <line num="271" count="23" type="cond" truecount="1" falsecount="0"/>
        <line num="272" count="23" type="cond" truecount="1" falsecount="0"/>
        <line num="273" count="23" type="stmt"/>
        <line num="274" count="23" type="stmt"/>
        <line num="275" count="23" type="stmt"/>
        <line num="276" count="23" type="stmt"/>
        <line num="277" count="23" type="cond" truecount="0" falsecount="1"/>
        <line num="278" count="0" type="stmt"/>
        <line num="279" count="0" type="stmt"/>
        <line num="280" count="0" type="stmt"/>
        <line num="281" count="23" type="stmt"/>
        <line num="282" count="23" type="cond" truecount="0" falsecount="1"/>
        <line num="283" count="0" type="stmt"/>
        <line num="284" count="0" type="stmt"/>
        <line num="285" count="0" type="stmt"/>
        <line num="286" count="23" type="stmt"/>
        <line num="287" count="23" type="cond" truecount="5" falsecount="0"/>
        <line num="288" count="23" type="cond" truecount="3" falsecount="0"/>
        <line num="289" count="3" type="stmt"/>
        <line num="290" count="3" type="stmt"/>
        <line num="291" count="3" type="cond" truecount="1" falsecount="0"/>
        <line num="292" count="21" type="cond" truecount="1" falsecount="0"/>
        <line num="293" count="4" type="stmt"/>
        <line num="294" count="4" type="stmt"/>
        <line num="295" count="4" type="cond" truecount="1" falsecount="0"/>
        <line num="296" count="23" type="cond" truecount="3" falsecount="0"/>
        <line num="297" count="1" type="stmt"/>
        <line num="298" count="1" type="cond" truecount="0" falsecount="2"/>
        <line num="299" count="1" type="cond" truecount="1" falsecount="0"/>
        <line num="300" count="23" type="cond" truecount="3" falsecount="0"/>
        <line num="301" count="1" type="cond" truecount="0" falsecount="1"/>
        <line num="302" count="1" type="stmt"/>
        <line num="303" count="1" type="cond" truecount="1" falsecount="0"/>
        <line num="304" count="21" type="cond" truecount="2" falsecount="0"/>
        <line num="305" count="21" type="cond" truecount="1" falsecount="0"/>
        <line num="306" count="5" type="cond" truecount="0" falsecount="1"/>
        <line num="307" count="5" type="stmt"/>
        <line num="308" count="5" type="cond" truecount="2" falsecount="0"/>
        <line num="309" count="17" type="cond" truecount="1" falsecount="0"/>
        <line num="310" count="17" type="cond" truecount="1" falsecount="0"/>
        <line num="311" count="1" type="cond" truecount="0" falsecount="1"/>
        <line num="312" count="0" type="stmt"/>
        <line num="313" count="0" type="stmt"/>
        <line num="314" count="23" type="cond" truecount="0" falsecount="1"/>
        <line num="315" count="23" type="cond" truecount="0" falsecount="2"/>
        <line num="316" count="0" type="stmt"/>
        <line num="317" count="0" type="stmt"/>
        <line num="318" count="23" type="cond" truecount="0" falsecount="1"/>
        <line num="319" count="23" type="stmt"/>
        <line num="320" count="1" type="stmt"/>
        <line num="321" count="1" type="stmt"/>
        <line num="322" count="1" type="cond" truecount="1" falsecount="0"/>
        <line num="323" count="2" type="stmt"/>
        <line num="324" count="2" type="stmt"/>
        <line num="325" count="2" type="stmt"/>
        <line num="326" count="2" type="stmt"/>
        <line num="327" count="2" type="stmt"/>
        <line num="328" count="1" type="stmt"/>
        <line num="329" count="1" type="stmt"/>
        <line num="330" count="1" type="stmt"/>
        <line num="331" count="1" type="stmt"/>
        <line num="332" count="1" type="stmt"/>
        <line num="333" count="1" type="stmt"/>
        <line num="334" count="1" type="stmt"/>
        <line num="335" count="1" type="stmt"/>
        <line num="336" count="1" type="stmt"/>
        <line num="337" count="1" type="stmt"/>
        <line num="338" count="1" type="stmt"/>
        <line num="339" count="1" type="stmt"/>
        <line num="340" count="1" type="stmt"/>
        <line num="341" count="1" type="stmt"/>
        <line num="342" count="1" type="stmt"/>
        <line num="343" count="1" type="stmt"/>
        <line num="344" count="1" type="stmt"/>
        <line num="345" count="1" type="stmt"/>
        <line num="346" count="1" type="stmt"/>
        <line num="347" count="1" type="stmt"/>
        <line num="348" count="1" type="stmt"/>
        <line num="349" count="1" type="stmt"/>
        <line num="350" count="1" type="stmt"/>
        <line num="351" count="1" type="stmt"/>
        <line num="352" count="1" type="stmt"/>
        <line num="353" count="1" type="stmt"/>
        <line num="354" count="1" type="stmt"/>
        <line num="355" count="1" type="stmt"/>
        <line num="356" count="1" type="stmt"/>
        <line num="357" count="1" type="stmt"/>
        <line num="358" count="1" type="stmt"/>
        <line num="359" count="1" type="stmt"/>
        <line num="360" count="1" type="stmt"/>
        <line num="361" count="1" type="cond" truecount="1" falsecount="0"/>
        <line num="362" count="25" type="stmt"/>
        <line num="363" count="25" type="cond" truecount="1" falsecount="0"/>
        <line num="364" count="2" type="stmt"/>
        <line num="365" count="2" type="cond" truecount="1" falsecount="0"/>
        <line num="366" count="23" type="stmt"/>
        <line num="367" count="25" type="cond" truecount="1" falsecount="0"/>
        <line num="368" count="25" type="cond" truecount="1" falsecount="1"/>
        <line num="369" count="25" type="stmt"/>
        <line num="370" count="25" type="stmt"/>
        <line num="371" count="25" type="cond" truecount="2" falsecount="0"/>
        <line num="372" count="23" type="stmt"/>
        <line num="373" count="23" type="stmt"/>
        <line num="374" count="23" type="stmt"/>
        <line num="375" count="23" type="cond" truecount="1" falsecount="0"/>
        <line num="376" count="23" type="stmt"/>
        <line num="377" count="25" type="cond" truecount="0" falsecount="1"/>
        <line num="378" count="0" type="stmt"/>
        <line num="379" count="0" type="stmt"/>
        <line num="380" count="0" type="stmt"/>
        <line num="381" count="0" type="stmt"/>
        <line num="382" count="0" type="stmt"/>
        <line num="383" count="0" type="stmt"/>
        <line num="384" count="0" type="cond" truecount="1" falsecount="0"/>
        <line num="385" count="23" type="stmt"/>
        <line num="386" count="23" type="stmt"/>
        <line num="387" count="1" type="stmt"/>
        <line num="388" count="1" type="stmt"/>
        <line num="389" count="1" type="stmt"/>
        <line num="390" count="1" type="stmt"/>
        <line num="391" count="0" type="stmt"/>
        <line num="392" count="0" type="stmt"/>
        <line num="393" count="0" type="stmt"/>
        <line num="394" count="0" type="stmt"/>
        <line num="395" count="0" type="stmt"/>
        <line num="396" count="0" type="stmt"/>
        <line num="397" count="0" type="stmt"/>
        <line num="398" count="0" type="stmt"/>
        <line num="399" count="0" type="stmt"/>
        <line num="400" count="0" type="stmt"/>
        <line num="401" count="0" type="stmt"/>
        <line num="402" count="0" type="stmt"/>
        <line num="403" count="0" type="stmt"/>
        <line num="404" count="0" type="stmt"/>
        <line num="405" count="0" type="stmt"/>
        <line num="406" count="0" type="stmt"/>
        <line num="407" count="0" type="stmt"/>
        <line num="408" count="0" type="stmt"/>
        <line num="409" count="0" type="stmt"/>
        <line num="410" count="0" type="stmt"/>
        <line num="411" count="0" type="stmt"/>
        <line num="412" count="0" type="stmt"/>
        <line num="413" count="0" type="stmt"/>
        <line num="414" count="0" type="stmt"/>
        <line num="415" count="0" type="stmt"/>
        <line num="416" count="0" type="stmt"/>
        <line num="417" count="0" type="stmt"/>
        <line num="418" count="0" type="stmt"/>
        <line num="419" count="0" type="stmt"/>
        <line num="420" count="0" type="stmt"/>
        <line num="421" count="0" type="stmt"/>
        <line num="422" count="0" type="stmt"/>
        <line num="423" count="0" type="stmt"/>
        <line num="424" count="0" type="stmt"/>
        <line num="425" count="0" type="stmt"/>
        <line num="426" count="0" type="stmt"/>
        <line num="427" count="0" type="stmt"/>
        <line num="428" count="0" type="stmt"/>
        <line num="429" count="0" type="stmt"/>
        <line num="430" count="0" type="stmt"/>
        <line num="431" count="0" type="stmt"/>
        <line num="432" count="0" type="stmt"/>
        <line num="433" count="0" type="stmt"/>
        <line num="434" count="0" type="stmt"/>
        <line num="435" count="0" type="stmt"/>
        <line num="436" count="0" type="stmt"/>
        <line num="437" count="0" type="stmt"/>
        <line num="438" count="1" type="stmt"/>
        <line num="439" count="1" type="stmt"/>
        <line num="440" count="1" type="stmt"/>
        <line num="441" count="1" type="stmt"/>
        <line num="442" count="1" type="stmt"/>
        <line num="443" count="1" type="stmt"/>
        <line num="444" count="1" type="stmt"/>
        <line num="445" count="1" type="stmt"/>
        <line num="446" count="1" type="stmt"/>
        <line num="447" count="1" type="stmt"/>
        <line num="448" count="1" type="stmt"/>
        <line num="449" count="1" type="stmt"/>
        <line num="450" count="1" type="stmt"/>
        <line num="451" count="1" type="cond" truecount="1" falsecount="0"/>
        <line num="452" count="5" type="stmt"/>
        <line num="453" count="5" type="cond" truecount="0" falsecount="1"/>
        <line num="454" count="5" type="stmt"/>
        <line num="455" count="5" type="stmt"/>
        <line num="456" count="5" type="stmt"/>
        <line num="457" count="5" type="stmt"/>
        <line num="458" count="5" type="cond" truecount="0" falsecount="1"/>
        <line num="459" count="5" type="stmt"/>
        <line num="460" count="1" type="stmt"/>
        <line num="461" count="1" type="stmt"/>
        <line num="462" count="1" type="stmt"/>
        <line num="463" count="1" type="cond" truecount="1" falsecount="0"/>
        <line num="464" count="1" type="stmt"/>
        <line num="465" count="1" type="stmt"/>
        <line num="466" count="1" type="stmt"/>
        <line num="467" count="1" type="stmt"/>
        <line num="468" count="1" type="cond" truecount="1" falsecount="0"/>
        <line num="469" count="1" type="stmt"/>
        <line num="470" count="1" type="stmt"/>
        <line num="471" count="1" type="stmt"/>
        <line num="472" count="1" type="stmt"/>
        <line num="473" count="1" type="stmt"/>
      </file>
      <file name="auth.js" path="C:\Users\camil\Desktop\Fittreacker\fittracker-backend\backend\src\routes\v1\auth.js">
        <metrics statements="728" coveredstatements="714" conditionals="180" coveredconditionals="145" methods="9" coveredmethods="9"/>
        <line num="1" count="1" type="stmt"/>
        <line num="2" count="1" type="stmt"/>
        <line num="3" count="1" type="stmt"/>
        <line num="4" count="1" type="stmt"/>
        <line num="5" count="1" type="stmt"/>
        <line num="6" count="1" type="stmt"/>
        <line num="7" count="1" type="stmt"/>
        <line num="8" count="1" type="stmt"/>
        <line num="9" count="1" type="stmt"/>
        <line num="10" count="1" type="stmt"/>
        <line num="11" count="1" type="stmt"/>
        <line num="12" count="1" type="stmt"/>
        <line num="13" count="1" type="stmt"/>
        <line num="14" count="1" type="stmt"/>
        <line num="15" count="1" type="stmt"/>
        <line num="16" count="1" type="stmt"/>
        <line num="17" count="1" type="cond" truecount="0" falsecount="1"/>
        <line num="18" count="1" type="stmt"/>
        <line num="19" count="1" type="stmt"/>
        <line num="20" count="1" type="stmt"/>
        <line num="21" count="59" type="cond" truecount="1" falsecount="0"/>
        <line num="22" count="59" type="stmt"/>
        <line num="23" count="59" type="cond" truecount="0" falsecount="2"/>
        <line num="24" count="59" type="stmt"/>
        <line num="25" count="59" type="stmt"/>
        <line num="26" count="59" type="stmt"/>
        <line num="27" count="59" type="stmt"/>
        <line num="28" count="1" type="stmt"/>
        <line num="29" count="80" type="cond" truecount="1" falsecount="0"/>
        <line num="30" count="80" type="stmt"/>
        <line num="31" count="80" type="stmt"/>
        <line num="32" count="80" type="stmt"/>
        <line num="33" count="80" type="stmt"/>
        <line num="34" count="80" type="stmt"/>
        <line num="35" count="80" type="stmt"/>
        <line num="36" count="80" type="stmt"/>
        <line num="37" count="80" type="stmt"/>
        <line num="38" count="80" type="stmt"/>
        <line num="39" count="80" type="stmt"/>
        <line num="40" count="80" type="stmt"/>
        <line num="41" count="80" type="stmt"/>
        <line num="42" count="80" type="stmt"/>
        <line num="43" count="80" type="stmt"/>
        <line num="44" count="80" type="stmt"/>
        <line num="45" count="80" type="stmt"/>
        <line num="46" count="80" type="stmt"/>
        <line num="47" count="80" type="stmt"/>
        <line num="48" count="80" type="stmt"/>
        <line num="49" count="1" type="stmt"/>
        <line num="50" count="65" type="cond" truecount="1" falsecount="0"/>
        <line num="51" count="65" type="stmt"/>
        <line num="52" count="65" type="stmt"/>
        <line num="53" count="1" type="stmt"/>
        <line num="54" count="38" type="cond" truecount="1" falsecount="0"/>
        <line num="55" count="38" type="stmt"/>
        <line num="56" count="38" type="stmt"/>
        <line num="57" count="38" type="stmt"/>
        <line num="58" count="38" type="stmt"/>
        <line num="59" count="1" type="stmt"/>
        <line num="60" count="59" type="cond" truecount="1" falsecount="0"/>
        <line num="61" count="59" type="stmt"/>
        <line num="62" count="59" type="stmt"/>
        <line num="63" count="59" type="stmt"/>
        <line num="64" count="59" type="stmt"/>
        <line num="65" count="59" type="stmt"/>
        <line num="66" count="59" type="stmt"/>
        <line num="67" count="59" type="stmt"/>
        <line num="68" count="59" type="stmt"/>
        <line num="69" count="59" type="cond" truecount="0" falsecount="1"/>
        <line num="70" count="59" type="stmt"/>
        <line num="71" count="59" type="stmt"/>
        <line num="72" count="59" type="stmt"/>
        <line num="73" count="59" type="stmt"/>
        <line num="74" count="1" type="stmt"/>
        <line num="75" count="1" type="stmt"/>
        <line num="76" count="1" type="stmt"/>
        <line num="77" count="1" type="stmt"/>
        <line num="78" count="1" type="stmt"/>
        <line num="79" count="1" type="stmt"/>
        <line num="80" count="1" type="stmt"/>
        <line num="81" count="1" type="stmt"/>
        <line num="82" count="1" type="stmt"/>
        <line num="83" count="1" type="stmt"/>
        <line num="84" count="1" type="stmt"/>
        <line num="85" count="1" type="stmt"/>
        <line num="86" count="1" type="stmt"/>
        <line num="87" count="1" type="stmt"/>
        <line num="88" count="1" type="stmt"/>
        <line num="89" count="1" type="stmt"/>
        <line num="90" count="1" type="stmt"/>
        <line num="91" count="1" type="stmt"/>
        <line num="92" count="1" type="stmt"/>
        <line num="93" count="1" type="stmt"/>
        <line num="94" count="1" type="stmt"/>
        <line num="95" count="1" type="stmt"/>
        <line num="96" count="1" type="stmt"/>
        <line num="97" count="1" type="stmt"/>
        <line num="98" count="1" type="stmt"/>
        <line num="99" count="1" type="stmt"/>
        <line num="100" count="1" type="stmt"/>
        <line num="101" count="1" type="stmt"/>
        <line num="102" count="1" type="stmt"/>
        <line num="103" count="1" type="stmt"/>
        <line num="104" count="1" type="stmt"/>
        <line num="105" count="1" type="stmt"/>
        <line num="106" count="1" type="stmt"/>
        <line num="107" count="1" type="stmt"/>
        <line num="108" count="1" type="stmt"/>
        <line num="109" count="1" type="stmt"/>
        <line num="110" count="1" type="stmt"/>
        <line num="111" count="1" type="stmt"/>
        <line num="112" count="1" type="cond" truecount="1" falsecount="0"/>
        <line num="113" count="60" type="stmt"/>
        <line num="114" count="60" type="stmt"/>
        <line num="115" count="60" type="stmt"/>
        <line num="116" count="60" type="stmt"/>
        <line num="117" count="60" type="stmt"/>
        <line num="118" count="60" type="stmt"/>
        <line num="119" count="60" type="cond" truecount="3" falsecount="0"/>
        <line num="120" count="60" type="cond" truecount="2" falsecount="0"/>
        <line num="121" count="60" type="cond" truecount="2" falsecount="0"/>
        <line num="122" count="60" type="cond" truecount="2" falsecount="1"/>
        <line num="123" count="60" type="cond" truecount="2" falsecount="1"/>
        <line num="124" count="60" type="cond" truecount="2" falsecount="1"/>
        <line num="125" count="60" type="cond" truecount="1" falsecount="2"/>
        <line num="126" count="60" type="cond" truecount="2" falsecount="1"/>
        <line num="127" count="53" type="stmt"/>
        <line num="128" count="53" type="stmt"/>
        <line num="129" count="60" type="cond" truecount="2" falsecount="0"/>
        <line num="130" count="52" type="stmt"/>
        <line num="131" count="52" type="stmt"/>
        <line num="132" count="52" type="stmt"/>
        <line num="133" count="52" type="stmt"/>
        <line num="134" count="60" type="cond" truecount="4" falsecount="0"/>
        <line num="135" count="60" type="stmt"/>
        <line num="136" count="60" type="stmt"/>
        <line num="137" count="60" type="stmt"/>
        <line num="138" count="60" type="stmt"/>
        <line num="139" count="60" type="stmt"/>
        <line num="140" count="60" type="stmt"/>
        <line num="141" count="60" type="stmt"/>
        <line num="142" count="60" type="stmt"/>
        <line num="143" count="60" type="cond" truecount="4" falsecount="0"/>
        <line num="144" count="60" type="stmt"/>
        <line num="145" count="60" type="stmt"/>
        <line num="146" count="60" type="stmt"/>
        <line num="147" count="60" type="cond" truecount="1" falsecount="0"/>
        <line num="148" count="52" type="stmt"/>
        <line num="149" count="52" type="stmt"/>
        <line num="150" count="1" type="stmt"/>
        <line num="151" count="1" type="stmt"/>
        <line num="152" count="1" type="stmt"/>
        <line num="153" count="1" type="stmt"/>
        <line num="154" count="1" type="stmt"/>
        <line num="155" count="1" type="stmt"/>
        <line num="156" count="1" type="stmt"/>
        <line num="157" count="1" type="stmt"/>
        <line num="158" count="1" type="stmt"/>
        <line num="159" count="1" type="stmt"/>
        <line num="160" count="1" type="stmt"/>
        <line num="161" count="1" type="stmt"/>
        <line num="162" count="1" type="stmt"/>
        <line num="163" count="1" type="stmt"/>
        <line num="164" count="1" type="stmt"/>
        <line num="165" count="1" type="stmt"/>
        <line num="166" count="1" type="stmt"/>
        <line num="167" count="1" type="stmt"/>
        <line num="168" count="1" type="stmt"/>
        <line num="169" count="1" type="stmt"/>
        <line num="170" count="1" type="stmt"/>
        <line num="171" count="1" type="stmt"/>
        <line num="172" count="1" type="stmt"/>
        <line num="173" count="1" type="cond" truecount="1" falsecount="0"/>
        <line num="174" count="13" type="stmt"/>
        <line num="175" count="13" type="cond" truecount="4" falsecount="0"/>
        <line num="176" count="9" type="stmt"/>
        <line num="177" count="9" type="stmt"/>
        <line num="178" count="9" type="stmt"/>
        <line num="179" count="10" type="cond" truecount="3" falsecount="0"/>
        <line num="180" count="7" type="stmt"/>
        <line num="181" count="7" type="stmt"/>
        <line num="182" count="9" type="cond" truecount="2" falsecount="0"/>
        <line num="183" count="6" type="stmt"/>
        <line num="184" count="6" type="stmt"/>
        <line num="185" count="6" type="stmt"/>
        <line num="186" count="1" type="stmt"/>
        <line num="187" count="1" type="stmt"/>
        <line num="188" count="1" type="stmt"/>
        <line num="189" count="1" type="stmt"/>
        <line num="190" count="1" type="stmt"/>
        <line num="191" count="1" type="stmt"/>
        <line num="192" count="1" type="stmt"/>
        <line num="193" count="1" type="stmt"/>
        <line num="194" count="1" type="stmt"/>
        <line num="195" count="1" type="stmt"/>
        <line num="196" count="1" type="stmt"/>
        <line num="197" count="1" type="stmt"/>
        <line num="198" count="1" type="cond" truecount="1" falsecount="0"/>
        <line num="199" count="16" type="stmt"/>
        <line num="200" count="16" type="cond" truecount="0" falsecount="1"/>
        <line num="201" count="16" type="stmt"/>
        <line num="202" count="1" type="stmt"/>
        <line num="203" count="1" type="stmt"/>
        <line num="204" count="1" type="stmt"/>
        <line num="205" count="1" type="stmt"/>
        <line num="206" count="1" type="stmt"/>
        <line num="207" count="1" type="stmt"/>
        <line num="208" count="1" type="stmt"/>
        <line num="209" count="1" type="stmt"/>
        <line num="210" count="1" type="stmt"/>
        <line num="211" count="1" type="stmt"/>
        <line num="212" count="1" type="stmt"/>
        <line num="213" count="1" type="stmt"/>
        <line num="214" count="1" type="stmt"/>
        <line num="215" count="1" type="stmt"/>
        <line num="216" count="1" type="stmt"/>
        <line num="217" count="1" type="stmt"/>
        <line num="218" count="1" type="stmt"/>
        <line num="219" count="1" type="stmt"/>
        <line num="220" count="1" type="stmt"/>
        <line num="221" count="1" type="stmt"/>
        <line num="222" count="1" type="stmt"/>
        <line num="223" count="1" type="stmt"/>
        <line num="224" count="1" type="stmt"/>
        <line num="225" count="1" type="stmt"/>
        <line num="226" count="1" type="stmt"/>
        <line num="227" count="1" type="cond" truecount="1" falsecount="0"/>
        <line num="228" count="6" type="stmt"/>
        <line num="229" count="6" type="stmt"/>
        <line num="230" count="6" type="stmt"/>
        <line num="231" count="6" type="stmt"/>
        <line num="232" count="6" type="stmt"/>
        <line num="233" count="6" type="stmt"/>
        <line num="234" count="6" type="stmt"/>
        <line num="235" count="6" type="stmt"/>
        <line num="236" count="6" type="stmt"/>
        <line num="237" count="6" type="stmt"/>
        <line num="238" count="6" type="stmt"/>
        <line num="239" count="6" type="stmt"/>
        <line num="240" count="6" type="stmt"/>
        <line num="241" count="6" type="stmt"/>
        <line num="242" count="6" type="stmt"/>
        <line num="243" count="6" type="stmt"/>
        <line num="244" count="6" type="stmt"/>
        <line num="245" count="6" type="stmt"/>
        <line num="246" count="6" type="stmt"/>
        <line num="247" count="6" type="stmt"/>
        <line num="248" count="6" type="stmt"/>
        <line num="249" count="6" type="cond" truecount="3" falsecount="0"/>
        <line num="250" count="6" type="stmt"/>
        <line num="251" count="6" type="stmt"/>
        <line num="252" count="6" type="stmt"/>
        <line num="253" count="6" type="stmt"/>
        <line num="254" count="6" type="stmt"/>
        <line num="255" count="6" type="cond" truecount="0" falsecount="1"/>
        <line num="256" count="6" type="stmt"/>
        <line num="257" count="1" type="stmt"/>
        <line num="258" count="1" type="stmt"/>
        <line num="259" count="1" type="stmt"/>
        <line num="260" count="1" type="cond" truecount="1" falsecount="0"/>
        <line num="261" count="5" type="stmt"/>
        <line num="262" count="5" type="stmt"/>
        <line num="263" count="5" type="stmt"/>
        <line num="264" count="5" type="stmt"/>
        <line num="265" count="5" type="stmt"/>
        <line num="266" count="5" type="stmt"/>
        <line num="267" count="5" type="stmt"/>
        <line num="268" count="5" type="stmt"/>
        <line num="269" count="5" type="stmt"/>
        <line num="270" count="1" type="stmt"/>
        <line num="271" count="1" type="stmt"/>
        <line num="272" count="1" type="stmt"/>
        <line num="273" count="1" type="cond" truecount="1" falsecount="0"/>
        <line num="274" count="3" type="stmt"/>
        <line num="275" count="3" type="cond" truecount="2" falsecount="0"/>
        <line num="276" count="3" type="cond" truecount="0" falsecount="1"/>
        <line num="277" count="3" type="stmt"/>
        <line num="278" count="3" type="stmt"/>
        <line num="279" count="3" type="stmt"/>
        <line num="280" count="3" type="stmt"/>
        <line num="281" count="3" type="cond" truecount="1" falsecount="0"/>
        <line num="282" count="4" type="stmt"/>
        <line num="283" count="4" type="stmt"/>
        <line num="284" count="4" type="stmt"/>
        <line num="285" count="3" type="stmt"/>
        <line num="286" count="3" type="stmt"/>
        <line num="287" count="3" type="stmt"/>
        <line num="288" count="3" type="stmt"/>
        <line num="289" count="3" type="stmt"/>
        <line num="290" count="3" type="stmt"/>
        <line num="291" count="3" type="stmt"/>
        <line num="292" count="3" type="stmt"/>
        <line num="293" count="3" type="stmt"/>
        <line num="294" count="3" type="stmt"/>
        <line num="295" count="3" type="stmt"/>
        <line num="296" count="3" type="stmt"/>
        <line num="297" count="3" type="cond" truecount="0" falsecount="1"/>
        <line num="298" count="0" type="stmt"/>
        <line num="299" count="0" type="stmt"/>
        <line num="300" count="3" type="stmt"/>
        <line num="301" count="3" type="stmt"/>
        <line num="302" count="3" type="stmt"/>
        <line num="303" count="1" type="stmt"/>
        <line num="304" count="1" type="stmt"/>
        <line num="305" count="1" type="stmt"/>
        <line num="306" count="1" type="cond" truecount="1" falsecount="0"/>
        <line num="307" count="12" type="stmt"/>
        <line num="308" count="12" type="cond" truecount="0" falsecount="1"/>
        <line num="309" count="12" type="cond" truecount="1" falsecount="1"/>
        <line num="310" count="12" type="cond" truecount="0" falsecount="1"/>
        <line num="311" count="12" type="cond" truecount="1" falsecount="0"/>
        <line num="312" count="12" type="stmt"/>
        <line num="313" count="12" type="stmt"/>
        <line num="314" count="12" type="stmt"/>
        <line num="315" count="12" type="stmt"/>
        <line num="316" count="12" type="cond" truecount="2" falsecount="1"/>
        <line num="317" count="12" type="stmt"/>
        <line num="318" count="12" type="stmt"/>
        <line num="319" count="12" type="stmt"/>
        <line num="320" count="12" type="cond" truecount="1" falsecount="0"/>
        <line num="321" count="12" type="stmt"/>
        <line num="322" count="12" type="stmt"/>
        <line num="323" count="12" type="cond" truecount="2" falsecount="1"/>
        <line num="324" count="12" type="stmt"/>
        <line num="325" count="12" type="stmt"/>
        <line num="326" count="12" type="stmt"/>
        <line num="327" count="12" type="stmt"/>
        <line num="328" count="1" type="stmt"/>
        <line num="329" count="1" type="stmt"/>
        <line num="330" count="1" type="stmt"/>
        <line num="331" count="1" type="cond" truecount="1" falsecount="0"/>
        <line num="332" count="15" type="stmt"/>
        <line num="333" count="15" type="stmt"/>
        <line num="334" count="15" type="stmt"/>
        <line num="335" count="15" type="stmt"/>
        <line num="336" count="15" type="stmt"/>
        <line num="337" count="15" type="cond" truecount="0" falsecount="1"/>
        <line num="338" count="15" type="cond" truecount="0" falsecount="1"/>
        <line num="339" count="15" type="stmt"/>
        <line num="340" count="15" type="stmt"/>
        <line num="341" count="15" type="stmt"/>
        <line num="342" count="15" type="stmt"/>
        <line num="343" count="15" type="stmt"/>
        <line num="344" count="15" type="stmt"/>
        <line num="345" count="15" type="stmt"/>
        <line num="346" count="15" type="stmt"/>
        <line num="347" count="15" type="stmt"/>
        <line num="348" count="15" type="stmt"/>
        <line num="349" count="15" type="stmt"/>
        <line num="350" count="15" type="stmt"/>
        <line num="351" count="15" type="stmt"/>
        <line num="352" count="1" type="stmt"/>
        <line num="353" count="1" type="stmt"/>
        <line num="354" count="1" type="stmt"/>
        <line num="355" count="1" type="cond" truecount="1" falsecount="0"/>
        <line num="356" count="7" type="stmt"/>
        <line num="357" count="7" type="cond" truecount="1" falsecount="0"/>
        <line num="358" count="7" type="stmt"/>
        <line num="359" count="7" type="stmt"/>
        <line num="360" count="7" type="stmt"/>
        <line num="361" count="7" type="stmt"/>
        <line num="362" count="7" type="cond" truecount="2" falsecount="1"/>
        <line num="363" count="7" type="stmt"/>
        <line num="364" count="7" type="stmt"/>
        <line num="365" count="7" type="cond" truecount="1" falsecount="0"/>
        <line num="366" count="7" type="stmt"/>
        <line num="367" count="7" type="stmt"/>
        <line num="368" count="7" type="cond" truecount="2" falsecount="1"/>
        <line num="369" count="7" type="stmt"/>
        <line num="370" count="7" type="stmt"/>
        <line num="371" count="7" type="stmt"/>
        <line num="372" count="7" type="stmt"/>
        <line num="373" count="1" type="stmt"/>
        <line num="374" count="1" type="stmt"/>
        <line num="375" count="1" type="stmt"/>
        <line num="376" count="1" type="cond" truecount="1" falsecount="0"/>
        <line num="377" count="7" type="stmt"/>
        <line num="378" count="7" type="stmt"/>
        <line num="379" count="7" type="stmt"/>
        <line num="380" count="7" type="stmt"/>
        <line num="381" count="7" type="stmt"/>
        <line num="382" count="7" type="stmt"/>
        <line num="383" count="7" type="stmt"/>
        <line num="384" count="7" type="stmt"/>
        <line num="385" count="7" type="stmt"/>
        <line num="386" count="1" type="stmt"/>
        <line num="387" count="1" type="stmt"/>
        <line num="388" count="1" type="stmt"/>
        <line num="389" count="1" type="cond" truecount="1" falsecount="0"/>
        <line num="390" count="13" type="stmt"/>
        <line num="391" count="13" type="cond" truecount="1" falsecount="0"/>
        <line num="392" count="13" type="stmt"/>
        <line num="393" count="13" type="stmt"/>
        <line num="394" count="13" type="stmt"/>
        <line num="395" count="13" type="stmt"/>
        <line num="396" count="13" type="cond" truecount="6" falsecount="0"/>
        <line num="397" count="13" type="stmt"/>
        <line num="398" count="13" type="stmt"/>
        <line num="399" count="13" type="cond" truecount="1" falsecount="0"/>
        <line num="400" count="12" type="stmt"/>
        <line num="401" count="12" type="stmt"/>
        <line num="402" count="13" type="stmt"/>
        <line num="403" count="13" type="cond" truecount="1" falsecount="0"/>
        <line num="404" count="13" type="stmt"/>
        <line num="405" count="13" type="stmt"/>
        <line num="406" count="13" type="cond" truecount="6" falsecount="0"/>
        <line num="407" count="13" type="stmt"/>
        <line num="408" count="13" type="stmt"/>
        <line num="409" count="13" type="stmt"/>
        <line num="410" count="13" type="stmt"/>
        <line num="411" count="1" type="stmt"/>
        <line num="412" count="1" type="stmt"/>
        <line num="413" count="1" type="stmt"/>
        <line num="414" count="1" type="cond" truecount="1" falsecount="0"/>
        <line num="415" count="6" type="stmt"/>
        <line num="416" count="6" type="stmt"/>
        <line num="417" count="6" type="stmt"/>
        <line num="418" count="6" type="stmt"/>
        <line num="419" count="6" type="stmt"/>
        <line num="420" count="6" type="stmt"/>
        <line num="421" count="6" type="stmt"/>
        <line num="422" count="6" type="stmt"/>
        <line num="423" count="6" type="stmt"/>
        <line num="424" count="1" type="stmt"/>
        <line num="425" count="1" type="stmt"/>
        <line num="426" count="1" type="stmt"/>
        <line num="427" count="1" type="stmt"/>
        <line num="428" count="1" type="cond" truecount="1" falsecount="0"/>
        <line num="429" count="5" type="cond" truecount="1" falsecount="0"/>
        <line num="430" count="5" type="stmt"/>
        <line num="431" count="5" type="stmt"/>
        <line num="432" count="5" type="cond" truecount="1" falsecount="0"/>
        <line num="433" count="1" type="stmt"/>
        <line num="434" count="1" type="cond" truecount="1" falsecount="0"/>
        <line num="435" count="4" type="stmt"/>
        <line num="436" count="4" type="stmt"/>
        <line num="437" count="4" type="stmt"/>
        <line num="438" count="5" type="cond" truecount="1" falsecount="0"/>
        <line num="439" count="1" type="stmt"/>
        <line num="440" count="1" type="stmt"/>
        <line num="441" count="1" type="stmt"/>
        <line num="442" count="1" type="stmt"/>
        <line num="443" count="1" type="stmt"/>
        <line num="444" count="1" type="stmt"/>
        <line num="445" count="1" type="stmt"/>
        <line num="446" count="1" type="cond" truecount="1" falsecount="0"/>
        <line num="447" count="1" type="cond" truecount="0" falsecount="1"/>
        <line num="448" count="1" type="stmt"/>
        <line num="449" count="1" type="stmt"/>
        <line num="450" count="5" type="cond" truecount="2" falsecount="0"/>
        <line num="451" count="1" type="stmt"/>
        <line num="452" count="1" type="stmt"/>
        <line num="453" count="1" type="stmt"/>
        <line num="454" count="1" type="stmt"/>
        <line num="455" count="1" type="stmt"/>
        <line num="456" count="1" type="stmt"/>
        <line num="457" count="1" type="stmt"/>
        <line num="458" count="1" type="cond" truecount="1" falsecount="0"/>
        <line num="459" count="1" type="cond" truecount="0" falsecount="2"/>
        <line num="460" count="1" type="stmt"/>
        <line num="461" count="3" type="cond" truecount="1" falsecount="0"/>
        <line num="462" count="2" type="stmt"/>
        <line num="463" count="2" type="stmt"/>
        <line num="464" count="2" type="stmt"/>
        <line num="465" count="2" type="stmt"/>
        <line num="466" count="2" type="stmt"/>
        <line num="467" count="2" type="stmt"/>
        <line num="468" count="2" type="stmt"/>
        <line num="469" count="2" type="stmt"/>
        <line num="470" count="2" type="cond" truecount="1" falsecount="0"/>
        <line num="471" count="2" type="cond" truecount="0" falsecount="1"/>
        <line num="472" count="2" type="cond" truecount="1" falsecount="0"/>
        <line num="473" count="4" type="stmt"/>
        <line num="474" count="4" type="stmt"/>
        <line num="475" count="4" type="stmt"/>
        <line num="476" count="4" type="stmt"/>
        <line num="477" count="4" type="stmt"/>
        <line num="478" count="4" type="stmt"/>
        <line num="479" count="4" type="stmt"/>
        <line num="480" count="1" type="stmt"/>
        <line num="481" count="1" type="stmt"/>
        <line num="482" count="1" type="stmt"/>
        <line num="483" count="1" type="cond" truecount="1" falsecount="0"/>
        <line num="484" count="10" type="stmt"/>
        <line num="485" count="10" type="cond" truecount="2" falsecount="0"/>
        <line num="486" count="9" type="stmt"/>
        <line num="487" count="9" type="stmt"/>
        <line num="488" count="9" type="stmt"/>
        <line num="489" count="10" type="cond" truecount="2" falsecount="0"/>
        <line num="490" count="10" type="cond" truecount="1" falsecount="0"/>
        <line num="491" count="9" type="stmt"/>
        <line num="492" count="1" type="stmt"/>
        <line num="493" count="1" type="stmt"/>
        <line num="494" count="1" type="stmt"/>
        <line num="495" count="1" type="cond" truecount="1" falsecount="0"/>
        <line num="496" count="5" type="stmt"/>
        <line num="497" count="5" type="stmt"/>
        <line num="498" count="5" type="stmt"/>
        <line num="499" count="5" type="stmt"/>
        <line num="500" count="5" type="stmt"/>
        <line num="501" count="5" type="stmt"/>
        <line num="502" count="5" type="stmt"/>
        <line num="503" count="5" type="stmt"/>
        <line num="504" count="5" type="stmt"/>
        <line num="505" count="1" type="stmt"/>
        <line num="506" count="1" type="stmt"/>
        <line num="507" count="1" type="stmt"/>
        <line num="508" count="1" type="stmt"/>
        <line num="509" count="1" type="stmt"/>
        <line num="510" count="1" type="stmt"/>
        <line num="511" count="1" type="stmt"/>
        <line num="512" count="1" type="stmt"/>
        <line num="513" count="1" type="stmt"/>
        <line num="514" count="1" type="stmt"/>
        <line num="515" count="1" type="stmt"/>
        <line num="516" count="1" type="stmt"/>
        <line num="517" count="1" type="stmt"/>
        <line num="518" count="1" type="stmt"/>
        <line num="519" count="1" type="stmt"/>
        <line num="520" count="1" type="stmt"/>
        <line num="521" count="1" type="stmt"/>
        <line num="522" count="1" type="stmt"/>
        <line num="523" count="1" type="stmt"/>
        <line num="524" count="1" type="stmt"/>
        <line num="525" count="1" type="stmt"/>
        <line num="526" count="1" type="stmt"/>
        <line num="527" count="1" type="cond" truecount="1" falsecount="0"/>
        <line num="528" count="3" type="stmt"/>
        <line num="529" count="3" type="cond" truecount="2" falsecount="0"/>
        <line num="530" count="2" type="stmt"/>
        <line num="531" count="2" type="stmt"/>
        <line num="532" count="2" type="stmt"/>
        <line num="533" count="2" type="stmt"/>
        <line num="534" count="2" type="stmt"/>
        <line num="535" count="2" type="stmt"/>
        <line num="536" count="3" type="cond" truecount="1" falsecount="0"/>
        <line num="537" count="1" type="stmt"/>
        <line num="538" count="1" type="stmt"/>
        <line num="539" count="1" type="stmt"/>
        <line num="540" count="1" type="stmt"/>
        <line num="541" count="1" type="stmt"/>
        <line num="542" count="1" type="stmt"/>
        <line num="543" count="1" type="stmt"/>
        <line num="544" count="1" type="stmt"/>
        <line num="545" count="1" type="stmt"/>
        <line num="546" count="1" type="stmt"/>
        <line num="547" count="1" type="stmt"/>
        <line num="548" count="1" type="stmt"/>
        <line num="549" count="1" type="stmt"/>
        <line num="550" count="1" type="stmt"/>
        <line num="551" count="1" type="stmt"/>
        <line num="552" count="3" type="cond" truecount="0" falsecount="1"/>
        <line num="553" count="0" type="stmt"/>
        <line num="554" count="0" type="stmt"/>
        <line num="555" count="0" type="stmt"/>
        <line num="556" count="1" type="stmt"/>
        <line num="557" count="1" type="stmt"/>
        <line num="558" count="1" type="stmt"/>
        <line num="559" count="1" type="stmt"/>
        <line num="560" count="1" type="stmt"/>
        <line num="561" count="1" type="stmt"/>
        <line num="562" count="1" type="stmt"/>
        <line num="563" count="1" type="stmt"/>
        <line num="564" count="1" type="stmt"/>
        <line num="565" count="1" type="stmt"/>
        <line num="566" count="1" type="stmt"/>
        <line num="567" count="1" type="stmt"/>
        <line num="568" count="1" type="stmt"/>
        <line num="569" count="1" type="stmt"/>
        <line num="570" count="1" type="stmt"/>
        <line num="571" count="1" type="stmt"/>
        <line num="572" count="1" type="stmt"/>
        <line num="573" count="1" type="stmt"/>
        <line num="574" count="1" type="stmt"/>
        <line num="575" count="1" type="stmt"/>
        <line num="576" count="1" type="stmt"/>
        <line num="577" count="1" type="stmt"/>
        <line num="578" count="1" type="stmt"/>
        <line num="579" count="1" type="stmt"/>
        <line num="580" count="1" type="cond" truecount="1" falsecount="0"/>
        <line num="581" count="4" type="stmt"/>
        <line num="582" count="4" type="cond" truecount="3" falsecount="0"/>
        <line num="583" count="4" type="cond" truecount="2" falsecount="0"/>
        <line num="584" count="2" type="stmt"/>
        <line num="585" count="2" type="stmt"/>
        <line num="586" count="2" type="stmt"/>
        <line num="587" count="2" type="stmt"/>
        <line num="588" count="2" type="stmt"/>
        <line num="589" count="2" type="stmt"/>
        <line num="590" count="2" type="stmt"/>
        <line num="591" count="2" type="stmt"/>
        <line num="592" count="2" type="stmt"/>
        <line num="593" count="2" type="stmt"/>
        <line num="594" count="4" type="cond" truecount="2" falsecount="0"/>
        <line num="595" count="4" type="cond" truecount="1" falsecount="1"/>
        <line num="596" count="1" type="stmt"/>
        <line num="597" count="1" type="stmt"/>
        <line num="598" count="1" type="stmt"/>
        <line num="599" count="1" type="stmt"/>
        <line num="600" count="1" type="stmt"/>
        <line num="601" count="1" type="stmt"/>
        <line num="602" count="1" type="stmt"/>
        <line num="603" count="1" type="stmt"/>
        <line num="604" count="1" type="stmt"/>
        <line num="605" count="1" type="stmt"/>
        <line num="606" count="4" type="cond" truecount="0" falsecount="1"/>
        <line num="607" count="0" type="stmt"/>
        <line num="608" count="0" type="stmt"/>
        <line num="609" count="4" type="cond" truecount="2" falsecount="0"/>
        <line num="610" count="2" type="stmt"/>
        <line num="611" count="2" type="stmt"/>
        <line num="612" count="1" type="stmt"/>
        <line num="613" count="1" type="stmt"/>
        <line num="614" count="1" type="stmt"/>
        <line num="615" count="1" type="stmt"/>
        <line num="616" count="1" type="stmt"/>
        <line num="617" count="1" type="stmt"/>
        <line num="618" count="1" type="stmt"/>
        <line num="619" count="1" type="stmt"/>
        <line num="620" count="1" type="stmt"/>
        <line num="621" count="1" type="stmt"/>
        <line num="622" count="1" type="stmt"/>
        <line num="623" count="1" type="stmt"/>
        <line num="624" count="1" type="stmt"/>
        <line num="625" count="1" type="stmt"/>
        <line num="626" count="1" type="stmt"/>
        <line num="627" count="1" type="stmt"/>
        <line num="628" count="1" type="stmt"/>
        <line num="629" count="1" type="stmt"/>
        <line num="630" count="1" type="stmt"/>
        <line num="631" count="1" type="stmt"/>
        <line num="632" count="1" type="stmt"/>
        <line num="633" count="1" type="stmt"/>
        <line num="634" count="1" type="stmt"/>
        <line num="635" count="1" type="cond" truecount="1" falsecount="0"/>
        <line num="636" count="3" type="stmt"/>
        <line num="637" count="3" type="cond" truecount="2" falsecount="0"/>
        <line num="638" count="2" type="stmt"/>
        <line num="639" count="2" type="stmt"/>
        <line num="640" count="2" type="stmt"/>
        <line num="641" count="2" type="stmt"/>
        <line num="642" count="3" type="cond" truecount="1" falsecount="1"/>
        <line num="643" count="2" type="stmt"/>
        <line num="644" count="2" type="stmt"/>
        <line num="645" count="3" type="cond" truecount="1" falsecount="0"/>
        <line num="646" count="1" type="stmt"/>
        <line num="647" count="1" type="stmt"/>
        <line num="648" count="1" type="stmt"/>
        <line num="649" count="1" type="stmt"/>
        <line num="650" count="1" type="stmt"/>
        <line num="651" count="1" type="stmt"/>
        <line num="652" count="1" type="stmt"/>
        <line num="653" count="1" type="stmt"/>
        <line num="654" count="3" type="cond" truecount="0" falsecount="1"/>
        <line num="655" count="0" type="stmt"/>
        <line num="656" count="0" type="stmt"/>
        <line num="657" count="3" type="cond" truecount="2" falsecount="0"/>
        <line num="658" count="2" type="stmt"/>
        <line num="659" count="2" type="stmt"/>
        <line num="660" count="1" type="stmt"/>
        <line num="661" count="1" type="stmt"/>
        <line num="662" count="1" type="stmt"/>
        <line num="663" count="1" type="cond" truecount="1" falsecount="0"/>
        <line num="664" count="3" type="stmt"/>
        <line num="665" count="3" type="cond" truecount="2" falsecount="0"/>
        <line num="666" count="2" type="stmt"/>
        <line num="667" count="2" type="stmt"/>
        <line num="668" count="2" type="stmt"/>
        <line num="669" count="2" type="stmt"/>
        <line num="670" count="2" type="stmt"/>
        <line num="671" count="2" type="stmt"/>
        <line num="672" count="2" type="stmt"/>
        <line num="673" count="2" type="stmt"/>
        <line num="674" count="2" type="stmt"/>
        <line num="675" count="2" type="stmt"/>
        <line num="676" count="2" type="stmt"/>
        <line num="677" count="2" type="stmt"/>
        <line num="678" count="2" type="stmt"/>
        <line num="679" count="3" type="cond" truecount="1" falsecount="0"/>
        <line num="680" count="3" type="cond" truecount="1" falsecount="1"/>
        <line num="681" count="3" type="cond" truecount="0" falsecount="1"/>
        <line num="682" count="0" type="stmt"/>
        <line num="683" count="0" type="stmt"/>
        <line num="684" count="0" type="cond" truecount="1" falsecount="0"/>
        <line num="685" count="1" type="stmt"/>
        <line num="686" count="1" type="stmt"/>
        <line num="687" count="1" type="stmt"/>
        <line num="688" count="1" type="stmt"/>
        <line num="689" count="1" type="stmt"/>
        <line num="690" count="1" type="stmt"/>
        <line num="691" count="1" type="stmt"/>
        <line num="692" count="1" type="stmt"/>
        <line num="693" count="1" type="stmt"/>
        <line num="694" count="3" type="cond" truecount="0" falsecount="1"/>
        <line num="695" count="0" type="stmt"/>
        <line num="696" count="0" type="stmt"/>
        <line num="697" count="3" type="cond" truecount="2" falsecount="0"/>
        <line num="698" count="2" type="stmt"/>
        <line num="699" count="2" type="stmt"/>
        <line num="700" count="1" type="stmt"/>
        <line num="701" count="1" type="stmt"/>
        <line num="702" count="1" type="stmt"/>
        <line num="703" count="1" type="cond" truecount="1" falsecount="0"/>
        <line num="704" count="2" type="stmt"/>
        <line num="705" count="2" type="cond" truecount="1" falsecount="0"/>
        <line num="706" count="1" type="stmt"/>
        <line num="707" count="1" type="stmt"/>
        <line num="708" count="1" type="stmt"/>
        <line num="709" count="1" type="stmt"/>
        <line num="710" count="1" type="stmt"/>
        <line num="711" count="1" type="stmt"/>
        <line num="712" count="1" type="stmt"/>
        <line num="713" count="379" type="cond" truecount="1" falsecount="0"/>
        <line num="714" count="379" type="cond" truecount="1" falsecount="0"/>
        <line num="715" count="379" type="cond" truecount="2" falsecount="0"/>
        <line num="716" count="379" type="cond" truecount="2" falsecount="0"/>
        <line num="717" count="302" type="stmt"/>
        <line num="718" count="302" type="stmt"/>
        <line num="719" count="302" type="stmt"/>
        <line num="720" count="302" type="stmt"/>
        <line num="721" count="302" type="stmt"/>
        <line num="722" count="379" type="cond" truecount="1" falsecount="0"/>
        <line num="723" count="3" type="stmt"/>
        <line num="724" count="3" type="stmt"/>
        <line num="725" count="379" type="stmt"/>
        <line num="726" count="1" type="stmt"/>
        <line num="727" count="1" type="stmt"/>
        <line num="728" count="1" type="stmt"/>
      </file>
      <file name="diets.js" path="C:\Users\camil\Desktop\Fittreacker\fittracker-backend\backend\src\routes\v1\diets.js">
        <metrics statements="197" coveredstatements="196" conditionals="42" coveredconditionals="31" methods="2" coveredmethods="2"/>
        <line num="1" count="1" type="stmt"/>
        <line num="2" count="1" type="stmt"/>
        <line num="3" count="1" type="stmt"/>
        <line num="4" count="1" type="stmt"/>
        <line num="5" count="1" type="stmt"/>
        <line num="6" count="1" type="stmt"/>
        <line num="7" count="1" type="stmt"/>
        <line num="8" count="1" type="stmt"/>
        <line num="9" count="1" type="stmt"/>
        <line num="10" count="1" type="stmt"/>
        <line num="11" count="1" type="stmt"/>
        <line num="12" count="1" type="stmt"/>
[...]
        <line num="24" count="16" type="cond" truecount="1" falsecount="0"/>
        <line num="25" count="16" type="cond" truecount="1" falsecount="1"/>
        <line num="26" count="11" type="stmt"/>
        <line num="27" count="11" type="stmt"/>
        <line num="28" count="16" type="cond" truecount="1" falsecount="0"/>
        <line num="29" count="5" type="cond" truecount="1" falsecount="0"/>
        <line num="30" count="1" type="stmt"/>
        <line num="31" count="5" type="cond" truecount="1" falsecount="0"/>
        <line num="32" count="4" type="stmt"/>
        <line num="33" count="4" type="stmt"/>
        <line num="34" count="5" type="stmt"/>
        <line num="35" count="16" type="cond" truecount="0" falsecount="1"/>
        <line num="36" count="16" type="stmt"/>
        <line num="37" count="16" type="stmt"/>
        <line num="38" count="16" type="stmt"/>
        <line num="39" count="1" type="stmt"/>
        <line num="40" count="1" type="stmt"/>
        <line num="41" count="1" type="stmt"/>
        <line num="42" count="5" type="cond" truecount="1" falsecount="0"/>
        <line num="43" count="5" type="stmt"/>
        <line num="44" count="5" type="stmt"/>
        <line num="45" count="5" type="stmt"/>
        <line num="46" count="5" type="stmt"/>
        <line num="47" count="5" type="stmt"/>
        <line num="48" count="1" type="stmt"/>
        <line num="49" count="2" type="cond" truecount="1" falsecount="0"/>
        <line num="50" count="2" type="stmt"/>
        <line num="51" count="2" type="stmt"/>
        <line num="52" count="2" type="stmt"/>
        <line num="53" count="2" type="stmt"/>
        <line num="54" count="2" type="stmt"/>
        <line num="55" count="1" type="stmt"/>
        <line num="56" count="3" type="cond" truecount="1" falsecount="0"/>
        <line num="57" count="3" type="stmt"/>
        <line num="58" count="3" type="stmt"/>
        <line num="59" count="1" type="stmt"/>
        <line num="60" count="1" type="stmt"/>
        <line num="61" count="1" type="stmt"/>
        <line num="62" count="1" type="stmt"/>
        <line num="63" count="1" type="stmt"/>
        <line num="64" count="1" type="stmt"/>
        <line num="65" count="1" type="stmt"/>
        <line num="66" count="4" type="cond" truecount="1" falsecount="0"/>
        <line num="67" count="4" type="stmt"/>
        <line num="68" count="4" type="stmt"/>
        <line num="69" count="4" type="stmt"/>
        <line num="70" count="4" type="stmt"/>
        <line num="71" count="4" type="stmt"/>
        <line num="72" count="4" type="stmt"/>
        <line num="73" count="4" type="stmt"/>
        <line num="74" count="4" type="stmt"/>
        <line num="75" count="4" type="cond" truecount="1" falsecount="0"/>
        <line num="76" count="3" type="stmt"/>
        <line num="77" count="4" type="cond" truecount="2" falsecount="0"/>
        <line num="78" count="2" type="stmt"/>
        <line num="79" count="2" type="stmt"/>
        <line num="80" count="4" type="cond" truecount="1" falsecount="0"/>
        <line num="81" count="1" type="stmt"/>
        <line num="82" count="1" type="stmt"/>
        <line num="83" count="4" type="stmt"/>
        <line num="84" count="1" type="stmt"/>
        <line num="85" count="1" type="stmt"/>
        <line num="86" count="1" type="stmt"/>
        <line num="87" count="3" type="cond" truecount="1" falsecount="0"/>
        <line num="88" count="3" type="stmt"/>
        <line num="89" count="3" type="stmt"/>
        <line num="90" count="3" type="stmt"/>
        <line num="91" count="3" type="stmt"/>
        <line num="92" count="3" type="stmt"/>
        <line num="93" count="1" type="stmt"/>
        <line num="94" count="3" type="cond" truecount="1" falsecount="0"/>
        <line num="95" count="3" type="stmt"/>
        <line num="96" count="3" type="stmt"/>
        <line num="97" count="3" type="stmt"/>
        <line num="98" count="3" type="stmt"/>
        <line num="99" count="3" type="stmt"/>
        <line num="100" count="1" type="stmt"/>
        <line num="101" count="1" type="stmt"/>
        <line num="102" count="1" type="stmt"/>
        <line num="103" count="1" type="stmt"/>
        <line num="104" count="1" type="stmt"/>
        <line num="105" count="1" type="stmt"/>
      </file>
    </package>
    <package name="utils">
      <metrics statements="273" coveredstatements="266" conditionals="55" coveredconditionals="43" methods="15" coveredmethods="14"/>
      <file name="asyncHandler.js" path="C:\Users\camil\Desktop\Fittreacker\fittracker-backend\backend\src\utils\asyncHandler.js">
        <metrics statements="18" coveredstatements="18" conditionals="2" coveredconditionals="2" methods="1" coveredmethods="1"/>
        <line num="1" count="1" type="stmt"/>
        <line num="2" count="1" type="stmt"/>
        <line num="3" count="1" type="stmt"/>
        <line num="4" count="1" type="stmt"/>
        <line num="5" count="1" type="stmt"/>
        <line num="6" count="1" type="stmt"/>
        <line num="7" count="1" type="stmt"/>
        <line num="8" count="1" type="stmt"/>
        <line num="9" count="1" type="stmt"/>
        <line num="10" count="1" type="stmt"/>
        <line num="11" count="1" type="stmt"/>
        <line num="12" count="1" type="stmt"/>
        <line num="13" count="1" type="stmt"/>
        <line num="14" count="1" type="stmt"/>
        <line num="15" count="1" type="cond" truecount="2" falsecount="0"/>
        <line num="16" count="1" type="stmt"/>
        <line num="17" count="1" type="stmt"/>
        <line num="18" count="1" type="stmt"/>
      </file>
      <file name="constants.js" path="C:\Users\camil\Desktop\Fittreacker\fittracker-backend\backend\src\utils\constants.js">
        <metrics statements="45" coveredstatements="45" conditionals="0" coveredconditionals="0" methods="0" coveredmethods="0"/>
        <line num="1" count="1" type="stmt"/>
        <line num="2" count="1" type="stmt"/>
        <line num="3" count="1" type="stmt"/>
        <line num="4" count="1" type="stmt"/>
        <line num="5" count="1" type="stmt"/>
        <line num="6" count="1" type="stmt"/>
        <line num="7" count="1" type="stmt"/>
        <line num="8" count="1" type="stmt"/>
        <line num="9" count="1" type="stmt"/>
        <line num="10" count="1" type="stmt"/>
        <line num="11" count="1" type="stmt"/>
        <line num="12" count="1" type="stmt"/>
        <line num="13" count="1" type="stmt"/>
        <line num="14" count="1" type="stmt"/>
        <line num="15" count="1" type="stmt"/>
        <line num="16" count="1" type="stmt"/>
        <line num="17" count="1" type="stmt"/>
        <line num="18" count="1" type="stmt"/>
        <line num="19" count="1" type="stmt"/>
        <line num="20" count="1" type="stmt"/>
        <line num="21" count="1" type="stmt"/>
        <line num="22" count="1" type="stmt"/>
        <line num="23" count="1" type="stmt"/>
        <line num="24" count="1" type="stmt"/>
        <line num="25" count="1" type="stmt"/>
        <line num="26" count="1" type="stmt"/>
        <line num="27" count="1" type="stmt"/>
        <line num="28" count="1" type="stmt"/>
        <line num="29" count="1" type="stmt"/>
        <line num="30" count="1" type="stmt"/>
        <line num="31" count="1" type="stmt"/>
        <line num="32" count="1" type="stmt"/>
        <line num="33" count="1" type="stmt"/>
        <line num="34" count="1" type="stmt"/>
        <line num="35" count="1" type="stmt"/>
        <line num="36" count="1" type="stmt"/>
        <line num="37" count="1" type="stmt"/>
        <line num="38" count="1" type="stmt"/>
        <line num="39" count="1" type="stmt"/>
        <line num="40" count="1" type="stmt"/>
        <line num="41" count="1" type="stmt"/>
        <line num="42" count="1" type="stmt"/>
        <line num="43" count="1" type="stmt"/>
        <line num="44" count="1" type="stmt"/>
        <line num="45" count="1" type="stmt"/>
      </file>
      <file name="internalToken.js" path="C:\Users\camil\Desktop\Fittreacker\fittracker-backend\backend\src\utils\internalToken.js">
        <metrics statements="39" coveredstatements="39" conditionals="8" coveredconditionals="7" methods="1" coveredmethods="1"/>
        <line num="1" count="1" type="stmt"/>
        <line num="2" count="1" type="stmt"/>
        <line num="3" count="1" type="stmt"/>
        <line num="4" count="1" type="cond" truecount="0" falsecount="1"/>
        <line num="5" count="1" type="cond" truecount="1" falsecount="0"/>
        <line num="6" count="1" type="stmt"/>
        <line num="7" count="1" type="cond" truecount="1" falsecount="0"/>
        <line num="8" count="4" type="stmt"/>
        <line num="9" count="4" type="stmt"/>
        <line num="10" count="4" type="stmt"/>
        <line num="11" count="4" type="stmt"/>
        <line num="12" count="4" type="stmt"/>
        <line num="13" count="4" type="cond" truecount="2" falsecount="0"/>
        <line num="14" count="3" type="stmt"/>
        <line num="15" count="3" type="stmt"/>
        <line num="16" count="3" type="stmt"/>
        <line num="17" count="3" type="stmt"/>
        <line num="18" count="1" type="stmt"/>
        <line num="19" count="1" type="stmt"/>
        <line num="20" count="1" type="stmt"/>
        <line num="21" count="1" type="stmt"/>
        <line num="22" count="1" type="stmt"/>
        <line num="23" count="1" type="stmt"/>
        <line num="24" count="1" type="stmt"/>
        <line num="25" count="1" type="stmt"/>
        <line num="26" count="1" type="stmt"/>
        <line num="27" count="18" type="cond" truecount="1" falsecount="0"/>
        <line num="28" count="18" type="stmt"/>
        <line num="29" count="18" type="stmt"/>
        <line num="30" count="18" type="cond" truecount="1" falsecount="0"/>
        <line num="31" count="2" type="stmt"/>
        <line num="32" count="2" type="stmt"/>
        <line num="33" count="2" type="cond" truecount="1" falsecount="0"/>
        <line num="34" count="16" type="stmt"/>
        <line num="35" count="16" type="stmt"/>
        <line num="36" count="16" type="stmt"/>
        <line num="37" count="16" type="stmt"/>
        <line num="38" count="1" type="stmt"/>
        <line num="39" count="1" type="stmt"/>
      </file>
      <file name="metrics.js" path="C:\Users\camil\Desktop\Fittreacker\fittracker-backend\backend\src\utils\metrics.js">
        <metrics statements="87" coveredstatements="87" conditionals="15" coveredconditionals="14" methods="6" coveredmethods="6"/>
        <line num="1" count="1" type="stmt"/>
        <line num="2" count="1" type="stmt"/>
        <line num="3" count="1" type="stmt"/>
        <line num="4" count="1" type="stmt"/>
        <line num="5" count="1" type="stmt"/>
        <line num="6" count="1" type="stmt"/>
        <line num="7" count="1" type="stmt"/>
        <line num="8" count="1" type="stmt"/>
        <line num="9" count="1" type="stmt"/>
        <line num="10" count="1" type="stmt"/>
        <line num="11" count="1" type="stmt"/>
        <line num="12" count="1" type="stmt"/>
        <line num="13" count="1" type="stmt"/>
        <line num="14" count="1" type="stmt"/>
        <line num="15" count="1" type="stmt"/>
        <line num="16" count="37" type="cond" truecount="1" falsecount="0"/>
        <line num="17" count="37" type="stmt"/>
        <line num="18" count="37" type="cond" truecount="2" falsecount="0"/>
        <line num="19" count="37" type="stmt"/>
        <line num="20" count="1" type="stmt"/>
        <line num="21" count="1" type="stmt"/>
        <line num="22" count="1" type="stmt"/>
        <line num="23" count="1" type="stmt"/>
        <line num="24" count="1" type="stmt"/>
        <line num="25" count="1" type="stmt"/>
        <line num="26" count="1" type="stmt"/>
        <line num="27" count="1" type="stmt"/>
        <line num="28" count="1" type="stmt"/>
        <line num="29" count="37" type="cond" truecount="1" falsecount="0"/>
        <line num="30" count="37" type="cond" truecount="1" falsecount="0"/>
        <line num="31" count="37" type="stmt"/>
        <line num="32" count="1" type="stmt"/>
        <line num="33" count="1" type="stmt"/>
        <line num="34" count="1" type="stmt"/>
        <line num="35" count="1" type="stmt"/>
        <line num="36" count="1" type="stmt"/>
        <line num="37" count="1" type="stmt"/>
        <line num="38" count="1" type="stmt"/>
        <line num="39" count="1" type="stmt"/>
        <line num="40" count="37" type="cond" truecount="1" falsecount="0"/>
        <line num="41" count="37" type="cond" truecount="2" falsecount="0"/>
        <line num="42" count="37" type="cond" truecount="3" falsecount="0"/>
        <line num="43" count="25" type="stmt"/>
        <line num="44" count="25" type="stmt"/>
        <line num="45" count="1" type="stmt"/>
        <line num="46" count="1" type="stmt"/>
        <line num="47" count="1" type="stmt"/>
        <line num="48" count="1" type="stmt"/>
        <line num="49" count="1" type="stmt"/>
        <line num="50" count="1" type="stmt"/>
        <line num="51" count="1" type="stmt"/>
        <line num="52" count="1" type="stmt"/>
        <line num="53" count="37" type="cond" truecount="1" falsecount="0"/>
        <line num="54" count="37" type="stmt"/>
        <line num="55" count="37" type="stmt"/>
        <line num="56" count="1" type="stmt"/>
        <line num="57" count="1" type="stmt"/>
        <line num="58" count="1" type="stmt"/>
        <line num="59" count="1" type="stmt"/>
        <line num="60" count="1" type="stmt"/>
        <line num="61" count="1" type="stmt"/>
        <line num="62" count="1" type="stmt"/>
        <line num="63" count="1" type="stmt"/>
        <line num="64" count="1" type="stmt"/>
        <line num="65" count="1" type="stmt"/>
        <line num="66" count="1" type="stmt"/>
        <line num="67" count="1" type="stmt"/>
        <line num="68" count="1" type="stmt"/>
        <line num="69" count="1" type="stmt"/>
        <line num="70" count="37" type="cond" truecount="1" falsecount="0"/>
        <line num="71" count="37" type="stmt"/>
        <line num="72" count="37" type="stmt"/>
        <line num="73" count="37" type="stmt"/>
        <line num="74" count="37" type="stmt"/>
        <line num="75" count="37" type="stmt"/>
        <line num="76" count="37" type="stmt"/>
        <line num="77" count="1" type="stmt"/>
        <line num="78" count="1" type="stmt"/>
        <line num="79" count="1" type="stmt"/>
        <line num="80" count="1" type="stmt"/>
        <line num="81" count="1" type="stmt"/>
        <line num="82" count="13" type="cond" truecount="1" falsecount="0"/>
        <line num="83" count="13" type="stmt"/>
        <line num="84" count="13" type="cond" truecount="0" falsecount="1"/>
        <line num="85" count="13" type="stmt"/>
        <line num="86" count="1" type="stmt"/>
        <line num="87" count="1" type="stmt"/>
      </file>
      <file name="validate.js" path="C:\Users\camil\Desktop\Fittreacker\fittracker-backend\backend\src\utils\validate.js">
        <metrics statements="84" coveredstatements="77" conditionals="30" coveredconditionals="20" methods="7" coveredmethods="6"/>
        <line num="1" count="1" type="stmt"/>
        <line num="2" count="1" type="stmt"/>
        <line num="3" count="1" type="stmt"/>
        <line num="4" count="1" type="stmt"/>
        <line num="5" count="1" type="stmt"/>
        <line num="6" count="1" type="stmt"/>
        <line num="7" count="1" type="stmt"/>
        <line num="8" count="1" type="stmt"/>
        <line num="9" count="1" type="stmt"/>
        <line num="10" count="15" type="cond" truecount="1" falsecount="0"/>
        <line num="11" count="15" type="cond" truecount="0" falsecount="1"/>
        <line num="12" count="15" type="stmt"/>
        <line num="13" count="15" type="stmt"/>
        <line num="14" count="15" type="stmt"/>
        <line num="15" count="1" type="stmt"/>
        <line num="16" count="1" type="stmt"/>
        <line num="17" count="15" type="cond" truecount="1" falsecount="0"/>
        <line num="18" count="15" type="cond" truecount="0" falsecount="1"/>
        <line num="19" count="15" type="cond" truecount="0" falsecount="1"/>
        <line num="20" count="0" type="stmt"/>
        <line num="21" count="0" type="stmt"/>
        <line num="22" count="15" type="stmt"/>
        <line num="23" count="15" type="stmt"/>
        <line num="24" count="1" type="stmt"/>
        <line num="25" count="1" type="stmt"/>
        <line num="26" count="6" type="cond" truecount="1" falsecount="0"/>
        <line num="27" count="6" type="cond" truecount="0" falsecount="1"/>
        <line num="28" count="6" type="cond" truecount="0" falsecount="1"/>
        <line num="29" count="6" type="stmt"/>
        <line num="30" count="6" type="stmt"/>
        <line num="31" count="1" type="stmt"/>
        <line num="32" count="1" type="stmt"/>
        <line num="33" count="210" type="cond" truecount="1" falsecount="0"/>
        <line num="34" count="210" type="cond" truecount="2" falsecount="0"/>
        <line num="35" count="6" type="cond" truecount="0" falsecount="1"/>
        <line num="36" count="6" type="cond" truecount="1" falsecount="0"/>
        <line num="37" count="204" type="stmt"/>
        <line num="38" count="210" type="cond" truecount="1" falsecount="1"/>
        <line num="39" count="210" type="cond" truecount="1" falsecount="1"/>
        <line num="40" count="210" type="cond" truecount="1" falsecount="1"/>
        <line num="41" count="204" type="stmt"/>
        <line num="42" count="204" type="stmt"/>
        <line num="43" count="1" type="stmt"/>
        <line num="44" count="1" type="stmt"/>
        <line num="45" count="92" type="cond" truecount="1" falsecount="0"/>
        <line num="46" count="92" type="cond" truecount="2" falsecount="0"/>
        <line num="47" count="7" type="cond" truecount="0" falsecount="1"/>
        <line num="48" count="7" type="cond" truecount="1" falsecount="0"/>
        <line num="49" count="92" type="cond" truecount="2" falsecount="0"/>
        <line num="50" count="3" type="stmt"/>
        <line num="51" count="3" type="cond" truecount="1" falsecount="0"/>
        <line num="52" count="82" type="stmt"/>
        <line num="53" count="82" type="stmt"/>
        <line num="54" count="1" type="stmt"/>
        <line num="55" count="1" type="stmt"/>
        <line num="56" count="0" type="stmt"/>
        <line num="57" count="0" type="stmt"/>
        <line num="58" count="0" type="stmt"/>
        <line num="59" count="0" type="stmt"/>
        <line num="60" count="0" type="stmt"/>
        <line num="61" count="1" type="stmt"/>
        <line num="62" count="1" type="stmt"/>
        <line num="63" count="1" type="stmt"/>
        <line num="64" count="1" type="stmt"/>
        <line num="65" count="1" type="stmt"/>
        <line num="66" count="1" type="stmt"/>
        <line num="67" count="1" type="stmt"/>
        <line num="68" count="1" type="stmt"/>
        <line num="69" count="1" type="stmt"/>
        <line num="70" count="195" type="cond" truecount="1" falsecount="0"/>
        <line num="71" count="195" type="stmt"/>
        <line num="72" count="195" type="cond" truecount="2" falsecount="0"/>
        <line num="73" count="3" type="stmt"/>
        <line num="74" count="3" type="stmt"/>
        <line num="75" count="3" type="stmt"/>
        <line num="76" count="1" type="stmt"/>
        <line num="77" count="1" type="stmt"/>
        <line num="78" count="1" type="stmt"/>
        <line num="79" count="1" type="stmt"/>
        <line num="80" count="1" type="stmt"/>
        <line num="81" count="1" type="stmt"/>
        <line num="82" count="1" type="stmt"/>
        <line num="83" count="1" type="stmt"/>
        <line num="84" count="1" type="stmt"/>
      </file>
    </package>
  </project>
</coverage>
