{"C:\\Users\\camil\\Desktop\\Fittreacker\\fittracker-backend\\backend\\src\\db\\connection.js": {"path":"C:\\Users\\camil\\Desktop\\Fittreacker\\fittracker-backend\\backend\\src\\db\\connection.js","all":false,"statementMap":{"0":{"start":{"line":1,"column":0},"end":{"line":1,"column":53}},"1":{"start":{"line":2,"column":0},"end":{"line":2,"column":69}},"2":{"start":{"line":3,"column":0},"end":{"line":3,"column":39}}},"s":{"0":1,"1":1,"2":1},"branchMap":{},"b":{},"fnMap":{},"f":{}}
,"C:\\Users\\camil\\Desktop\\Fittreacker\\fittracker-backend\\backend\\src\\db\\migrate.js": {"path":"C:\\Users\\camil\\Desktop\\Fittreacker\\fittracker-backend\\backend\\src\\db\\migrate.js","all":false,"statementMap":{"0":{"start":{"line":1,"column":0},"end":{"line":1,"column":13}},"1":{"start":{"line":2,"column":0},"end":{"line":2,"column":0}},"2":{"start":{"line":3,"column":0},"end":{"line":3,"column":27}},"3":{"start":{"line":4,"column":0},"end":{"line":4,"column":0}},"4":{"start":{"line":5,"column":0},"end":{"line":5,"column":27}},"5":{"start":{"line":6,"column":0},"end":{"line":6,"column":29}},"6":{"start":{"line":7,"column":0},"end":{"line":7,"column":35}},"7":{"start":{"line":8,"column":0},"end":{"line":8,"column":0}},"8":{"start":{"line":9,"column":0},"end":{"line":9,"column":76}},"9":{"start":{"line":10,"column":0},"end":{"line":10,"column":0}},"10":{"start":{"line":11,"column":0},"end":{"line":11,"column":43}},"11":{"start":{"line":12,"column":0},"end":{"line":12,"column":38}},"12":{"start":{"line":13,"column":0},"end":{"line":13,"column":52}},"13":{"start":{"line":14,"column":0},"end":{"line":14,"column":4}},"14":{"start":{"line":15,"column":0},"end":{"line":15,"column":22}},"15":{"start":{"line":16,"column":0},"end":{"line":16,"column":1}},"16":{"start":{"line":17,"column":0},"end":{"line":17,"column":0}},"17":{"start":{"line":18,"column":0},"end":{"line":18,"column":48}},"18":{"start":{"line":19,"column":0},"end":{"line":19,"column":38}},"19":{"start":{"line":20,"column":0},"end":{"line":20,"column":51}},"20":{"start":{"line":21,"column":0},"end":{"line":21,"column":4}},"21":{"start":{"line":22,"column":0},"end":{"line":22,"column":22}},"22":{"start":{"line":23,"column":0},"end":{"line":23,"column":1}},"23":{"start":{"line":24,"column":0},"end":{"line":24,"column":0}},"24":{"start":{"line":25,"column":0},"end":{"line":25,"column":35}},"25":{"start":{"line":26,"column":0},"end":{"line":26,"column":41}},"26":{"start":{"line":27,"column":0},"end":{"line":27,"column":54}},"27":{"start":{"line":28,"column":0},"end":{"line":28,"column":93}},"28":{"start":{"line":29,"column":0},"end":{"line":29,"column":36}},"29":{"start":{"line":30,"column":0},"end":{"line":30,"column":3}},"30":{"start":{"line":31,"column":0},"end":{"line":31,"column":0}},"31":{"start":{"line":32,"column":0},"end":{"line":32,"column":46}},"32":{"start":{"line":33,"column":0},"end":{"line":33,"column":96}},"33":{"start":{"line":34,"column":0},"end":{"line":34,"column":94}},"34":{"start":{"line":35,"column":0},"end":{"line":35,"column":37}},"35":{"start":{"line":36,"column":0},"end":{"line":36,"column":3}},"36":{"start":{"line":37,"column":0},"end":{"line":37,"column":0}},"37":{"start":{"line":38,"column":0},"end":{"line":38,"column":62}},"38":{"start":{"line":39,"column":0},"end":{"line":39,"column":62}},"39":{"start":{"line":40,"column":0},"end":{"line":40,"column":12}},"40":{"start":{"line":41,"column":0},"end":{"line":41,"column":1}},"41":{"start":{"line":42,"column":0},"end":{"line":42,"column":0}},"42":{"start":{"line":43,"column":0},"end":{"line":43,"column":54}},"43":{"start":{"line":44,"column":0},"end":{"line":44,"column":30}},"44":{"start":{"line":45,"column":0},"end":{"line":45,"column":7}},"45":{"start":{"line":46,"column":0},"end":{"line":46,"column":28}},"46":{"start":{"line":47,"column":0},"end":{"line":47,"column":90}},"47":{"start":{"line":48,"column":0},"end":{"line":48,"column":43}},"48":{"start":{"line":49,"column":0},"end":{"line":49,"column":25}},"49":{"start":{"line":50,"column":0},"end":{"line":50,"column":80}},"50":{"start":{"line":51,"column":0},"end":{"line":51,"column":18}},"51":{"start":{"line":52,"column":0},"end":{"line":52,"column":8}},"52":{"start":{"line":53,"column":0},"end":{"line":53,"column":12}},"53":{"start":{"line":54,"column":0},"end":{"line":54,"column":25}},"54":{"start":{"line":55,"column":0},"end":{"line":55,"column":80}},"55":{"start":{"line":56,"column":0},"end":{"line":56,"column":18}},"56":{"start":{"line":57,"column":0},"end":{"line":57,"column":8}},"57":{"start":{"line":58,"column":0},"end":{"line":58,"column":5}},"58":{"start":{"line":59,"column":0},"end":{"line":59,"column":33}},"59":{"start":{"line":60,"column":0},"end":{"line":60,"column":51}},"60":{"start":{"line":61,"column":0},"end":{"line":61,"column":17}},"61":{"start":{"line":62,"column":0},"end":{"line":62,"column":35}},"62":{"start":{"line":63,"column":0},"end":{"line":63,"column":14}},"63":{"start":{"line":64,"column":0},"end":{"line":64,"column":3}},"64":{"start":{"line":65,"column":0},"end":{"line":65,"column":1}},"65":{"start":{"line":66,"column":0},"end":{"line":66,"column":0}},"66":{"start":{"line":67,"column":0},"end":{"line":67,"column":32}},"67":{"start":{"line":68,"column":0},"end":{"line":68,"column":71}},"68":{"start":{"line":69,"column":0},"end":{"line":69,"column":71}},"69":{"start":{"line":70,"column":0},"end":{"line":70,"column":11}},"70":{"start":{"line":71,"column":0},"end":{"line":71,"column":3}},"71":{"start":{"line":72,"column":0},"end":{"line":72,"column":0}},"72":{"start":{"line":73,"column":0},"end":{"line":73,"column":39}},"73":{"start":{"line":74,"column":0},"end":{"line":74,"column":87}},"74":{"start":{"line":75,"column":0},"end":{"line":75,"column":11}},"75":{"start":{"line":76,"column":0},"end":{"line":76,"column":3}},"76":{"start":{"line":77,"column":0},"end":{"line":77,"column":0}},"77":{"start":{"line":78,"column":0},"end":{"line":78,"column":41}},"78":{"start":{"line":79,"column":0},"end":{"line":79,"column":7}},"79":{"start":{"line":80,"column":0},"end":{"line":80,"column":45}},"80":{"start":{"line":81,"column":0},"end":{"line":81,"column":50}},"81":{"start":{"line":82,"column":0},"end":{"line":82,"column":38}},"82":{"start":{"line":83,"column":0},"end":{"line":83,"column":14}},"83":{"start":{"line":84,"column":0},"end":{"line":84,"column":0}},"84":{"start":{"line":85,"column":0},"end":{"line":85,"column":18}},"85":{"start":{"line":86,"column":0},"end":{"line":86,"column":31}},"86":{"start":{"line":87,"column":0},"end":{"line":87,"column":43}},"87":{"start":{"line":88,"column":0},"end":{"line":88,"column":75}},"88":{"start":{"line":89,"column":0},"end":{"line":89,"column":11}},"89":{"start":{"line":90,"column":0},"end":{"line":90,"column":48}},"90":{"start":{"line":91,"column":0},"end":{"line":91,"column":16}},"91":{"start":{"line":92,"column":0},"end":{"line":92,"column":21}},"92":{"start":{"line":93,"column":0},"end":{"line":93,"column":73}},"93":{"start":{"line":94,"column":0},"end":{"line":94,"column":18}},"94":{"start":{"line":95,"column":0},"end":{"line":95,"column":7}},"95":{"start":{"line":96,"column":0},"end":{"line":96,"column":5}},"96":{"start":{"line":97,"column":0},"end":{"line":97,"column":0}},"97":{"start":{"line":98,"column":0},"end":{"line":98,"column":80}},"98":{"start":{"line":99,"column":0},"end":{"line":99,"column":56}},"99":{"start":{"line":100,"column":0},"end":{"line":100,"column":13}},"100":{"start":{"line":101,"column":0},"end":{"line":101,"column":21}},"101":{"start":{"line":102,"column":0},"end":{"line":102,"column":3}},"102":{"start":{"line":103,"column":0},"end":{"line":103,"column":1}},"103":{"start":{"line":104,"column":0},"end":{"line":104,"column":0}},"104":{"start":{"line":105,"column":0},"end":{"line":105,"column":35}},"105":{"start":{"line":106,"column":0},"end":{"line":106,"column":0}},"106":{"start":{"line":107,"column":0},"end":{"line":107,"column":30}},"107":{"start":{"line":108,"column":0},"end":{"line":108,"column":17}},"108":{"start":{"line":109,"column":0},"end":{"line":109,"column":78}},"109":{"start":{"line":110,"column":0},"end":{"line":110,"column":83}},"110":{"start":{"line":111,"column":0},"end":{"line":111,"column":1}}},"s":{"0":1,"1":1,"2":1,"3":1,"4":1,"5":1,"6":1,"7":1,"8":1,"9":1,"10":335,"11":335,"12":335,"13":335,"14":335,"15":335,"16":1,"17":28,"18":28,"19":28,"20":28,"21":28,"22":28,"23":1,"24":32,"25":32,"26":4,"27":4,"28":4,"29":4,"30":28,"31":28,"32":2,"33":2,"34":2,"35":2,"36":26,"37":26,"38":26,"39":26,"40":26,"41":1,"42":304,"43":304,"44":304,"45":304,"46":303,"47":303,"48":2,"49":2,"50":2,"51":2,"52":303,"53":301,"54":301,"55":301,"56":301,"57":301,"58":303,"59":303,"60":304,"61":1,"62":1,"63":1,"64":304,"65":1,"66":34,"67":34,"68":1,"69":1,"70":1,"71":33,"72":33,"73":1,"74":1,"75":1,"76":32,"77":32,"78":32,"79":32,"80":32,"81":32,"82":32,"83":32,"84":32,"85":32,"86":304,"87":304,"88":304,"89":304,"90":303,"91":304,"92":1,"93":1,"94":1,"95":304,"96":31,"97":31,"98":3,"99":34,"100":32,"101":32,"102":34,"103":1,"104":1,"105":1,"106":1,"107":0,"108":0,"109":0,"110":0},"branchMap":{"0":{"type":"branch","line":107,"loc":{"start":{"line":107,"column":29},"end":{"line":111,"column":1}},"locations":[{"start":{"line":107,"column":29},"end":{"line":111,"column":1}}]},"1":{"type":"branch","line":11,"loc":{"start":{"line":11,"column":0},"end":{"line":16,"column":1}},"locations":[{"start":{"line":11,"column":0},"end":{"line":16,"column":1}}]},"2":{"type":"branch","line":15,"loc":{"start":{"line":15,"column":18},"end":{"line":15,"column":21}},"locations":[{"start":{"line":15,"column":18},"end":{"line":15,"column":21}}]},"3":{"type":"branch","line":18,"loc":{"start":{"line":18,"column":0},"end":{"line":23,"column":1}},"locations":[{"start":{"line":18,"column":0},"end":{"line":23,"column":1}}]},"4":{"type":"branch","line":22,"loc":{"start":{"line":22,"column":18},"end":{"line":22,"column":21}},"locations":[{"start":{"line":22,"column":18},"end":{"line":22,"column":21}}]},"5":{"type":"branch","line":25,"loc":{"start":{"line":25,"column":0},"end":{"line":41,"column":1}},"locations":[{"start":{"line":25,"column":0},"end":{"line":41,"column":1}}]},"6":{"type":"branch","line":26,"loc":{"start":{"line":26,"column":40},"end":{"line":30,"column":3}},"locations":[{"start":{"line":26,"column":40},"end":{"line":30,"column":3}}]},"7":{"type":"branch","line":30,"loc":{"start":{"line":30,"column":2},"end":{"line":41,"column":1}},"locations":[{"start":{"line":30,"column":2},"end":{"line":41,"column":1}}]},"8":{"type":"branch","line":32,"loc":{"start":{"line":32,"column":45},"end":{"line":36,"column":3}},"locations":[{"start":{"line":32,"column":45},"end":{"line":36,"column":3}}]},"9":{"type":"branch","line":36,"loc":{"start":{"line":36,"column":2},"end":{"line":41,"column":1}},"locations":[{"start":{"line":36,"column":2},"end":{"line":41,"column":1}}]},"10":{"type":"branch","line":43,"loc":{"start":{"line":43,"column":0},"end":{"line":65,"column":1}},"locations":[{"start":{"line":43,"column":0},"end":{"line":65,"column":1}}]},"11":{"type":"branch","line":46,"loc":{"start":{"line":46,"column":27},"end":{"line":61,"column":4}},"locations":[{"start":{"line":46,"column":27},"end":{"line":61,"column":4}}]},"12":{"type":"branch","line":48,"loc":{"start":{"line":48,"column":42},"end":{"line":53,"column":5}},"locations":[{"start":{"line":48,"column":42},"end":{"line":53,"column":5}}]},"13":{"type":"branch","line":53,"loc":{"start":{"line":53,"column":5},"end":{"line":58,"column":5}},"locations":[{"start":{"line":53,"column":5},"end":{"line":58,"column":5}}]},"14":{"type":"branch","line":61,"loc":{"start":{"line":61,"column":4},"end":{"line":64,"column":3}},"locations":[{"start":{"line":61,"column":4},"end":{"line":64,"column":3}}]},"15":{"type":"branch","line":67,"loc":{"start":{"line":67,"column":0},"end":{"line":103,"column":1}},"locations":[{"start":{"line":67,"column":0},"end":{"line":103,"column":1}}]},"16":{"type":"branch","line":68,"loc":{"start":{"line":68,"column":31},"end":{"line":68,"column":68}},"locations":[{"start":{"line":68,"column":31},"end":{"line":68,"column":68}}]},"17":{"type":"branch","line":68,"loc":{"start":{"line":68,"column":70},"end":{"line":71,"column":3}},"locations":[{"start":{"line":68,"column":70},"end":{"line":71,"column":3}}]},"18":{"type":"branch","line":71,"loc":{"start":{"line":71,"column":2},"end":{"line":99,"column":56}},"locations":[{"start":{"line":71,"column":2},"end":{"line":99,"column":56}}]},"19":{"type":"branch","line":73,"loc":{"start":{"line":73,"column":38},"end":{"line":76,"column":3}},"locations":[{"start":{"line":73,"column":38},"end":{"line":76,"column":3}}]},"20":{"type":"branch","line":76,"loc":{"start":{"line":76,"column":2},"end":{"line":99,"column":56}},"locations":[{"start":{"line":76,"column":2},"end":{"line":99,"column":56}}]},"21":{"type":"branch","line":86,"loc":{"start":{"line":86,"column":30},"end":{"line":96,"column":5}},"locations":[{"start":{"line":86,"column":30},"end":{"line":96,"column":5}}]},"22":{"type":"branch","line":87,"loc":{"start":{"line":87,"column":34},"end":{"line":87,"column":43}},"locations":[{"start":{"line":87,"column":34},"end":{"line":87,"column":43}}]},"23":{"type":"branch","line":90,"loc":{"start":{"line":90,"column":47},"end":{"line":92,"column":8}},"locations":[{"start":{"line":90,"column":47},"end":{"line":92,"column":8}}]},"24":{"type":"branch","line":92,"loc":{"start":{"line":92,"column":8},"end":{"line":95,"column":7}},"locations":[{"start":{"line":92,"column":8},"end":{"line":95,"column":7}}]},"25":{"type":"branch","line":96,"loc":{"start":{"line":96,"column":4},"end":{"line":99,"column":56}},"locations":[{"start":{"line":96,"column":4},"end":{"line":99,"column":56}}]},"26":{"type":"branch","line":98,"loc":{"start":{"line":98,"column":19},"end":{"line":98,"column":80}},"locations":[{"start":{"line":98,"column":19},"end":{"line":98,"column":80}}]},"27":{"type":"branch","line":99,"loc":{"start":{"line":99,"column":-1},"end":{"line":99,"column":56}},"locations":[{"start":{"line":99,"column":-1},"end":{"line":99,"column":56}}]},"28":{"type":"branch","line":100,"loc":{"start":{"line":100,"column":3},"end":{"line":102,"column":3}},"locations":[{"start":{"line":100,"column":3},"end":{"line":102,"column":3}}]},"29":{"type":"branch","line":82,"loc":{"start":{"line":82,"column":14},"end":{"line":82,"column":37}},"locations":[{"start":{"line":82,"column":14},"end":{"line":82,"column":37}}]}},"b":{"0":[0],"1":[335],"2":[10],"3":[28],"4":[3],"5":[32],"6":[4],"7":[28],"8":[2],"9":[26],"10":[304],"11":[303],"12":[2],"13":[301],"14":[1],"15":[34],"16":[1],"17":[1],"18":[33],"19":[1],"20":[32],"21":[304],"22":[0],"23":[303],"24":[1],"25":[31],"26":[28],"27":[3],"28":[32],"29":[304]},"fnMap":{"0":{"name":"_migracionesExiste","decl":{"start":{"line":11,"column":0},"end":{"line":16,"column":1}},"loc":{"start":{"line":11,"column":0},"end":{"line":16,"column":1}},"line":11},"1":{"name":"_legacyMigrationsExiste","decl":{"start":{"line":18,"column":0},"end":{"line":23,"column":1}},"loc":{"start":{"line":18,"column":0},"end":{"line":23,"column":1}},"line":18},"2":{"name":"getApplied","decl":{"start":{"line":25,"column":0},"end":{"line":41,"column":1}},"loc":{"start":{"line":25,"column":0},"end":{"line":41,"column":1}},"line":25},"3":{"name":"applyMigration","decl":{"start":{"line":43,"column":0},"end":{"line":65,"column":1}},"loc":{"start":{"line":43,"column":0},"end":{"line":65,"column":1}},"line":43},"4":{"name":"runMigrations","decl":{"start":{"line":67,"column":0},"end":{"line":103,"column":1}},"loc":{"start":{"line":67,"column":0},"end":{"line":103,"column":1}},"line":67}},"f":{"0":335,"1":28,"2":32,"3":304,"4":34}}
,"C:\\Users\\camil\\Desktop\\Fittreacker\\fittracker-backend\\backend\\src\\db\\postgres.js": {"path":"C:\\Users\\camil\\Desktop\\Fittreacker\\fittracker-backend\\backend\\src\\db\\postgres.js","all":true,"statementMap":{"0":{"start":{"line":1,"column":0},"end":{"line":1,"column":13}},"1":{"start":{"line":2,"column":0},"end":{"line":2,"column":0}},"2":{"start":{"line":3,"column":0},"end":{"line":3,"column":31}},"3":{"start":{"line":4,"column":0},"end":{"line":4,"column":0}},"4":{"start":{"line":5,"column":0},"end":{"line":5,"column":17}},"5":{"start":{"line":6,"column":0},"end":{"line":6,"column":0}},"6":{"start":{"line":7,"column":0},"end":{"line":7,"column":20}},"7":{"start":{"line":8,"column":0},"end":{"line":8,"column":15}},"8":{"start":{"line":9,"column":0},"end":{"line":9,"column":75}},"9":{"start":{"line":10,"column":0},"end":{"line":10,"column":81}},"10":{"start":{"line":11,"column":0},"end":{"line":11,"column":19}},"11":{"start":{"line":12,"column":0},"end":{"line":12,"column":88}},"12":{"start":{"line":13,"column":0},"end":{"line":13,"column":18}},"13":{"start":{"line":14,"column":0},"end":{"line":14,"column":5}},"14":{"start":{"line":15,"column":0},"end":{"line":15,"column":22}},"15":{"start":{"line":16,"column":0},"end":{"line":16,"column":32}},"16":{"start":{"line":17,"column":0},"end":{"line":17,"column":76}},"17":{"start":{"line":18,"column":0},"end":{"line":18,"column":37}},"18":{"start":{"line":19,"column":0},"end":{"line":19,"column":37}},"19":{"start":{"line":20,"column":0},"end":{"line":20,"column":87}},"20":{"start":{"line":21,"column":0},"end":{"line":21,"column":7}},"21":{"start":{"line":22,"column":0},"end":{"line":22,"column":32}},"22":{"start":{"line":23,"column":0},"end":{"line":23,"column":62}},"23":{"start":{"line":24,"column":0},"end":{"line":24,"column":7}},"24":{"start":{"line":25,"column":0},"end":{"line":25,"column":65}},"25":{"start":{"line":26,"column":0},"end":{"line":26,"column":3}},"26":{"start":{"line":27,"column":0},"end":{"line":27,"column":15}},"27":{"start":{"line":28,"column":0},"end":{"line":28,"column":1}},"28":{"start":{"line":29,"column":0},"end":{"line":29,"column":0}},"29":{"start":{"line":30,"column":0},"end":{"line":30,"column":3}},"30":{"start":{"line":31,"column":0},"end":{"line":31,"column":35}},"31":{"start":{"line":32,"column":0},"end":{"line":32,"column":73}},"32":{"start":{"line":33,"column":0},"end":{"line":33,"column":70}},"33":{"start":{"line":34,"column":0},"end":{"line":34,"column":48}},"34":{"start":{"line":35,"column":0},"end":{"line":35,"column":3}},"35":{"start":{"line":36,"column":0},"end":{"line":36,"column":40}},"36":{"start":{"line":37,"column":0},"end":{"line":37,"column":25}},"37":{"start":{"line":38,"column":0},"end":{"line":38,"column":14}},"38":{"start":{"line":39,"column":0},"end":{"line":39,"column":20}},"39":{"start":{"line":40,"column":0},"end":{"line":40,"column":42}},"40":{"start":{"line":41,"column":0},"end":{"line":41,"column":67}},"41":{"start":{"line":42,"column":0},"end":{"line":42,"column":6}},"42":{"start":{"line":43,"column":0},"end":{"line":43,"column":3}},"43":{"start":{"line":44,"column":0},"end":{"line":44,"column":33}},"44":{"start":{"line":45,"column":0},"end":{"line":45,"column":1}},"45":{"start":{"line":46,"column":0},"end":{"line":46,"column":0}},"46":{"start":{"line":47,"column":0},"end":{"line":47,"column":30}},"47":{"start":{"line":48,"column":0},"end":{"line":48,"column":7}},"48":{"start":{"line":49,"column":0},"end":{"line":49,"column":27}},"49":{"start":{"line":50,"column":0},"end":{"line":50,"column":34}},"50":{"start":{"line":51,"column":0},"end":{"line":51,"column":33}},"51":{"start":{"line":52,"column":0},"end":{"line":52,"column":16}},"52":{"start":{"line":53,"column":0},"end":{"line":53,"column":15}},"53":{"start":{"line":54,"column":0},"end":{"line":54,"column":33}},"54":{"start":{"line":55,"column":0},"end":{"line":55,"column":3}},"55":{"start":{"line":56,"column":0},"end":{"line":56,"column":1}},"56":{"start":{"line":57,"column":0},"end":{"line":57,"column":0}},"57":{"start":{"line":58,"column":0},"end":{"line":58,"column":74}},"58":{"start":{"line":59,"column":0},"end":{"line":59,"column":82}},"59":{"start":{"line":60,"column":0},"end":{"line":60,"column":0}},"60":{"start":{"line":61,"column":0},"end":{"line":61,"column":35}},"61":{"start":{"line":62,"column":0},"end":{"line":62,"column":41}},"62":{"start":{"line":63,"column":0},"end":{"line":63,"column":37}}},"s":{"0":0,"1":0,"2":0,"3":0,"4":0,"5":0,"6":0,"7":0,"8":0,"9":0,"10":0,"11":0,"12":0,"13":0,"14":0,"15":0,"16":0,"17":0,"18":0,"19":0,"20":0,"21":0,"22":0,"23":0,"24":0,"25":0,"26":0,"27":0,"28":0,"29":0,"30":0,"31":0,"32":0,"33":0,"34":0,"35":0,"36":0,"37":0,"38":0,"39":0,"40":0,"41":0,"42":0,"43":0,"44":0,"45":0,"46":0,"47":0,"48":0,"49":0,"50":0,"51":0,"52":0,"53":0,"54":0,"55":0,"56":0,"57":0,"58":0,"59":0,"60":0,"61":0,"62":0},"branchMap":{"0":{"type":"branch","line":1,"loc":{"start":{"line":1,"column":0},"end":{"line":63,"column":37}},"locations":[{"start":{"line":1,"column":0},"end":{"line":63,"column":37}}]}},"b":{"0":[0]},"fnMap":{"0":{"name":"(empty-report)","decl":{"start":{"line":1,"column":0},"end":{"line":63,"column":37}},"loc":{"start":{"line":1,"column":0},"end":{"line":63,"column":37}},"line":1}},"f":{"0":0}}
,"C:\\Users\\camil\\Desktop\\Fittreacker\\fittracker-backend\\backend\\src\\db\\tokenCleanup.js": {"path":"C:\\Users\\camil\\Desktop\\Fittreacker\\fittracker-backend\\backend\\src\\db\\tokenCleanup.js","all":false,"statementMap":{"0":{"start":{"line":1,"column":0},"end":{"line":1,"column":13}},"1":{"start":{"line":2,"column":0},"end":{"line":2,"column":0}},"2":{"start":{"line":3,"column":0},"end":{"line":3,"column":33}},"3":{"start":{"line":4,"column":0},"end":{"line":4,"column":0}},"4":{"start":{"line":5,"column":0},"end":{"line":5,"column":53}},"5":{"start":{"line":6,"column":0},"end":{"line":6,"column":0}},"6":{"start":{"line":7,"column":0},"end":{"line":7,"column":29}},"7":{"start":{"line":8,"column":0},"end":{"line":8,"column":7}},"8":{"start":{"line":9,"column":0},"end":{"line":9,"column":78}},"9":{"start":{"line":10,"column":0},"end":{"line":10,"column":91}},"10":{"start":{"line":11,"column":0},"end":{"line":11,"column":27}},"11":{"start":{"line":12,"column":0},"end":{"line":12,"column":83}},"12":{"start":{"line":13,"column":0},"end":{"line":13,"column":5}},"13":{"start":{"line":14,"column":0},"end":{"line":14,"column":17}},"14":{"start":{"line":15,"column":0},"end":{"line":15,"column":57}},"15":{"start":{"line":16,"column":0},"end":{"line":16,"column":3}},"16":{"start":{"line":17,"column":0},"end":{"line":17,"column":1}},"17":{"start":{"line":18,"column":0},"end":{"line":18,"column":0}},"18":{"start":{"line":19,"column":0},"end":{"line":19,"column":30}},"19":{"start":{"line":20,"column":0},"end":{"line":20,"column":53}},"20":{"start":{"line":21,"column":0},"end":{"line":21,"column":15}},"21":{"start":{"line":22,"column":0},"end":{"line":22,"column":55}},"22":{"start":{"line":23,"column":0},"end":{"line":23,"column":1}},"23":{"start":{"line":24,"column":0},"end":{"line":24,"column":0}},"24":{"start":{"line":25,"column":0},"end":{"line":25,"column":51}}},"s":{"0":1,"1":1,"2":1,"3":1,"4":1,"5":1,"6":25,"7":25,"8":25,"9":25,"10":25,"11":0,"12":0,"13":25,"14":25,"15":25,"16":25,"17":1,"18":25,"19":25,"20":25,"21":25,"22":25,"23":1,"24":1},"branchMap":{"0":{"type":"branch","line":7,"loc":{"start":{"line":7,"column":0},"end":{"line":17,"column":1}},"locations":[{"start":{"line":7,"column":0},"end":{"line":17,"column":1}}]},"1":{"type":"branch","line":11,"loc":{"start":{"line":11,"column":14},"end":{"line":11,"column":24}},"locations":[{"start":{"line":11,"column":14},"end":{"line":11,"column":24}}]},"2":{"type":"branch","line":11,"loc":{"start":{"line":11,"column":26},"end":{"line":13,"column":5}},"locations":[{"start":{"line":11,"column":26},"end":{"line":13,"column":5}}]},"3":{"type":"branch","line":19,"loc":{"start":{"line":19,"column":0},"end":{"line":23,"column":1}},"locations":[{"start":{"line":19,"column":0},"end":{"line":23,"column":1}}]}},"b":{"0":[25],"1":[0],"2":[0],"3":[25]},"fnMap":{"0":{"name":"runCleanup","decl":{"start":{"line":7,"column":0},"end":{"line":17,"column":1}},"loc":{"start":{"line":7,"column":0},"end":{"line":17,"column":1}},"line":7},"1":{"name":"startTokenCleanup","decl":{"start":{"line":19,"column":0},"end":{"line":23,"column":1}},"loc":{"start":{"line":19,"column":0},"end":{"line":23,"column":1}},"line":19}},"f":{"0":25,"1":25}}
,"C:\\Users\\camil\\Desktop\\Fittreacker\\fittracker-backend\\backend\\src\\middleware\\featureFlags.js": {"path":"C:\\Users\\camil\\Desktop\\Fittreacker\\fittracker-backend\\backend\\src\\middleware\\featureFlags.js","all":false,"statementMap":{"0":{"start":{"line":1,"column":0},"end":{"line":1,"column":13}},"1":{"start":{"line":2,"column":0},"end":{"line":2,"column":0}},"2":{"start":{"line":3,"column":0},"end":{"line":3,"column":15}},"3":{"start":{"line":4,"column":0},"end":{"line":4,"column":60}},"4":{"start":{"line":5,"column":0},"end":{"line":5,"column":60}},"5":{"start":{"line":6,"column":0},"end":{"line":6,"column":60}},"6":{"start":{"line":7,"column":0},"end":{"line":7,"column":60}},"7":{"start":{"line":8,"column":0},"end":{"line":8,"column":2}},"8":{"start":{"line":9,"column":0},"end":{"line":9,"column":0}},"9":{"start":{"line":10,"column":0},"end":{"line":10,"column":3}},"10":{"start":{"line":11,"column":0},"end":{"line":11,"column":73}},"11":{"start":{"line":12,"column":0},"end":{"line":12,"column":75}},"12":{"start":{"line":13,"column":0},"end":{"line":13,"column":75}},"13":{"start":{"line":14,"column":0},"end":{"line":14,"column":76}},"14":{"start":{"line":15,"column":0},"end":{"line":15,"column":3}},"15":{"start":{"line":16,"column":0},"end":{"line":16,"column":24}},"16":{"start":{"line":17,"column":0},"end":{"line":17,"column":49}},"17":{"start":{"line":18,"column":0},"end":{"line":18,"column":52}},"18":{"start":{"line":19,"column":0},"end":{"line":19,"column":41}},"19":{"start":{"line":20,"column":0},"end":{"line":20,"column":35}},"20":{"start":{"line":21,"column":0},"end":{"line":21,"column":66}},"21":{"start":{"line":22,"column":0},"end":{"line":22,"column":13}},"22":{"start":{"line":23,"column":0},"end":{"line":23,"column":66}},"23":{"start":{"line":24,"column":0},"end":{"line":24,"column":9}},"24":{"start":{"line":25,"column":0},"end":{"line":25,"column":5}},"25":{"start":{"line":26,"column":0},"end":{"line":26,"column":11}},"26":{"start":{"line":27,"column":0},"end":{"line":27,"column":4}},"27":{"start":{"line":28,"column":0},"end":{"line":28,"column":1}},"28":{"start":{"line":29,"column":0},"end":{"line":29,"column":0}},"29":{"start":{"line":30,"column":0},"end":{"line":30,"column":36}}},"s":{"0":1,"1":1,"2":1,"3":1,"4":1,"5":1,"6":1,"7":1,"8":1,"9":1,"10":1,"11":1,"12":1,"13":1,"14":1,"15":28,"16":28,"17":28,"18":16,"19":5,"20":5,"21":5,"22":5,"23":5,"24":5,"25":11,"26":28,"27":28,"28":1,"29":1},"branchMap":{"0":{"type":"branch","line":16,"loc":{"start":{"line":16,"column":0},"end":{"line":28,"column":1}},"locations":[{"start":{"line":16,"column":0},"end":{"line":28,"column":1}}]},"1":{"type":"branch","line":18,"loc":{"start":{"line":18,"column":9},"end":{"line":27,"column":3}},"locations":[{"start":{"line":18,"column":9},"end":{"line":27,"column":3}}]},"2":{"type":"branch","line":19,"loc":{"start":{"line":19,"column":40},"end":{"line":25,"column":5}},"locations":[{"start":{"line":19,"column":40},"end":{"line":25,"column":5}}]},"3":{"type":"branch","line":25,"loc":{"start":{"line":25,"column":4},"end":{"line":27,"column":3}},"locations":[{"start":{"line":25,"column":4},"end":{"line":27,"column":3}}]}},"b":{"0":[28],"1":[16],"2":[5],"3":[11]},"fnMap":{"0":{"name":"require","decl":{"start":{"line":16,"column":0},"end":{"line":28,"column":1}},"loc":{"start":{"line":16,"column":0},"end":{"line":28,"column":1}},"line":16},"1":{"name":"featureFlagGuard","decl":{"start":{"line":18,"column":9},"end":{"line":27,"column":3}},"loc":{"start":{"line":18,"column":9},"end":{"line":27,"column":3}},"line":18}},"f":{"0":28,"1":16}}
,"C:\\Users\\camil\\Desktop\\Fittreacker\\fittracker-backend\\backend\\src\\middleware\\rateLimiter.js": {"path":"C:\\Users\\camil\\Desktop\\Fittreacker\\fittracker-backend\\backend\\src\\middleware\\rateLimiter.js","all":false,"statementMap":{"0":{"start":{"line":1,"column":0},"end":{"line":1,"column":13}},"1":{"start":{"line":2,"column":0},"end":{"line":2,"column":0}},"2":{"start":{"line":3,"column":0},"end":{"line":3,"column":48}},"3":{"start":{"line":4,"column":0},"end":{"line":4,"column":0}},"4":{"start":{"line":5,"column":0},"end":{"line":5,"column":53}},"5":{"start":{"line":6,"column":0},"end":{"line":6,"column":47}},"6":{"start":{"line":7,"column":0},"end":{"line":7,"column":0}},"7":{"start":{"line":8,"column":0},"end":{"line":8,"column":52}},"8":{"start":{"line":9,"column":0},"end":{"line":9,"column":31}},"9":{"start":{"line":10,"column":0},"end":{"line":10,"column":33}},"10":{"start":{"line":11,"column":0},"end":{"line":11,"column":35}},"11":{"start":{"line":12,"column":0},"end":{"line":12,"column":24}},"12":{"start":{"line":13,"column":0},"end":{"line":13,"column":24}},"13":{"start":{"line":14,"column":0},"end":{"line":14,"column":31}},"14":{"start":{"line":15,"column":0},"end":{"line":15,"column":77}},"15":{"start":{"line":16,"column":0},"end":{"line":16,"column":34}},"16":{"start":{"line":17,"column":0},"end":{"line":17,"column":3}},"17":{"start":{"line":18,"column":0},"end":{"line":18,"column":0}},"18":{"start":{"line":19,"column":0},"end":{"line":19,"column":50}},"19":{"start":{"line":20,"column":0},"end":{"line":20,"column":34}},"20":{"start":{"line":21,"column":0},"end":{"line":21,"column":28}},"21":{"start":{"line":22,"column":0},"end":{"line":22,"column":37}},"22":{"start":{"line":23,"column":0},"end":{"line":23,"column":24}},"23":{"start":{"line":24,"column":0},"end":{"line":24,"column":24}},"24":{"start":{"line":25,"column":0},"end":{"line":25,"column":31}},"25":{"start":{"line":26,"column":0},"end":{"line":26,"column":88}},"26":{"start":{"line":27,"column":0},"end":{"line":27,"column":3}},"27":{"start":{"line":28,"column":0},"end":{"line":28,"column":0}},"28":{"start":{"line":29,"column":0},"end":{"line":29,"column":49}}},"s":{"0":1,"1":1,"2":1,"3":1,"4":1,"5":1,"6":1,"7":1,"8":1,"9":1,"10":1,"11":1,"12":1,"13":1,"14":1,"15":1,"16":1,"17":1,"18":1,"19":1,"20":1,"21":1,"22":1,"23":1,"24":1,"25":1,"26":1,"27":1,"28":1},"branchMap":{"0":{"type":"branch","line":11,"loc":{"start":{"line":11,"column":29},"end":{"line":11,"column":34}},"locations":[{"start":{"line":11,"column":29},"end":{"line":11,"column":34}}]},"1":{"type":"branch","line":22,"loc":{"start":{"line":22,"column":30},"end":{"line":22,"column":36}},"locations":[{"start":{"line":22,"column":30},"end":{"line":22,"column":36}}]},"2":{"type":"branch","line":14,"loc":{"start":{"line":14,"column":18},"end":{"line":14,"column":30}},"locations":[{"start":{"line":14,"column":18},"end":{"line":14,"column":30}}]},"3":{"type":"branch","line":25,"loc":{"start":{"line":25,"column":18},"end":{"line":25,"column":30}},"locations":[{"start":{"line":25,"column":18},"end":{"line":25,"column":30}}]}},"b":{"0":[0],"1":[0],"2":[117],"3":[786]},"fnMap":{"0":{"name":"skip","decl":{"start":{"line":14,"column":18},"end":{"line":14,"column":30}},"loc":{"start":{"line":14,"column":18},"end":{"line":14,"column":30}},"line":14},"1":{"name":"keyGenerator","decl":{"start":{"line":16,"column":19},"end":{"line":16,"column":34}},"loc":{"start":{"line":16,"column":19},"end":{"line":16,"column":34}},"line":16},"2":{"name":"skip","decl":{"start":{"line":25,"column":18},"end":{"line":25,"column":30}},"loc":{"start":{"line":25,"column":18},"end":{"line":25,"column":30}},"line":25}},"f":{"0":117,"1":0,"2":786}}
,"C:\\Users\\camil\\Desktop\\Fittreacker\\fittracker-backend\\backend\\src\\middleware\\requestId.js": {"path":"C:\\Users\\camil\\Desktop\\Fittreacker\\fittracker-backend\\backend\\src\\middleware\\requestId.js","all":false,"statementMap":{"0":{"start":{"line":1,"column":0},"end":{"line":1,"column":13}},"1":{"start":{"line":2,"column":0},"end":{"line":2,"column":0}},"2":{"start":{"line":3,"column":0},"end":{"line":3,"column":41}},"3":{"start":{"line":4,"column":0},"end":{"line":4,"column":0}},"4":{"start":{"line":5,"column":0},"end":{"line":5,"column":3}},"5":{"start":{"line":6,"column":0},"end":{"line":6,"column":53}},"6":{"start":{"line":7,"column":0},"end":{"line":7,"column":60}},"7":{"start":{"line":8,"column":0},"end":{"line":8,"column":70}},"8":{"start":{"line":9,"column":0},"end":{"line":9,"column":3}},"9":{"start":{"line":10,"column":0},"end":{"line":10,"column":36}},"10":{"start":{"line":11,"column":0},"end":{"line":11,"column":70}},"11":{"start":{"line":12,"column":0},"end":{"line":12,"column":40}},"12":{"start":{"line":13,"column":0},"end":{"line":13,"column":9}},"13":{"start":{"line":14,"column":0},"end":{"line":14,"column":1}},"14":{"start":{"line":15,"column":0},"end":{"line":15,"column":0}},"15":{"start":{"line":16,"column":0},"end":{"line":16,"column":27}}},"s":{"0":1,"1":1,"2":1,"3":1,"4":1,"5":1,"6":1,"7":1,"8":1,"9":786,"10":786,"11":786,"12":786,"13":786,"14":1,"15":1},"branchMap":{"0":{"type":"branch","line":10,"loc":{"start":{"line":10,"column":0},"end":{"line":14,"column":1}},"locations":[{"start":{"line":10,"column":0},"end":{"line":14,"column":1}}]},"1":{"type":"branch","line":11,"loc":{"start":{"line":11,"column":39},"end":{"line":11,"column":55}},"locations":[{"start":{"line":11,"column":39},"end":{"line":11,"column":55}}]}},"b":{"0":[786],"1":[785]},"fnMap":{"0":{"name":"requestId","decl":{"start":{"line":10,"column":0},"end":{"line":14,"column":1}},"loc":{"start":{"line":10,"column":0},"end":{"line":14,"column":1}},"line":10}},"f":{"0":786}}
,"C:\\Users\\camil\\Desktop\\Fittreacker\\fittracker-backend\\backend\\src\\routes\\v1\\ai.js": {"path":"C:\\Users\\camil\\Desktop\\Fittreacker\\fittracker-backend\\backend\\src\\routes\\v1\\ai.js","all":false,"statementMap":{"0":{"start":{"line":1,"column":0},"end":{"line":1,"column":13}},"1":{"start":{"line":2,"column":0},"end":{"line":2,"column":0}},"2":{"start":{"line":3,"column":0},"end":{"line":3,"column":44}},"3":{"start":{"line":4,"column":0},"end":{"line":4,"column":42}},"4":{"start":{"line":5,"column":0},"end":{"line":5,"column":54}},"5":{"start":{"line":6,"column":0},"end":{"line":6,"column":65}},"6":{"start":{"line":7,"column":0},"end":{"line":7,"column":43}},"7":{"start":{"line":8,"column":0},"end":{"line":8,"column":61}},"8":{"start":{"line":9,"column":0},"end":{"line":9,"column":62}},"9":{"start":{"line":10,"column":0},"end":{"line":10,"column":74}},"10":{"start":{"line":11,"column":0},"end":{"line":11,"column":0}},"11":{"start":{"line":12,"column":0},"end":{"line":12,"column":82}},"12":{"start":{"line":13,"column":0},"end":{"line":13,"column":0}},"13":{"start":{"line":14,"column":0},"end":{"line":14,"column":41}},"14":{"start":{"line":15,"column":0},"end":{"line":15,"column":28}},"15":{"start":{"line":16,"column":0},"end":{"line":16,"column":34}},"16":{"start":{"line":17,"column":0},"end":{"line":17,"column":98}},"17":{"start":{"line":18,"column":0},"end":{"line":18,"column":15}},"18":{"start":{"line":19,"column":0},"end":{"line":19,"column":4}},"19":{"start":{"line":20,"column":0},"end":{"line":20,"column":14}},"20":{"start":{"line":21,"column":0},"end":{"line":21,"column":1}},"21":{"start":{"line":22,"column":0},"end":{"line":22,"column":0}},"22":{"start":{"line":23,"column":0},"end":{"line":23,"column":48}},"23":{"start":{"line":24,"column":0},"end":{"line":24,"column":42}},"24":{"start":{"line":25,"column":0},"end":{"line":25,"column":41}},"25":{"start":{"line":26,"column":0},"end":{"line":26,"column":7}},"26":{"start":{"line":27,"column":0},"end":{"line":27,"column":32}},"27":{"start":{"line":28,"column":0},"end":{"line":28,"column":41}},"28":{"start":{"line":29,"column":0},"end":{"line":29,"column":25}},"29":{"start":{"line":30,"column":0},"end":{"line":30,"column":63}},"30":{"start":{"line":31,"column":0},"end":{"line":31,"column":26}},"31":{"start":{"line":32,"column":0},"end":{"line":32,"column":102}},"32":{"start":{"line":33,"column":0},"end":{"line":33,"column":39}},"33":{"start":{"line":34,"column":0},"end":{"line":34,"column":8}},"34":{"start":{"line":35,"column":0},"end":{"line":35,"column":5}},"35":{"start":{"line":36,"column":0},"end":{"line":36,"column":33}},"36":{"start":{"line":37,"column":0},"end":{"line":37,"column":17}},"37":{"start":{"line":38,"column":0},"end":{"line":38,"column":35}},"38":{"start":{"line":39,"column":0},"end":{"line":39,"column":60}},"39":{"start":{"line":40,"column":0},"end":{"line":40,"column":13}},"40":{"start":{"line":41,"column":0},"end":{"line":41,"column":21}},"41":{"start":{"line":42,"column":0},"end":{"line":42,"column":3}},"42":{"start":{"line":43,"column":0},"end":{"line":43,"column":1}},"43":{"start":{"line":44,"column":0},"end":{"line":44,"column":0}},"44":{"start":{"line":45,"column":0},"end":{"line":45,"column":45}},"45":{"start":{"line":46,"column":0},"end":{"line":46,"column":32}},"46":{"start":{"line":47,"column":0},"end":{"line":47,"column":71}},"47":{"start":{"line":48,"column":0},"end":{"line":48,"column":17}},"48":{"start":{"line":49,"column":0},"end":{"line":49,"column":0}},"49":{"start":{"line":50,"column":0},"end":{"line":50,"column":100}},"50":{"start":{"line":51,"column":0},"end":{"line":51,"column":56}},"51":{"start":{"line":52,"column":0},"end":{"line":52,"column":0}},"52":{"start":{"line":53,"column":0},"end":{"line":53,"column":92}},"53":{"start":{"line":54,"column":0},"end":{"line":54,"column":87}},"54":{"start":{"line":55,"column":0},"end":{"line":55,"column":102}},"55":{"start":{"line":56,"column":0},"end":{"line":56,"column":101}},"56":{"start":{"line":57,"column":0},"end":{"line":57,"column":98}},"57":{"start":{"line":58,"column":0},"end":{"line":58,"column":0}},"58":{"start":{"line":59,"column":0},"end":{"line":59,"column":125}},"59":{"start":{"line":60,"column":0},"end":{"line":60,"column":124}},"60":{"start":{"line":61,"column":0},"end":{"line":61,"column":124}},"61":{"start":{"line":62,"column":0},"end":{"line":62,"column":0}},"62":{"start":{"line":63,"column":0},"end":{"line":63,"column":138}},"63":{"start":{"line":64,"column":0},"end":{"line":64,"column":132}},"64":{"start":{"line":65,"column":0},"end":{"line":65,"column":106}},"65":{"start":{"line":66,"column":0},"end":{"line":66,"column":113}},"66":{"start":{"line":67,"column":0},"end":{"line":67,"column":0}},"67":{"start":{"line":68,"column":0},"end":{"line":68,"column":113}},"68":{"start":{"line":69,"column":0},"end":{"line":69,"column":122}},"69":{"start":{"line":70,"column":0},"end":{"line":70,"column":0}},"70":{"start":{"line":71,"column":0},"end":{"line":71,"column":102}},"71":{"start":{"line":72,"column":0},"end":{"line":72,"column":76}},"72":{"start":{"line":73,"column":0},"end":{"line":73,"column":0}},"73":{"start":{"line":74,"column":0},"end":{"line":74,"column":57}},"74":{"start":{"line":75,"column":0},"end":{"line":75,"column":74}},"75":{"start":{"line":76,"column":0},"end":{"line":76,"column":56}},"76":{"start":{"line":77,"column":0},"end":{"line":77,"column":73}},"77":{"start":{"line":78,"column":0},"end":{"line":78,"column":0}},"78":{"start":{"line":79,"column":0},"end":{"line":79,"column":117}},"79":{"start":{"line":80,"column":0},"end":{"line":80,"column":0}},"80":{"start":{"line":81,"column":0},"end":{"line":81,"column":13}},"81":{"start":{"line":82,"column":0},"end":{"line":82,"column":1}},"82":{"start":{"line":83,"column":0},"end":{"line":83,"column":0}},"83":{"start":{"line":84,"column":0},"end":{"line":84,"column":82}},"84":{"start":{"line":85,"column":0},"end":{"line":85,"column":52}},"85":{"start":{"line":86,"column":0},"end":{"line":86,"column":21}},"86":{"start":{"line":87,"column":0},"end":{"line":87,"column":53}},"87":{"start":{"line":88,"column":0},"end":{"line":88,"column":50}},"88":{"start":{"line":89,"column":0},"end":{"line":89,"column":67}},"89":{"start":{"line":90,"column":0},"end":{"line":90,"column":4}},"90":{"start":{"line":91,"column":0},"end":{"line":91,"column":20}},"91":{"start":{"line":92,"column":0},"end":{"line":92,"column":56}},"92":{"start":{"line":93,"column":0},"end":{"line":93,"column":56}},"93":{"start":{"line":94,"column":0},"end":{"line":94,"column":58}},"94":{"start":{"line":95,"column":0},"end":{"line":95,"column":48}},"95":{"start":{"line":96,"column":0},"end":{"line":96,"column":57}},"96":{"start":{"line":97,"column":0},"end":{"line":97,"column":4}},"97":{"start":{"line":98,"column":0},"end":{"line":98,"column":0}},"98":{"start":{"line":99,"column":0},"end":{"line":99,"column":46}},"99":{"start":{"line":100,"column":0},"end":{"line":100,"column":24}},"100":{"start":{"line":101,"column":0},"end":{"line":101,"column":20}},"101":{"start":{"line":102,"column":0},"end":{"line":102,"column":59}},"102":{"start":{"line":103,"column":0},"end":{"line":103,"column":72}},"103":{"start":{"line":104,"column":0},"end":{"line":104,"column":6}},"104":{"start":{"line":105,"column":0},"end":{"line":105,"column":54}},"105":{"start":{"line":106,"column":0},"end":{"line":106,"column":187}},"106":{"start":{"line":107,"column":0},"end":{"line":107,"column":3}},"107":{"start":{"line":108,"column":0},"end":{"line":108,"column":0}},"108":{"start":{"line":109,"column":0},"end":{"line":109,"column":24}},"109":{"start":{"line":110,"column":0},"end":{"line":110,"column":41}},"110":{"start":{"line":111,"column":0},"end":{"line":111,"column":67}},"111":{"start":{"line":112,"column":0},"end":{"line":112,"column":48}},"112":{"start":{"line":113,"column":0},"end":{"line":113,"column":52}},"113":{"start":{"line":114,"column":0},"end":{"line":114,"column":50}},"114":{"start":{"line":115,"column":0},"end":{"line":115,"column":102}},"115":{"start":{"line":116,"column":0},"end":{"line":116,"column":72}},"116":{"start":{"line":117,"column":0},"end":{"line":117,"column":72}},"117":{"start":{"line":118,"column":0},"end":{"line":118,"column":50}},"118":{"start":{"line":119,"column":0},"end":{"line":119,"column":0}},"119":{"start":{"line":120,"column":0},"end":{"line":120,"column":34}},"120":{"start":{"line":121,"column":0},"end":{"line":121,"column":117}},"121":{"start":{"line":122,"column":0},"end":{"line":122,"column":9}},"122":{"start":{"line":123,"column":0},"end":{"line":123,"column":0}},"123":{"start":{"line":124,"column":0},"end":{"line":124,"column":131}},"124":{"start":{"line":125,"column":0},"end":{"line":125,"column":0}},"125":{"start":{"line":126,"column":0},"end":{"line":126,"column":19}},"126":{"start":{"line":127,"column":0},"end":{"line":127,"column":41}},"127":{"start":{"line":128,"column":0},"end":{"line":128,"column":0}},"128":{"start":{"line":129,"column":0},"end":{"line":129,"column":12}},"129":{"start":{"line":130,"column":0},"end":{"line":130,"column":104}},"130":{"start":{"line":131,"column":0},"end":{"line":131,"column":79}},"131":{"start":{"line":132,"column":0},"end":{"line":132,"column":71}},"132":{"start":{"line":133,"column":0},"end":{"line":133,"column":67}},"133":{"start":{"line":134,"column":0},"end":{"line":134,"column":46}},"134":{"start":{"line":135,"column":0},"end":{"line":135,"column":65}},"135":{"start":{"line":136,"column":0},"end":{"line":136,"column":65}},"136":{"start":{"line":137,"column":0},"end":{"line":137,"column":0}},"137":{"start":{"line":138,"column":0},"end":{"line":138,"column":25}},"138":{"start":{"line":139,"column":0},"end":{"line":139,"column":64}},"139":{"start":{"line":140,"column":0},"end":{"line":140,"column":55}},"140":{"start":{"line":141,"column":0},"end":{"line":141,"column":56}},"141":{"start":{"line":142,"column":0},"end":{"line":142,"column":93}},"142":{"start":{"line":143,"column":0},"end":{"line":143,"column":87}},"143":{"start":{"line":144,"column":0},"end":{"line":144,"column":72}},"144":{"start":{"line":145,"column":0},"end":{"line":145,"column":90}},"145":{"start":{"line":146,"column":0},"end":{"line":146,"column":78}},"146":{"start":{"line":147,"column":0},"end":{"line":147,"column":80}},"147":{"start":{"line":148,"column":0},"end":{"line":148,"column":82}},"148":{"start":{"line":149,"column":0},"end":{"line":149,"column":74}},"149":{"start":{"line":150,"column":0},"end":{"line":150,"column":1}},"150":{"start":{"line":151,"column":0},"end":{"line":151,"column":0}},"151":{"start":{"line":152,"column":0},"end":{"line":152,"column":81}},"152":{"start":{"line":153,"column":0},"end":{"line":153,"column":18}},"153":{"start":{"line":154,"column":0},"end":{"line":154,"column":78}},"154":{"start":{"line":155,"column":0},"end":{"line":155,"column":102}},"155":{"start":{"line":156,"column":0},"end":{"line":156,"column":113}},"156":{"start":{"line":157,"column":0},"end":{"line":157,"column":90}},"157":{"start":{"line":158,"column":0},"end":{"line":158,"column":68}},"158":{"start":{"line":159,"column":0},"end":{"line":159,"column":77}},"159":{"start":{"line":160,"column":0},"end":{"line":160,"column":71}},"160":{"start":{"line":161,"column":0},"end":{"line":161,"column":51}},"161":{"start":{"line":162,"column":0},"end":{"line":162,"column":92}},"162":{"start":{"line":163,"column":0},"end":{"line":163,"column":76}},"163":{"start":{"line":164,"column":0},"end":{"line":164,"column":45}},"164":{"start":{"line":165,"column":0},"end":{"line":165,"column":82}},"165":{"start":{"line":166,"column":0},"end":{"line":166,"column":73}},"166":{"start":{"line":167,"column":0},"end":{"line":167,"column":100}},"167":{"start":{"line":168,"column":0},"end":{"line":168,"column":2}},"168":{"start":{"line":169,"column":0},"end":{"line":169,"column":0}},"169":{"start":{"line":170,"column":0},"end":{"line":170,"column":23}},"170":{"start":{"line":171,"column":0},"end":{"line":171,"column":56}},"171":{"start":{"line":172,"column":0},"end":{"line":172,"column":36}},"172":{"start":{"line":173,"column":0},"end":{"line":173,"column":3}},"173":{"start":{"line":174,"column":0},"end":{"line":174,"column":19}},"174":{"start":{"line":175,"column":0},"end":{"line":175,"column":1}},"175":{"start":{"line":176,"column":0},"end":{"line":176,"column":0}},"176":{"start":{"line":177,"column":0},"end":{"line":177,"column":26}},"177":{"start":{"line":178,"column":0},"end":{"line":178,"column":65}},"178":{"start":{"line":179,"column":0},"end":{"line":179,"column":57}},"179":{"start":{"line":180,"column":0},"end":{"line":180,"column":70}},"180":{"start":{"line":181,"column":0},"end":{"line":181,"column":4}},"181":{"start":{"line":182,"column":0},"end":{"line":182,"column":57}},"182":{"start":{"line":183,"column":0},"end":{"line":183,"column":1}},"183":{"start":{"line":184,"column":0},"end":{"line":184,"column":0}},"184":{"start":{"line":185,"column":0},"end":{"line":185,"column":30}},"185":{"start":{"line":186,"column":0},"end":{"line":186,"column":17}},"186":{"start":{"line":187,"column":0},"end":{"line":187,"column":11}},"187":{"start":{"line":188,"column":0},"end":{"line":188,"column":76}},"188":{"start":{"line":189,"column":0},"end":{"line":189,"column":13}},"189":{"start":{"line":190,"column":0},"end":{"line":190,"column":191}},"190":{"start":{"line":191,"column":0},"end":{"line":191,"column":176}},"191":{"start":{"line":192,"column":0},"end":{"line":192,"column":174}},"192":{"start":{"line":193,"column":0},"end":{"line":193,"column":200}},"193":{"start":{"line":194,"column":0},"end":{"line":194,"column":8}},"194":{"start":{"line":195,"column":0},"end":{"line":195,"column":104}},"195":{"start":{"line":196,"column":0},"end":{"line":196,"column":6}},"196":{"start":{"line":197,"column":0},"end":{"line":197,"column":11}},"197":{"start":{"line":198,"column":0},"end":{"line":198,"column":76}},"198":{"start":{"line":199,"column":0},"end":{"line":199,"column":13}},"199":{"start":{"line":200,"column":0},"end":{"line":200,"column":179}},"200":{"start":{"line":201,"column":0},"end":{"line":201,"column":188}},"201":{"start":{"line":202,"column":0},"end":{"line":202,"column":181}},"202":{"start":{"line":203,"column":0},"end":{"line":203,"column":178}},"203":{"start":{"line":204,"column":0},"end":{"line":204,"column":177}},"204":{"start":{"line":205,"column":0},"end":{"line":205,"column":8}},"205":{"start":{"line":206,"column":0},"end":{"line":206,"column":110}},"206":{"start":{"line":207,"column":0},"end":{"line":207,"column":6}},"207":{"start":{"line":208,"column":0},"end":{"line":208,"column":15}},"208":{"start":{"line":209,"column":0},"end":{"line":209,"column":78}},"209":{"start":{"line":210,"column":0},"end":{"line":210,"column":13}},"210":{"start":{"line":211,"column":0},"end":{"line":211,"column":170}},"211":{"start":{"line":212,"column":0},"end":{"line":212,"column":178}},"212":{"start":{"line":213,"column":0},"end":{"line":213,"column":163}},"213":{"start":{"line":214,"column":0},"end":{"line":214,"column":8}},"214":{"start":{"line":215,"column":0},"end":{"line":215,"column":96}},"215":{"start":{"line":216,"column":0},"end":{"line":216,"column":6}},"216":{"start":{"line":217,"column":0},"end":{"line":217,"column":4}},"217":{"start":{"line":218,"column":0},"end":{"line":218,"column":39}},"218":{"start":{"line":219,"column":0},"end":{"line":219,"column":1}},"219":{"start":{"line":220,"column":0},"end":{"line":220,"column":0}},"220":{"start":{"line":221,"column":0},"end":{"line":221,"column":30}},"221":{"start":{"line":222,"column":0},"end":{"line":222,"column":61}},"222":{"start":{"line":223,"column":0},"end":{"line":223,"column":35}},"223":{"start":{"line":224,"column":0},"end":{"line":224,"column":38}},"224":{"start":{"line":225,"column":0},"end":{"line":225,"column":39}},"225":{"start":{"line":226,"column":0},"end":{"line":226,"column":18}},"226":{"start":{"line":227,"column":0},"end":{"line":227,"column":3}},"227":{"start":{"line":228,"column":0},"end":{"line":228,"column":20}},"228":{"start":{"line":229,"column":0},"end":{"line":229,"column":11}},"229":{"start":{"line":230,"column":0},"end":{"line":230,"column":127}},"230":{"start":{"line":231,"column":0},"end":{"line":231,"column":115}},"231":{"start":{"line":232,"column":0},"end":{"line":232,"column":141}},"232":{"start":{"line":233,"column":0},"end":{"line":233,"column":124}},"233":{"start":{"line":234,"column":0},"end":{"line":234,"column":136}},"234":{"start":{"line":235,"column":0},"end":{"line":235,"column":6}},"235":{"start":{"line":236,"column":0},"end":{"line":236,"column":11}},"236":{"start":{"line":237,"column":0},"end":{"line":237,"column":137}},"237":{"start":{"line":238,"column":0},"end":{"line":238,"column":144}},"238":{"start":{"line":239,"column":0},"end":{"line":239,"column":145}},"239":{"start":{"line":240,"column":0},"end":{"line":240,"column":118}},"240":{"start":{"line":241,"column":0},"end":{"line":241,"column":126}},"241":{"start":{"line":242,"column":0},"end":{"line":242,"column":133}},"242":{"start":{"line":243,"column":0},"end":{"line":243,"column":6}},"243":{"start":{"line":244,"column":0},"end":{"line":244,"column":15}},"244":{"start":{"line":245,"column":0},"end":{"line":245,"column":131}},"245":{"start":{"line":246,"column":0},"end":{"line":246,"column":127}},"246":{"start":{"line":247,"column":0},"end":{"line":247,"column":113}},"247":{"start":{"line":248,"column":0},"end":{"line":248,"column":132}},"248":{"start":{"line":249,"column":0},"end":{"line":249,"column":113}},"249":{"start":{"line":250,"column":0},"end":{"line":250,"column":6}},"250":{"start":{"line":251,"column":0},"end":{"line":251,"column":4}},"251":{"start":{"line":252,"column":0},"end":{"line":252,"column":52}},"252":{"start":{"line":253,"column":0},"end":{"line":253,"column":91}},"253":{"start":{"line":254,"column":0},"end":{"line":254,"column":98}},"254":{"start":{"line":255,"column":0},"end":{"line":255,"column":10}},"255":{"start":{"line":256,"column":0},"end":{"line":256,"column":46}},"256":{"start":{"line":257,"column":0},"end":{"line":257,"column":23}},"257":{"start":{"line":258,"column":0},"end":{"line":258,"column":29}},"258":{"start":{"line":259,"column":0},"end":{"line":259,"column":65}},"259":{"start":{"line":260,"column":0},"end":{"line":260,"column":26}},"260":{"start":{"line":261,"column":0},"end":{"line":261,"column":92}},"261":{"start":{"line":262,"column":0},"end":{"line":262,"column":23}},"262":{"start":{"line":263,"column":0},"end":{"line":263,"column":99}},"263":{"start":{"line":264,"column":0},"end":{"line":264,"column":92}},"264":{"start":{"line":265,"column":0},"end":{"line":265,"column":4}},"265":{"start":{"line":266,"column":0},"end":{"line":266,"column":1}},"266":{"start":{"line":267,"column":0},"end":{"line":267,"column":0}},"267":{"start":{"line":268,"column":0},"end":{"line":268,"column":40}},"268":{"start":{"line":269,"column":0},"end":{"line":269,"column":78}},"269":{"start":{"line":270,"column":0},"end":{"line":270,"column":30}},"270":{"start":{"line":271,"column":0},"end":{"line":271,"column":35}},"271":{"start":{"line":272,"column":0},"end":{"line":272,"column":38}},"272":{"start":{"line":273,"column":0},"end":{"line":273,"column":101}},"273":{"start":{"line":274,"column":0},"end":{"line":274,"column":36}},"274":{"start":{"line":275,"column":0},"end":{"line":275,"column":0}},"275":{"start":{"line":276,"column":0},"end":{"line":276,"column":81}},"276":{"start":{"line":277,"column":0},"end":{"line":277,"column":18}},"277":{"start":{"line":278,"column":0},"end":{"line":278,"column":86}},"278":{"start":{"line":279,"column":0},"end":{"line":279,"column":317}},"279":{"start":{"line":280,"column":0},"end":{"line":280,"column":3}},"280":{"start":{"line":281,"column":0},"end":{"line":281,"column":0}},"281":{"start":{"line":282,"column":0},"end":{"line":282,"column":135}},"282":{"start":{"line":283,"column":0},"end":{"line":283,"column":37}},"283":{"start":{"line":284,"column":0},"end":{"line":284,"column":595}},"284":{"start":{"line":285,"column":0},"end":{"line":285,"column":3}},"285":{"start":{"line":286,"column":0},"end":{"line":286,"column":0}},"286":{"start":{"line":287,"column":0},"end":{"line":287,"column":322}},"287":{"start":{"line":288,"column":0},"end":{"line":288,"column":52}},"288":{"start":{"line":289,"column":0},"end":{"line":289,"column":37}},"289":{"start":{"line":290,"column":0},"end":{"line":290,"column":149}},"290":{"start":{"line":291,"column":0},"end":{"line":291,"column":3}},"291":{"start":{"line":292,"column":0},"end":{"line":292,"column":26}},"292":{"start":{"line":293,"column":0},"end":{"line":293,"column":37}},"293":{"start":{"line":294,"column":0},"end":{"line":294,"column":199}},"294":{"start":{"line":295,"column":0},"end":{"line":295,"column":3}},"295":{"start":{"line":296,"column":0},"end":{"line":296,"column":50}},"296":{"start":{"line":297,"column":0},"end":{"line":297,"column":55}},"297":{"start":{"line":298,"column":0},"end":{"line":298,"column":338}},"298":{"start":{"line":299,"column":0},"end":{"line":299,"column":3}},"299":{"start":{"line":300,"column":0},"end":{"line":300,"column":56}},"300":{"start":{"line":301,"column":0},"end":{"line":301,"column":30}},"301":{"start":{"line":302,"column":0},"end":{"line":302,"column":271}},"302":{"start":{"line":303,"column":0},"end":{"line":303,"column":3}},"303":{"start":{"line":304,"column":0},"end":{"line":304,"column":268}},"304":{"start":{"line":305,"column":0},"end":{"line":305,"column":31}},"305":{"start":{"line":306,"column":0},"end":{"line":306,"column":70}},"306":{"start":{"line":307,"column":0},"end":{"line":307,"column":135}},"307":{"start":{"line":308,"column":0},"end":{"line":308,"column":3}},"308":{"start":{"line":309,"column":0},"end":{"line":309,"column":304}},"309":{"start":{"line":310,"column":0},"end":{"line":310,"column":259}},"310":{"start":{"line":311,"column":0},"end":{"line":311,"column":236}},"311":{"start":{"line":312,"column":0},"end":{"line":312,"column":225}},"312":{"start":{"line":313,"column":0},"end":{"line":313,"column":0}},"313":{"start":{"line":314,"column":0},"end":{"line":314,"column":90}},"314":{"start":{"line":315,"column":0},"end":{"line":315,"column":24}},"315":{"start":{"line":316,"column":0},"end":{"line":316,"column":373}},"316":{"start":{"line":317,"column":0},"end":{"line":317,"column":3}},"317":{"start":{"line":318,"column":0},"end":{"line":318,"column":291}},"318":{"start":{"line":319,"column":0},"end":{"line":319,"column":1}},"319":{"start":{"line":320,"column":0},"end":{"line":320,"column":0}},"320":{"start":{"line":321,"column":0},"end":{"line":321,"column":3}},"321":{"start":{"line":322,"column":0},"end":{"line":322,"column":11}},"322":{"start":{"line":323,"column":0},"end":{"line":323,"column":8}},"323":{"start":{"line":324,"column":0},"end":{"line":324,"column":13}},"324":{"start":{"line":325,"column":0},"end":{"line":325,"column":62}},"325":{"start":{"line":326,"column":0},"end":{"line":326,"column":2}},"326":{"start":{"line":327,"column":0},"end":{"line":327,"column":19}},"327":{"start":{"line":328,"column":0},"end":{"line":328,"column":10}},"328":{"start":{"line":329,"column":0},"end":{"line":329,"column":17}},"329":{"start":{"line":330,"column":0},"end":{"line":330,"column":65}},"330":{"start":{"line":331,"column":0},"end":{"line":331,"column":19}},"331":{"start":{"line":332,"column":0},"end":{"line":332,"column":23}},"332":{"start":{"line":333,"column":0},"end":{"line":333,"column":17}},"333":{"start":{"line":334,"column":0},"end":{"line":334,"column":28}},"334":{"start":{"line":335,"column":0},"end":{"line":335,"column":20}},"335":{"start":{"line":336,"column":0},"end":{"line":336,"column":27}},"336":{"start":{"line":337,"column":0},"end":{"line":337,"column":35}},"337":{"start":{"line":338,"column":0},"end":{"line":338,"column":26}},"338":{"start":{"line":339,"column":0},"end":{"line":339,"column":26}},"339":{"start":{"line":340,"column":0},"end":{"line":340,"column":30}},"340":{"start":{"line":341,"column":0},"end":{"line":341,"column":25}},"341":{"start":{"line":342,"column":0},"end":{"line":342,"column":33}},"342":{"start":{"line":343,"column":0},"end":{"line":343,"column":32}},"343":{"start":{"line":344,"column":0},"end":{"line":344,"column":73}},"344":{"start":{"line":345,"column":0},"end":{"line":345,"column":48}},"345":{"start":{"line":346,"column":0},"end":{"line":346,"column":29}},"346":{"start":{"line":347,"column":0},"end":{"line":347,"column":31}},"347":{"start":{"line":348,"column":0},"end":{"line":348,"column":17}},"348":{"start":{"line":349,"column":0},"end":{"line":349,"column":13}},"349":{"start":{"line":350,"column":0},"end":{"line":350,"column":47}},"350":{"start":{"line":351,"column":0},"end":{"line":351,"column":3}},"351":{"start":{"line":352,"column":0},"end":{"line":352,"column":55}},"352":{"start":{"line":353,"column":0},"end":{"line":353,"column":55}},"353":{"start":{"line":354,"column":0},"end":{"line":354,"column":53}},"354":{"start":{"line":355,"column":0},"end":{"line":355,"column":67}},"355":{"start":{"line":356,"column":0},"end":{"line":356,"column":3}},"356":{"start":{"line":357,"column":0},"end":{"line":357,"column":0}},"357":{"start":{"line":358,"column":0},"end":{"line":358,"column":65}},"358":{"start":{"line":359,"column":0},"end":{"line":359,"column":65}},"359":{"start":{"line":360,"column":0},"end":{"line":360,"column":0}},"360":{"start":{"line":361,"column":0},"end":{"line":361,"column":44}},"361":{"start":{"line":362,"column":0},"end":{"line":362,"column":62}},"362":{"start":{"line":363,"column":0},"end":{"line":363,"column":0}},"363":{"start":{"line":364,"column":0},"end":{"line":364,"column":54}},"364":{"start":{"line":365,"column":0},"end":{"line":365,"column":65}},"365":{"start":{"line":366,"column":0},"end":{"line":366,"column":92}},"366":{"start":{"line":367,"column":0},"end":{"line":367,"column":0}},"367":{"start":{"line":368,"column":0},"end":{"line":368,"column":35}},"368":{"start":{"line":369,"column":0},"end":{"line":369,"column":9}},"369":{"start":{"line":370,"column":0},"end":{"line":370,"column":61}},"370":{"start":{"line":371,"column":0},"end":{"line":371,"column":86}},"371":{"start":{"line":372,"column":0},"end":{"line":372,"column":19}},"372":{"start":{"line":373,"column":0},"end":{"line":373,"column":68}},"373":{"start":{"line":374,"column":0},"end":{"line":374,"column":5}},"374":{"start":{"line":375,"column":0},"end":{"line":375,"column":3}},"375":{"start":{"line":376,"column":0},"end":{"line":376,"column":0}},"376":{"start":{"line":377,"column":0},"end":{"line":377,"column":83}},"377":{"start":{"line":378,"column":0},"end":{"line":378,"column":4}},"378":{"start":{"line":379,"column":0},"end":{"line":379,"column":0}},"379":{"start":{"line":380,"column":0},"end":{"line":380,"column":82}},"380":{"start":{"line":381,"column":0},"end":{"line":381,"column":49}},"381":{"start":{"line":382,"column":0},"end":{"line":382,"column":55}},"382":{"start":{"line":383,"column":0},"end":{"line":383,"column":53}},"383":{"start":{"line":384,"column":0},"end":{"line":384,"column":67}},"384":{"start":{"line":385,"column":0},"end":{"line":385,"column":3}},"385":{"start":{"line":386,"column":0},"end":{"line":386,"column":0}},"386":{"start":{"line":387,"column":0},"end":{"line":387,"column":22}},"387":{"start":{"line":388,"column":0},"end":{"line":388,"column":60}},"388":{"start":{"line":389,"column":0},"end":{"line":389,"column":36}},"389":{"start":{"line":390,"column":0},"end":{"line":390,"column":38}},"390":{"start":{"line":391,"column":0},"end":{"line":391,"column":30}},"391":{"start":{"line":392,"column":0},"end":{"line":392,"column":5}},"392":{"start":{"line":393,"column":0},"end":{"line":393,"column":68}},"393":{"start":{"line":394,"column":0},"end":{"line":394,"column":0}},"394":{"start":{"line":395,"column":0},"end":{"line":395,"column":7}},"395":{"start":{"line":396,"column":0},"end":{"line":396,"column":69}},"396":{"start":{"line":397,"column":0},"end":{"line":397,"column":69}},"397":{"start":{"line":398,"column":0},"end":{"line":398,"column":0}},"398":{"start":{"line":399,"column":0},"end":{"line":399,"column":46}},"399":{"start":{"line":400,"column":0},"end":{"line":400,"column":64}},"400":{"start":{"line":401,"column":0},"end":{"line":401,"column":0}},"401":{"start":{"line":402,"column":0},"end":{"line":402,"column":56}},"402":{"start":{"line":403,"column":0},"end":{"line":403,"column":67}},"403":{"start":{"line":404,"column":0},"end":{"line":404,"column":94}},"404":{"start":{"line":405,"column":0},"end":{"line":405,"column":0}},"405":{"start":{"line":406,"column":0},"end":{"line":406,"column":37}},"406":{"start":{"line":407,"column":0},"end":{"line":407,"column":11}},"407":{"start":{"line":408,"column":0},"end":{"line":408,"column":77}},"408":{"start":{"line":409,"column":0},"end":{"line":409,"column":29}},"409":{"start":{"line":410,"column":0},"end":{"line":410,"column":9}},"410":{"start":{"line":411,"column":0},"end":{"line":411,"column":73}},"411":{"start":{"line":412,"column":0},"end":{"line":412,"column":25}},"412":{"start":{"line":413,"column":0},"end":{"line":413,"column":21}},"413":{"start":{"line":414,"column":0},"end":{"line":414,"column":67}},"414":{"start":{"line":415,"column":0},"end":{"line":415,"column":7}},"415":{"start":{"line":416,"column":0},"end":{"line":416,"column":5}},"416":{"start":{"line":417,"column":0},"end":{"line":417,"column":0}},"417":{"start":{"line":418,"column":0},"end":{"line":418,"column":59}},"418":{"start":{"line":419,"column":0},"end":{"line":419,"column":45}},"419":{"start":{"line":420,"column":0},"end":{"line":420,"column":21}},"420":{"start":{"line":421,"column":0},"end":{"line":421,"column":48}},"421":{"start":{"line":422,"column":0},"end":{"line":422,"column":5}},"422":{"start":{"line":423,"column":0},"end":{"line":423,"column":42}},"423":{"start":{"line":424,"column":0},"end":{"line":424,"column":17}},"424":{"start":{"line":425,"column":0},"end":{"line":425,"column":57}},"425":{"start":{"line":426,"column":0},"end":{"line":426,"column":63}},"426":{"start":{"line":427,"column":0},"end":{"line":427,"column":3}},"427":{"start":{"line":428,"column":0},"end":{"line":428,"column":12}},"428":{"start":{"line":429,"column":0},"end":{"line":429,"column":3}},"429":{"start":{"line":430,"column":0},"end":{"line":430,"column":0}},"430":{"start":{"line":431,"column":0},"end":{"line":431,"column":3}},"431":{"start":{"line":432,"column":0},"end":{"line":432,"column":11}},"432":{"start":{"line":433,"column":0},"end":{"line":433,"column":21}},"433":{"start":{"line":434,"column":0},"end":{"line":434,"column":9}},"434":{"start":{"line":435,"column":0},"end":{"line":435,"column":17}},"435":{"start":{"line":436,"column":0},"end":{"line":436,"column":54}},"436":{"start":{"line":437,"column":0},"end":{"line":437,"column":19}},"437":{"start":{"line":438,"column":0},"end":{"line":438,"column":17}},"438":{"start":{"line":439,"column":0},"end":{"line":439,"column":13}},"439":{"start":{"line":440,"column":0},"end":{"line":440,"column":62}},"440":{"start":{"line":441,"column":0},"end":{"line":441,"column":3}},"441":{"start":{"line":442,"column":0},"end":{"line":442,"column":57}},"442":{"start":{"line":443,"column":0},"end":{"line":443,"column":46}},"443":{"start":{"line":444,"column":0},"end":{"line":444,"column":61}},"444":{"start":{"line":445,"column":0},"end":{"line":445,"column":12}},"445":{"start":{"line":446,"column":0},"end":{"line":446,"column":31}},"446":{"start":{"line":447,"column":0},"end":{"line":447,"column":40}},"447":{"start":{"line":448,"column":0},"end":{"line":448,"column":29}},"448":{"start":{"line":449,"column":0},"end":{"line":449,"column":52}},"449":{"start":{"line":450,"column":0},"end":{"line":450,"column":5}},"450":{"start":{"line":451,"column":0},"end":{"line":451,"column":4}},"451":{"start":{"line":452,"column":0},"end":{"line":452,"column":0}},"452":{"start":{"line":453,"column":0},"end":{"line":453,"column":82}},"453":{"start":{"line":454,"column":0},"end":{"line":454,"column":69}},"454":{"start":{"line":455,"column":0},"end":{"line":455,"column":47}},"455":{"start":{"line":456,"column":0},"end":{"line":456,"column":4}},"456":{"start":{"line":457,"column":0},"end":{"line":457,"column":0}},"457":{"start":{"line":458,"column":0},"end":{"line":458,"column":81}},"458":{"start":{"line":459,"column":0},"end":{"line":459,"column":77}},"459":{"start":{"line":460,"column":0},"end":{"line":460,"column":118}},"460":{"start":{"line":461,"column":0},"end":{"line":461,"column":40}},"461":{"start":{"line":462,"column":0},"end":{"line":462,"column":4}},"462":{"start":{"line":463,"column":0},"end":{"line":463,"column":0}},"463":{"start":{"line":464,"column":0},"end":{"line":464,"column":24}}},"s":{"0":1,"1":1,"2":1,"3":1,"4":1,"5":1,"6":1,"7":1,"8":1,"9":1,"10":1,"11":1,"12":1,"13":80,"14":80,"15":26,"16":26,"17":26,"18":26,"19":25,"20":25,"21":1,"22":23,"23":23,"24":21,"25":21,"26":21,"27":22,"28":23,"29":23,"30":23,"31":23,"32":23,"33":23,"34":22,"35":20,"36":22,"37":1,"38":1,"39":22,"40":21,"41":21,"42":23,"43":1,"44":1,"45":78,"46":78,"47":78,"48":78,"49":78,"50":78,"51":78,"52":78,"53":78,"54":78,"55":78,"56":78,"57":78,"58":78,"59":78,"60":78,"61":78,"62":78,"63":78,"64":78,"65":78,"66":78,"67":78,"68":78,"69":78,"70":78,"71":78,"72":78,"73":78,"74":78,"75":78,"76":78,"77":78,"78":78,"79":78,"80":78,"81":78,"82":1,"83":1,"84":77,"85":77,"86":77,"87":77,"88":77,"89":77,"90":77,"91":77,"92":77,"93":77,"94":77,"95":77,"96":77,"97":77,"98":77,"99":77,"100":77,"101":33,"102":33,"103":33,"104":33,"105":33,"106":33,"107":77,"108":77,"109":77,"110":77,"111":77,"112":77,"113":77,"114":77,"115":77,"116":77,"117":77,"118":77,"119":77,"120":1,"121":77,"122":77,"123":77,"124":77,"125":77,"126":77,"127":77,"128":77,"129":77,"130":77,"131":77,"132":77,"133":77,"134":77,"135":77,"136":77,"137":77,"138":77,"139":77,"140":77,"141":77,"142":77,"143":77,"144":77,"145":77,"146":77,"147":77,"148":77,"149":77,"150":1,"151":1,"152":1,"153":1,"154":1,"155":1,"156":1,"157":1,"158":1,"159":1,"160":1,"161":1,"162":1,"163":1,"164":1,"165":1,"166":1,"167":1,"168":1,"169":75,"170":75,"171":575,"172":575,"173":19,"174":19,"175":1,"176":11,"177":11,"178":11,"179":11,"180":11,"181":11,"182":11,"183":1,"184":9,"185":9,"186":9,"187":9,"188":9,"189":9,"190":9,"191":9,"192":9,"193":9,"194":9,"195":9,"196":9,"197":9,"198":9,"199":9,"200":9,"201":9,"202":9,"203":9,"204":9,"205":9,"206":9,"207":9,"208":9,"209":9,"210":9,"211":9,"212":9,"213":9,"214":9,"215":9,"216":9,"217":9,"218":9,"219":1,"220":8,"221":8,"222":8,"223":8,"224":4,"225":4,"226":4,"227":8,"228":8,"229":8,"230":8,"231":8,"232":8,"233":8,"234":8,"235":8,"236":8,"237":8,"238":8,"239":8,"240":8,"241":8,"242":8,"243":8,"244":8,"245":8,"246":8,"247":8,"248":8,"249":8,"250":8,"251":8,"252":8,"253":8,"254":8,"255":8,"256":8,"257":8,"258":8,"259":8,"260":2,"261":6,"262":3,"263":3,"264":8,"265":8,"266":1,"267":75,"268":75,"269":75,"270":75,"271":75,"272":75,"273":75,"274":75,"275":75,"276":75,"277":8,"278":8,"279":8,"280":67,"281":75,"282":1,"283":1,"284":1,"285":66,"286":75,"287":75,"288":9,"289":9,"290":9,"291":73,"292":8,"293":8,"294":8,"295":75,"296":6,"297":6,"298":6,"299":75,"300":4,"301":4,"302":4,"303":73,"304":73,"305":7,"306":7,"307":7,"308":69,"309":69,"310":53,"311":52,"312":13,"313":75,"314":75,"315":1,"316":1,"317":75,"318":75,"319":1,"320":1,"321":1,"322":1,"323":1,"324":1,"325":1,"326":1,"327":1,"328":1,"329":1,"330":1,"331":1,"332":1,"333":1,"334":1,"335":1,"336":1,"337":1,"338":1,"339":1,"340":1,"341":1,"342":1,"343":1,"344":1,"345":1,"346":1,"347":1,"348":1,"349":1,"350":1,"351":1,"352":78,"353":78,"354":4,"355":4,"356":74,"357":78,"358":78,"359":78,"360":78,"361":78,"362":74,"363":74,"364":74,"365":74,"366":74,"367":78,"368":2,"369":2,"370":1,"371":1,"372":1,"373":1,"374":2,"375":73,"376":73,"377":1,"378":1,"379":1,"380":1,"381":5,"382":5,"383":1,"384":1,"385":4,"386":4,"387":4,"388":4,"389":4,"390":4,"391":4,"392":4,"393":4,"394":4,"395":5,"396":5,"397":5,"398":5,"399":5,"400":4,"401":4,"402":3,"403":3,"404":3,"405":5,"406":2,"407":2,"408":2,"409":2,"410":1,"411":1,"412":1,"413":1,"414":1,"415":2,"416":2,"417":2,"418":5,"419":84,"420":84,"421":84,"422":2,"423":5,"424":1,"425":1,"426":1,"427":3,"428":1,"429":1,"430":1,"431":1,"432":1,"433":1,"434":1,"435":1,"436":1,"437":1,"438":1,"439":1,"440":1,"441":1,"442":7,"443":7,"444":7,"445":7,"446":7,"447":7,"448":7,"449":7,"450":1,"451":1,"452":1,"453":1,"454":2,"455":1,"456":1,"457":1,"458":1,"459":2,"460":2,"461":1,"462":1,"463":1},"branchMap":{"0":{"type":"branch","line":14,"loc":{"start":{"line":14,"column":0},"end":{"line":21,"column":1}},"locations":[{"start":{"line":14,"column":0},"end":{"line":21,"column":1}}]},"1":{"type":"branch","line":15,"loc":{"start":{"line":15,"column":18},"end":{"line":15,"column":28}},"locations":[{"start":{"line":15,"column":18},"end":{"line":15,"column":28}}]},"2":{"type":"branch","line":15,"loc":{"start":{"line":15,"column":27},"end":{"line":21,"column":1}},"locations":[{"start":{"line":15,"column":27},"end":{"line":21,"column":1}}]},"3":{"type":"branch","line":15,"loc":{"start":{"line":15,"column":27},"end":{"line":19,"column":4}},"locations":[{"start":{"line":15,"column":27},"end":{"line":19,"column":4}}]},"4":{"type":"branch","line":19,"loc":{"start":{"line":19,"column":3},"end":{"line":21,"column":1}},"locations":[{"start":{"line":19,"column":3},"end":{"line":21,"column":1}}]},"5":{"type":"branch","line":23,"loc":{"start":{"line":23,"column":0},"end":{"line":43,"column":1}},"locations":[{"start":{"line":23,"column":0},"end":{"line":43,"column":1}}]},"6":{"type":"branch","line":24,"loc":{"start":{"line":24,"column":16},"end":{"line":24,"column":33}},"locations":[{"start":{"line":24,"column":16},"end":{"line":24,"column":33}}]},"7":{"type":"branch","line":24,"loc":{"start":{"line":24,"column":35},"end":{"line":24,"column":42}},"locations":[{"start":{"line":24,"column":35},"end":{"line":24,"column":42}}]},"8":{"type":"branch","line":24,"loc":{"start":{"line":24,"column":35},"end":{"line":42,"column":3}},"locations":[{"start":{"line":24,"column":35},"end":{"line":42,"column":3}}]},"9":{"type":"branch","line":24,"loc":{"start":{"line":24,"column":35},"end":{"line":28,"column":40}},"locations":[{"start":{"line":24,"column":35},"end":{"line":28,"column":40}}]},"10":{"type":"branch","line":28,"loc":{"start":{"line":28,"column":40},"end":{"line":35,"column":5}},"locations":[{"start":{"line":28,"column":40},"end":{"line":35,"column":5}}]},"11":{"type":"branch","line":34,"loc":{"start":{"line":34,"column":7},"end":{"line":35,"column":5}},"locations":[{"start":{"line":34,"column":7},"end":{"line":35,"column":5}}]},"12":{"type":"branch","line":35,"loc":{"start":{"line":35,"column":4},"end":{"line":37,"column":4}},"locations":[{"start":{"line":35,"column":4},"end":{"line":37,"column":4}}]},"13":{"type":"branch","line":37,"loc":{"start":{"line":37,"column":4},"end":{"line":40,"column":3}},"locations":[{"start":{"line":37,"column":4},"end":{"line":40,"column":3}}]},"14":{"type":"branch","line":40,"loc":{"start":{"line":40,"column":3},"end":{"line":42,"column":3}},"locations":[{"start":{"line":40,"column":3},"end":{"line":42,"column":3}}]},"15":{"type":"branch","line":46,"loc":{"start":{"line":46,"column":0},"end":{"line":82,"column":1}},"locations":[{"start":{"line":46,"column":0},"end":{"line":82,"column":1}}]},"16":{"type":"branch","line":51,"loc":{"start":{"line":51,"column":12},"end":{"line":51,"column":56}},"locations":[{"start":{"line":51,"column":12},"end":{"line":51,"column":56}}]},"17":{"type":"branch","line":53,"loc":{"start":{"line":53,"column":41},"end":{"line":53,"column":92}},"locations":[{"start":{"line":53,"column":41},"end":{"line":53,"column":92}}]},"18":{"type":"branch","line":54,"loc":{"start":{"line":54,"column":41},"end":{"line":54,"column":87}},"locations":[{"start":{"line":54,"column":41},"end":{"line":54,"column":87}}]},"19":{"type":"branch","line":55,"loc":{"start":{"line":55,"column":50},"end":{"line":55,"column":102}},"locations":[{"start":{"line":55,"column":50},"end":{"line":55,"column":102}}]},"20":{"type":"branch","line":56,"loc":{"start":{"line":56,"column":50},"end":{"line":56,"column":101}},"locations":[{"start":{"line":56,"column":50},"end":{"line":56,"column":101}}]},"21":{"type":"branch","line":57,"loc":{"start":{"line":57,"column":50},"end":{"line":57,"column":98}},"locations":[{"start":{"line":57,"column":50},"end":{"line":57,"column":98}}]},"22":{"type":"branch","line":59,"loc":{"start":{"line":59,"column":71},"end":{"line":59,"column":125}},"locations":[{"start":{"line":59,"column":71},"end":{"line":59,"column":125}}]},"23":{"type":"branch","line":60,"loc":{"start":{"line":60,"column":71},"end":{"line":60,"column":124}},"locations":[{"start":{"line":60,"column":71},"end":{"line":60,"column":124}}]},"24":{"type":"branch","line":61,"loc":{"start":{"line":61,"column":71},"end":{"line":61,"column":124}},"locations":[{"start":{"line":61,"column":71},"end":{"line":61,"column":124}}]},"25":{"type":"branch","line":63,"loc":{"start":{"line":63,"column":70},"end":{"line":63,"column":138}},"locations":[{"start":{"line":63,"column":70},"end":{"line":63,"column":138}}]},"26":{"type":"branch","line":64,"loc":{"start":{"line":64,"column":75},"end":{"line":64,"column":132}},"locations":[{"start":{"line":64,"column":75},"end":{"line":64,"column":132}}]},"27":{"type":"branch","line":65,"loc":{"start":{"line":65,"column":51},"end":{"line":65,"column":106}},"locations":[{"start":{"line":65,"column":51},"end":{"line":65,"column":106}}]},"28":{"type":"branch","line":66,"loc":{"start":{"line":66,"column":52},"end":{"line":66,"column":113}},"locations":[{"start":{"line":66,"column":52},"end":{"line":66,"column":113}}]},"29":{"type":"branch","line":68,"loc":{"start":{"line":68,"column":52},"end":{"line":68,"column":113}},"locations":[{"start":{"line":68,"column":52},"end":{"line":68,"column":113}}]},"30":{"type":"branch","line":69,"loc":{"start":{"line":69,"column":61},"end":{"line":69,"column":122}},"locations":[{"start":{"line":69,"column":61},"end":{"line":69,"column":122}}]},"31":{"type":"branch","line":72,"loc":{"start":{"line":72,"column":16},"end":{"line":72,"column":76}},"locations":[{"start":{"line":72,"column":16},"end":{"line":72,"column":76}}]},"32":{"type":"branch","line":75,"loc":{"start":{"line":75,"column":13},"end":{"line":75,"column":74}},"locations":[{"start":{"line":75,"column":13},"end":{"line":75,"column":74}}]},"33":{"type":"branch","line":77,"loc":{"start":{"line":77,"column":13},"end":{"line":77,"column":73}},"locations":[{"start":{"line":77,"column":13},"end":{"line":77,"column":73}}]},"34":{"type":"branch","line":79,"loc":{"start":{"line":79,"column":53},"end":{"line":79,"column":117}},"locations":[{"start":{"line":79,"column":53},"end":{"line":79,"column":117}}]},"35":{"type":"branch","line":85,"loc":{"start":{"line":85,"column":0},"end":{"line":150,"column":1}},"locations":[{"start":{"line":85,"column":0},"end":{"line":150,"column":1}}]},"36":{"type":"branch","line":101,"loc":{"start":{"line":101,"column":7},"end":{"line":101,"column":12}},"locations":[{"start":{"line":101,"column":7},"end":{"line":101,"column":12}}]},"37":{"type":"branch","line":101,"loc":{"start":{"line":101,"column":12},"end":{"line":101,"column":17}},"locations":[{"start":{"line":101,"column":12},"end":{"line":101,"column":17}}]},"38":{"type":"branch","line":101,"loc":{"start":{"line":101,"column":19},"end":{"line":107,"column":3}},"locations":[{"start":{"line":101,"column":19},"end":{"line":107,"column":3}}]},"39":{"type":"branch","line":110,"loc":{"start":{"line":110,"column":21},"end":{"line":110,"column":38}},"locations":[{"start":{"line":110,"column":21},"end":{"line":110,"column":38}}]},"40":{"type":"branch","line":111,"loc":{"start":{"line":111,"column":34},"end":{"line":111,"column":64}},"locations":[{"start":{"line":111,"column":34},"end":{"line":111,"column":64}}]},"41":{"type":"branch","line":112,"loc":{"start":{"line":112,"column":5},"end":{"line":112,"column":23}},"locations":[{"start":{"line":112,"column":5},"end":{"line":112,"column":23}}]},"42":{"type":"branch","line":112,"loc":{"start":{"line":112,"column":23},"end":{"line":112,"column":47}},"locations":[{"start":{"line":112,"column":23},"end":{"line":112,"column":47}}]},"43":{"type":"branch","line":113,"loc":{"start":{"line":113,"column":5},"end":{"line":113,"column":25}},"locations":[{"start":{"line":113,"column":5},"end":{"line":113,"column":25}}]},"44":{"type":"branch","line":113,"loc":{"start":{"line":113,"column":25},"end":{"line":113,"column":51}},"locations":[{"start":{"line":113,"column":25},"end":{"line":113,"column":51}}]},"45":{"type":"branch","line":114,"loc":{"start":{"line":114,"column":5},"end":{"line":114,"column":25}},"locations":[{"start":{"line":114,"column":5},"end":{"line":114,"column":25}}]},"46":{"type":"branch","line":114,"loc":{"start":{"line":114,"column":25},"end":{"line":114,"column":49}},"locations":[{"start":{"line":114,"column":25},"end":{"line":114,"column":49}}]},"47":{"type":"branch","line":115,"loc":{"start":{"line":115,"column":32},"end":{"line":115,"column":46}},"locations":[{"start":{"line":115,"column":32},"end":{"line":115,"column":46}}]},"48":{"type":"branch","line":115,"loc":{"start":{"line":115,"column":46},"end":{"line":115,"column":99}},"locations":[{"start":{"line":115,"column":46},"end":{"line":115,"column":99}}]},"49":{"type":"branch","line":115,"loc":{"start":{"line":115,"column":70},"end":{"line":115,"column":83}},"locations":[{"start":{"line":115,"column":70},"end":{"line":115,"column":83}}]},"50":{"type":"branch","line":115,"loc":{"start":{"line":115,"column":83},"end":{"line":115,"column":99}},"locations":[{"start":{"line":115,"column":83},"end":{"line":115,"column":99}}]},"51":{"type":"branch","line":116,"loc":{"start":{"line":116,"column":52},"end":{"line":116,"column":69}},"locations":[{"start":{"line":116,"column":52},"end":{"line":116,"column":69}}]},"52":{"type":"branch","line":117,"loc":{"start":{"line":117,"column":18},"end":{"line":117,"column":64}},"locations":[{"start":{"line":117,"column":18},"end":{"line":117,"column":64}}]},"53":{"type":"branch","line":121,"loc":{"start":{"line":121,"column":-1},"end":{"line":121,"column":117}},"locations":[{"start":{"line":121,"column":-1},"end":{"line":121,"column":117}}
[...]
":2}},"61":{"start":{"line":62,"column":0},"end":{"line":62,"column":25}},"62":{"start":{"line":63,"column":0},"end":{"line":63,"column":25}},"63":{"start":{"line":64,"column":0},"end":{"line":64,"column":22}},"64":{"start":{"line":65,"column":0},"end":{"line":65,"column":25}},"65":{"start":{"line":66,"column":0},"end":{"line":66,"column":32}},"66":{"start":{"line":67,"column":0},"end":{"line":67,"column":23}},"67":{"start":{"line":68,"column":0},"end":{"line":68,"column":80}},"68":{"start":{"line":69,"column":0},"end":{"line":69,"column":3}},"69":{"start":{"line":70,"column":0},"end":{"line":70,"column":72}},"70":{"start":{"line":71,"column":0},"end":{"line":71,"column":62}},"71":{"start":{"line":72,"column":0},"end":{"line":72,"column":54}},"72":{"start":{"line":73,"column":0},"end":{"line":73,"column":55}},"73":{"start":{"line":74,"column":0},"end":{"line":74,"column":49}},"74":{"start":{"line":75,"column":0},"end":{"line":75,"column":44}},"75":{"start":{"line":76,"column":0},"end":{"line":76,"column":1}},"76":{"start":{"line":77,"column":0},"end":{"line":77,"column":0}},"77":{"start":{"line":78,"column":0},"end":{"line":78,"column":3}},"78":{"start":{"line":79,"column":0},"end":{"line":79,"column":39}},"79":{"start":{"line":80,"column":0},"end":{"line":80,"column":78}},"80":{"start":{"line":81,"column":0},"end":{"line":81,"column":3}},"81":{"start":{"line":82,"column":0},"end":{"line":82,"column":42}},"82":{"start":{"line":83,"column":0},"end":{"line":83,"column":58}},"83":{"start":{"line":84,"column":0},"end":{"line":84,"column":66}},"84":{"start":{"line":85,"column":0},"end":{"line":85,"column":1}},"85":{"start":{"line":86,"column":0},"end":{"line":86,"column":0}},"86":{"start":{"line":87,"column":0},"end":{"line":87,"column":99}}},"s":{"0":1,"1":1,"2":1,"3":1,"4":1,"5":1,"6":1,"7":1,"8":1,"9":1,"10":1,"11":1,"12":1,"13":1,"14":1,"15":67,"16":67,"17":67,"18":67,"19":1,"20":1,"21":1,"22":1,"23":1,"24":1,"25":1,"26":1,"27":1,"28":67,"29":67,"30":67,"31":1,"32":1,"33":1,"34":1,"35":1,"36":1,"37":1,"38":1,"39":67,"40":67,"41":40,"42":25,"43":25,"44":1,"45":1,"46":1,"47":1,"48":1,"49":1,"50":1,"51":1,"52":67,"53":67,"54":67,"55":1,"56":1,"57":1,"58":1,"59":1,"60":1,"61":1,"62":1,"63":1,"64":1,"65":1,"66":1,"67":1,"68":1,"69":67,"70":67,"71":67,"72":67,"73":67,"74":67,"75":67,"76":1,"77":1,"78":1,"79":1,"80":1,"81":33,"82":33,"83":33,"84":33,"85":1,"86":1},"branchMap":{"0":{"type":"branch","line":16,"loc":{"start":{"line":16,"column":0},"end":{"line":19,"column":1}},"locations":[{"start":{"line":16,"column":0},"end":{"line":19,"column":1}}]},"1":{"type":"branch","line":18,"loc":{"start":{"line":18,"column":39},"end":{"line":18,"column":52}},"locations":[{"start":{"line":18,"column":39},"end":{"line":18,"column":52}}]},"2":{"type":"branch","line":18,"loc":{"start":{"line":18,"column":52},"end":{"line":18,"column":63}},"locations":[{"start":{"line":18,"column":52},"end":{"line":18,"column":63}}]},"3":{"type":"branch","line":29,"loc":{"start":{"line":29,"column":0},"end":{"line":31,"column":1}},"locations":[{"start":{"line":29,"column":0},"end":{"line":31,"column":1}}]},"4":{"type":"branch","line":30,"loc":{"start":{"line":30,"column":58},"end":{"line":30,"column":87}},"locations":[{"start":{"line":30,"column":58},"end":{"line":30,"column":87}}]},"5":{"type":"branch","line":40,"loc":{"start":{"line":40,"column":0},"end":{"line":44,"column":1}},"locations":[{"start":{"line":40,"column":0},"end":{"line":44,"column":1}}]},"6":{"type":"branch","line":41,"loc":{"start":{"line":41,"column":23},"end":{"line":42,"column":49}},"locations":[{"start":{"line":41,"column":23},"end":{"line":42,"column":49}}]},"7":{"type":"branch","line":41,"loc":{"start":{"line":41,"column":23},"end":{"line":41,"column":49}},"locations":[{"start":{"line":41,"column":23},"end":{"line":41,"column":49}}]},"8":{"type":"branch","line":41,"loc":{"start":{"line":41,"column":48},"end":{"line":42,"column":49}},"locations":[{"start":{"line":41,"column":48},"end":{"line":42,"column":49}}]},"9":{"type":"branch","line":41,"loc":{"start":{"line":41,"column":48},"end":{"line":42,"column":23}},"locations":[{"start":{"line":41,"column":48},"end":{"line":42,"column":23}}]},"10":{"type":"branch","line":42,"loc":{"start":{"line":42,"column":23},"end":{"line":42,"column":49}},"locations":[{"start":{"line":42,"column":23},"end":{"line":42,"column":49}}]},"11":{"type":"branch","line":42,"loc":{"start":{"line":42,"column":48},"end":{"line":44,"column":1}},"locations":[{"start":{"line":42,"column":48},"end":{"line":44,"column":1}}]},"12":{"type":"branch","line":53,"loc":{"start":{"line":53,"column":0},"end":{"line":55,"column":1}},"locations":[{"start":{"line":53,"column":0},"end":{"line":55,"column":1}}]},"13":{"type":"branch","line":70,"loc":{"start":{"line":70,"column":0},"end":{"line":76,"column":1}},"locations":[{"start":{"line":70,"column":0},"end":{"line":76,"column":1}}]},"14":{"type":"branch","line":82,"loc":{"start":{"line":82,"column":0},"end":{"line":85,"column":1}},"locations":[{"start":{"line":82,"column":0},"end":{"line":85,"column":1}}]},"15":{"type":"branch","line":84,"loc":{"start":{"line":84,"column":43},"end":{"line":84,"column":63}},"locations":[{"start":{"line":84,"column":43},"end":{"line":84,"column":63}}]}},"b":{"0":[67],"1":[6],"2":[61],"3":[67],"4":[18],"5":[67],"6":[66],"7":[34],"8":[40],"9":[33],"10":[8],"11":[25],"12":[67],"13":[67],"14":[33],"15":[0]},"fnMap":{"0":{"name":"calcBMR","decl":{"start":{"line":16,"column":0},"end":{"line":19,"column":1}},"loc":{"start":{"line":16,"column":0},"end":{"line":19,"column":1}},"line":16},"1":{"name":"calcTDEE","decl":{"start":{"line":29,"column":0},"end":{"line":31,"column":1}},"loc":{"start":{"line":29,"column":0},"end":{"line":31,"column":1}},"line":29},"2":{"name":"calcCalorieTarget","decl":{"start":{"line":40,"column":0},"end":{"line":44,"column":1}},"loc":{"start":{"line":40,"column":0},"end":{"line":44,"column":1}},"line":40},"3":{"name":"calcBMI","decl":{"start":{"line":53,"column":0},"end":{"line":55,"column":1}},"loc":{"start":{"line":53,"column":0},"end":{"line":55,"column":1}},"line":53},"4":{"name":"calcMetrics","decl":{"start":{"line":70,"column":0},"end":{"line":76,"column":1}},"loc":{"start":{"line":70,"column":0},"end":{"line":76,"column":1}},"line":70},"5":{"name":"calcProteinTarget","decl":{"start":{"line":82,"column":0},"end":{"line":85,"column":1}},"loc":{"start":{"line":82,"column":0},"end":{"line":85,"column":1}},"line":82}},"f":{"0":67,"1":67,"2":67,"3":67,"4":67,"5":33}}
,"C:\\Users\\camil\\Desktop\\Fittreacker\\fittracker-backend\\backend\\src\\utils\\validate.js": {"path":"C:\\Users\\camil\\Desktop\\Fittreacker\\fittracker-backend\\backend\\src\\utils\\validate.js","all":false,"statementMap":{"0":{"start":{"line":1,"column":0},"end":{"line":1,"column":13}},"1":{"start":{"line":2,"column":0},"end":{"line":2,"column":0}},"2":{"start":{"line":3,"column":0},"end":{"line":3,"column":3}},"3":{"start":{"line":4,"column":0},"end":{"line":4,"column":40}},"4":{"start":{"line":5,"column":0},"end":{"line":5,"column":58}},"5":{"start":{"line":6,"column":0},"end":{"line":6,"column":3}},"6":{"start":{"line":7,"column":0},"end":{"line":7,"column":0}},"7":{"start":{"line":8,"column":0},"end":{"line":8,"column":38}},"8":{"start":{"line":9,"column":0},"end":{"line":9,"column":0}},"9":{"start":{"line":10,"column":0},"end":{"line":10,"column":27}},"10":{"start":{"line":11,"column":0},"end":{"line":11,"column":39}},"11":{"start":{"line":12,"column":0},"end":{"line":12,"column":26}},"12":{"start":{"line":13,"column":0},"end":{"line":13,"column":29}},"13":{"start":{"line":14,"column":0},"end":{"line":14,"column":1}},"14":{"start":{"line":15,"column":0},"end":{"line":15,"column":0}},"15":{"start":{"line":16,"column":0},"end":{"line":16,"column":54}},"16":{"start":{"line":17,"column":0},"end":{"line":17,"column":44}},"17":{"start":{"line":18,"column":0},"end":{"line":18,"column":53}},"18":{"start":{"line":19,"column":0},"end":{"line":19,"column":53}},"19":{"start":{"line":20,"column":0},"end":{"line":20,"column":59}},"20":{"start":{"line":21,"column":0},"end":{"line":21,"column":3}},"21":{"start":{"line":22,"column":0},"end":{"line":22,"column":14}},"22":{"start":{"line":23,"column":0},"end":{"line":23,"column":1}},"23":{"start":{"line":24,"column":0},"end":{"line":24,"column":0}},"24":{"start":{"line":25,"column":0},"end":{"line":25,"column":41}},"25":{"start":{"line":26,"column":0},"end":{"line":26,"column":63}},"26":{"start":{"line":27,"column":0},"end":{"line":27,"column":77}},"27":{"start":{"line":28,"column":0},"end":{"line":28,"column":89}},"28":{"start":{"line":29,"column":0},"end":{"line":29,"column":14}},"29":{"start":{"line":30,"column":0},"end":{"line":30,"column":1}},"30":{"start":{"line":31,"column":0},"end":{"line":31,"column":0}},"31":{"start":{"line":32,"column":0},"end":{"line":32,"column":58}},"32":{"start":{"line":33,"column":0},"end":{"line":33,"column":74}},"33":{"start":{"line":34,"column":0},"end":{"line":34,"column":42}},"34":{"start":{"line":35,"column":0},"end":{"line":35,"column":53}},"35":{"start":{"line":36,"column":0},"end":{"line":36,"column":3}},"36":{"start":{"line":37,"column":0},"end":{"line":37,"column":24}},"37":{"start":{"line":38,"column":0},"end":{"line":38,"column":64}},"38":{"start":{"line":39,"column":0},"end":{"line":39,"column":86}},"39":{"start":{"line":40,"column":0},"end":{"line":40,"column":86}},"40":{"start":{"line":41,"column":0},"end":{"line":41,"column":14}},"41":{"start":{"line":42,"column":0},"end":{"line":42,"column":1}},"42":{"start":{"line":43,"column":0},"end":{"line":43,"column":0}},"43":{"start":{"line":44,"column":0},"end":{"line":44,"column":60}},"44":{"start":{"line":45,"column":0},"end":{"line":45,"column":71}},"45":{"start":{"line":46,"column":0},"end":{"line":46,"column":42}},"46":{"start":{"line":47,"column":0},"end":{"line":47,"column":53}},"47":{"start":{"line":48,"column":0},"end":{"line":48,"column":3}},"48":{"start":{"line":49,"column":0},"end":{"line":49,"column":31}},"49":{"start":{"line":50,"column":0},"end":{"line":50,"column":61}},"50":{"start":{"line":51,"column":0},"end":{"line":51,"column":3}},"51":{"start":{"line":52,"column":0},"end":{"line":52,"column":14}},"52":{"start":{"line":53,"column":0},"end":{"line":53,"column":1}},"53":{"start":{"line":54,"column":0},"end":{"line":54,"column":0}},"54":{"start":{"line":55,"column":0},"end":{"line":55,"column":73}},"55":{"start":{"line":56,"column":0},"end":{"line":56,"column":40}},"56":{"start":{"line":57,"column":0},"end":{"line":57,"column":30}},"57":{"start":{"line":58,"column":0},"end":{"line":58,"column":84}},"58":{"start":{"line":59,"column":0},"end":{"line":59,"column":14}},"59":{"start":{"line":60,"column":0},"end":{"line":60,"column":1}},"60":{"start":{"line":61,"column":0},"end":{"line":61,"column":0}},"61":{"start":{"line":62,"column":0},"end":{"line":62,"column":3}},"62":{"start":{"line":63,"column":0},"end":{"line":63,"column":61}},"63":{"start":{"line":64,"column":0},"end":{"line":64,"column":49}},"64":{"start":{"line":65,"column":0},"end":{"line":65,"column":2}},"65":{"start":{"line":66,"column":0},"end":{"line":66,"column":9}},"66":{"start":{"line":67,"column":0},"end":{"line":67,"column":116}},"67":{"start":{"line":68,"column":0},"end":{"line":68,"column":36}},"68":{"start":{"line":69,"column":0},"end":{"line":69,"column":3}},"69":{"start":{"line":70,"column":0},"end":{"line":70,"column":29}},"70":{"start":{"line":71,"column":0},"end":{"line":71,"column":39}},"71":{"start":{"line":72,"column":0},"end":{"line":72,"column":34}},"72":{"start":{"line":73,"column":0},"end":{"line":73,"column":59}},"73":{"start":{"line":74,"column":0},"end":{"line":74,"column":14}},"74":{"start":{"line":75,"column":0},"end":{"line":75,"column":1}},"75":{"start":{"line":76,"column":0},"end":{"line":76,"column":0}},"76":{"start":{"line":77,"column":0},"end":{"line":77,"column":18}},"77":{"start":{"line":78,"column":0},"end":{"line":78,"column":15}},"78":{"start":{"line":79,"column":0},"end":{"line":79,"column":17}},"79":{"start":{"line":80,"column":0},"end":{"line":80,"column":17}},"80":{"start":{"line":81,"column":0},"end":{"line":81,"column":15}},"81":{"start":{"line":82,"column":0},"end":{"line":82,"column":13}},"82":{"start":{"line":83,"column":0},"end":{"line":83,"column":8}},"83":{"start":{"line":84,"column":0},"end":{"line":84,"column":2}}},"s":{"0":1,"1":1,"2":1,"3":1,"4":1,"5":1,"6":1,"7":1,"8":1,"9":16,"10":16,"11":16,"12":16,"13":16,"14":1,"15":1,"16":16,"17":16,"18":16,"19":0,"20":0,"21":16,"22":16,"23":1,"24":1,"25":6,"26":6,"27":6,"28":6,"29":6,"30":1,"31":1,"32":245,"33":245,"34":6,"35":6,"36":239,"37":245,"38":245,"39":245,"40":239,"41":239,"42":1,"43":1,"44":98,"45":98,"46":7,"47":7,"48":98,"49":3,"50":3,"51":88,"52":88,"53":1,"54":1,"55":0,"56":0,"57":0,"58":0,"59":0,"60":1,"61":1,"62":1,"63":1,"64":1,"65":1,"66":1,"67":1,"68":1,"69":227,"70":227,"71":227,"72":3,"73":3,"74":3,"75":1,"76":1,"77":1,"78":1,"79":1,"80":1,"81":1,"82":1,"83":1},"branchMap":{"0":{"type":"branch","line":10,"loc":{"start":{"line":10,"column":0},"end":{"line":14,"column":1}},"locations":[{"start":{"line":10,"column":0},"end":{"line":14,"column":1}}]},"1":{"type":"branch","line":11,"loc":{"start":{"line":11,"column":26},"end":{"line":11,"column":39}},"locations":[{"start":{"line":11,"column":26},"end":{"line":11,"column":39}}]},"2":{"type":"branch","line":17,"loc":{"start":{"line":17,"column":0},"end":{"line":23,"column":1}},"locations":[{"start":{"line":17,"column":0},"end":{"line":23,"column":1}}]},"3":{"type":"branch","line":18,"loc":{"start":{"line":18,"column":41},"end":{"line":18,"column":53}},"locations":[{"start":{"line":18,"column":41},"end":{"line":18,"column":53}}]},"4":{"type":"branch","line":19,"loc":{"start":{"line":19,"column":52},"end":{"line":21,"column":3}},"locations":[{"start":{"line":19,"column":52},"end":{"line":21,"column":3}}]},"5":{"type":"branch","line":26,"loc":{"start":{"line":26,"column":0},"end":{"line":30,"column":1}},"locations":[{"start":{"line":26,"column":0},"end":{"line":30,"column":1}}]},"6":{"type":"branch","line":27,"loc":{"start":{"line":27,"column":46},"end":{"line":27,"column":77}},"locations":[{"start":{"line":27,"column":46},"end":{"line":27,"column":77}}]},"7":{"type":"branch","line":28,"loc":{"start":{"line":28,"column":30},"end":{"line":28,"column":89}},"locations":[{"start":{"line":28,"column":30},"end":{"line":28,"column":89}}]},"8":{"type":"branch","line":33,"loc":{"start":{"line":33,"column":0},"end":{"line":42,"column":1}},"locations":[{"start":{"line":33,"column":0},"end":{"line":42,"column":1}}]},"9":{"type":"branch","line":34,"loc":{"start":{"line":34,"column":23},"end":{"line":34,"column":39}},"locations":[{"start":{"line":34,"column":23},"end":{"line":34,"column":39}}]},"10":{"type":"branch","line":34,"loc":{"start":{"line":34,"column":41},"end":{"line":36,"column":3}},"locations":[{"start":{"line":34,"column":41},"end":{"line":36,"column":3}}]},"11":{"type":"branch","line":35,"loc":{"start":{"line":35,"column":19},"end":{"line":35,"column":45}},"locations":[{"start":{"line":35,"column":19},"end":{"line":35,"column":45}}]},"12":{"type":"branch","line":36,"loc":{"start":{"line":36,"column":2},"end":{"line":38,"column":27}},"locations":[{"start":{"line":36,"column":2},"end":{"line":38,"column":27}}]},"13":{"type":"branch","line":38,"loc":{"start":{"line":38,"column":27},"end":{"line":38,"column":64}},"locations":[{"start":{"line":38,"column":27},"end":{"line":38,"column":64}}]},"14":{"type":"branch","line":38,"loc":{"start":{"line":38,"column":63},"end":{"line":39,"column":34}},"locations":[{"start":{"line":38,"column":63},"end":{"line":39,"column":34}}]},"15":{"type":"branch","line":39,"loc":{"start":{"line":39,"column":36},"end":{"line":39,"column":86}},"locations":[{"start":{"line":39,"column":36},"end":{"line":39,"column":86}}]},"16":{"type":"branch","line":39,"loc":{"start":{"line":39,"column":85},"end":{"line":40,"column":34}},"locations":[{"start":{"line":39,"column":85},"end":{"line":40,"column":34}}]},"17":{"type":"branch","line":40,"loc":{"start":{"line":40,"column":36},"end":{"line":40,"column":86}},"locations":[{"start":{"line":40,"column":36},"end":{"line":40,"column":86}}]},"18":{"type":"branch","line":40,"loc":{"start":{"line":40,"column":85},"end":{"line":42,"column":1}},"locations":[{"start":{"line":40,"column":85},"end":{"line":42,"column":1}}]},"19":{"type":"branch","line":45,"loc":{"start":{"line":45,"column":0},"end":{"line":53,"column":1}},"locations":[{"start":{"line":45,"column":0},"end":{"line":53,"column":1}}]},"20":{"type":"branch","line":46,"loc":{"start":{"line":46,"column":23},"end":{"line":46,"column":39}},"locations":[{"start":{"line":46,"column":23},"end":{"line":46,"column":39}}]},"21":{"type":"branch","line":46,"loc":{"start":{"line":46,"column":41},"end":{"line":48,"column":3}},"locations":[{"start":{"line":46,"column":41},"end":{"line":48,"column":3}}]},"22":{"type":"branch","line":47,"loc":{"start":{"line":47,"column":19},"end":{"line":47,"column":45}},"locations":[{"start":{"line":47,"column":19},"end":{"line":47,"column":45}}]},"23":{"type":"branch","line":48,"loc":{"start":{"line":48,"column":2},"end":{"line":49,"column":30}},"locations":[{"start":{"line":48,"column":2},"end":{"line":49,"column":30}}]},"24":{"type":"branch","line":49,"loc":{"start":{"line":49,"column":30},"end":{"line":53,"column":1}},"locations":[{"start":{"line":49,"column":30},"end":{"line":53,"column":1}}]},"25":{"type":"branch","line":49,"loc":{"start":{"line":49,"column":30},"end":{"line":51,"column":3}},"locations":[{"start":{"line":49,"column":30},"end":{"line":51,"column":3}}]},"26":{"type":"branch","line":51,"loc":{"start":{"line":51,"column":2},"end":{"line":53,"column":1}},"locations":[{"start":{"line":51,"column":2},"end":{"line":53,"column":1}}]},"27":{"type":"branch","line":70,"loc":{"start":{"line":70,"column":0},"end":{"line":75,"column":1}},"locations":[{"start":{"line":70,"column":0},"end":{"line":75,"column":1}}]},"28":{"type":"branch","line":72,"loc":{"start":{"line":72,"column":21},"end":{"line":72,"column":34}},"locations":[{"start":{"line":72,"column":21},"end":{"line":72,"column":34}}]},"29":{"type":"branch","line":72,"loc":{"start":{"line":72,"column":33},"end":{"line":75,"column":1}},"locations":[{"start":{"line":72,"column":33},"end":{"line":75,"column":1}}]}},"b":{"0":[16],"1":[0],"2":[16],"3":[0],"4":[0],"5":[6],"6":[0],"7":[0],"8":[245],"9":[239],"10":[6],"11":[0],"12":[239],"13":[0],"14":[239],"15":[0],"16":[239],"17":[0],"18":[239],"19":[98],"20":[91],"21":[7],"22":[0],"23":[91],"24":[97],"25":[3],"26":[88],"27":[227],"28":[224],"29":[3]},"fnMap":{"0":{"name":"isValidDate","decl":{"start":{"line":10,"column":0},"end":{"line":14,"column":1}},"loc":{"start":{"line":10,"column":0},"end":{"line":14,"column":1}},"line":10},"1":{"name":"validateDate","decl":{"start":{"line":17,"column":0},"end":{"line":23,"column":1}},"loc":{"start":{"line":17,"column":0},"end":{"line":23,"column":1}},"line":17},"2":{"name":"validateString","decl":{"start":{"line":26,"column":0},"end":{"line":30,"column":1}},"loc":{"start":{"line":26,"column":0},"end":{"line":30,"column":1}},"line":26},"3":{"name":"validateNumber","decl":{"start":{"line":33,"column":0},"end":{"line":42,"column":1}},"loc":{"start":{"line":33,"column":0},"end":{"line":42,"column":1}},"line":33},"4":{"name":"validateEnum","decl":{"start":{"line":45,"column":0},"end":{"line":53,"column":1}},"loc":{"start":{"line":45,"column":0},"end":{"line":53,"column":1}},"line":45},"5":{"name":"validateId","decl":{"start":{"line":56,"column":0},"end":{"line":60,"column":1}},"loc":{"start":{"line":56,"column":0},"end":{"line":60,"column":1}},"line":56},"6":{"name":"abort","decl":{"start":{"line":70,"column":0},"end":{"line":75,"column":1}},"loc":{"start":{"line":70,"column":0},"end":{"line":75,"column":1}},"line":70}},"f":{"0":16,"1":16,"2":6,"3":245,"4":98,"5":0,"6":227}}
}
