{"C:\\Users\\camil\\Desktop\\Fittreacker\\fittracker-backend\\backend\\src\\db\\connection.js": {"path":"C:\\Users\\camil\\Desktop\\Fittreacker\\fittracker-backend\\backend\\src\\db\\connection.js","all":false,"statementMap":{"0":{"start":{"line":1,"column":0},"end":{"line":1,"column":53}},"1":{"start":{"line":2,"column":0},"end":{"line":2,"column":69}},"2":{"start":{"line":3,"column":0},"end":{"line":3,"column":39}}},"s":{"0":1,"1":1,"2":1},"branchMap":{},"b":{},"fnMap":{},"f":{}}
,"C:\\Users\\camil\\Desktop\\Fittreacker\\fittracker-backend\\backend\\src\\db\\migrate.js": {"path":"C:\\Users\\camil\\Desktop\\Fittreacker\\fittracker-backend\\backend\\src\\db\\migrate.js","all":false,"statementMap":{"0":{"start":{"line":1,"column":0},"end":{"line":1,"column":13}},"1":{"start":{"line":2,"column":0},"end":{"line":2,"column":0}},"2":{"start":{"line":3,"column":0},"end":{"line":3,"column":27}},"3":{"start":{"line":4,"column":0},"end":{"line":4,"column":0}},"4":{"start":{"line":5,"column":0},"end":{"line":5,"column":27}},"5":{"start":{"line":6,"column":0},"end":{"line":6,"column":29}},"6":{"start":{"line":7,"column":0},"end":{"line":7,"column":35}},"7":{"start":{"line":8,"column":0},"end":{"line":8,"column":0}},"8":{"start":{"line":9,"column":0},"end":{"line":9,"column":76}},"9":{"start":{"line":10,"column":0},"end":{"line":10,"column":0}},"10":{"start":{"line":11,"column":0},"end":{"line":11,"column":43}},"11":{"start":{"line":12,"column":0},"end":{"line":12,"column":38}},"12":{"start":{"line":13,"column":0},"end":{"line":13,"column":52}},"13":{"start":{"line":14,"column":0},"end":{"line":14,"column":4}},"14":{"start":{"line":15,"column":0},"end":{"line":15,"column":22}},"15":{"start":{"line":16,"column":0},"end":{"line":16,"column":1}},"16":{"start":{"line":17,"column":0},"end":{"line":17,"column":0}},"17":{"start":{"line":18,"column":0},"end":{"line":18,"column":35}},"18":{"start":{"line":19,"column":0},"end":{"line":19,"column":41}},"19":{"start":{"line":20,"column":0},"end":{"line":20,"column":54}},"20":{"start":{"line":21,"column":0},"end":{"line":21,"column":93}},"21":{"start":{"line":22,"column":0},"end":{"line":22,"column":36}},"22":{"start":{"line":23,"column":0},"end":{"line":23,"column":3}},"23":{"start":{"line":24,"column":0},"end":{"line":24,"column":0}},"24":{"start":{"line":25,"column":0},"end":{"line":25,"column":39}},"25":{"start":{"line":26,"column":0},"end":{"line":26,"column":22}},"26":{"start":{"line":27,"column":0},"end":{"line":27,"column":44}},"27":{"start":{"line":28,"column":0},"end":{"line":28,"column":41}},"28":{"start":{"line":29,"column":0},"end":{"line":29,"column":45}},"29":{"start":{"line":30,"column":0},"end":{"line":30,"column":51}},"30":{"start":{"line":31,"column":0},"end":{"line":31,"column":5}},"31":{"start":{"line":32,"column":0},"end":{"line":32,"column":5}},"32":{"start":{"line":33,"column":0},"end":{"line":33,"column":92}},"33":{"start":{"line":34,"column":0},"end":{"line":34,"column":35}},"34":{"start":{"line":35,"column":0},"end":{"line":35,"column":1}},"35":{"start":{"line":36,"column":0},"end":{"line":36,"column":0}},"36":{"start":{"line":37,"column":0},"end":{"line":37,"column":54}},"37":{"start":{"line":38,"column":0},"end":{"line":38,"column":30}},"38":{"start":{"line":39,"column":0},"end":{"line":39,"column":7}},"39":{"start":{"line":40,"column":0},"end":{"line":40,"column":28}},"40":{"start":{"line":41,"column":0},"end":{"line":41,"column":90}},"41":{"start":{"line":42,"column":0},"end":{"line":42,"column":43}},"42":{"start":{"line":43,"column":0},"end":{"line":43,"column":25}},"43":{"start":{"line":44,"column":0},"end":{"line":44,"column":80}},"44":{"start":{"line":45,"column":0},"end":{"line":45,"column":18}},"45":{"start":{"line":46,"column":0},"end":{"line":46,"column":8}},"46":{"start":{"line":47,"column":0},"end":{"line":47,"column":12}},"47":{"start":{"line":48,"column":0},"end":{"line":48,"column":25}},"48":{"start":{"line":49,"column":0},"end":{"line":49,"column":80}},"49":{"start":{"line":50,"column":0},"end":{"line":50,"column":18}},"50":{"start":{"line":51,"column":0},"end":{"line":51,"column":8}},"51":{"start":{"line":52,"column":0},"end":{"line":52,"column":5}},"52":{"start":{"line":53,"column":0},"end":{"line":53,"column":33}},"53":{"start":{"line":54,"column":0},"end":{"line":54,"column":51}},"54":{"start":{"line":55,"column":0},"end":{"line":55,"column":17}},"55":{"start":{"line":56,"column":0},"end":{"line":56,"column":35}},"56":{"start":{"line":57,"column":0},"end":{"line":57,"column":14}},"57":{"start":{"line":58,"column":0},"end":{"line":58,"column":3}},"58":{"start":{"line":59,"column":0},"end":{"line":59,"column":1}},"59":{"start":{"line":60,"column":0},"end":{"line":60,"column":0}},"60":{"start":{"line":61,"column":0},"end":{"line":61,"column":32}},"61":{"start":{"line":62,"column":0},"end":{"line":62,"column":71}},"62":{"start":{"line":63,"column":0},"end":{"line":63,"column":71}},"63":{"start":{"line":64,"column":0},"end":{"line":64,"column":11}},"64":{"start":{"line":65,"column":0},"end":{"line":65,"column":3}},"65":{"start":{"line":66,"column":0},"end":{"line":66,"column":0}},"66":{"start":{"line":67,"column":0},"end":{"line":67,"column":39}},"67":{"start":{"line":68,"column":0},"end":{"line":68,"column":87}},"68":{"start":{"line":69,"column":0},"end":{"line":69,"column":11}},"69":{"start":{"line":70,"column":0},"end":{"line":70,"column":3}},"70":{"start":{"line":71,"column":0},"end":{"line":71,"column":0}},"71":{"start":{"line":72,"column":0},"end":{"line":72,"column":41}},"72":{"start":{"line":73,"column":0},"end":{"line":73,"column":7}},"73":{"start":{"line":74,"column":0},"end":{"line":74,"column":45}},"74":{"start":{"line":75,"column":0},"end":{"line":75,"column":50}},"75":{"start":{"line":76,"column":0},"end":{"line":76,"column":38}},"76":{"start":{"line":77,"column":0},"end":{"line":77,"column":14}},"77":{"start":{"line":78,"column":0},"end":{"line":78,"column":0}},"78":{"start":{"line":79,"column":0},"end":{"line":79,"column":18}},"79":{"start":{"line":80,"column":0},"end":{"line":80,"column":31}},"80":{"start":{"line":81,"column":0},"end":{"line":81,"column":43}},"81":{"start":{"line":82,"column":0},"end":{"line":82,"column":75}},"82":{"start":{"line":83,"column":0},"end":{"line":83,"column":11}},"83":{"start":{"line":84,"column":0},"end":{"line":84,"column":48}},"84":{"start":{"line":85,"column":0},"end":{"line":85,"column":16}},"85":{"start":{"line":86,"column":0},"end":{"line":86,"column":21}},"86":{"start":{"line":87,"column":0},"end":{"line":87,"column":73}},"87":{"start":{"line":88,"column":0},"end":{"line":88,"column":18}},"88":{"start":{"line":89,"column":0},"end":{"line":89,"column":7}},"89":{"start":{"line":90,"column":0},"end":{"line":90,"column":5}},"90":{"start":{"line":91,"column":0},"end":{"line":91,"column":0}},"91":{"start":{"line":92,"column":0},"end":{"line":92,"column":80}},"92":{"start":{"line":93,"column":0},"end":{"line":93,"column":56}},"93":{"start":{"line":94,"column":0},"end":{"line":94,"column":13}},"94":{"start":{"line":95,"column":0},"end":{"line":95,"column":21}},"95":{"start":{"line":96,"column":0},"end":{"line":96,"column":3}},"96":{"start":{"line":97,"column":0},"end":{"line":97,"column":1}},"97":{"start":{"line":98,"column":0},"end":{"line":98,"column":0}},"98":{"start":{"line":99,"column":0},"end":{"line":99,"column":35}},"99":{"start":{"line":100,"column":0},"end":{"line":100,"column":0}},"100":{"start":{"line":101,"column":0},"end":{"line":101,"column":30}},"101":{"start":{"line":102,"column":0},"end":{"line":102,"column":17}},"102":{"start":{"line":103,"column":0},"end":{"line":103,"column":78}},"103":{"start":{"line":104,"column":0},"end":{"line":104,"column":83}},"104":{"start":{"line":105,"column":0},"end":{"line":105,"column":1}}},"s":{"0":1,"1":1,"2":1,"3":1,"4":1,"5":1,"6":1,"7":1,"8":1,"9":1,"10":209,"11":209,"12":209,"13":209,"14":209,"15":209,"16":1,"17":19,"18":19,"19":0,"20":0,"21":0,"22":0,"23":19,"24":19,"25":19,"26":19,"27":19,"28":19,"29":19,"30":19,"31":19,"32":19,"33":19,"34":19,"35":1,"36":190,"37":190,"38":190,"39":190,"40":190,"41":190,"42":0,"43":0,"44":0,"45":0,"46":190,"47":190,"48":190,"49":190,"50":190,"51":190,"52":190,"53":190,"54":190,"55":0,"56":0,"57":0,"58":190,"59":1,"60":19,"61":19,"62":0,"63":0,"64":0,"65":19,"66":19,"67":0,"68":0,"69":0,"70":19,"71":19,"72":19,"73":19,"74":19,"75":19,"76":19,"77":19,"78":19,"79":19,"80":190,"81":190,"82":190,"83":190,"84":190,"85":190,"86":0,"87":0,"88":0,"89":190,"90":19,"91":19,"92":0,"93":19,"94":19,"95":19,"96":19,"97":1,"98":1,"99":1,"100":1,"101":0,"102":0,"103":0,"104":0},"branchMap":{"0":{"type":"branch","line":101,"loc":{"start":{"line":101,"column":29},"end":{"line":105,"column":1}},"locations":[{"start":{"line":101,"column":29},"end":{"line":105,"column":1}}]},"1":{"type":"branch","line":11,"loc":{"start":{"line":11,"column":0},"end":{"line":16,"column":1}},"locations":[{"start":{"line":11,"column":0},"end":{"line":16,"column":1}}]},"2":{"type":"branch","line":15,"loc":{"start":{"line":15,"column":18},"end":{"line":15,"column":21}},"locations":[{"start":{"line":15,"column":18},"end":{"line":15,"column":21}}]},"3":{"type":"branch","line":18,"loc":{"start":{"line":18,"column":0},"end":{"line":35,"column":1}},"locations":[{"start":{"line":18,"column":0},"end":{"line":35,"column":1}}]},"4":{"type":"branch","line":19,"loc":{"start":{"line":19,"column":40},"end":{"line":23,"column":3}},"locations":[{"start":{"line":19,"column":40},"end":{"line":23,"column":3}}]},"5":{"type":"branch","line":37,"loc":{"start":{"line":37,"column":0},"end":{"line":59,"column":1}},"locations":[{"start":{"line":37,"column":0},"end":{"line":59,"column":1}}]},"6":{"type":"branch","line":42,"loc":{"start":{"line":42,"column":42},"end":{"line":47,"column":5}},"locations":[{"start":{"line":42,"column":42},"end":{"line":47,"column":5}}]},"7":{"type":"branch","line":55,"loc":{"start":{"line":55,"column":4},"end":{"line":58,"column":3}},"locations":[{"start":{"line":55,"column":4},"end":{"line":58,"column":3}}]},"8":{"type":"branch","line":61,"loc":{"start":{"line":61,"column":0},"end":{"line":97,"column":1}},"locations":[{"start":{"line":61,"column":0},"end":{"line":97,"column":1}}]},"9":{"type":"branch","line":62,"loc":{"start":{"line":62,"column":31},"end":{"line":62,"column":68}},"locations":[{"start":{"line":62,"column":31},"end":{"line":62,"column":68}}]},"10":{"type":"branch","line":62,"loc":{"start":{"line":62,"column":70},"end":{"line":65,"column":3}},"locations":[{"start":{"line":62,"column":70},"end":{"line":65,"column":3}}]},"11":{"type":"branch","line":67,"loc":{"start":{"line":67,"column":38},"end":{"line":70,"column":3}},"locations":[{"start":{"line":67,"column":38},"end":{"line":70,"column":3}}]},"12":{"type":"branch","line":80,"loc":{"start":{"line":80,"column":30},"end":{"line":90,"column":5}},"locations":[{"start":{"line":80,"column":30},"end":{"line":90,"column":5}}]},"13":{"type":"branch","line":81,"loc":{"start":{"line":81,"column":34},"end":{"line":81,"column":43}},"locations":[{"start":{"line":81,"column":34},"end":{"line":81,"column":43}}]},"14":{"type":"branch","line":86,"loc":{"start":{"line":86,"column":8},"end":{"line":89,"column":7}},"locations":[{"start":{"line":86,"column":8},"end":{"line":89,"column":7}}]},"15":{"type":"branch","line":93,"loc":{"start":{"line":93,"column":-1},"end":{"line":93,"column":56}},"locations":[{"start":{"line":93,"column":-1},"end":{"line":93,"column":56}}]},"16":{"type":"branch","line":76,"loc":{"start":{"line":76,"column":14},"end":{"line":76,"column":37}},"locations":[{"start":{"line":76,"column":14},"end":{"line":76,"column":37}}]}},"b":{"0":[0],"1":[209],"2":[0],"3":[19],"4":[0],"5":[190],"6":[0],"7":[0],"8":[19],"9":[0],"10":[0],"11":[0],"12":[190],"13":[0],"14":[0],"15":[0],"16":[190]},"fnMap":{"0":{"name":"_migracionesExiste","decl":{"start":{"line":11,"column":0},"end":{"line":16,"column":1}},"loc":{"start":{"line":11,"column":0},"end":{"line":16,"column":1}},"line":11},"1":{"name":"getApplied","decl":{"start":{"line":18,"column":0},"end":{"line":35,"column":1}},"loc":{"start":{"line":18,"column":0},"end":{"line":35,"column":1}},"line":18},"2":{"name":"applyMigration","decl":{"start":{"line":37,"column":0},"end":{"line":59,"column":1}},"loc":{"start":{"line":37,"column":0},"end":{"line":59,"column":1}},"line":37},"3":{"name":"runMigrations","decl":{"start":{"line":61,"column":0},"end":{"line":97,"column":1}},"loc":{"start":{"line":61,"column":0},"end":{"line":97,"column":1}},"line":61}},"f":{"0":209,"1":19,"2":190,"3":19}}
,"C:\\Users\\camil\\Desktop\\Fittreacker\\fittracker-backend\\backend\\src\\db\\postgres.js": {"path":"C:\\Users\\camil\\Desktop\\Fittreacker\\fittracker-backend\\backend\\src\\db\\postgres.js","all":true,"statementMap":{"0":{"start":{"line":1,"column":0},"end":{"line":1,"column":13}},"1":{"start":{"line":2,"column":0},"end":{"line":2,"column":0}},"2":{"start":{"line":3,"column":0},"end":{"line":3,"column":31}},"3":{"start":{"line":4,"column":0},"end":{"line":4,"column":0}},"4":{"start":{"line":5,"column":0},"end":{"line":5,"column":17}},"5":{"start":{"line":6,"column":0},"end":{"line":6,"column":0}},"6":{"start":{"line":7,"column":0},"end":{"line":7,"column":20}},"7":{"start":{"line":8,"column":0},"end":{"line":8,"column":15}},"8":{"start":{"line":9,"column":0},"end":{"line":9,"column":75}},"9":{"start":{"line":10,"column":0},"end":{"line":10,"column":81}},"10":{"start":{"line":11,"column":0},"end":{"line":11,"column":19}},"11":{"start":{"line":12,"column":0},"end":{"line":12,"column":88}},"12":{"start":{"line":13,"column":0},"end":{"line":13,"column":18}},"13":{"start":{"line":14,"column":0},"end":{"line":14,"column":5}},"14":{"start":{"line":15,"column":0},"end":{"line":15,"column":22}},"15":{"start":{"line":16,"column":0},"end":{"line":16,"column":32}},"16":{"start":{"line":17,"column":0},"end":{"line":17,"column":76}},"17":{"start":{"line":18,"column":0},"end":{"line":18,"column":37}},"18":{"start":{"line":19,"column":0},"end":{"line":19,"column":37}},"19":{"start":{"line":20,"column":0},"end":{"line":20,"column":87}},"20":{"start":{"line":21,"column":0},"end":{"line":21,"column":7}},"21":{"start":{"line":22,"column":0},"end":{"line":22,"column":32}},"22":{"start":{"line":23,"column":0},"end":{"line":23,"column":62}},"23":{"start":{"line":24,"column":0},"end":{"line":24,"column":7}},"24":{"start":{"line":25,"column":0},"end":{"line":25,"column":65}},"25":{"start":{"line":26,"column":0},"end":{"line":26,"column":3}},"26":{"start":{"line":27,"column":0},"end":{"line":27,"column":15}},"27":{"start":{"line":28,"column":0},"end":{"line":28,"column":1}},"28":{"start":{"line":29,"column":0},"end":{"line":29,"column":0}},"29":{"start":{"line":30,"column":0},"end":{"line":30,"column":3}},"30":{"start":{"line":31,"column":0},"end":{"line":31,"column":35}},"31":{"start":{"line":32,"column":0},"end":{"line":32,"column":73}},"32":{"start":{"line":33,"column":0},"end":{"line":33,"column":70}},"33":{"start":{"line":34,"column":0},"end":{"line":34,"column":48}},"34":{"start":{"line":35,"column":0},"end":{"line":35,"column":3}},"35":{"start":{"line":36,"column":0},"end":{"line":36,"column":40}},"36":{"start":{"line":37,"column":0},"end":{"line":37,"column":25}},"37":{"start":{"line":38,"column":0},"end":{"line":38,"column":14}},"38":{"start":{"line":39,"column":0},"end":{"line":39,"column":20}},"39":{"start":{"line":40,"column":0},"end":{"line":40,"column":42}},"40":{"start":{"line":41,"column":0},"end":{"line":41,"column":67}},"41":{"start":{"line":42,"column":0},"end":{"line":42,"column":6}},"42":{"start":{"line":43,"column":0},"end":{"line":43,"column":3}},"43":{"start":{"line":44,"column":0},"end":{"line":44,"column":33}},"44":{"start":{"line":45,"column":0},"end":{"line":45,"column":1}},"45":{"start":{"line":46,"column":0},"end":{"line":46,"column":0}},"46":{"start":{"line":47,"column":0},"end":{"line":47,"column":30}},"47":{"start":{"line":48,"column":0},"end":{"line":48,"column":7}},"48":{"start":{"line":49,"column":0},"end":{"line":49,"column":27}},"49":{"start":{"line":50,"column":0},"end":{"line":50,"column":34}},"50":{"start":{"line":51,"column":0},"end":{"line":51,"column":33}},"51":{"start":{"line":52,"column":0},"end":{"line":52,"column":16}},"52":{"start":{"line":53,"column":0},"end":{"line":53,"column":15}},"53":{"start":{"line":54,"column":0},"end":{"line":54,"column":33}},"54":{"start":{"line":55,"column":0},"end":{"line":55,"column":3}},"55":{"start":{"line":56,"column":0},"end":{"line":56,"column":1}},"56":{"start":{"line":57,"column":0},"end":{"line":57,"column":0}},"57":{"start":{"line":58,"column":0},"end":{"line":58,"column":74}},"58":{"start":{"line":59,"column":0},"end":{"line":59,"column":82}},"59":{"start":{"line":60,"column":0},"end":{"line":60,"column":0}},"60":{"start":{"line":61,"column":0},"end":{"line":61,"column":35}},"61":{"start":{"line":62,"column":0},"end":{"line":62,"column":41}},"62":{"start":{"line":63,"column":0},"end":{"line":63,"column":37}}},"s":{"0":0,"1":0,"2":0,"3":0,"4":0,"5":0,"6":0,"7":0,"8":0,"9":0,"10":0,"11":0,"12":0,"13":0,"14":0,"15":0,"16":0,"17":0,"18":0,"19":0,"20":0,"21":0,"22":0,"23":0,"24":0,"25":0,"26":0,"27":0,"28":0,"29":0,"30":0,"31":0,"32":0,"33":0,"34":0,"35":0,"36":0,"37":0,"38":0,"39":0,"40":0,"41":0,"42":0,"43":0,"44":0,"45":0,"46":0,"47":0,"48":0,"49":0,"50":0,"51":0,"52":0,"53":0,"54":0,"55":0,"56":0,"57":0,"58":0,"59":0,"60":0,"61":0,"62":0},"branchMap":{"0":{"type":"branch","line":1,"loc":{"start":{"line":1,"column":0},"end":{"line":63,"column":37}},"locations":[{"start":{"line":1,"column":0},"end":{"line":63,"column":37}}]}},"b":{"0":[0]},"fnMap":{"0":{"name":"(empty-report)","decl":{"start":{"line":1,"column":0},"end":{"line":63,"column":37}},"loc":{"start":{"line":1,"column":0},"end":{"line":63,"column":37}},"line":1}},"f":{"0":0}}
,"C:\\Users\\camil\\Desktop\\Fittreacker\\fittracker-backend\\backend\\src\\middleware\\featureFlags.js": {"path":"C:\\Users\\camil\\Desktop\\Fittreacker\\fittracker-backend\\backend\\src\\middleware\\featureFlags.js","all":false,"statementMap":{"0":{"start":{"line":1,"column":0},"end":{"line":1,"column":13}},"1":{"start":{"line":2,"column":0},"end":{"line":2,"column":0}},"2":{"start":{"line":3,"column":0},"end":{"line":3,"column":15}},"3":{"start":{"line":4,"column":0},"end":{"line":4,"column":60}},"4":{"start":{"line":5,"column":0},"end":{"line":5,"column":60}},"5":{"start":{"line":6,"column":0},"end":{"line":6,"column":60}},"6":{"start":{"line":7,"column":0},"end":{"line":7,"column":60}},"7":{"start":{"line":8,"column":0},"end":{"line":8,"column":2}},"8":{"start":{"line":9,"column":0},"end":{"line":9,"column":0}},"9":{"start":{"line":10,"column":0},"end":{"line":10,"column":3}},"10":{"start":{"line":11,"column":0},"end":{"line":11,"column":73}},"11":{"start":{"line":12,"column":0},"end":{"line":12,"column":75}},"12":{"start":{"line":13,"column":0},"end":{"line":13,"column":75}},"13":{"start":{"line":14,"column":0},"end":{"line":14,"column":76}},"14":{"start":{"line":15,"column":0},"end":{"line":15,"column":3}},"15":{"start":{"line":16,"column":0},"end":{"line":16,"column":24}},"16":{"start":{"line":17,"column":0},"end":{"line":17,"column":49}},"17":{"start":{"line":18,"column":0},"end":{"line":18,"column":52}},"18":{"start":{"line":19,"column":0},"end":{"line":19,"column":41}},"19":{"start":{"line":20,"column":0},"end":{"line":20,"column":35}},"20":{"start":{"line":21,"column":0},"end":{"line":21,"column":66}},"21":{"start":{"line":22,"column":0},"end":{"line":22,"column":13}},"22":{"start":{"line":23,"column":0},"end":{"line":23,"column":66}},"23":{"start":{"line":24,"column":0},"end":{"line":24,"column":9}},"24":{"start":{"line":25,"column":0},"end":{"line":25,"column":5}},"25":{"start":{"line":26,"column":0},"end":{"line":26,"column":11}},"26":{"start":{"line":27,"column":0},"end":{"line":27,"column":4}},"27":{"start":{"line":28,"column":0},"end":{"line":28,"column":1}},"28":{"start":{"line":29,"column":0},"end":{"line":29,"column":0}},"29":{"start":{"line":30,"column":0},"end":{"line":30,"column":36}}},"s":{"0":1,"1":1,"2":1,"3":1,"4":1,"5":1,"6":1,"7":1,"8":1,"9":1,"10":1,"11":1,"12":1,"13":1,"14":1,"15":22,"16":22,"17":22,"18":16,"19":5,"20":5,"21":5,"22":5,"23":5,"24":5,"25":11,"26":22,"27":22,"28":1,"29":1},"branchMap":{"0":{"type":"branch","line":16,"loc":{"start":{"line":16,"column":0},"end":{"line":28,"column":1}},"locations":[{"start":{"line":16,"column":0},"end":{"line":28,"column":1}}]},"1":{"type":"branch","line":18,"loc":{"start":{"line":18,"column":9},"end":{"line":27,"column":3}},"locations":[{"start":{"line":18,"column":9},"end":{"line":27,"column":3}}]},"2":{"type":"branch","line":19,"loc":{"start":{"line":19,"column":40},"end":{"line":25,"column":5}},"locations":[{"start":{"line":19,"column":40},"end":{"line":25,"column":5}}]},"3":{"type":"branch","line":25,"loc":{"start":{"line":25,"column":4},"end":{"line":27,"column":3}},"locations":[{"start":{"line":25,"column":4},"end":{"line":27,"column":3}}]}},"b":{"0":[22],"1":[16],"2":[5],"3":[11]},"fnMap":{"0":{"name":"require","decl":{"start":{"line":16,"column":0},"end":{"line":28,"column":1}},"loc":{"start":{"line":16,"column":0},"end":{"line":28,"column":1}},"line":16},"1":{"name":"featureFlagGuard","decl":{"start":{"line":18,"column":9},"end":{"line":27,"column":3}},"loc":{"start":{"line":18,"column":9},"end":{"line":27,"column":3}},"line":18}},"f":{"0":22,"1":16}}
,"C:\\Users\\camil\\Desktop\\Fittreacker\\fittracker-backend\\backend\\src\\middleware\\rateLimiter.js": {"path":"C:\\Users\\camil\\Desktop\\Fittreacker\\fittracker-backend\\backend\\src\\middleware\\rateLimiter.js","all":false,"statementMap":{"0":{"start":{"line":1,"column":0},"end":{"line":1,"column":13}},"1":{"start":{"line":2,"column":0},"end":{"line":2,"column":0}},"2":{"start":{"line":3,"column":0},"end":{"line":3,"column":48}},"3":{"start":{"line":4,"column":0},"end":{"line":4,"column":0}},"4":{"start":{"line":5,"column":0},"end":{"line":5,"column":53}},"5":{"start":{"line":6,"column":0},"end":{"line":6,"column":47}},"6":{"start":{"line":7,"column":0},"end":{"line":7,"column":0}},"7":{"start":{"line":8,"column":0},"end":{"line":8,"column":52}},"8":{"start":{"line":9,"column":0},"end":{"line":9,"column":31}},"9":{"start":{"line":10,"column":0},"end":{"line":10,"column":33}},"10":{"start":{"line":11,"column":0},"end":{"line":11,"column":35}},"11":{"start":{"line":12,"column":0},"end":{"line":12,"column":24}},"12":{"start":{"line":13,"column":0},"end":{"line":13,"column":24}},"13":{"start":{"line":14,"column":0},"end":{"line":14,"column":31}},"14":{"start":{"line":15,"column":0},"end":{"line":15,"column":77}},"15":{"start":{"line":16,"column":0},"end":{"line":16,"column":34}},"16":{"start":{"line":17,"column":0},"end":{"line":17,"column":3}},"17":{"start":{"line":18,"column":0},"end":{"line":18,"column":0}},"18":{"start":{"line":19,"column":0},"end":{"line":19,"column":50}},"19":{"start":{"line":20,"column":0},"end":{"line":20,"column":34}},"20":{"start":{"line":21,"column":0},"end":{"line":21,"column":28}},"21":{"start":{"line":22,"column":0},"end":{"line":22,"column":37}},"22":{"start":{"line":23,"column":0},"end":{"line":23,"column":24}},"23":{"start":{"line":24,"column":0},"end":{"line":24,"column":24}},"24":{"start":{"line":25,"column":0},"end":{"line":25,"column":31}},"25":{"start":{"line":26,"column":0},"end":{"line":26,"column":88}},"26":{"start":{"line":27,"column":0},"end":{"line":27,"column":3}},"27":{"start":{"line":28,"column":0},"end":{"line":28,"column":0}},"28":{"start":{"line":29,"column":0},"end":{"line":29,"column":49}}},"s":{"0":1,"1":1,"2":1,"3":1,"4":1,"5":1,"6":1,"7":1,"8":1,"9":1,"10":1,"11":1,"12":1,"13":1,"14":1,"15":1,"16":1,"17":1,"18":1,"19":1,"20":1,"21":1,"22":1,"23":1,"24":1,"25":1,"26":1,"27":1,"28":1},"branchMap":{"0":{"type":"branch","line":11,"loc":{"start":{"line":11,"column":29},"end":{"line":11,"column":34}},"locations":[{"start":{"line":11,"column":29},"end":{"line":11,"column":34}}]},"1":{"type":"branch","line":22,"loc":{"start":{"line":22,"column":30},"end":{"line":22,"column":36}},"locations":[{"start":{"line":22,"column":30},"end":{"line":22,"column":36}}]},"2":{"type":"branch","line":14,"loc":{"start":{"line":14,"column":18},"end":{"line":14,"column":30}},"locations":[{"start":{"line":14,"column":18},"end":{"line":14,"column":30}}]},"3":{"type":"branch","line":25,"loc":{"start":{"line":25,"column":18},"end":{"line":25,"column":30}},"locations":[{"start":{"line":25,"column":18},"end":{"line":25,"column":30}}]}},"b":{"0":[0],"1":[0],"2":[83],"3":[536]},"fnMap":{"0":{"name":"skip","decl":{"start":{"line":14,"column":18},"end":{"line":14,"column":30}},"loc":{"start":{"line":14,"column":18},"end":{"line":14,"column":30}},"line":14},"1":{"name":"keyGenerator","decl":{"start":{"line":16,"column":19},"end":{"line":16,"column":34}},"loc":{"start":{"line":16,"column":19},"end":{"line":16,"column":34}},"line":16},"2":{"name":"skip","decl":{"start":{"line":25,"column":18},"end":{"line":25,"column":30}},"loc":{"start":{"line":25,"column":18},"end":{"line":25,"column":30}},"line":25}},"f":{"0":83,"1":0,"2":536}}
,"C:\\Users\\camil\\Desktop\\Fittreacker\\fittracker-backend\\backend\\src\\middleware\\requestId.js": {"path":"C:\\Users\\camil\\Desktop\\Fittreacker\\fittracker-backend\\backend\\src\\middleware\\requestId.js","all":false,"statementMap":{"0":{"start":{"line":1,"column":0},"end":{"line":1,"column":13}},"1":{"start":{"line":2,"column":0},"end":{"line":2,"column":0}},"2":{"start":{"line":3,"column":0},"end":{"line":3,"column":41}},"3":{"start":{"line":4,"column":0},"end":{"line":4,"column":0}},"4":{"start":{"line":5,"column":0},"end":{"line":5,"column":3}},"5":{"start":{"line":6,"column":0},"end":{"line":6,"column":53}},"6":{"start":{"line":7,"column":0},"end":{"line":7,"column":60}},"7":{"start":{"line":8,"column":0},"end":{"line":8,"column":70}},"8":{"start":{"line":9,"column":0},"end":{"line":9,"column":3}},"9":{"start":{"line":10,"column":0},"end":{"line":10,"column":36}},"10":{"start":{"line":11,"column":0},"end":{"line":11,"column":70}},"11":{"start":{"line":12,"column":0},"end":{"line":12,"column":40}},"12":{"start":{"line":13,"column":0},"end":{"line":13,"column":9}},"13":{"start":{"line":14,"column":0},"end":{"line":14,"column":1}},"14":{"start":{"line":15,"column":0},"end":{"line":15,"column":0}},"15":{"start":{"line":16,"column":0},"end":{"line":16,"column":27}}},"s":{"0":1,"1":1,"2":1,"3":1,"4":1,"5":1,"6":1,"7":1,"8":1,"9":536,"10":536,"11":536,"12":536,"13":536,"14":1,"15":1},"branchMap":{"0":{"type":"branch","line":10,"loc":{"start":{"line":10,"column":0},"end":{"line":14,"column":1}},"locations":[{"start":{"line":10,"column":0},"end":{"line":14,"column":1}}]}},"b":{"0":[536]},"fnMap":{"0":{"name":"requestId","decl":{"start":{"line":10,"column":0},"end":{"line":14,"column":1}},"loc":{"start":{"line":10,"column":0},"end":{"line":14,"column":1}},"line":10}},"f":{"0":536}}
,"C:\\Users\\camil\\Desktop\\Fittreacker\\fittracker-backend\\backend\\src\\routes\\v1\\ai.js": {"path":"C:\\Users\\camil\\Desktop\\Fittreacker\\fittracker-backend\\backend\\src\\routes\\v1\\ai.js","all":false,"statementMap":{"0":{"start":{"line":1,"column":0},"end":{"line":1,"column":13}},"1":{"start":{"line":2,"column":0},"end":{"line":2,"column":0}},"2":{"start":{"line":3,"column":0},"end":{"line":3,"column":44}},"3":{"start":{"line":4,"column":0},"end":{"line":4,"column":42}},"4":{"start":{"line":5,"column":0},"end":{"line":5,"column":54}},"5":{"start":{"line":6,"column":0},"end":{"line":6,"column":65}},"6":{"start":{"line":7,"column":0},"end":{"line":7,"column":43}},"7":{"start":{"line":8,"column":0},"end":{"line":8,"column":61}},"8":{"start":{"line":9,"column":0},"end":{"line":9,"column":62}},"9":{"start":{"line":10,"column":0},"end":{"line":10,"column":74}},"10":{"start":{"line":11,"column":0},"end":{"line":11,"column":0}},"11":{"start":{"line":12,"column":0},"end":{"line":12,"column":82}},"12":{"start":{"line":13,"column":0},"end":{"line":13,"column":0}},"13":{"start":{"line":14,"column":0},"end":{"line":14,"column":41}},"14":{"start":{"line":15,"column":0},"end":{"line":15,"column":28}},"15":{"start":{"line":16,"column":0},"end":{"line":16,"column":34}},"16":{"start":{"line":17,"column":0},"end":{"line":17,"column":98}},"17":{"start":{"line":18,"column":0},"end":{"line":18,"column":15}},"18":{"start":{"line":19,"column":0},"end":{"line":19,"column":4}},"19":{"start":{"line":20,"column":0},"end":{"line":20,"column":14}},"20":{"start":{"line":21,"column":0},"end":{"line":21,"column":1}},"21":{"start":{"line":22,"column":0},"end":{"line":22,"column":0}},"22":{"start":{"line":23,"column":0},"end":{"line":23,"column":48}},"23":{"start":{"line":24,"column":0},"end":{"line":24,"column":42}},"24":{"start":{"line":25,"column":0},"end":{"line":25,"column":41}},"25":{"start":{"line":26,"column":0},"end":{"line":26,"column":7}},"26":{"start":{"line":27,"column":0},"end":{"line":27,"column":32}},"27":{"start":{"line":28,"column":0},"end":{"line":28,"column":41}},"28":{"start":{"line":29,"column":0},"end":{"line":29,"column":25}},"29":{"start":{"line":30,"column":0},"end":{"line":30,"column":63}},"30":{"start":{"line":31,"column":0},"end":{"line":31,"column":26}},"31":{"start":{"line":32,"column":0},"end":{"line":32,"column":102}},"32":{"start":{"line":33,"column":0},"end":{"line":33,"column":39}},"33":{"start":{"line":34,"column":0},"end":{"line":34,"column":8}},"34":{"start":{"line":35,"column":0},"end":{"line":35,"column":5}},"35":{"start":{"line":36,"column":0},"end":{"line":36,"column":33}},"36":{"start":{"line":37,"column":0},"end":{"line":37,"column":17}},"37":{"start":{"line":38,"column":0},"end":{"line":38,"column":35}},"38":{"start":{"line":39,"column":0},"end":{"line":39,"column":60}},"39":{"start":{"line":40,"column":0},"end":{"line":40,"column":13}},"40":{"start":{"line":41,"column":0},"end":{"line":41,"column":21}},"41":{"start":{"line":42,"column":0},"end":{"line":42,"column":3}},"42":{"start":{"line":43,"column":0},"end":{"line":43,"column":1}},"43":{"start":{"line":44,"column":0},"end":{"line":44,"column":0}},"44":{"start":{"line":45,"column":0},"end":{"line":45,"column":45}},"45":{"start":{"line":46,"column":0},"end":{"line":46,"column":32}},"46":{"start":{"line":47,"column":0},"end":{"line":47,"column":71}},"47":{"start":{"line":48,"column":0},"end":{"line":48,"column":17}},"48":{"start":{"line":49,"column":0},"end":{"line":49,"column":0}},"49":{"start":{"line":50,"column":0},"end":{"line":50,"column":100}},"50":{"start":{"line":51,"column":0},"end":{"line":51,"column":56}},"51":{"start":{"line":52,"column":0},"end":{"line":52,"column":0}},"52":{"start":{"line":53,"column":0},"end":{"line":53,"column":92}},"53":{"start":{"line":54,"column":0},"end":{"line":54,"column":87}},"54":{"start":{"line":55,"column":0},"end":{"line":55,"column":102}},"55":{"start":{"line":56,"column":0},"end":{"line":56,"column":101}},"56":{"start":{"line":57,"column":0},"end":{"line":57,"column":98}},"57":{"start":{"line":58,"column":0},"end":{"line":58,"column":0}},"58":{"start":{"line":59,"column":0},"end":{"line":59,"column":125}},"59":{"start":{"line":60,"column":0},"end":{"line":60,"column":124}},"60":{"start":{"line":61,"column":0},"end":{"line":61,"column":124}},"61":{"start":{"line":62,"column":0},"end":{"line":62,"column":0}},"62":{"start":{"line":63,"column":0},"end":{"line":63,"column":138}},"63":{"start":{"line":64,"column":0},"end":{"line":64,"column":132}},"64":{"start":{"line":65,"column":0},"end":{"line":65,"column":106}},"65":{"start":{"line":66,"column":0},"end":{"line":66,"column":113}},"66":{"start":{"line":67,"column":0},"end":{"line":67,"column":0}},"67":{"start":{"line":68,"column":0},"end":{"line":68,"column":113}},"68":{"start":{"line":69,"column":0},"end":{"line":69,"column":122}},"69":{"start":{"line":70,"column":0},"end":{"line":70,"column":0}},"70":{"start":{"line":71,"column":0},"end":{"line":71,"column":102}},"71":{"start":{"line":72,"column":0},"end":{"line":72,"column":76}},"72":{"start":{"line":73,"column":0},"end":{"line":73,"column":0}},"73":{"start":{"line":74,"column":0},"end":{"line":74,"column":57}},"74":{"start":{"line":75,"column":0},"end":{"line":75,"column":74}},"75":{"start":{"line":76,"column":0},"end":{"line":76,"column":56}},"76":{"start":{"line":77,"column":0},"end":{"line":77,"column":73}},"77":{"start":{"line":78,"column":0},"end":{"line":78,"column":0}},"78":{"start":{"line":79,"column":0},"end":{"line":79,"column":117}},"79":{"start":{"line":80,"column":0},"end":{"line":80,"column":0}},"80":{"start":{"line":81,"column":0},"end":{"line":81,"column":13}},"81":{"start":{"line":82,"column":0},"end":{"line":82,"column":1}},"82":{"start":{"line":83,"column":0},"end":{"line":83,"column":0}},"83":{"start":{"line":84,"column":0},"end":{"line":84,"column":82}},"84":{"start":{"line":85,"column":0},"end":{"line":85,"column":52}},"85":{"start":{"line":86,"column":0},"end":{"line":86,"column":21}},"86":{"start":{"line":87,"column":0},"end":{"line":87,"column":53}},"87":{"start":{"line":88,"column":0},"end":{"line":88,"column":50}},"88":{"start":{"line":89,"column":0},"end":{"line":89,"column":67}},"89":{"start":{"line":90,"column":0},"end":{"line":90,"column":4}},"90":{"start":{"line":91,"column":0},"end":{"line":91,"column":20}},"91":{"start":{"line":92,"column":0},"end":{"line":92,"column":56}},"92":{"start":{"line":93,"column":0},"end":{"line":93,"column":56}},"93":{"start":{"line":94,"column":0},"end":{"line":94,"column":58}},"94":{"start":{"line":95,"column":0},"end":{"line":95,"column":48}},"95":{"start":{"line":96,"column":0},"end":{"line":96,"column":57}},"96":{"start":{"line":97,"column":0},"end":{"line":97,"column":4}},"97":{"start":{"line":98,"column":0},"end":{"line":98,"column":0}},"98":{"start":{"line":99,"column":0},"end":{"line":99,"column":46}},"99":{"start":{"line":100,"column":0},"end":{"line":100,"column":24}},"100":{"start":{"line":101,"column":0},"end":{"line":101,"column":20}},"101":{"start":{"line":102,"column":0},"end":{"line":102,"column":59}},"102":{"start":{"line":103,"column":0},"end":{"line":103,"column":72}},"103":{"start":{"line":104,"column":0},"end":{"line":104,"column":6}},"104":{"start":{"line":105,"column":0},"end":{"line":105,"column":54}},"105":{"start":{"line":106,"column":0},"end":{"line":106,"column":187}},"106":{"start":{"line":107,"column":0},"end":{"line":107,"column":3}},"107":{"start":{"line":108,"column":0},"end":{"line":108,"column":0}},"108":{"start":{"line":109,"column":0},"end":{"line":109,"column":24}},"109":{"start":{"line":110,"column":0},"end":{"line":110,"column":41}},"110":{"start":{"line":111,"column":0},"end":{"line":111,"column":67}},"111":{"start":{"line":112,"column":0},"end":{"line":112,"column":48}},"112":{"start":{"line":113,"column":0},"end":{"line":113,"column":52}},"113":{"start":{"line":114,"column":0},"end":{"line":114,"column":50}},"114":{"start":{"line":115,"column":0},"end":{"line":115,"column":102}},"115":{"start":{"line":116,"column":0},"end":{"line":116,"column":72}},"116":{"start":{"line":117,"column":0},"end":{"line":117,"column":72}},"117":{"start":{"line":118,"column":0},"end":{"line":118,"column":50}},"118":{"start":{"line":119,"column":0},"end":{"line":119,"column":0}},"119":{"start":{"line":120,"column":0},"end":{"line":120,"column":34}},"120":{"start":{"line":121,"column":0},"end":{"line":121,"column":117}},"121":{"start":{"line":122,"column":0},"end":{"line":122,"column":9}},"122":{"start":{"line":123,"column":0},"end":{"line":123,"column":0}},"123":{"start":{"line":124,"column":0},"end":{"line":124,"column":131}},"124":{"start":{"line":125,"column":0},"end":{"line":125,"column":0}},"125":{"start":{"line":126,"column":0},"end":{"line":126,"column":19}},"126":{"start":{"line":127,"column":0},"end":{"line":127,"column":41}},"127":{"start":{"line":128,"column":0},"end":{"line":128,"column":0}},"128":{"start":{"line":129,"column":0},"end":{"line":129,"column":12}},"129":{"start":{"line":130,"column":0},"end":{"line":130,"column":104}},"130":{"start":{"line":131,"column":0},"end":{"line":131,"column":79}},"131":{"start":{"line":132,"column":0},"end":{"line":132,"column":71}},"132":{"start":{"line":133,"column":0},"end":{"line":133,"column":67}},"133":{"start":{"line":134,"column":0},"end":{"line":134,"column":46}},"134":{"start":{"line":135,"column":0},"end":{"line":135,"column":65}},"135":{"start":{"line":136,"column":0},"end":{"line":136,"column":65}},"136":{"start":{"line":137,"column":0},"end":{"line":137,"column":0}},"137":{"start":{"line":138,"column":0},"end":{"line":138,"column":25}},"138":{"start":{"line":139,"column":0},"end":{"line":139,"column":64}},"139":{"start":{"line":140,"column":0},"end":{"line":140,"column":55}},"140":{"start":{"line":141,"column":0},"end":{"line":141,"column":56}},"141":{"start":{"line":142,"column":0},"end":{"line":142,"column":93}},"142":{"start":{"line":143,"column":0},"end":{"line":143,"column":87}},"143":{"start":{"line":144,"column":0},"end":{"line":144,"column":72}},"144":{"start":{"line":145,"column":0},"end":{"line":145,"column":90}},"145":{"start":{"line":146,"column":0},"end":{"line":146,"column":78}},"146":{"start":{"line":147,"column":0},"end":{"line":147,"column":80}},"147":{"start":{"line":148,"column":0},"end":{"line":148,"column":82}},"148":{"start":{"line":149,"column":0},"end":{"line":149,"column":74}},"149":{"start":{"line":150,"column":0},"end":{"line":150,"column":1}},"150":{"start":{"line":151,"column":0},"end":{"line":151,"column":0}},"151":{"start":{"line":152,"column":0},"end":{"line":152,"column":81}},"152":{"start":{"line":153,"column":0},"end":{"line":153,"column":18}},"153":{"start":{"line":154,"column":0},"end":{"line":154,"column":78}},"154":{"start":{"line":155,"column":0},"end":{"line":155,"column":102}},"155":{"start":{"line":156,"column":0},"end":{"line":156,"column":113}},"156":{"start":{"line":157,"column":0},"end":{"line":157,"column":90}},"157":{"start":{"line":158,"column":0},"end":{"line":158,"column":68}},"158":{"start":{"line":159,"column":0},"end":{"line":159,"column":77}},"159":{"start":{"line":160,"column":0},"end":{"line":160,"column":71}},"160":{"start":{"line":161,"column":0},"end":{"line":161,"column":51}},"161":{"start":{"line":162,"column":0},"end":{"line":162,"column":92}},"162":{"start":{"line":163,"column":0},"end":{"line":163,"column":76}},"163":{"start":{"line":164,"column":0},"end":{"line":164,"column":45}},"164":{"start":{"line":165,"column":0},"end":{"line":165,"column":82}},"165":{"start":{"line":166,"column":0},"end":{"line":166,"column":73}},"166":{"start":{"line":167,"column":0},"end":{"line":167,"column":100}},"167":{"start":{"line":168,"column":0},"end":{"line":168,"column":2}},"168":{"start":{"line":169,"column":0},"end":{"line":169,"column":0}},"169":{"start":{"line":170,"column":0},"end":{"line":170,"column":23}},"170":{"start":{"line":171,"column":0},"end":{"line":171,"column":56}},"171":{"start":{"line":172,"column":0},"end":{"line":172,"column":36}},"172":{"start":{"line":173,"column":0},"end":{"line":173,"column":3}},"173":{"start":{"line":174,"column":0},"end":{"line":174,"column":19}},"174":{"start":{"line":175,"column":0},"end":{"line":175,"column":1}},"175":{"start":{"line":176,"column":0},"end":{"line":176,"column":0}},"176":{"start":{"line":177,"column":0},"end":{"line":177,"column":26}},"177":{"start":{"line":178,"column":0},"end":{"line":178,"column":65}},"178":{"start":{"line":179,"column":0},"end":{"line":179,"column":57}},"179":{"start":{"line":180,"column":0},"end":{"line":180,"column":70}},"180":{"start":{"line":181,"column":0},"end":{"line":181,"column":4}},"181":{"start":{"line":182,"column":0},"end":{"line":182,"column":57}},"182":{"start":{"line":183,"column":0},"end":{"line":183,"column":1}},"183":{"start":{"line":184,"column":0},"end":{"line":184,"column":0}},"184":{"start":{"line":185,"column":0},"end":{"line":185,"column":30}},"185":{"start":{"line":186,"column":0},"end":{"line":186,"column":17}},"186":{"start":{"line":187,"column":0},"end":{"line":187,"column":11}},"187":{"start":{"line":188,"column":0},"end":{"line":188,"column":76}},"188":{"start":{"line":189,"column":0},"end":{"line":189,"column":13}},"189":{"start":{"line":190,"column":0},"end":{"line":190,"column":191}},"190":{"start":{"line":191,"column":0},"end":{"line":191,"column":176}},"191":{"start":{"line":192,"column":0},"end":{"line":192,"column":174}},"192":{"start":{"line":193,"column":0},"end":{"line":193,"column":200}},"193":{"start":{"line":194,"column":0},"end":{"line":194,"column":8}},"194":{"start":{"line":195,"column":0},"end":{"line":195,"column":104}},"195":{"start":{"line":196,"column":0},"end":{"line":196,"column":6}},"196":{"start":{"line":197,"column":0},"end":{"line":197,"column":11}},"197":{"start":{"line":198,"column":0},"end":{"line":198,"column":76}},"198":{"start":{"line":199,"column":0},"end":{"line":199,"column":13}},"199":{"start":{"line":200,"column":0},"end":{"line":200,"column":179}},"200":{"start":{"line":201,"column":0},"end":{"line":201,"column":188}},"201":{"start":{"line":202,"column":0},"end":{"line":202,"column":181}},"202":{"start":{"line":203,"column":0},"end":{"line":203,"column":178}},"203":{"start":{"line":204,"column":0},"end":{"line":204,"column":177}},"204":{"start":{"line":205,"column":0},"end":{"line":205,"column":8}},"205":{"start":{"line":206,"column":0},"end":{"line":206,"column":110}},"206":{"start":{"line":207,"column":0},"end":{"line":207,"column":6}},"207":{"start":{"line":208,"column":0},"end":{"line":208,"column":15}},"208":{"start":{"line":209,"column":0},"end":{"line":209,"column":78}},"209":{"start":{"line":210,"column":0},"end":{"line":210,"column":13}},"210":{"start":{"line":211,"column":0},"end":{"line":211,"column":170}},"211":{"start":{"line":212,"column":0},"end":{"line":212,"column":178}},"212":{"start":{"line":213,"column":0},"end":{"line":213,"column":163}},"213":{"start":{"line":214,"column":0},"end":{"line":214,"column":8}},"214":{"start":{"line":215,"column":0},"end":{"line":215,"column":96}},"215":{"start":{"line":216,"column":0},"end":{"line":216,"column":6}},"216":{"start":{"line":217,"column":0},"end":{"line":217,"column":4}},"217":{"start":{"line":218,"column":0},"end":{"line":218,"column":39}},"218":{"start":{"line":219,"column":0},"end":{"line":219,"column":1}},"219":{"start":{"line":220,"column":0},"end":{"line":220,"column":0}},"220":{"start":{"line":221,"column":0},"end":{"line":221,"column":30}},"221":{"start":{"line":222,"column":0},"end":{"line":222,"column":61}},"222":{"start":{"line":223,"column":0},"end":{"line":223,"column":35}},"223":{"start":{"line":224,"column":0},"end":{"line":224,"column":38}},"224":{"start":{"line":225,"column":0},"end":{"line":225,"column":39}},"225":{"start":{"line":226,"column":0},"end":{"line":226,"column":18}},"226":{"start":{"line":227,"column":0},"end":{"line":227,"column":3}},"227":{"start":{"line":228,"column":0},"end":{"line":228,"column":20}},"228":{"start":{"line":229,"column":0},"end":{"line":229,"column":11}},"229":{"start":{"line":230,"column":0},"end":{"line":230,"column":127}},"230":{"start":{"line":231,"column":0},"end":{"line":231,"column":115}},"231":{"start":{"line":232,"column":0},"end":{"line":232,"column":141}},"232":{"start":{"line":233,"column":0},"end":{"line":233,"column":124}},"233":{"start":{"line":234,"column":0},"end":{"line":234,"column":136}},"234":{"start":{"line":235,"column":0},"end":{"line":235,"column":6}},"235":{"start":{"line":236,"column":0},"end":{"line":236,"column":11}},"236":{"start":{"line":237,"column":0},"end":{"line":237,"column":137}},"237":{"start":{"line":238,"column":0},"end":{"line":238,"column":144}},"238":{"start":{"line":239,"column":0},"end":{"line":239,"column":145}},"239":{"start":{"line":240,"column":0},"end":{"line":240,"column":118}},"240":{"start":{"line":241,"column":0},"end":{"line":241,"column":126}},"241":{"start":{"line":242,"column":0},"end":{"line":242,"column":133}},"242":{"start":{"line":243,"column":0},"end":{"line":243,"column":6}},"243":{"start":{"line":244,"column":0},"end":{"line":244,"column":15}},"244":{"start":{"line":245,"column":0},"end":{"line":245,"column":131}},"245":{"start":{"line":246,"column":0},"end":{"line":246,"column":127}},"246":{"start":{"line":247,"column":0},"end":{"line":247,"column":113}},"247":{"start":{"line":248,"column":0},"end":{"line":248,"column":132}},"248":{"start":{"line":249,"column":0},"end":{"line":249,"column":113}},"249":{"start":{"line":250,"column":0},"end":{"line":250,"column":6}},"250":{"start":{"line":251,"column":0},"end":{"line":251,"column":4}},"251":{"start":{"line":252,"column":0},"end":{"line":252,"column":52}},"252":{"start":{"line":253,"column":0},"end":{"line":253,"column":91}},"253":{"start":{"line":254,"column":0},"end":{"line":254,"column":98}},"254":{"start":{"line":255,"column":0},"end":{"line":255,"column":10}},"255":{"start":{"line":256,"column":0},"end":{"line":256,"column":46}},"256":{"start":{"line":257,"column":0},"end":{"line":257,"column":23}},"257":{"start":{"line":258,"column":0},"end":{"line":258,"column":29}},"258":{"start":{"line":259,"column":0},"end":{"line":259,"column":65}},"259":{"start":{"line":260,"column":0},"end":{"line":260,"column":26}},"260":{"start":{"line":261,"column":0},"end":{"line":261,"column":92}},"261":{"start":{"line":262,"column":0},"end":{"line":262,"column":23}},"262":{"start":{"line":263,"column":0},"end":{"line":263,"column":99}},"263":{"start":{"line":264,"column":0},"end":{"line":264,"column":92}},"264":{"start":{"line":265,"column":0},"end":{"line":265,"column":4}},"265":{"start":{"line":266,"column":0},"end":{"line":266,"column":1}},"266":{"start":{"line":267,"column":0},"end":{"line":267,"column":0}},"267":{"start":{"line":268,"column":0},"end":{"line":268,"column":40}},"268":{"start":{"line":269,"column":0},"end":{"line":269,"column":78}},"269":{"start":{"line":270,"column":0},"end":{"line":270,"column":30}},"270":{"start":{"line":271,"column":0},"end":{"line":271,"column":35}},"271":{"start":{"line":272,"column":0},"end":{"line":272,"column":38}},"272":{"start":{"line":273,"column":0},"end":{"line":273,"column":101}},"273":{"start":{"line":274,"column":0},"end":{"line":274,"column":36}},"274":{"start":{"line":275,"column":0},"end":{"line":275,"column":0}},"275":{"start":{"line":276,"column":0},"end":{"line":276,"column":81}},"276":{"start":{"line":277,"column":0},"end":{"line":277,"column":18}},"277":{"start":{"line":278,"column":0},"end":{"line":278,"column":86}},"278":{"start":{"line":279,"column":0},"end":{"line":279,"column":317}},"279":{"start":{"line":280,"column":0},"end":{"line":280,"column":3}},"280":{"start":{"line":281,"column":0},"end":{"line":281,"column":0}},"281":{"start":{"line":282,"column":0},"end":{"line":282,"column":135}},"282":{"start":{"line":283,"column":0},"end":{"line":283,"column":37}},"283":{"start":{"line":284,"column":0},"end":{"line":284,"column":595}},"284":{"start":{"line":285,"column":0},"end":{"line":285,"column":3}},"285":{"start":{"line":286,"column":0},"end":{"line":286,"column":0}},"286":{"start":{"line":287,"column":0},"end":{"line":287,"column":322}},"287":{"start":{"line":288,"column":0},"end":{"line":288,"column":52}},"288":{"start":{"line":289,"column":0},"end":{"line":289,"column":37}},"289":{"start":{"line":290,"column":0},"end":{"line":290,"column":149}},"290":{"start":{"line":291,"column":0},"end":{"line":291,"column":3}},"291":{"start":{"line":292,"column":0},"end":{"line":292,"column":26}},"292":{"start":{"line":293,"column":0},"end":{"line":293,"column":37}},"293":{"start":{"line":294,"column":0},"end":{"line":294,"column":199}},"294":{"start":{"line":295,"column":0},"end":{"line":295,"column":3}},"295":{"start":{"line":296,"column":0},"end":{"line":296,"column":50}},"296":{"start":{"line":297,"column":0},"end":{"line":297,"column":55}},"297":{"start":{"line":298,"column":0},"end":{"line":298,"column":338}},"298":{"start":{"line":299,"column":0},"end":{"line":299,"column":3}},"299":{"start":{"line":300,"column":0},"end":{"line":300,"column":56}},"300":{"start":{"line":301,"column":0},"end":{"line":301,"column":30}},"301":{"start":{"line":302,"column":0},"end":{"line":302,"column":271}},"302":{"start":{"line":303,"column":0},"end":{"line":303,"column":3}},"303":{"start":{"line":304,"column":0},"end":{"line":304,"column":268}},"304":{"start":{"line":305,"column":0},"end":{"line":305,"column":31}},"305":{"start":{"line":306,"column":0},"end":{"line":306,"column":70}},"306":{"start":{"line":307,"column":0},"end":{"line":307,"column":135}},"307":{"start":{"line":308,"column":0},"end":{"line":308,"column":3}},"308":{"start":{"line":309,"column":0},"end":{"line":309,"column":304}},"309":{"start":{"line":310,"column":0},"end":{"line":310,"column":259}},"310":{"start":{"line":311,"column":0},"end":{"line":311,"column":236}},"311":{"start":{"line":312,"column":0},"end":{"line":312,"column":225}},"312":{"start":{"line":313,"column":0},"end":{"line":313,"column":0}},"313":{"start":{"line":314,"column":0},"end":{"line":314,"column":90}},"314":{"start":{"line":315,"column":0},"end":{"line":315,"column":24}},"315":{"start":{"line":316,"column":0},"end":{"line":316,"column":373}},"316":{"start":{"line":317,"column":0},"end":{"line":317,"column":3}},"317":{"start":{"line":318,"column":0},"end":{"line":318,"column":291}},"318":{"start":{"line":319,"column":0},"end":{"line":319,"column":1}},"319":{"start":{"line":320,"column":0},"end":{"line":320,"column":0}},"320":{"start":{"line":321,"column":0},"end":{"line":321,"column":82}},"321":{"start":{"line":322,"column":0},"end":{"line":322,"column":42}},"322":{"start":{"line":323,"column":0},"end":{"line":323,"column":24}},"323":{"start":{"line":324,"column":0},"end":{"line":324,"column":53}},"324":{"start":{"line":325,"column":0},"end":{"line":325,"column":168}},"325":{"start":{"line":326,"column":0},"end":{"line":326,"column":25}},"326":{"start":{"line":327,"column":0},"end":{"line":327,"column":5}},"327":{"start":{"line":328,"column":0},"end":{"line":328,"column":3}},"328":{"start":{"line":329,"column":0},"end":{"line":329,"column":0}},"329":{"start":{"line":330,"column":0},"end":{"line":330,"column":3}},"330":{"start":{"line":331,"column":0},"end":{"line":331,"column":11}},"331":{"start":{"line":332,"column":0},"end":{"line":332,"column":8}},"332":{"start":{"line":333,"column":0},"end":{"line":333,"column":13}},"333":{"start":{"line":334,"column":0},"end":{"line":334,"column":62}},"334":{"start":{"line":335,"column":0},"end":{"line":335,"column":2}},"335":{"start":{"line":336,"column":0},"end":{"line":336,"column":19}},"336":{"start":{"line":337,"column":0},"end":{"line":337,"column":10}},"337":{"start":{"line":338,"column":0},"end":{"line":338,"column":17}},"338":{"start":{"line":339,"column":0},"end":{"line":339,"column":65}},"339":{"start":{"line":340,"column":0},"end":{"line":340,"column":19}},"340":{"start":{"line":341,"column":0},"end":{"line":341,"column":23}},"341":{"start":{"line":342,"column":0},"end":{"line":342,"column":17}},"342":{"start":{"line":343,"column":0},"end":{"line":343,"column":28}},"343":{"start":{"line":344,"column":0},"end":{"line":344,"column":20}},"344":{"start":{"line":345,"column":0},"end":{"line":345,"column":27}},"345":{"start":{"line":346,"column":0},"end":{"line":346,"column":35}},"346":{"start":{"line":347,"column":0},"end":{"line":347,"column":26}},"347":{"start":{"line":348,"column":0},"end":{"line":348,"column":26}},"348":{"start":{"line":349,"column":0},"end":{"line":349,"column":30}},"349":{"start":{"line":350,"column":0},"end":{"line":350,"column":25}},"350":{"start":{"line":351,"column":0},"end":{"line":351,"column":33}},"351":{"start":{"line":352,"column":0},"end":{"line":352,"column":32}},"352":{"start":{"line":353,"column":0},"end":{"line":353,"column":73}},"353":{"start":{"line":354,"column":0},"end":{"line":354,"column":48}},"354":{"start":{"line":355,"column":0},"end":{"line":355,"column":29}},"355":{"start":{"line":356,"column":0},"end":{"line":356,"column":31}},"356":{"start":{"line":357,"column":0},"end":{"line":357,"column":17}},"357":{"start":{"line":358,"column":0},"end":{"line":358,"column":13}},"358":{"start":{"line":359,"column":0},"end":{"line":359,"column":47}},"359":{"start":{"line":360,"column":0},"end":{"line":360,"column":3}},"360":{"start":{"line":361,"column":0},"end":{"line":361,"column":55}},"361":{"start":{"line":362,"column":0},"end":{"line":362,"column":55}},"362":{"start":{"line":363,"column":0},"end":{"line":363,"column":53}},"363":{"start":{"line":364,"column":0},"end":{"line":364,"column":67}},"364":{"start":{"line":365,"column":0},"end":{"line":365,"column":3}},"365":{"start":{"line":366,"column":0},"end":{"line":366,"column":0}},"366":{"start":{"line":367,"column":0},"end":{"line":367,"column":65}},"367":{"start":{"line":368,"column":0},"end":{"line":368,"column":65}},"368":{"start":{"line":369,"column":0},"end":{"line":369,"column":0}},"369":{"start":{"line":370,"column":0},"end":{"line":370,"column":44}},"370":{"start":{"line":371,"column":0},"end":{"line":371,"column":62}},"371":{"start":{"line":372,"column":0},"end":{"line":372,"column":0}},"372":{"start":{"line":373,"column":0},"end":{"line":373,"column":54}},"373":{"start":{"line":374,"column":0},"end":{"line":374,"column":65}},"374":{"start":{"line":375,"column":0},"end":{"line":375,"column":92}},"375":{"start":{"line":376,"column":0},"end":{"line":376,"column":0}},"376":{"start":{"line":377,"column":0},"end":{"line":377,"column":35}},"377":{"start":{"line":378,"column":0},"end":{"line":378,"column":9}},"378":{"start":{"line":379,"column":0},"end":{"line":379,"column":61}},"379":{"start":{"line":380,"column":0},"end":{"line":380,"column":86}},"380":{"start":{"line":381,"column":0},"end":{"line":381,"column":19}},"381":{"start":{"line":382,"column":0},"end":{"line":382,"column":68}},"382":{"start":{"line":383,"column":0},"end":{"line":383,"column":5}},"383":{"start":{"line":384,"column":0},"end":{"line":384,"column":3}},"384":{"start":{"line":385,"column":0},"end":{"line":385,"column":0}},"385":{"start":{"line":386,"column":0},"end":{"line":386,"column":83}},"386":{"start":{"line":387,"column":0},"end":{"line":387,"column":4}},"387":{"start":{"line":388,"column":0},"end":{"line":388,"column":0}},"388":{"start":{"line":389,"column":0},"end":{"line":389,"column":82}},"389":{"start":{"line":390,"column":0},"end":{"line":390,"column":49}},"390":{"start":{"line":391,"column":0},"end":{"line":391,"column":55}},"391":{"start":{"line":392,"column":0},"end":{"line":392,"column":53}},"392":{"start":{"line":393,"column":0},"end":{"line":393,"column":67}},"393":{"start":{"line":394,"column":0},"end":{"line":394,"column":3}},"394":{"start":{"line":395,"column":0},"end":{"line":395,"column":0}},"395":{"start":{"line":396,"column":0},"end":{"line":396,"column":22}},"396":{"start":{"line":397,"column":0},"end":{"line":397,"column":60}},"397":{"start":{"line":398,"column":0},"end":{"line":398,"column":36}},"398":{"start":{"line":399,"column":0},"end":{"line":399,"column":38}},"399":{"start":{"line":400,"column":0},"end":{"line":400,"column":30}},"400":{"start":{"line":401,"column":0},"end":{"line":401,"column":5}},"401":{"start":{"line":402,"column":0},"end":{"line":402,"column":68}},"402":{"start":{"line":403,"column":0},"end":{"line":403,"column":0}},"403":{"start":{"line":404,"column":0},"end":{"line":404,"column":7}},"404":{"start":{"line":405,"column":0},"end":{"line":405,"column":69}},"405":{"start":{"line":406,"column":0},"end":{"line":406,"column":69}},"406":{"start":{"line":407,"column":0},"end":{"line":407,"column":0}},"407":{"start":{"line":408,"column":0},"end":{"line":408,"column":46}},"408":{"start":{"line":409,"column":0},"end":{"line":409,"column":64}},"409":{"start":{"line":410,"column":0},"end":{"line":410,"column":0}},"410":{"start":{"line":411,"column":0},"end":{"line":411,"column":56}},"411":{"start":{"line":412,"column":0},"end":{"line":412,"column":67}},"412":{"start":{"line":413,"column":0},"end":{"line":413,"column":94}},"413":{"start":{"line":414,"column":0},"end":{"line":414,"column":0}},"414":{"start":{"line":415,"column":0},"end":{"line":415,"column":37}},"415":{"start":{"line":416,"column":0},"end":{"line":416,"column":11}},"416":{"start":{"line":417,"column":0},"end":{"line":417,"column":77}},"417":{"start":{"line":418,"column":0},"end":{"line":418,"column":29}},"418":{"start":{"line":419,"column":0},"end":{"line":419,"column":9}},"419":{"start":{"line":420,"column":0},"end":{"line":420,"column":73}},"420":{"start":{"line":421,"column":0},"end":{"line":421,"column":25}},"421":{"start":{"line":422,"column":0},"end":{"line":422,"column":21}},"422":{"start":{"line":423,"column":0},"end":{"line":423,"column":67}},"423":{"start":{"line":424,"column":0},"end":{"line":424,"column":7}},"424":{"start":{"line":425,"column":0},"end":{"line":425,"column":5}},"425":{"start":{"line":426,"column":0},"end":{"line":426,"column":0}},"426":{"start":{"line":427,"column":0},"end":{"line":427,"column":59}},"427":{"start":{"line":428,"column":0},"end":{"line":428,"column":45}},"428":{"start":{"line":429,"column":0},"end":{"line":429,"column":21}},"429":{"start":{"line":430,"column":0},"end":{"line":430,"column":48}},"430":{"start":{"line":431,"column":0},"end":{"line":431,"column":5}},"431":{"start":{"line":432,"column":0},"end":{"line":432,"column":42}},"432":{"start":{"line":433,"column":0},"end":{"line":433,"column":17}},"433":{"start":{"line":434,"column":0},"end":{"line":434,"column":57}},"434":{"start":{"line":435,"column":0},"end":{"line":435,"column":63}},"435":{"start":{"line":436,"column":0},"end":{"line":436,"column":3}},"436":{"start":{"line":437,"column":0},"end":{"line":437,"column":12}},"437":{"start":{"line":438,"column":0},"end":{"line":438,"column":3}},"438":{"start":{"line":439,"column":0},"end":{"line":439,"column":0}},"439":{"start":{"line":440,"column":0},"end":{"line":440,"column":3}},"440":{"start":{"line":441,"column":0},"end":{"line":441,"column":11}},"441":{"start":{"line":442,"column":0},"end":{"line":442,"column":21}},"442":{"start":{"line":443,"column":0},"end":{"line":443,"column":9}},"443":{"start":{"line":444,"column":0},"end":{"line":444,"column":17}},"444":{"start":{"line":445,"column":0},"end":{"line":445,"column":54}},"445":{"start":{"line":446,"column":0},"end":{"line":446,"column":19}},"446":{"start":{"line":447,"column":0},"end":{"line":447,"column":17}},"447":{"start":{"line":448,"column":0},"end":{"line":448,"column":13}},"448":{"start":{"line":449,"column":0},"end":{"line":449,"column":62}},"449":{"start":{"line":450,"column":0},"end":{"line":450,"column":3}},"450":{"start":{"line":451,"column":0},"end":{"line":451,"column":57}},"451":{"start":{"line":452,"column":0},"end":{"line":452,"column":46}},"452":{"start":{"line":453,"column":0},"end":{"line":453,"column":61}},"453":{"start":{"line":454,"column":0},"end":{"line":454,"column":12}},"454":{"start":{"line":455,"column":0},"end":{"line":455,"column":31}},"455":{"start":{"line":456,"column":0},"end":{"line":456,"column":40}},"456":{"start":{"line":457,"column":0},"end":{"line":457,"column":29}},"457":{"start":{"line":458,"column":0},"end":{"line":458,"column":52}},"458":{"start":{"line":459,"column":0},"end":{"line":459,"column":5}},"459":{"start":{"line":460,"column":0},"end":{"line":460,"column":4}},"460":{"start":{"line":461,"column":0},"end":{"line":461,"column":0}},"461":{"start":{"line":462,"column":0},"end":{"line":462,"column":82}},"462":{"start":{"line":463,"column":0},"end":{"line":463,"column":69}},"463":{"start":{"line":464,"column":0},"end":{"line":464,"column":47}},"464":{"start":{"line":465,"column":0},"end":{"line":465,"column":4}},"465":{"start":{"line":466,"column":0},"end":{"line":466,"column":0}},"466":{"start":{"line":467,"column":0},"end":{"line":467,"column":81}},"467":{"start":{"line":468,"column":0},"end":{"line":468,"column":77}},"468":{"start":{"line":469,"column":0},"end":{"line":469,"column":118}},"469":{"start":{"line":470,"column":0},"end":{"line":470,"column":40}},"470":{"start":{"line":471,"column":0},"end":{"line":471,"column":4}},"471":{"start":{"line":472,"column":0},"end":{"line":472,"column":0}},"472":{"start":{"line":473,"column":0},"end":{"line":473,"column":24}}},"s":{"0":1,"1":1,"2":1,"3":1,"4":1,"5":1,"6":1,"7":1,"8":1,"9":1,"10":1,"11":1,"12":1,"13":24,"14":24,"15":1,"16":1,"17":1,"18":1,"19":1,"20":1,"21":1,"22":1,"23":1,"24":0,"25":0,"26":0,"27":0,"28":0,"29":0,"30":0,"31":0,"32":0,"33":0,"34":0,"35":0,"36":0,"37":0,"38":0,"39":0,"40":0,"41":0,"42":1,"43":1,"44":1,"45":23,"46":23,"47":23,"48":23,"49":23,"50":23,"51":23,"52":23,"53":23,"54":23,"55":23,"56":23,"57":23,"58":23,"59":23,"60":23,"61":23,"62":23,"63":23,"64":23,"65":23,"66":23,"67":23,"68":23,"69":23,"70":23,"71":23,"72":23,"73":23,"74":23,"75":23,"76":23,"77":23,"78":23,"79":23,"80":23,"81":23,"82":1,"83":1,"84":23,"85":23,"86":23,"87":23,"88":23,"89":23,"90":23,"91":23,"92":23,"93":23,"94":23,"95":23,"96":23,"97":23,"98":23,"99":23,"100":23,"101":13,"102":13,"103":13,"104":13,"105":13,"106":13,"107":23,"108":23,"109":23,"110":23,"111":23,"112":23,"113":23,"114":23,"115":23,"116":23,"117":23,"118":23,"119":23,"120":0,"121":23,"122":23,"123":23,"124":23,"125":23,"126":23,"127":23,"128":23,"129":23,"130":23,"131":23,"132":23,"133":23,"134":23,"135":23,"136":23,"137":23,"138":23,"139":23,"140":23,"141":23,"142":23,"143":23,"144":23,"145":23,"146":23,"147":23,"148":23,"149":23,"150":1,"151":1,"152":1,"153":1,"154":1,"155":1,"156":1,"157":1,"158":1,"159":1,"160":1,"161":1,"162":1,"163":1,"164":1,"165":1,"166":1,"167":1,"168":1,"169":23,"170":23,"171":140,"172":140,"173":0,"174":0,"175":1,"176":3,"177":3,"178":3,"179":3,"180":3,"181":3,"182":3,"183":1,"184":3,"185":3,"186":3,"187":3,"188":3,"189":3,"190":3,"191":3,"192":3,"193":3,"194":3,"195":3,"196":3,"197":3,"198":3,"199":3,"200":3,"201":3,"202":3,"203":3,"204":3,"205":3,"206":3,"207":3,"208":3,"209":3,"210":3,"211":3,"212":3,"213":3,"214":3,"215":3,"216":3,"217":3,"218":3,"219":1,"220":4,"221":4,"222":4,"223":4,"224":2,"225":2,"226":2,"227":4,"228":4,"229":4,"230":4,"231":4,"232":4,"233":4,"234":4,"235":4,"236":4,"237":4,"238":4,"239":4,"240":4,"241":4,"242":4,"243":4,"244":4,"245":4,"246":4,"247":4,"248":4,"249":4,"250":4,"251":4,"252":4,"253":4,"254":4,"255":4,"256":4,"257":4,"258":4,"259":4,"260":1,"261":3,"262":2,"263":1,"264":4,"265":4,"266":1,"267":23,"268":23,"269":23,"270":23,"271":23,"272":23,"273":23,"274":23,"275":23,"276":23,"277":0,"278":0,"279":0,"280":23,"281":23,"282":0,"283":0,"284":0,"285":23,"286":23,"287":23,"288":3,"289":3,"290":3,"291":21,"292":4,"293":4,"294":4,"295":23,"296":1,"297":1,"298":1,"299":23,"300":1,"301":1,"302":1,"303":21,"304":21,"305":5,"306":5,"307":5,"308":17,"309":17,"310":1,"311":0,"312":0,"313":23,"314":23,"315":0,"316":0,"317":23,"318":23,"319":1,"320":1,"321":1,"322":2,"323":2,"324":2,"325":2,"326":2,"327":1,"328":1,"329":1,"330":1,"331":1,"332":1,"333":1,"334":1,"335":1,"336":1,"337":1,"338":1,"339":1,"340":1,"341":1,"342":1,"343":1,"344":1,"345":1,"346":1,"347":1,"348":1,"349":1,"350":1,"351":1,"352":1,"353":1,"354":1,"355":1,"356":1,"357":1,"358":1,"359":1,"360":1,"361":25,"362":25,"363":2,"364":2,"365":23,"366":25,"367":25,"368":25,"369":25,"370":25,"371":23,"372":23,"373":23,"374":23,"375":23,"376":25,"377":0,"378":0,"379":0,"380":0,"381":0,"382":0,"383":0,"384":23,"385":23,"386":1,"387":1,"388":1,"389":1,"390":0,"391":0,"392":0,"393":0,"394":0,"395":0,"396":0,"397":0,"398":0,"399":0,"400":0,"401":0,"402":0,"403":0,"404":0,"405":0,"406":0,"407":0,"408":0,"409":0,"410":0,"411":0,"412":0,"413":0,"414":0,"415":0,"416":0,"417":0,"418":0,"419":0,"420":0,"421":0,"422":0,"423":0,"424":0,"425":0,"426":0,"427":0,"428":0,"429":0,"430":0,"431":0,"432":0,"433":0,"434":0,"435":0,"436":0,"437":1,"438":1,"439":1,"440":1,"441":1,"442":1,"443":1,"444":1,"445":1,"446":1,"447":1,"448":1,"449":1,"450":1,"451":5,"452":5,"453":5,"454":5,"455":5,"456":5,"457":5,"458":5,"459":1,"460":1,"461":1,"462":1,"463":1,"464":1,"465":1,"466":1,"467":1,"468":1,"469":1,"470":1,"471":1,"472":1},"branchMap":{"0":{"type":"branch","line":14,"loc":{"start":{"line":14,"column":0},"end":{"line":21,"column":1}},"locations":[{"start":{"line":14,"column":0},"end":{"line":21,"column":1}}]},"1":{"type":"branch","line":15,"loc":{"start":{"line":15,"column":18},"end":{"line":15,"column":28}},"locations":[{"start":{"line":15,"column":18},"end":{"line":15,"column":28}}]},"2":{"type":"branch","line":15,"loc":{"start":{"line":15,"column":27},"end":{"line":21,"column":1}},"locations":[{"start":{"line":15,"column":27},"end":{"line":21,"column":1}}]},"3":{"type":"branch","line":23,"loc":{"start":{"line":23,"column":0},"end":{"line":43,"column":1}},"locations":[{"start":{"line":23,"column":0},"end":{"line":43,"column":1}}]},"4":{"type":"branch","line":24,"loc":{"start":{"line":24,"column":16},"end":{"line":24,"column":33}},"locations":[{"start":{"line":24,"column":16},"end":{"line":24,"column":33}}]},"5":{"type":"branch","line":24,"loc":{"start":{"line":24,"column":35},"end":{"line":42,"column":3}},"locations":[{"start":{"line":24,"column":35},"end":{"line":42,"column":3}}]},"6":{"type":"branch","line":46,"loc":{"start":{"line":46,"column":0},"end":{"line":82,"column":1}},"locations":[{"start":{"line":46,"column":0},"end":{"line":82,"column":1}}]},"7":{"type":"branch","line":51,"loc":{"start":{"line":51,"column":12},"end":{"line":51,"column":56}},"locations":[{"start":{"line":51,"column":12},"end":{"line":51,"column":56}}]},"8":{"type":"branch","line":53,"loc":{"start":{"line":53,"column":41},"end":{"line":53,"column":92}},"locations":[{"start":{"line":53,"column":41},"end":{"line":53,"column":92}}]},"9":{"type":"branch","line":54,"loc":{"start":{"line":54,"column":41},"end":{"line":54,"column":87}},"locations":[{"start":{"line":54,"column":41},"end":{"line":54,"column":87}}]},"10":{"type":"branch","line":55,"loc":{"start":{"line":55,"column":50},"end":{"line":55,"column":102}},"locations":[{"start":{"line":55,"column":50},"end":{"line":55,"column":102}}]},"11":{"type":"branch","line":56,"loc":{"start":{"line":56,"column":50},"end":{"line":56,"column":101}},"locations":[{"start":{"line":56,"column":50},"end":{"line":56,"column":101}}]},"12":{"type":"branch","line":57,"loc":{"start":{"line":57,"column":50},"end":{"line":57,"column":98}},"locations":[{"start":{"line":57,"column":50},"end":{"line":57,"column":98}}]},"13":{"type":"branch","line":59,"loc":{"start":{"line":59,"column":71},"end":{"line":59,"column":125}},"locations":[{"start":{"line":59,"column":71},"end":{"line":59,"column":125}}]},"14":{"type":"branch","line":60,"loc":{"start":{"line":60,"column":71},"end":{"line":60,"column":124}},"locations":[{"start":{"line":60,"column":71},"end":{"line":60,"column":124}}]},"15":{"type":"branch","line":61,"loc":{"start":{"line":61,"column":71},"end":{"line":61,"column":124}},"locations":[{"start":{"line":61,"column":71},"end":{"line":61,"column":124}}]},"16":{"type":"branch","line":63,"loc":{"start":{"line":63,"column":70},"end":{"line":63,"column":138}},"locations":[{"start":{"line":63,"column":70},"end":{"line":63,"column":138}}]},"17":{"type":"branch","line":64,"loc":{"start":{"line":64,"column":75},"end":{"line":64,"column":132}},"locations":[{"start":{"line":64,"column":75},"end":{"line":64,"column":132}}]},"18":{"type":"branch","line":65,"loc":{"start":{"line":65,"column":51},"end":{"line":65,"column":106}},"locations":[{"start":{"line":65,"column":51},"end":{"line":65,"column":106}}]},"19":{"type":"branch","line":66,"loc":{"start":{"line":66,"column":52},"end":{"line":66,"column":113}},"locations":[{"start":{"line":66,"column":52},"end":{"line":66,"column":113}}]},"20":{"type":"branch","line":68,"loc":{"start":{"line":68,"column":52},"end":{"line":68,"column":113}},"locations":[{"start":{"line":68,"column":52},"end":{"line":68,"column":113}}]},"21":{"type":"branch","line":69,"loc":{"start":{"line":69,"column":61},"end":{"line":69,"column":122}},"locations":[{"start":{"line":69,"column":61},"end":{"line":69,"column":122}}]},"22":{"type":"branch","line":72,"loc":{"start":{"line":72,"column":16},"end":{"line":72,"column":76}},"locations":[{"start":{"line":72,"column":16},"end":{"line":72,"column":76}}]},"23":{"type":"branch","line":75,"loc":{"start":{"line":75,"column":13},"end":{"line":75,"column":74}},"locations":[{"start":{"line":75,"column":13},"end":{"line":75,"column":74}}]},"24":{"type":"branch","line":77,"loc":{"start":{"line":77,"column":13},"end":{"line":77,"column":73}},"locations":[{"start":{"line":77,"column":13},"end":{"line":77,"column":73}}]},"25":{"type":"branch","line":79,"loc":{"start":{"line":79,"column":53},"end":{"line":79,"column":117}},"locations":[{"start":{"line":79,"column":53},"end":{"line":79,"column":117}}]},"26":{"type":"branch","line":85,"loc":{"start":{"line":85,"column":0},"end":{"line":150,"column":1}},"locations":[{"start":{"line":85,"column":0},"end":{"line":150,"column":1}}]},"27":{"type":"branch","line":101,"loc":{"start":{"line":101,"column":7},"end":{"line":101,"column":12}},"locations":[{"start":{"line":101,"column":7},"end":{"line":101,"column":12}}]},"28":{"type":"branch","line":101,"loc":{"start":{"line":101,"column":12},"end":{"line":101,"column":17}},"locations":[{"start":{"line":101,"column":12},"end":{"line":101,"column":17}}]},"29":{"type":"branch","line":101,"loc":{"start":{"line":101,"column":19},"end":{"line":107,"column":3}},"locations":[{"start":{"line":101,"column":19},"end":{"line":107,"column":3}}]},"30":{"type":"branch","line":110,"loc":{"start":{"line":110,"column":21},"end":{"line":110,"column":38}},"locations":[{"start":{"line":110,"column":21},"end":{"line":110,"column":38}}]},"31":{"type":"branch","line":111,"loc":{"start":{"line":111,"column":34},"end":{"line":111,"column":64}},"locations":[{"start":{"line":111,"column":34},"end":{"line":111,"column":64}}]},"32":{"type":"branch","line":112,"loc":{"start":{"line":112,"column":5},"end":{"line":112,"column":23}},"locations":[{"start":{"line":112,"column":5},"end":{"line":112,"column":23}}]},"33":{"type":"branch","line":112,"loc":{"start":{"line":112,"column":23},"end":{"line":112,"column":47}},"locations":[{"start":{"line":112,"column":23},"end":{"line":112,"column":47}}]},"34":{"type":"branch","line":113,"loc":{"start":{"line":113,"column":5},"end":{"line":113,"column":25}},"locations":[{"start":{"line":113,"column":5},"end":{"line":113,"column":25}}]},"35":{"type":"branch","line":113,"loc":{"start":{"line":113,"column":25},"end":{"line":113,"column":51}},"locations":[{"start":{"line":113,"column":25},"end":{"line":113,"column":51}}]},"36":{"type":"branch","line":114,"loc":{"start":{"line":114,"column":5},"end":{"line":114,"column":25}},"locations":[{"start":{"line":114,"column":5},"end":{"line":114,"column":25}}]},"37":{"type":"branch","line":114,"loc":{"start":{"line":114,"column":25},"end":{"line":114,"column":49}},"locations":[{"start":{"line":114,"column":25},"end":{"line":114,"column":49}}]},"38":{"type":"branch","line":115,"loc":{"start":{"line":115,"column":32},"end":{"line":115,"column":46}},"locations":[{"start":{"line":115,"column":32},"end":{"line":115,"column":46}}]},"39":{"type":"branch","line":115,"loc":{"start":{"line":115,"column":46},"end":{"line":115,"column":99}},"locations":[{"start":{"line":115,"column":46},"end":{"line":115,"column":99}}]},"40":{"type":"branch","line":115,"loc":{"start":{"line":115,"column":70},"end":{"line":115,"column":83}},"locations":[{"start":{"line":115,"column":70},"end":{"line":115,"column":83}}]},"41":{"type":"branch","line":115,"loc":{"start":{"line":115,"column":83},"end":{"line":115,"column":99}},"locations":[{"start":{"line":115,"column":83},"end":{"line":115,"column":99}}]},"42":{"type":"branch","line":116,"loc":{"start":{"line":116,"column":52},"end":{"line":116,"column":69}},"locations":[{"start":{"line":116,"column":52},"end":{"line":116,"column":69}}]},"43":{"type":"branch","line":117,"loc":{"start":{"line":117,"column":18},"end":{"line":117,"column":64}},"locations":[{"start":{"line":117,"column":18},"end":{"line":117,"column":64}}]},"44":{"type":"branch","line":121,"loc":{"start":{"line":121,"column":-1},"end":{"line":121,"column":117}},"locations":[{"start":{"line":121,"column":-1},"end":{"line":121,"column":117}}]},"45":{"type":"branch","line":118,"loc":{"start":{"line":118,"column":24},"end":{"line":118,"column":37}},"locations":[{"start":{"line":118,"column":24},"end":{"line":118,"column":37}}]},"46":{"type":"branch","line":170,"loc":{"start":{"line":170,"column":0},"end":{"line":175,"column":1}},"locations":[{"start":{"line":170,"column":0},"end":{"line":175,"column":1}}]},"47":{"type":"branch","line":171,"loc":{"start":{"line":171,"column":55},"end":{"line":173,"column":3}},"locations":[{"start":{"line":171,"column":55},"end":{"line":173,"column":3}}]},"48":{"type":"branch","line":172,"loc":{"start":{"line":172,"column":22},"end":{"line":172,"column":36}},"locations":[{"start":{"line":172,"column":22},"end":{"line":172,"column":36}}]},"49":{"type":"branch","line":173,"loc":{"start":{"line":173,"column":2},"end":{"line":175,"column":1}},"locations":[{"start":{"line":173,"column":2},"end":{"line":175,"column":1}}]},"50":{"type":"branch","line":177,"loc":{"start":{"line":177,"column":0},"end":{"line":183,"column":1}},"locations":[{"start":{"line":177,"column":0},"end":{"line":183,"column":1}}]},"51":{"type":"branch","line":178,"loc":{"start":{"line":178,"column":20},"end":{"line":178,"column":26}},"locations":[{"start":{"line":178,"column":20},"end":{"line":178,"column":26}}]},"52":{"type":"branch","line":178,"loc":{"start":{"line":178,"column":40},"end":{"line":178,"column":47}},"locations":[{"start":{"line":178,"column":40},"end":{"line":178,"column":47}}]},"53":{"type":"branch","line":178,"loc":{"start":{"line":178,"column":58},"end":{"line":178,"column":64}},"locations":[{"start":{"line":178,"column":58},"end":{"line":178,"column":64}}]},"54":{"type":"branch","line":185,"loc":{"start":{"line":185,"column":0},"end":{"line":219,"column":1}},"locations":[{"start":{"line":185,"column":0},"end":{"line":219,"column":1}}]},"55":{"type":"branch","line":218,"loc":{"start":{"line":218,"column":20},"end":{"line":218,"column":38}},"locations":[{"start":{"line":218,"column":20},"end":{"line":218,"column":38}}]},"56":{"type":"branch","line":221,"loc":{"start":{"line":221,"column":0},"end":{"line":266,"column":1}},"locations":[{"start":{"line":221,"column":0},"end":{"line":266,"column":1}}]},"57":{"type":"branch","line":223,"loc":{"start":{"line":223,"column":26},"end":{"line":223,"column":34}},"locations":[{"start":{"line":223,"column":26},"end":{"line":223,"column":34}}]},"58":{"type":"branch","line":224,"loc":{"start":{"line":224,"column":14},"end":{"line":224,"column":26}},"locations":[{"start":{"line":224,"column":14},"end":{"line":224,"column":26}}]},"59":{"type":"branch","line":224,"loc":{"start":{"line":224,"column":26},"end":{"line":224,"column":35}},"locations":[{"start":{"line":224,"column":26},"end":{"line":224,"column":35}}]},"60":{"type":"branch","line":224,"loc":{"start":{"line":224,"column":37},"end":{"line":227,"column":3}},"locations":[{"start":{"line":224,"column":37},"end":{"line":227,"column":3}}]},"61":{"type":"branch","line":252,"loc":{"start":{"line":252,"column":30},"end":{"line":252,"column":51}},"locations":[{"start":{"line":252,"column":30},"end":{"line":252,"column":51}}]},"62":{"type":"branch","line":254,"loc":{"start":{"line":254,"column":86},"end":{"line":254,"column":91}},"locations":[{"start":{"line":254,"column":86},"end":{"line":254,"column":91}}]},"63":{"type":"branch","line":261,"loc":{"start":{"line":261,"column":-1},"end":{"line":261,"column":92}},"locations":[{"start":{"line":261,"column":-1},"end":{"line":261,"column":92}}]},"64":{"type":"branch","line":262,"loc":{"start":{"line":262,"column":-1},"end":{"line":264,"column":92}},"locations":[{"start":{"line":262,"column":-1},"end":{"line":264,"column":92}}]},"65":{"type":"branch","line":263,"loc":{"start":{"line":263,"column":-1},"end":{"line":263,"column":99}},"locations":[{"start":{"line":263,"column":-1},"end":{"line":263,"column":99}}]},"66":{"type":"branch","line":263,"loc":{"start":{"line":263,"column":76},"end":{"line":263,"column":82}},"locations":[{"start":{"line":263,"column":76},"end":{"line":263,"column":82}}]},"67":{"type":"branch","line":264,"loc":{"start":{"line":264,"column":-1},"end":{"line":264,"column":92}},"locations":[{"start":{"line":264,"column":-1},"end":{"line":264,"column":92}}]},"68":{"type":"branch","line":259,"loc":{"start":{"line":259,"column":19},"end":{"line":259,"column":63}},"locations":[{"start":{"line":259,"column":19},"end":{"line":259,"column":63}}]},"69":{"type":"branch","line":268,"loc":{"start":{"line":268,"column":0},"end":{"line":319,"column":1}},"locations":[{"start":{"line":268,"column":0},"end":{"line":319,"column":1}}]},"70":{"type":"branch","line":271,"loc":{"start":{"line":271,"column":23},"end":{"line":271,"column":34}},"locations":[{"start":{"line":271,"column":23},"end":{"line":271,"column":34}}]},"71":{"type":"branch","line":272,"loc":{"start":{"line":272,"column":23},"end":{"line":272,"column":37}},"locations":[{"start":{"line":272,"column":23},"end":{"line":272,"column":37}}]},"72":{"type":"branch","line":277,"loc":{"start":{"line":277,"column":17},"end":{"line":280,"column":3}},"locations":[{"start":{"line":277,"column":17},"end":{"line":280,"column":3}}]},"73":{"type":"branch","line":282,"loc":{"start":{"line":282,"column":134},"end":{"line":285,"column":3}},"locations":[{"start":{"line":282,"column":134},"end":{"line":285,"column":3}}]},"74":{"type":"branch","line":287,"loc":{"start":{"line":287,"column":30},"end":{"line":287,"column":322}},"locations":[{"start":{"line":287,"column":30},"end":{"line":287,"column":322}}]},"75":{"type":"branch","line":287,"loc":{"start":{"line":287,"column":51},"end":{"line":287,"column":71}},"locations":[{"start":{"line":287,"column":51},"end":{"line":287,"column":71}}]},"76":{"type":"branch","line":287,"loc":{"start":{"line":287,"column":71},"end":{"line":287,"column":76}},"locations":[{"start":{"line":287,"column":71},"end":{"line":287,"column":76}}]},"77":{"type":"branch","line":287,"loc":{"start":{"line":287,"column":321},"end":{"line":288,"column":49}},"locations":[{"start":{"line":287,"column":321},"end":{"line":288,"column":49}}]},"78":{"type":"branch","line":287,"loc":{"start":{"line":287,"column":321},"end":{"line":288,"column":30}},"locations":[{"start":{"line":287,"column":321},"end":{"line":288,"column":30}}]},"79":{"type":"branch","line":288,"loc":{"start":{"line":288,"column":26},"end":{"line":288,"column":49}},"locations":[{"start":{"line":288,"column":26},"end":{"line":288,"column":49}}]},"80":{"type":"branch","line":288,"loc":{"start":{"line":288,"column":51},"end":{"line":296,"column":47}},"locations":[{"start":{"line":288,"column":51},"end":{"line":296,"column":47}}]},"81":{"type":"branch","line":288,"loc":{"start":{"line":288,"column":51},"end":{"line":291,"column":3}},"locations":[{"start":{"line":288,"column":51},"end":{"line":291,"column":3}}]},"82":{"type":"branch","line":291,"loc":{"start":{"line":291,"column":2},"end":{"line":292,"column":25}},"locations":[{"start":{"line":291,"column":2},"end":{"line":292,"column":25}}]},"83":{"type":"branch","line":292,"loc":{"start":{"line":292,"column":25},"end":{"line":295,"column":3}},"locations":[{"start":{"line":292,"column":25},"end":{"line":295,"column":3}}]},"84":{"type":"branch","line":295,"loc":{"start":{"line":295,"column":2},"end":{"line":296,"column":31}},"locations":[{"start":{"line":295,"column":2},"end":{"line":296,"column":31}}]},"85":{"type":"branch","line":296,"loc":{"start":{"line":296,"col
[...]
":{"start":{"line":59,"column":0},"end":{"line":59,"column":84}},"59":{"start":{"line":60,"column":0},"end":{"line":60,"column":48}},"60":{"start":{"line":61,"column":0},"end":{"line":61,"column":2}},"61":{"start":{"line":62,"column":0},"end":{"line":62,"column":25}},"62":{"start":{"line":63,"column":0},"end":{"line":63,"column":25}},"63":{"start":{"line":64,"column":0},"end":{"line":64,"column":22}},"64":{"start":{"line":65,"column":0},"end":{"line":65,"column":25}},"65":{"start":{"line":66,"column":0},"end":{"line":66,"column":32}},"66":{"start":{"line":67,"column":0},"end":{"line":67,"column":23}},"67":{"start":{"line":68,"column":0},"end":{"line":68,"column":80}},"68":{"start":{"line":69,"column":0},"end":{"line":69,"column":3}},"69":{"start":{"line":70,"column":0},"end":{"line":70,"column":72}},"70":{"start":{"line":71,"column":0},"end":{"line":71,"column":62}},"71":{"start":{"line":72,"column":0},"end":{"line":72,"column":54}},"72":{"start":{"line":73,"column":0},"end":{"line":73,"column":55}},"73":{"start":{"line":74,"column":0},"end":{"line":74,"column":49}},"74":{"start":{"line":75,"column":0},"end":{"line":75,"column":44}},"75":{"start":{"line":76,"column":0},"end":{"line":76,"column":1}},"76":{"start":{"line":77,"column":0},"end":{"line":77,"column":0}},"77":{"start":{"line":78,"column":0},"end":{"line":78,"column":3}},"78":{"start":{"line":79,"column":0},"end":{"line":79,"column":39}},"79":{"start":{"line":80,"column":0},"end":{"line":80,"column":78}},"80":{"start":{"line":81,"column":0},"end":{"line":81,"column":3}},"81":{"start":{"line":82,"column":0},"end":{"line":82,"column":42}},"82":{"start":{"line":83,"column":0},"end":{"line":83,"column":58}},"83":{"start":{"line":84,"column":0},"end":{"line":84,"column":66}},"84":{"start":{"line":85,"column":0},"end":{"line":85,"column":1}},"85":{"start":{"line":86,"column":0},"end":{"line":86,"column":0}},"86":{"start":{"line":87,"column":0},"end":{"line":87,"column":99}}},"s":{"0":1,"1":1,"2":1,"3":1,"4":1,"5":1,"6":1,"7":1,"8":1,"9":1,"10":1,"11":1,"12":1,"13":1,"14":1,"15":37,"16":37,"17":37,"18":37,"19":1,"20":1,"21":1,"22":1,"23":1,"24":1,"25":1,"26":1,"27":1,"28":37,"29":37,"30":37,"31":1,"32":1,"33":1,"34":1,"35":1,"36":1,"37":1,"38":1,"39":37,"40":37,"41":37,"42":25,"43":25,"44":1,"45":1,"46":1,"47":1,"48":1,"49":1,"50":1,"51":1,"52":37,"53":37,"54":37,"55":1,"56":1,"57":1,"58":1,"59":1,"60":1,"61":1,"62":1,"63":1,"64":1,"65":1,"66":1,"67":1,"68":1,"69":37,"70":37,"71":37,"72":37,"73":37,"74":37,"75":37,"76":1,"77":1,"78":1,"79":1,"80":1,"81":13,"82":13,"83":13,"84":13,"85":1,"86":1},"branchMap":{"0":{"type":"branch","line":16,"loc":{"start":{"line":16,"column":0},"end":{"line":19,"column":1}},"locations":[{"start":{"line":16,"column":0},"end":{"line":19,"column":1}}]},"1":{"type":"branch","line":18,"loc":{"start":{"line":18,"column":39},"end":{"line":18,"column":52}},"locations":[{"start":{"line":18,"column":39},"end":{"line":18,"column":52}}]},"2":{"type":"branch","line":18,"loc":{"start":{"line":18,"column":52},"end":{"line":18,"column":63}},"locations":[{"start":{"line":18,"column":52},"end":{"line":18,"column":63}}]},"3":{"type":"branch","line":29,"loc":{"start":{"line":29,"column":0},"end":{"line":31,"column":1}},"locations":[{"start":{"line":29,"column":0},"end":{"line":31,"column":1}}]},"4":{"type":"branch","line":30,"loc":{"start":{"line":30,"column":58},"end":{"line":30,"column":87}},"locations":[{"start":{"line":30,"column":58},"end":{"line":30,"column":87}}]},"5":{"type":"branch","line":40,"loc":{"start":{"line":40,"column":0},"end":{"line":44,"column":1}},"locations":[{"start":{"line":40,"column":0},"end":{"line":44,"column":1}}]},"6":{"type":"branch","line":41,"loc":{"start":{"line":41,"column":23},"end":{"line":41,"column":49}},"locations":[{"start":{"line":41,"column":23},"end":{"line":41,"column":49}}]},"7":{"type":"branch","line":41,"loc":{"start":{"line":41,"column":48},"end":{"line":42,"column":23}},"locations":[{"start":{"line":41,"column":48},"end":{"line":42,"column":23}}]},"8":{"type":"branch","line":42,"loc":{"start":{"line":42,"column":23},"end":{"line":44,"column":1}},"locations":[{"start":{"line":42,"column":23},"end":{"line":44,"column":1}}]},"9":{"type":"branch","line":42,"loc":{"start":{"line":42,"column":23},"end":{"line":42,"column":49}},"locations":[{"start":{"line":42,"column":23},"end":{"line":42,"column":49}}]},"10":{"type":"branch","line":42,"loc":{"start":{"line":42,"column":48},"end":{"line":44,"column":1}},"locations":[{"start":{"line":42,"column":48},"end":{"line":44,"column":1}}]},"11":{"type":"branch","line":53,"loc":{"start":{"line":53,"column":0},"end":{"line":55,"column":1}},"locations":[{"start":{"line":53,"column":0},"end":{"line":55,"column":1}}]},"12":{"type":"branch","line":70,"loc":{"start":{"line":70,"column":0},"end":{"line":76,"column":1}},"locations":[{"start":{"line":70,"column":0},"end":{"line":76,"column":1}}]},"13":{"type":"branch","line":82,"loc":{"start":{"line":82,"column":0},"end":{"line":85,"column":1}},"locations":[{"start":{"line":82,"column":0},"end":{"line":85,"column":1}}]},"14":{"type":"branch","line":84,"loc":{"start":{"line":84,"column":43},"end":{"line":84,"column":63}},"locations":[{"start":{"line":84,"column":43},"end":{"line":84,"column":63}}]}},"b":{"0":[37],"1":[4],"2":[33],"3":[37],"4":[14],"5":[37],"6":[7],"7":[30],"8":[33],"9":[5],"10":[25],"11":[37],"12":[37],"13":[13],"14":[0]},"fnMap":{"0":{"name":"calcBMR","decl":{"start":{"line":16,"column":0},"end":{"line":19,"column":1}},"loc":{"start":{"line":16,"column":0},"end":{"line":19,"column":1}},"line":16},"1":{"name":"calcTDEE","decl":{"start":{"line":29,"column":0},"end":{"line":31,"column":1}},"loc":{"start":{"line":29,"column":0},"end":{"line":31,"column":1}},"line":29},"2":{"name":"calcCalorieTarget","decl":{"start":{"line":40,"column":0},"end":{"line":44,"column":1}},"loc":{"start":{"line":40,"column":0},"end":{"line":44,"column":1}},"line":40},"3":{"name":"calcBMI","decl":{"start":{"line":53,"column":0},"end":{"line":55,"column":1}},"loc":{"start":{"line":53,"column":0},"end":{"line":55,"column":1}},"line":53},"4":{"name":"calcMetrics","decl":{"start":{"line":70,"column":0},"end":{"line":76,"column":1}},"loc":{"start":{"line":70,"column":0},"end":{"line":76,"column":1}},"line":70},"5":{"name":"calcProteinTarget","decl":{"start":{"line":82,"column":0},"end":{"line":85,"column":1}},"loc":{"start":{"line":82,"column":0},"end":{"line":85,"column":1}},"line":82}},"f":{"0":37,"1":37,"2":37,"3":37,"4":37,"5":13}}
,"C:\\Users\\camil\\Desktop\\Fittreacker\\fittracker-backend\\backend\\src\\utils\\validate.js": {"path":"C:\\Users\\camil\\Desktop\\Fittreacker\\fittracker-backend\\backend\\src\\utils\\validate.js","all":false,"statementMap":{"0":{"start":{"line":1,"column":0},"end":{"line":1,"column":13}},"1":{"start":{"line":2,"column":0},"end":{"line":2,"column":0}},"2":{"start":{"line":3,"column":0},"end":{"line":3,"column":3}},"3":{"start":{"line":4,"column":0},"end":{"line":4,"column":40}},"4":{"start":{"line":5,"column":0},"end":{"line":5,"column":58}},"5":{"start":{"line":6,"column":0},"end":{"line":6,"column":3}},"6":{"start":{"line":7,"column":0},"end":{"line":7,"column":0}},"7":{"start":{"line":8,"column":0},"end":{"line":8,"column":38}},"8":{"start":{"line":9,"column":0},"end":{"line":9,"column":0}},"9":{"start":{"line":10,"column":0},"end":{"line":10,"column":27}},"10":{"start":{"line":11,"column":0},"end":{"line":11,"column":39}},"11":{"start":{"line":12,"column":0},"end":{"line":12,"column":26}},"12":{"start":{"line":13,"column":0},"end":{"line":13,"column":29}},"13":{"start":{"line":14,"column":0},"end":{"line":14,"column":1}},"14":{"start":{"line":15,"column":0},"end":{"line":15,"column":0}},"15":{"start":{"line":16,"column":0},"end":{"line":16,"column":54}},"16":{"start":{"line":17,"column":0},"end":{"line":17,"column":44}},"17":{"start":{"line":18,"column":0},"end":{"line":18,"column":53}},"18":{"start":{"line":19,"column":0},"end":{"line":19,"column":53}},"19":{"start":{"line":20,"column":0},"end":{"line":20,"column":59}},"20":{"start":{"line":21,"column":0},"end":{"line":21,"column":3}},"21":{"start":{"line":22,"column":0},"end":{"line":22,"column":14}},"22":{"start":{"line":23,"column":0},"end":{"line":23,"column":1}},"23":{"start":{"line":24,"column":0},"end":{"line":24,"column":0}},"24":{"start":{"line":25,"column":0},"end":{"line":25,"column":41}},"25":{"start":{"line":26,"column":0},"end":{"line":26,"column":63}},"26":{"start":{"line":27,"column":0},"end":{"line":27,"column":77}},"27":{"start":{"line":28,"column":0},"end":{"line":28,"column":89}},"28":{"start":{"line":29,"column":0},"end":{"line":29,"column":14}},"29":{"start":{"line":30,"column":0},"end":{"line":30,"column":1}},"30":{"start":{"line":31,"column":0},"end":{"line":31,"column":0}},"31":{"start":{"line":32,"column":0},"end":{"line":32,"column":58}},"32":{"start":{"line":33,"column":0},"end":{"line":33,"column":74}},"33":{"start":{"line":34,"column":0},"end":{"line":34,"column":42}},"34":{"start":{"line":35,"column":0},"end":{"line":35,"column":53}},"35":{"start":{"line":36,"column":0},"end":{"line":36,"column":3}},"36":{"start":{"line":37,"column":0},"end":{"line":37,"column":24}},"37":{"start":{"line":38,"column":0},"end":{"line":38,"column":64}},"38":{"start":{"line":39,"column":0},"end":{"line":39,"column":86}},"39":{"start":{"line":40,"column":0},"end":{"line":40,"column":86}},"40":{"start":{"line":41,"column":0},"end":{"line":41,"column":14}},"41":{"start":{"line":42,"column":0},"end":{"line":42,"column":1}},"42":{"start":{"line":43,"column":0},"end":{"line":43,"column":0}},"43":{"start":{"line":44,"column":0},"end":{"line":44,"column":60}},"44":{"start":{"line":45,"column":0},"end":{"line":45,"column":71}},"45":{"start":{"line":46,"column":0},"end":{"line":46,"column":42}},"46":{"start":{"line":47,"column":0},"end":{"line":47,"column":53}},"47":{"start":{"line":48,"column":0},"end":{"line":48,"column":3}},"48":{"start":{"line":49,"column":0},"end":{"line":49,"column":31}},"49":{"start":{"line":50,"column":0},"end":{"line":50,"column":61}},"50":{"start":{"line":51,"column":0},"end":{"line":51,"column":3}},"51":{"start":{"line":52,"column":0},"end":{"line":52,"column":14}},"52":{"start":{"line":53,"column":0},"end":{"line":53,"column":1}},"53":{"start":{"line":54,"column":0},"end":{"line":54,"column":0}},"54":{"start":{"line":55,"column":0},"end":{"line":55,"column":73}},"55":{"start":{"line":56,"column":0},"end":{"line":56,"column":40}},"56":{"start":{"line":57,"column":0},"end":{"line":57,"column":30}},"57":{"start":{"line":58,"column":0},"end":{"line":58,"column":84}},"58":{"start":{"line":59,"column":0},"end":{"line":59,"column":14}},"59":{"start":{"line":60,"column":0},"end":{"line":60,"column":1}},"60":{"start":{"line":61,"column":0},"end":{"line":61,"column":0}},"61":{"start":{"line":62,"column":0},"end":{"line":62,"column":3}},"62":{"start":{"line":63,"column":0},"end":{"line":63,"column":61}},"63":{"start":{"line":64,"column":0},"end":{"line":64,"column":49}},"64":{"start":{"line":65,"column":0},"end":{"line":65,"column":2}},"65":{"start":{"line":66,"column":0},"end":{"line":66,"column":9}},"66":{"start":{"line":67,"column":0},"end":{"line":67,"column":116}},"67":{"start":{"line":68,"column":0},"end":{"line":68,"column":36}},"68":{"start":{"line":69,"column":0},"end":{"line":69,"column":3}},"69":{"start":{"line":70,"column":0},"end":{"line":70,"column":29}},"70":{"start":{"line":71,"column":0},"end":{"line":71,"column":39}},"71":{"start":{"line":72,"column":0},"end":{"line":72,"column":34}},"72":{"start":{"line":73,"column":0},"end":{"line":73,"column":59}},"73":{"start":{"line":74,"column":0},"end":{"line":74,"column":14}},"74":{"start":{"line":75,"column":0},"end":{"line":75,"column":1}},"75":{"start":{"line":76,"column":0},"end":{"line":76,"column":0}},"76":{"start":{"line":77,"column":0},"end":{"line":77,"column":18}},"77":{"start":{"line":78,"column":0},"end":{"line":78,"column":15}},"78":{"start":{"line":79,"column":0},"end":{"line":79,"column":17}},"79":{"start":{"line":80,"column":0},"end":{"line":80,"column":17}},"80":{"start":{"line":81,"column":0},"end":{"line":81,"column":15}},"81":{"start":{"line":82,"column":0},"end":{"line":82,"column":13}},"82":{"start":{"line":83,"column":0},"end":{"line":83,"column":8}},"83":{"start":{"line":84,"column":0},"end":{"line":84,"column":2}}},"s":{"0":1,"1":1,"2":1,"3":1,"4":1,"5":1,"6":1,"7":1,"8":1,"9":15,"10":15,"11":15,"12":15,"13":15,"14":1,"15":1,"16":15,"17":15,"18":15,"19":0,"20":0,"21":15,"22":15,"23":1,"24":1,"25":6,"26":6,"27":6,"28":6,"29":6,"30":1,"31":1,"32":210,"33":210,"34":6,"35":6,"36":204,"37":210,"38":210,"39":210,"40":204,"41":204,"42":1,"43":1,"44":92,"45":92,"46":7,"47":7,"48":92,"49":3,"50":3,"51":82,"52":82,"53":1,"54":1,"55":0,"56":0,"57":0,"58":0,"59":0,"60":1,"61":1,"62":1,"63":1,"64":1,"65":1,"66":1,"67":1,"68":1,"69":195,"70":195,"71":195,"72":3,"73":3,"74":3,"75":1,"76":1,"77":1,"78":1,"79":1,"80":1,"81":1,"82":1,"83":1},"branchMap":{"0":{"type":"branch","line":10,"loc":{"start":{"line":10,"column":0},"end":{"line":14,"column":1}},"locations":[{"start":{"line":10,"column":0},"end":{"line":14,"column":1}}]},"1":{"type":"branch","line":11,"loc":{"start":{"line":11,"column":26},"end":{"line":11,"column":39}},"locations":[{"start":{"line":11,"column":26},"end":{"line":11,"column":39}}]},"2":{"type":"branch","line":17,"loc":{"start":{"line":17,"column":0},"end":{"line":23,"column":1}},"locations":[{"start":{"line":17,"column":0},"end":{"line":23,"column":1}}]},"3":{"type":"branch","line":18,"loc":{"start":{"line":18,"column":41},"end":{"line":18,"column":53}},"locations":[{"start":{"line":18,"column":41},"end":{"line":18,"column":53}}]},"4":{"type":"branch","line":19,"loc":{"start":{"line":19,"column":52},"end":{"line":21,"column":3}},"locations":[{"start":{"line":19,"column":52},"end":{"line":21,"column":3}}]},"5":{"type":"branch","line":26,"loc":{"start":{"line":26,"column":0},"end":{"line":30,"column":1}},"locations":[{"start":{"line":26,"column":0},"end":{"line":30,"column":1}}]},"6":{"type":"branch","line":27,"loc":{"start":{"line":27,"column":46},"end":{"line":27,"column":77}},"locations":[{"start":{"line":27,"column":46},"end":{"line":27,"column":77}}]},"7":{"type":"branch","line":28,"loc":{"start":{"line":28,"column":30},"end":{"line":28,"column":89}},"locations":[{"start":{"line":28,"column":30},"end":{"line":28,"column":89}}]},"8":{"type":"branch","line":33,"loc":{"start":{"line":33,"column":0},"end":{"line":42,"column":1}},"locations":[{"start":{"line":33,"column":0},"end":{"line":42,"column":1}}]},"9":{"type":"branch","line":34,"loc":{"start":{"line":34,"column":23},"end":{"line":34,"column":39}},"locations":[{"start":{"line":34,"column":23},"end":{"line":34,"column":39}}]},"10":{"type":"branch","line":34,"loc":{"start":{"line":34,"column":41},"end":{"line":36,"column":3}},"locations":[{"start":{"line":34,"column":41},"end":{"line":36,"column":3}}]},"11":{"type":"branch","line":35,"loc":{"start":{"line":35,"column":19},"end":{"line":35,"column":45}},"locations":[{"start":{"line":35,"column":19},"end":{"line":35,"column":45}}]},"12":{"type":"branch","line":36,"loc":{"start":{"line":36,"column":2},"end":{"line":38,"column":27}},"locations":[{"start":{"line":36,"column":2},"end":{"line":38,"column":27}}]},"13":{"type":"branch","line":38,"loc":{"start":{"line":38,"column":27},"end":{"line":38,"column":64}},"locations":[{"start":{"line":38,"column":27},"end":{"line":38,"column":64}}]},"14":{"type":"branch","line":38,"loc":{"start":{"line":38,"column":63},"end":{"line":39,"column":34}},"locations":[{"start":{"line":38,"column":63},"end":{"line":39,"column":34}}]},"15":{"type":"branch","line":39,"loc":{"start":{"line":39,"column":36},"end":{"line":39,"column":86}},"locations":[{"start":{"line":39,"column":36},"end":{"line":39,"column":86}}]},"16":{"type":"branch","line":39,"loc":{"start":{"line":39,"column":85},"end":{"line":40,"column":34}},"locations":[{"start":{"line":39,"column":85},"end":{"line":40,"column":34}}]},"17":{"type":"branch","line":40,"loc":{"start":{"line":40,"column":36},"end":{"line":40,"column":86}},"locations":[{"start":{"line":40,"column":36},"end":{"line":40,"column":86}}]},"18":{"type":"branch","line":40,"loc":{"start":{"line":40,"column":85},"end":{"line":42,"column":1}},"locations":[{"start":{"line":40,"column":85},"end":{"line":42,"column":1}}]},"19":{"type":"branch","line":45,"loc":{"start":{"line":45,"column":0},"end":{"line":53,"column":1}},"locations":[{"start":{"line":45,"column":0},"end":{"line":53,"column":1}}]},"20":{"type":"branch","line":46,"loc":{"start":{"line":46,"column":23},"end":{"line":46,"column":39}},"locations":[{"start":{"line":46,"column":23},"end":{"line":46,"column":39}}]},"21":{"type":"branch","line":46,"loc":{"start":{"line":46,"column":41},"end":{"line":48,"column":3}},"locations":[{"start":{"line":46,"column":41},"end":{"line":48,"column":3}}]},"22":{"type":"branch","line":47,"loc":{"start":{"line":47,"column":19},"end":{"line":47,"column":45}},"locations":[{"start":{"line":47,"column":19},"end":{"line":47,"column":45}}]},"23":{"type":"branch","line":48,"loc":{"start":{"line":48,"column":2},"end":{"line":49,"column":30}},"locations":[{"start":{"line":48,"column":2},"end":{"line":49,"column":30}}]},"24":{"type":"branch","line":49,"loc":{"start":{"line":49,"column":30},"end":{"line":53,"column":1}},"locations":[{"start":{"line":49,"column":30},"end":{"line":53,"column":1}}]},"25":{"type":"branch","line":49,"loc":{"start":{"line":49,"column":30},"end":{"line":51,"column":3}},"locations":[{"start":{"line":49,"column":30},"end":{"line":51,"column":3}}]},"26":{"type":"branch","line":51,"loc":{"start":{"line":51,"column":2},"end":{"line":53,"column":1}},"locations":[{"start":{"line":51,"column":2},"end":{"line":53,"column":1}}]},"27":{"type":"branch","line":70,"loc":{"start":{"line":70,"column":0},"end":{"line":75,"column":1}},"locations":[{"start":{"line":70,"column":0},"end":{"line":75,"column":1}}]},"28":{"type":"branch","line":72,"loc":{"start":{"line":72,"column":21},"end":{"line":72,"column":34}},"locations":[{"start":{"line":72,"column":21},"end":{"line":72,"column":34}}]},"29":{"type":"branch","line":72,"loc":{"start":{"line":72,"column":33},"end":{"line":75,"column":1}},"locations":[{"start":{"line":72,"column":33},"end":{"line":75,"column":1}}]}},"b":{"0":[15],"1":[0],"2":[15],"3":[0],"4":[0],"5":[6],"6":[0],"7":[0],"8":[210],"9":[204],"10":[6],"11":[0],"12":[204],"13":[0],"14":[204],"15":[0],"16":[204],"17":[0],"18":[204],"19":[92],"20":[85],"21":[7],"22":[0],"23":[85],"24":[91],"25":[3],"26":[82],"27":[195],"28":[192],"29":[3]},"fnMap":{"0":{"name":"isValidDate","decl":{"start":{"line":10,"column":0},"end":{"line":14,"column":1}},"loc":{"start":{"line":10,"column":0},"end":{"line":14,"column":1}},"line":10},"1":{"name":"validateDate","decl":{"start":{"line":17,"column":0},"end":{"line":23,"column":1}},"loc":{"start":{"line":17,"column":0},"end":{"line":23,"column":1}},"line":17},"2":{"name":"validateString","decl":{"start":{"line":26,"column":0},"end":{"line":30,"column":1}},"loc":{"start":{"line":26,"column":0},"end":{"line":30,"column":1}},"line":26},"3":{"name":"validateNumber","decl":{"start":{"line":33,"column":0},"end":{"line":42,"column":1}},"loc":{"start":{"line":33,"column":0},"end":{"line":42,"column":1}},"line":33},"4":{"name":"validateEnum","decl":{"start":{"line":45,"column":0},"end":{"line":53,"column":1}},"loc":{"start":{"line":45,"column":0},"end":{"line":53,"column":1}},"line":45},"5":{"name":"validateId","decl":{"start":{"line":56,"column":0},"end":{"line":60,"column":1}},"loc":{"start":{"line":56,"column":0},"end":{"line":60,"column":1}},"line":56},"6":{"name":"abort","decl":{"start":{"line":70,"column":0},"end":{"line":75,"column":1}},"loc":{"start":{"line":70,"column":0},"end":{"line":75,"column":1}},"line":70}},"f":{"0":15,"1":15,"2":6,"3":210,"4":92,"5":0,"6":195}}
}
