{"total": {"lines":{"total":3429,"covered":1794,"skipped":0,"pct":52.31},"statements":{"total":3429,"covered":1794,"skipped":0,"pct":52.31},"functions":{"total":56,"covered":33,"skipped":0,"pct":58.92},"branches":{"total":253,"covered":184,"skipped":0,"pct":72.72},"branchesTrue":{"total":0,"covered":0,"skipped":0,"pct":100}}
,"C:\\Users\\camil\\Desktop\\Fittreacker\\fittracker-backend\\backend\\src\\db\\connection.js": {"lines":{"total":3,"covered":0,"skipped":0,"pct":0},"functions":{"total":1,"covered":0,"skipped":0,"pct":0},"statements":{"total":3,"covered":0,"skipped":0,"pct":0},"branches":{"total":1,"covered":0,"skipped":0,"pct":0}}
,"C:\\Users\\camil\\Desktop\\Fittreacker\\fittracker-backend\\backend\\src\\db\\migrate.js": {"lines":{"total":105,"covered":80,"skipped":0,"pct":76.19},"functions":{"total":4,"covered":4,"skipped":0,"pct":100},"statements":{"total":105,"covered":80,"skipped":0,"pct":76.19},"branches":{"total":17,"covered":6,"skipped":0,"pct":35.29}}
,"C:\\Users\\camil\\Desktop\\Fittreacker\\fittracker-backend\\backend\\src\\db\\postgres.js": {"lines":{"total":63,"covered":0,"skipped":0,"pct":0},"functions":{"total":1,"covered":0,"skipped":0,"pct":0},"statements":{"total":63,"covered":0,"skipped":0,"pct":0},"branches":{"total":1,"covered":0,"skipped":0,"pct":0}}
,"C:\\Users\\camil\\Desktop\\Fittreacker\\fittracker-backend\\backend\\src\\middleware\\featureFlags.js": {"lines":{"total":30,"covered":22,"skipped":0,"pct":73.33},"functions":{"total":2,"covered":1,"skipped":0,"pct":50},"statements":{"total":30,"covered":22,"skipped":0,"pct":73.33},"branches":{"total":1,"covered":1,"skipped":0,"pct":100}}
,"C:\\Users\\camil\\Desktop\\Fittreacker\\fittracker-backend\\backend\\src\\middleware\\rateLimiter.js": {"lines":{"total":29,"covered":29,"skipped":0,"pct":100},"functions":{"total":3,"covered":2,"skipped":0,"pct":66.66},"statements":{"total":29,"covered":29,"skipped":0,"pct":100},"branches":{"total":4,"covered":2,"skipped":0,"pct":50}}
,"C:\\Users\\camil\\Desktop\\Fittreacker\\fittracker-backend\\backend\\src\\middleware\\requestId.js": {"lines":{"total":16,"covered":16,"skipped":0,"pct":100},"functions":{"total":1,"covered":1,"skipped":0,"pct":100},"statements":{"total":16,"covered":16,"skipped":0,"pct":100},"branches":{"total":1,"covered":1,"skipped":0,"pct":100}}
,"C:\\Users\\camil\\Desktop\\Fittreacker\\fittracker-backend\\backend\\src\\routes\\v1\\ai.js": {"lines":{"total":473,"covered":473,"skipped":0,"pct":100},"functions":{"total":11,"covered":11,"skipped":0,"pct":100},"statements":{"total":473,"covered":473,"skipped":0,"pct":100},"branches":{"total":165,"covered":151,"skipped":0,"pct":91.51}}
,"C:\\Users\\camil\\Desktop\\Fittreacker\\fittracker-backend\\backend\\src\\routes\\v1\\auth.js": {"lines":{"total":728,"covered":349,"skipped":0,"pct":47.93},"functions":{"total":6,"covered":5,"skipped":0,"pct":83.33},"statements":{"total":728,"covered":349,"skipped":0,"pct":47.93},"branches":{"total":29,"covered":10,"skipped":0,"pct":34.48}}
,"C:\\Users\\camil\\Desktop\\Fittreacker\\fittracker-backend\\backend\\src\\routes\\v1\\diets.js": {"lines":{"total":197,"covered":65,"skipped":0,"pct":32.99},"functions":{"total":2,"covered":0,"skipped":0,"pct":0},"statements":{"total":197,"covered":65,"skipped":0,"pct":32.99},"branches":{"total":1,"covered":0,"skipped":0,"pct":0}}
,"C:\\Users\\camil\\Desktop\\Fittreacker\\fittracker-backend\\backend\\src\\routes\\v1\\habits.js": {"lines":{"total":185,"covered":119,"skipped":0,"pct":64.32},"functions":{"total":0,"covered":0,"skipped":0,"pct":100},"statements":{"total":185,"covered":119,"skipped":0,"pct":64.32},"branches":{"total":0,"covered":0,"skipped":0,"pct":100}}
,"C:\\Users\\camil\\Desktop\\Fittreacker\\fittracker-backend\\backend\\src\\routes\\v1\\index.js": {"lines":{"total":19,"covered":19,"skipped":0,"pct":100},"functions":{"total":0,"covered":0,"skipped":0,"pct":100},"statements":{"total":19,"covered":19,"skipped":0,"pct":100},"branches":{"total":0,"covered":0,"skipped":0,"pct":100}}
,"C:\\Users\\camil\\Desktop\\Fittreacker\\fittracker-backend\\backend\\src\\routes\\v1\\meals.js": {"lines":{"total":135,"covered":82,"skipped":0,"pct":60.74},"functions":{"total":0,"covered":0,"skipped":0,"pct":100},"statements":{"total":135,"covered":82,"skipped":0,"pct":60.74},"branches":{"total":0,"covered":0,"skipped":0,"pct":100}}
,"C:\\Users\\camil\\Desktop\\Fittreacker\\fittracker-backend\\backend\\src\\routes\\v1\\n8n.js": {"lines":{"total":189,"covered":32,"skipped":0,"pct":16.93},"functions":{"total":1,"covered":0,"skipped":0,"pct":0},"statements":{"total":189,"covered":32,"skipped":0,"pct":16.93},"branches":{"total":5,"covered":0,"skipped":0,"pct":0}}
,"C:\\Users\\camil\\Desktop\\Fittreacker\\fittracker-backend\\backend\\src\\routes\\v1\\pdf.js": {"lines":{"total":32,"covered":17,"skipped":0,"pct":53.12},"functions":{"total":0,"covered":0,"skipped":0,"pct":100},"statements":{"total":32,"covered":17,"skipped":0,"pct":53.12},"branches":{"total":0,"covered":0,"skipped":0,"pct":100}}
,"C:\\Users\\camil\\Desktop\\Fittreacker\\fittracker-backend\\backend\\src\\routes\\v1\\progress.js": {"lines":{"total":101,"covered":26,"skipped":0,"pct":25.74},"functions":{"total":0,"covered":0,"skipped":0,"pct":100},"statements":{"total":101,"covered":26,"skipped":0,"pct":25.74},"branches":{"total":0,"covered":0,"skipped":0,"pct":100}}
,"C:\\Users\\camil\\Desktop\\Fittreacker\\fittracker-backend\\backend\\src\\routes\\v1\\reps.js": {"lines":{"total":158,"covered":46,"skipped":0,"pct":29.11},"functions":{"total":1,"covered":0,"skipped":0,"pct":0},"statements":{"total":158,"covered":46,"skipped":0,"pct":29.11},"branches":{"total":0,"covered":0,"skipped":0,"pct":100}}
,"C:\\Users\\camil\\Desktop\\Fittreacker\\fittracker-backend\\backend\\src\\routes\\v1\\routines.js": {"lines":{"total":129,"covered":47,"skipped":0,"pct":36.43},"functions":{"total":1,"covered":0,"skipped":0,"pct":0},"statements":{"total":129,"covered":47,"skipped":0,"pct":36.43},"branches":{"total":0,"covered":0,"skipped":0,"pct":100}}
,"C:\\Users\\camil\\Desktop\\Fittreacker\\fittracker-backend\\backend\\src\\routes\\v1\\settings.js": {"lines":{"total":147,"covered":102,"skipped":0,"pct":69.38},"functions":{"total":1,"covered":0,"skipped":0,"pct":0},"statements":{"total":147,"covered":102,"skipped":0,"pct":69.38},"branches":{"total":0,"covered":0,"skipped":0,"pct":100}}
,"C:\\Users\\camil\\Desktop\\Fittreacker\\fittracker-backend\\backend\\src\\routes\\v1\\yolo.js": {"lines":{"total":89,"covered":38,"skipped":0,"pct":42.69},"functions":{"total":0,"covered":0,"skipped":0,"pct":100},"statements":{"total":89,"covered":38,"skipped":0,"pct":42.69},"branches":{"total":1,"covered":0,"skipped":0,"pct":0}}
,"C:\\Users\\camil\\Desktop\\Fittreacker\\fittracker-backend\\backend\\src\\services\\emailService.js": {"lines":{"total":66,"covered":9,"skipped":0,"pct":13.63},"functions":{"total":2,"covered":0,"skipped":0,"pct":0},"statements":{"total":66,"covered":9,"skipped":0,"pct":13.63},"branches":{"total":0,"covered":0,"skipped":0,"pct":100}}
,"C:\\Users\\camil\\Desktop\\Fittreacker\\fittracker-backend\\backend\\src\\services\\n8nWebhookService.js": {"lines":{"total":83,"covered":9,"skipped":0,"pct":10.84},"functions":{"total":2,"covered":0,"skipped":0,"pct":0},"statements":{"total":83,"covered":9,"skipped":0,"pct":10.84},"branches":{"total":1,"covered":0,"skipped":0,"pct":0}}
,"C:\\Users\\camil\\Desktop\\Fittreacker\\fittracker-backend\\backend\\src\\services\\ollamaService.js": {"lines":{"total":74,"covered":0,"skipped":0,"pct":0},"functions":{"total":1,"covered":0,"skipped":0,"pct":0},"statements":{"total":74,"covered":0,"skipped":0,"pct":0},"branches":{"total":1,"covered":0,"skipped":0,"pct":0}}
,"C:\\Users\\camil\\Desktop\\Fittreacker\\fittracker-backend\\backend\\src\\services\\visionClient.js": {"lines":{"total":105,"covered":0,"skipped":0,"pct":0},"functions":{"total":1,"covered":0,"skipped":0,"pct":0},"statements":{"total":105,"covered":0,"skipped":0,"pct":0},"branches":{"total":1,"covered":0,"skipped":0,"pct":0}}
,"C:\\Users\\camil\\Desktop\\Fittreacker\\fittracker-backend\\backend\\src\\utils\\asyncHandler.js": {"lines":{"total":18,"covered":18,"skipped":0,"pct":100},"functions":{"total":1,"covered":1,"skipped":0,"pct":100},"statements":{"total":18,"covered":18,"skipped":0,"pct":100},"branches":{"total":2,"covered":2,"skipped":0,"pct":100}}
,"C:\\Users\\camil\\Desktop\\Fittreacker\\fittracker-backend\\backend\\src\\utils\\constants.js": {"lines":{"total":45,"covered":45,"skipped":0,"pct":100},"functions":{"total":0,"covered":0,"skipped":0,"pct":100},"statements":{"total":45,"covered":45,"skipped":0,"pct":100},"branches":{"total":0,"covered":0,"skipped":0,"pct":100}}
,"C:\\Users\\camil\\Desktop\\Fittreacker\\fittracker-backend\\backend\\src\\utils\\internalToken.js": {"lines":{"total":39,"covered":18,"skipped":0,"pct":46.15},"functions":{"total":1,"covered":0,"skipped":0,"pct":0},"statements":{"total":39,"covered":18,"skipped":0,"pct":46.15},"branches":{"total":3,"covered":0,"skipped":0,"pct":0}}
,"C:\\Users\\camil\\Desktop\\Fittreacker\\fittracker-backend\\backend\\src\\utils\\metrics.js": {"lines":{"total":87,"covered":85,"skipped":0,"pct":97.7},"functions":{"total":6,"covered":6,"skipped":0,"pct":100},"statements":{"total":87,"covered":85,"skipped":0,"pct":97.7},"branches":{"total":12,"covered":9,"skipped":0,"pct":75}}
,"C:\\Users\\camil\\Desktop\\Fittreacker\\fittracker-backend\\backend\\src\\utils\\validate.js": {"lines":{"total":84,"covered":48,"skipped":0,"pct":57.14},"functions":{"total":7,"covered":2,"skipped":0,"pct":28.57},"statements":{"total":84,"covered":48,"skipped":0,"pct":57.14},"branches":{"total":7,"covered":2,"skipped":0,"pct":28.57}}
}
