{"total": {"lines":{"total":3480,"covered":3384,"skipped":0,"pct":97.24},"statements":{"total":3480,"covered":3384,"skipped":0,"pct":97.24},"functions":{"total":74,"covered":72,"skipped":0,"pct":97.29},"branches":{"total":868,"covered":745,"skipped":0,"pct":85.82},"branchesTrue":{"total":0,"covered":0,"skipped":0,"pct":100}}
,"C:\\Users\\camil\\Desktop\\Fittreacker\\fittracker-backend\\backend\\src\\db\\connection.js": {"lines":{"total":3,"covered":3,"skipped":0,"pct":100},"functions":{"total":0,"covered":0,"skipped":0,"pct":100},"statements":{"total":3,"covered":3,"skipped":0,"pct":100},"branches":{"total":0,"covered":0,"skipped":0,"pct":100}}
,"C:\\Users\\camil\\Desktop\\Fittreacker\\fittracker-backend\\backend\\src\\db\\migrate.js": {"lines":{"total":111,"covered":107,"skipped":0,"pct":96.39},"functions":{"total":5,"covered":5,"skipped":0,"pct":100},"statements":{"total":111,"covered":107,"skipped":0,"pct":96.39},"branches":{"total":30,"covered":28,"skipped":0,"pct":93.33}}
,"C:\\Users\\camil\\Desktop\\Fittreacker\\fittracker-backend\\backend\\src\\db\\postgres.js": {"lines":{"total":63,"covered":0,"skipped":0,"pct":0},"functions":{"total":1,"covered":0,"skipped":0,"pct":0},"statements":{"total":63,"covered":0,"skipped":0,"pct":0},"branches":{"total":1,"covered":0,"skipped":0,"pct":0}}
,"C:\\Users\\camil\\Desktop\\Fittreacker\\fittracker-backend\\backend\\src\\db\\tokenCleanup.js": {"lines":{"total":25,"covered":25,"skipped":0,"pct":100},"functions":{"total":2,"covered":2,"skipped":0,"pct":100},"statements":{"total":25,"covered":25,"skipped":0,"pct":100},"branches":{"total":6,"covered":6,"skipped":0,"pct":100}}
,"C:\\Users\\camil\\Desktop\\Fittreacker\\fittracker-backend\\backend\\src\\middleware\\featureFlags.js": {"lines":{"total":30,"covered":30,"skipped":0,"pct":100},"functions":{"total":2,"covered":2,"skipped":0,"pct":100},"statements":{"total":30,"covered":30,"skipped":0,"pct":100},"branches":{"total":4,"covered":4,"skipped":0,"pct":100}}
,"C:\\Users\\camil\\Desktop\\Fittreacker\\fittracker-backend\\backend\\src\\middleware\\rateLimiter.js": {"lines":{"total":29,"covered":29,"skipped":0,"pct":100},"functions":{"total":3,"covered":2,"skipped":0,"pct":66.66},"statements":{"total":29,"covered":29,"skipped":0,"pct":100},"branches":{"total":4,"covered":2,"skipped":0,"pct":50}}
,"C:\\Users\\camil\\Desktop\\Fittreacker\\fittracker-backend\\backend\\src\\middleware\\requestId.js": {"lines":{"total":16,"covered":16,"skipped":0,"pct":100},"functions":{"total":1,"covered":1,"skipped":0,"pct":100},"statements":{"total":16,"covered":16,"skipped":0,"pct":100},"branches":{"total":2,"covered":2,"skipped":0,"pct":100}}
,"C:\\Users\\camil\\Desktop\\Fittreacker\\fittracker-backend\\backend\\src\\routes\\v1\\ai.js": {"lines":{"total":464,"covered":464,"skipped":0,"pct":100},"functions":{"total":11,"covered":11,"skipped":0,"pct":100},"statements":{"total":464,"covered":464,"skipped":0,"pct":100},"branches":{"total":178,"covered":165,"skipped":0,"pct":92.69}}
,"C:\\Users\\camil\\Desktop\\Fittreacker\\fittracker-backend\\backend\\src\\routes\\v1\\auth.js": {"lines":{"total":749,"covered":735,"skipped":0,"pct":98.13},"functions":{"total":9,"covered":9,"skipped":0,"pct":100},"statements":{"total":749,"covered":735,"skipped":0,"pct":98.13},"branches":{"total":192,"covered":155,"skipped":0,"pct":80.72}}
,"C:\\Users\\camil\\Desktop\\Fittreacker\\fittracker-backend\\backend\\src\\routes\\v1\\diets.js": {"lines":{"total":197,"covered":196,"skipped":0,"pct":99.49},"functions":{"total":2,"covered":2,"skipped":0,"pct":100},"statements":{"total":197,"covered":196,"skipped":0,"pct":99.49},"branches":{"total":42,"covered":31,"skipped":0,"pct":73.8}}
,"C:\\Users\\camil\\Desktop\\Fittreacker\\fittracker-backend\\backend\\src\\routes\\v1\\habits.js": {"lines":{"total":185,"covered":183,"skipped":0,"pct":98.91},"functions":{"total":0,"covered":0,"skipped":0,"pct":100},"statements":{"total":185,"covered":183,"skipped":0,"pct":98.91},"branches":{"total":31,"covered":28,"skipped":0,"pct":90.32}}
,"C:\\Users\\camil\\Desktop\\Fittreacker\\fittracker-backend\\backend\\src\\routes\\v1\\index.js": {"lines":{"total":19,"covered":19,"skipped":0,"pct":100},"functions":{"total":0,"covered":0,"skipped":0,"pct":100},"statements":{"total":19,"covered":19,"skipped":0,"pct":100},"branches":{"total":0,"covered":0,"skipped":0,"pct":100}}
,"C:\\Users\\camil\\Desktop\\Fittreacker\\fittracker-backend\\backend\\src\\routes\\v1\\meals.js": {"lines":{"total":142,"covered":142,"skipped":0,"pct":100},"functions":{"total":1,"covered":1,"skipped":0,"pct":100},"statements":{"total":142,"covered":142,"skipped":0,"pct":100},"branches":{"total":29,"covered":25,"skipped":0,"pct":86.2}}
,"C:\\Users\\camil\\Desktop\\Fittreacker\\fittracker-backend\\backend\\src\\routes\\v1\\n8n.js": {"lines":{"total":189,"covered":189,"skipped":0,"pct":100},"functions":{"total":1,"covered":1,"skipped":0,"pct":100},"statements":{"total":189,"covered":189,"skipped":0,"pct":100},"branches":{"total":74,"covered":56,"skipped":0,"pct":75.67}}
,"C:\\Users\\camil\\Desktop\\Fittreacker\\fittracker-backend\\backend\\src\\routes\\v1\\pdf.js": {"lines":{"total":32,"covered":32,"skipped":0,"pct":100},"functions":{"total":0,"covered":0,"skipped":0,"pct":100},"statements":{"total":32,"covered":32,"skipped":0,"pct":100},"branches":{"total":7,"covered":7,"skipped":0,"pct":100}}
,"C:\\Users\\camil\\Desktop\\Fittreacker\\fittracker-backend\\backend\\src\\routes\\v1\\progress.js": {"lines":{"total":101,"covered":98,"skipped":0,"pct":97.02},"functions":{"total":0,"covered":0,"skipped":0,"pct":100},"statements":{"total":101,"covered":98,"skipped":0,"pct":97.02},"branches":{"total":20,"covered":15,"skipped":0,"pct":75}}
,"C:\\Users\\camil\\Desktop\\Fittreacker\\fittracker-backend\\backend\\src\\routes\\v1\\reps.js": {"lines":{"total":158,"covered":156,"skipped":0,"pct":98.73},"functions":{"total":1,"covered":1,"skipped":0,"pct":100},"statements":{"total":158,"covered":156,"skipped":0,"pct":98.73},"branches":{"total":46,"covered":38,"skipped":0,"pct":82.6}}
,"C:\\Users\\camil\\Desktop\\Fittreacker\\fittracker-backend\\backend\\src\\routes\\v1\\routines.js": {"lines":{"total":129,"covered":128,"skipped":0,"pct":99.22},"functions":{"total":1,"covered":1,"skipped":0,"pct":100},"statements":{"total":129,"covered":128,"skipped":0,"pct":99.22},"branches":{"total":15,"covered":12,"skipped":0,"pct":80}}
,"C:\\Users\\camil\\Desktop\\Fittreacker\\fittracker-backend\\backend\\src\\routes\\v1\\settings.js": {"lines":{"total":147,"covered":147,"skipped":0,"pct":100},"functions":{"total":1,"covered":1,"skipped":0,"pct":100},"statements":{"total":147,"covered":147,"skipped":0,"pct":100},"branches":{"total":26,"covered":24,"skipped":0,"pct":92.3}}
,"C:\\Users\\camil\\Desktop\\Fittreacker\\fittracker-backend\\backend\\src\\routes\\v1\\yolo.js": {"lines":{"total":90,"covered":85,"skipped":0,"pct":94.44},"functions":{"total":0,"covered":0,"skipped":0,"pct":100},"statements":{"total":90,"covered":85,"skipped":0,"pct":94.44},"branches":{"total":13,"covered":9,"skipped":0,"pct":69.23}}
,"C:\\Users\\camil\\Desktop\\Fittreacker\\fittracker-backend\\backend\\src\\services\\emailService.js": {"lines":{"total":66,"covered":66,"skipped":0,"pct":100},"functions":{"total":2,"covered":2,"skipped":0,"pct":100},"statements":{"total":66,"covered":66,"skipped":0,"pct":100},"branches":{"total":13,"covered":13,"skipped":0,"pct":100}}
,"C:\\Users\\camil\\Desktop\\Fittreacker\\fittracker-backend\\backend\\src\\services\\n8nWebhookService.js": {"lines":{"total":83,"covered":82,"skipped":0,"pct":98.79},"functions":{"total":2,"covered":2,"skipped":0,"pct":100},"statements":{"total":83,"covered":82,"skipped":0,"pct":98.79},"branches":{"total":10,"covered":7,"skipped":0,"pct":70}}
,"C:\\Users\\camil\\Desktop\\Fittreacker\\fittracker-backend\\backend\\src\\services\\ollamaService.js": {"lines":{"total":74,"covered":74,"skipped":0,"pct":100},"functions":{"total":6,"covered":6,"skipped":0,"pct":100},"statements":{"total":74,"covered":74,"skipped":0,"pct":100},"branches":{"total":32,"covered":30,"skipped":0,"pct":93.75}}
,"C:\\Users\\camil\\Desktop\\Fittreacker\\fittracker-backend\\backend\\src\\services\\visionClient.js": {"lines":{"total":105,"covered":105,"skipped":0,"pct":100},"functions":{"total":8,"covered":8,"skipped":0,"pct":100},"statements":{"total":105,"covered":105,"skipped":0,"pct":100},"branches":{"total":20,"covered":17,"skipped":0,"pct":85}}
,"C:\\Users\\camil\\Desktop\\Fittreacker\\fittracker-backend\\backend\\src\\utils\\asyncHandler.js": {"lines":{"total":18,"covered":18,"skipped":0,"pct":100},"functions":{"total":1,"covered":1,"skipped":0,"pct":100},"statements":{"total":18,"covered":18,"skipped":0,"pct":100},"branches":{"total":2,"covered":2,"skipped":0,"pct":100}}
,"C:\\Users\\camil\\Desktop\\Fittreacker\\fittracker-backend\\backend\\src\\utils\\constants.js": {"lines":{"total":45,"covered":45,"skipped":0,"pct":100},"functions":{"total":0,"covered":0,"skipped":0,"pct":100},"statements":{"total":45,"covered":45,"skipped":0,"pct":100},"branches":{"total":0,"covered":0,"skipped":0,"pct":100}}
,"C:\\Users\\camil\\Desktop\\Fittreacker\\fittracker-backend\\backend\\src\\utils\\internalToken.js": {"lines":{"total":39,"covered":39,"skipped":0,"pct":100},"functions":{"total":1,"covered":1,"skipped":0,"pct":100},"statements":{"total":39,"covered":39,"skipped":0,"pct":100},"branches":{"total":8,"covered":7,"skipped":0,"pct":87.5}}
,"C:\\Users\\camil\\Desktop\\Fittreacker\\fittracker-backend\\backend\\src\\utils\\metrics.js": {"lines":{"total":87,"covered":87,"skipped":0,"pct":100},"functions":{"total":6,"covered":6,"skipped":0,"pct":100},"statements":{"total":87,"covered":87,"skipped":0,"pct":100},"branches":{"total":16,"covered":15,"skipped":0,"pct":93.75}}
,"C:\\Users\\camil\\Desktop\\Fittreacker\\fittracker-backend\\backend\\src\\utils\\validate.js": {"lines":{"total":84,"covered":84,"skipped":0,"pct":100},"functions":{"total":7,"covered":7,"skipped":0,"pct":100},"statements":{"total":84,"covered":84,"skipped":0,"pct":100},"branches":{"total":47,"covered":47,"skipped":0,"pct":100}}
}
