TN:
SF:src\db\connection.js
FNF:0
FNH:0
DA:1,1
DA:2,1
DA:3,1
LF:3
LH:3
BRF:0
BRH:0
end_of_record
TN:
SF:src\db\migrate.js
FN:11,_migracionesExiste
FN:18,getApplied
FN:37,applyMigration
FN:61,runMigrations
FNF:4
FNH:4
FNDA:209,_migracionesExiste
FNDA:19,getApplied
FNDA:190,applyMigration
FNDA:19,runMigrations
DA:1,1
DA:2,1
DA:3,1
DA:4,1
DA:5,1
DA:6,1
DA:7,1
DA:8,1
DA:9,1
DA:10,1
DA:11,209
DA:12,209
DA:13,209
DA:14,209
DA:15,209
DA:16,209
DA:17,1
DA:18,19
DA:19,19
DA:20,0
DA:21,0
DA:22,0
DA:23,0
DA:24,19
DA:25,19
DA:26,19
DA:27,19
DA:28,19
DA:29,19
DA:30,19
DA:31,19
DA:32,19
DA:33,19
DA:34,19
DA:35,19
DA:36,1
DA:37,190
DA:38,190
DA:39,190
DA:40,190
DA:41,190
DA:42,190
DA:43,0
DA:44,0
DA:45,0
DA:46,0
DA:47,190
DA:48,190
DA:49,190
DA:50,190
DA:51,190
DA:52,190
DA:53,190
DA:54,190
DA:55,190
DA:56,0
DA:57,0
DA:58,0
DA:59,190
DA:60,1
DA:61,19
DA:62,19
DA:63,0
DA:64,0
DA:65,0
DA:66,19
DA:67,19
DA:68,0
DA:69,0
DA:70,0
DA:71,19
DA:72,19
DA:73,19
DA:74,19
DA:75,19
DA:76,19
DA:77,19
DA:78,19
DA:79,19
DA:80,19
DA:81,190
DA:82,190
DA:83,190
DA:84,190
DA:85,190
DA:86,190
DA:87,0
DA:88,0
DA:89,0
DA:90,190
DA:91,19
DA:92,19
DA:93,0
DA:94,19
DA:95,19
DA:96,19
DA:97,19
DA:98,1
DA:99,1
DA:100,1
DA:101,1
DA:102,0
DA:103,0
DA:104,0
DA:105,0
LF:105
LH:80
BRDA:101,0,0,0
BRDA:11,1,0,209
BRDA:15,2,0,0
BRDA:18,3,0,19
BRDA:19,4,0,0
BRDA:37,5,0,190
BRDA:42,6,0,0
BRDA:55,7,0,0
BRDA:61,8,0,19
BRDA:62,9,0,0
BRDA:62,10,0,0
BRDA:67,11,0,0
BRDA:80,12,0,190
BRDA:81,13,0,0
BRDA:86,14,0,0
BRDA:93,15,0,0
BRDA:76,16,0,190
BRF:17
BRH:6
end_of_record
TN:
SF:src\db\postgres.js
FN:1,(empty-report)
FNF:1
FNH:0
FNDA:0,(empty-report)
DA:1,0
DA:2,0
DA:3,0
DA:4,0
DA:5,0
DA:6,0
DA:7,0
DA:8,0
DA:9,0
DA:10,0
DA:11,0
DA:12,0
DA:13,0
DA:14,0
DA:15,0
DA:16,0
DA:17,0
DA:18,0
DA:19,0
DA:20,0
DA:21,0
DA:22,0
DA:23,0
DA:24,0
DA:25,0
DA:26,0
DA:27,0
DA:28,0
DA:29,0
DA:30,0
DA:31,0
DA:32,0
DA:33,0
DA:34,0
DA:35,0
DA:36,0
DA:37,0
DA:38,0
DA:39,0
DA:40,0
DA:41,0
DA:42,0
DA:43,0
DA:44,0
DA:45,0
DA:46,0
DA:47,0
DA:48,0
DA:49,0
DA:50,0
DA:51,0
DA:52,0
DA:53,0
DA:54,0
DA:55,0
DA:56,0
DA:57,0
DA:58,0
DA:59,0
DA:60,0
DA:61,0
DA:62,0
DA:63,0
LF:63
LH:0
BRDA:1,0,0,0
BRF:1
BRH:0
end_of_record
TN:
SF:src\middleware\featureFlags.js
FN:16,require
FN:18,featureFlagGuard
FNF:2
FNH:2
FNDA:22,require
FNDA:16,featureFlagGuard
DA:1,1
DA:2,1
DA:3,1
DA:4,1
DA:5,1
DA:6,1
DA:7,1
DA:8,1
DA:9,1
DA:10,1
DA:11,1
DA:12,1
DA:13,1
DA:14,1
DA:15,1
DA:16,22
DA:17,22
DA:18,22
DA:19,16
DA:20,5
DA:21,5
DA:22,5
DA:23,5
DA:24,5
DA:25,5
DA:26,11
DA:27,22
DA:28,22
DA:29,1
DA:30,1
LF:30
LH:30
BRDA:16,0,0,22
BRDA:18,1,0,16
BRDA:19,2,0,5
BRDA:25,3,0,11
BRF:4
BRH:4
end_of_record
TN:
SF:src\middleware\rateLimiter.js
FN:14,skip
FN:16,keyGenerator
FN:25,skip
FNF:3
FNH:2
FNDA:83,skip
FNDA:0,keyGenerator
FNDA:536,skip
DA:1,1
DA:2,1
DA:3,1
DA:4,1
DA:5,1
DA:6,1
DA:7,1
DA:8,1
DA:9,1
DA:10,1
DA:11,1
DA:12,1
DA:13,1
DA:14,1
DA:15,1
DA:16,1
DA:17,1
DA:18,1
DA:19,1
DA:20,1
DA:21,1
DA:22,1
DA:23,1
DA:24,1
DA:25,1
DA:26,1
DA:27,1
DA:28,1
DA:29,1
LF:29
LH:29
BRDA:11,0,0,0
BRDA:22,1,0,0
BRDA:14,2,0,83
BRDA:25,3,0,536
BRF:4
BRH:2
end_of_record
TN:
SF:src\middleware\requestId.js
FN:10,requestId
FNF:1
FNH:1
FNDA:536,requestId
DA:1,1
DA:2,1
DA:3,1
DA:4,1
DA:5,1
DA:6,1
DA:7,1
DA:8,1
DA:9,1
DA:10,536
DA:11,536
DA:12,536
DA:13,536
DA:14,536
DA:15,1
DA:16,1
LF:16
LH:16
BRDA:10,0,0,536
BRF:1
BRH:1
end_of_record
TN:
SF:src\routes\v1\ai.js
FN:14,_loadMemories
FN:23,_saveMemories
FN:46,_extractMemories
FN:85,_buildSystemPrompt
FN:170,_detect
FN:177,_calcMetrics
FN:185,_buildRoutine
FN:221,_buildDiet
FN:268,_localAI
FNF:9
FNH:9
FNDA:24,_loadMemories
FNDA:1,_saveMemories
FNDA:23,_extractMemories
FNDA:23,_buildSystemPrompt
FNDA:23,_detect
FNDA:3,_calcMetrics
FNDA:3,_buildRoutine
FNDA:4,_buildDiet
FNDA:23,_localAI
DA:1,1
DA:2,1
DA:3,1
DA:4,1
DA:5,1
DA:6,1
DA:7,1
DA:8,1
DA:9,1
DA:10,1
DA:11,1
DA:12,1
DA:13,1
DA:14,24
DA:15,24
DA:16,1
DA:17,1
DA:18,1
DA:19,1
DA:20,1
DA:21,1
DA:22,1
DA:23,1
DA:24,1
DA:25,0
DA:26,0
DA:27,0
DA:28,0
DA:29,0
DA:30,0
DA:31,0
DA:32,0
DA:33,0
DA:34,0
DA:35,0
DA:36,0
DA:37,0
DA:38,0
DA:39,0
DA:40,0
DA:41,0
DA:42,0
DA:43,1
DA:44,1
DA:45,1
DA:46,23
DA:47,23
DA:48,23
DA:49,23
DA:50,23
DA:51,23
DA:52,23
DA:53,23
DA:54,23
DA:55,23
DA:56,23
DA:57,23
DA:58,23
DA:59,23
DA:60,23
DA:61,23
DA:62,23
DA:63,23
DA:64,23
DA:65,23
DA:66,23
DA:67,23
DA:68,23
DA:69,23
DA:70,23
DA:71,23
DA:72,23
DA:73,23
DA:74,23
DA:75,23
DA:76,23
DA:77,23
DA:78,23
DA:79,23
DA:80,23
DA:81,23
DA:82,23
DA:83,1
DA:84,1
DA:85,23
DA:86,23
DA:87,23
DA:88,23
DA:89,23
DA:90,23
DA:91,23
DA:92,23
DA:93,23
DA:94,23
DA:95,23
DA:96,23
DA:97,23
DA:98,23
DA:99,23
DA:100,23
DA:101,23
DA:102,13
DA:103,13
DA:104,13
DA:105,13
DA:106,13
DA:107,13
DA:108,23
DA:109,23
DA:110,23
DA:111,23
DA:112,23
DA:113,23
DA:114,23
DA:115,23
DA:116,23
DA:117,23
DA:118,23
DA:119,23
DA:120,23
DA:121,0
DA:122,23
DA:123,23
DA:124,23
DA:125,23
DA:126,23
DA:127,23
DA:128,23
DA:129,23
DA:130,23
DA:131,23
DA:132,23
DA:133,23
DA:134,23
DA:135,23
DA:136,23
DA:137,23
DA:138,23
DA:139,23
DA:140,23
DA:141,23
DA:142,23
DA:143,23
DA:144,23
DA:145,23
DA:146,23
DA:147,23
DA:148,23
DA:149,23
DA:150,23
DA:151,1
DA:152,1
DA:153,1
DA:154,1
DA:155,1
DA:156,1
DA:157,1
DA:158,1
DA:159,1
DA:160,1
DA:161,1
DA:162,1
DA:163,1
DA:164,1
DA:165,1
DA:166,1
DA:167,1
DA:168,1
DA:169,1
DA:170,23
DA:171,23
DA:172,140
DA:173,140
DA:174,0
DA:175,0
DA:176,1
DA:177,3
DA:178,3
DA:179,3
DA:180,3
DA:181,3
DA:182,3
DA:183,3
DA:184,1
DA:185,3
DA:186,3
DA:187,3
DA:188,3
DA:189,3
DA:190,3
DA:191,3
DA:192,3
DA:193,3
DA:194,3
DA:195,3
DA:196,3
DA:197,3
DA:198,3
DA:199,3
DA:200,3
DA:201,3
DA:202,3
DA:203,3
DA:204,3
DA:205,3
DA:206,3
DA:207,3
DA:208,3
DA:209,3
DA:210,3
DA:211,3
DA:212,3
DA:213,3
DA:214,3
DA:215,3
DA:216,3
DA:217,3
DA:218,3
DA:219,3
DA:220,1
DA:221,4
DA:222,4
DA:223,4
DA:224,4
DA:225,2
DA:226,2
DA:227,2
DA:228,4
DA:229,4
DA:230,4
DA:231,4
DA:232,4
DA:233,4
DA:234,4
DA:235,4
DA:236,4
DA:237,4
DA:238,4
DA:239,4
DA:240,4
DA:241,4
DA:242,4
DA:243,4
DA:244,4
DA:245,4
DA:246,4
DA:247,4
DA:248,4
DA:249,4
DA:250,4
DA:251,4
DA:252,4
DA:253,4
DA:254,4
DA:255,4
DA:256,4
DA:257,4
DA:258,4
DA:259,4
DA:260,4
DA:261,1
DA:262,3
DA:263,2
DA:264,1
DA:265,4
DA:266,4
DA:267,1
DA:268,23
DA:269,23
DA:270,23
DA:271,23
DA:272,23
DA:273,23
DA:274,23
DA:275,23
DA:276,23
DA:277,23
DA:278,0
DA:279,0
DA:280,0
DA:281,23
DA:282,23
DA:283,0
DA:284,0
DA:285,0
DA:286,23
DA:287,23
DA:288,23
DA:289,3
DA:290,3
DA:291,3
DA:292,21
DA:293,4
DA:294,4
DA:295,4
DA:296,23
DA:297,1
DA:298,1
DA:299,1
DA:300,23
DA:301,1
DA:302,1
DA:303,1
DA:304,21
DA:305,21
DA:306,5
DA:307,5
DA:308,5
DA:309,17
DA:310,17
DA:311,1
DA:312,0
DA:313,0
DA:314,23
DA:315,23
DA:316,0
DA:317,0
DA:318,23
DA:319,23
DA:320,1
DA:321,1
DA:322,1
DA:323,2
DA:324,2
DA:325,2
DA:326,2
DA:327,2
DA:328,1
DA:329,1
DA:330,1
DA:331,1
DA:332,1
DA:333,1
DA:334,1
DA:335,1
DA:336,1
DA:337,1
DA:338,1
DA:339,1
DA:340,1
DA:341,1
DA:342,1
DA:343,1
DA:344,1
DA:345,1
DA:346,1
DA:347,1
DA:348,1
DA:349,1
DA:350,1
DA:351,1
DA:352,1
DA:353,1
DA:354,1
DA:355,1
DA:356,1
DA:357,1
DA:358,1
DA:359,1
DA:360,1
DA:361,1
DA:362,25
DA:363,25
DA:364,2
DA:365,2
DA:366,23
DA:367,25
DA:368,25
DA:369,25
DA:370,25
DA:371,25
DA:372,23
DA:373,23
DA:374,23
DA:375,23
DA:376,23
DA:377,25
DA:378,0
DA:379,0
DA:380,0
DA:381,0
DA:382,0
DA:383,0
DA:384,0
DA:385,23
DA:386,23
DA:387,1
DA:388,1
DA:389,1
DA:390,1
DA:391,0
DA:392,0
DA:393,0
DA:394,0
DA:395,0
DA:396,0
DA:397,0
DA:398,0
DA:399,0
DA:400,0
DA:401,0
DA:402,0
DA:403,0
DA:404,0
DA:405,0
DA:406,0
DA:407,0
DA:408,0
DA:409,0
DA:410,0
DA:411,0
DA:412,0
DA:413,0
DA:414,0
DA:415,0
DA:416,0
DA:417,0
DA:418,0
DA:419,0
DA:420,0
DA:421,0
DA:422,0
DA:423,0
DA:424,0
DA:425,0
DA:426,0
DA:427,0
DA:428,0
DA:429,0
DA:430,0
DA:431,0
DA:432,0
DA:433,0
DA:434,0
DA:435,0
DA:436,0
DA:437,0
DA:438,1
DA:439,1
DA:440,1
DA:441,1
DA:442,1
DA:443,1
DA:444,1
DA:445,1
DA:446,1
DA:447,1
DA:448,1
DA:449,1
DA:450,1
DA:451,1
DA:452,5
DA:453,5
DA:454,5
DA:455,5
DA:456,5
DA:457,5
DA:458,5
DA:459,5
DA:460,1
DA:461,1
DA:462,1
DA:463,1
DA:464,1
DA:465,1
DA:466,1
DA:467,1
DA:468,1
DA:469,1
DA:470,1
DA:471,1
DA:472,1
DA:473,1
LF:473
LH:388
BRDA:14,0,0,24
BRDA:15,1,0,23
BRDA:15,2,0,1
BRDA:23,3,0,1
BRDA:24,4,0,0
BRDA:24,5,0,0
BRDA:46,6,0,23
BRDA:51,7,0,1
BRDA:53,8,0,0
BRDA:54,9,0,0
BRDA:55,10,0,0
BRDA:56,11,0,0
BRDA:57,12,0,0
BRDA:59,13,0,0
BRDA:60,14,0,0
BRDA:61,15,0,0
BRDA:63,16,0,0
BRDA:64,17,0,0
BRDA:65,18,0,0
BRDA:66,19,0,0
BRDA:68,20,0,0
BRDA:69,21,0,0
BRDA:72,22,0,0
BRDA:75,23,0,0
BRDA:77,24,0,0
BRDA:79,25,0,0
BRDA:85,26,0,23
BRDA:101,27,0,18
BRDA:101,28,0,13
BRDA:101,29,0,13
BRDA:110,30,0,12
BRDA:111,31,0,2
BRDA:112,32,0,18
BRDA:112,33,0,5
BRDA:113,34,0,13
BRDA:113,35,0,10
BRDA:114,36,0,13
BRDA:114,37,0,10
BRDA:115,38,0,12
BRDA:115,39,0,11
BRDA:115,40,0,1
BRDA:115,41,0,10
BRDA:116,42,0,22
BRDA:117,43,0,0
BRDA:121,44,0,0
BRDA:118,45,0,161
BRDA:170,46,0,23
BRDA:171,47,0,140
BRDA:172,48,0,23
BRDA:173,49,0,0
BRDA:177,50,0,3
BRDA:178,51,0,0
BRDA:178,52,0,0
BRDA:178,53,0,0
BRDA:185,54,0,3
BRDA:218,55,0,0
BRDA:221,56,0,4
BRDA:223,57,0,0
BRDA:224,58,0,3
BRDA:224,59,0,2
BRDA:224,60,0,2
BRDA:252,61,0,0
BRDA:254,62,0,0
BRDA:261,63,0,1
BRDA:262,64,0,3
BRDA:263,65,0,2
BRDA:263,66,0,0
BRDA:264,67,0,1
BRDA:259,68,0,28
BRDA:268,69,0,23
BRDA:271,70,0,12
BRDA:272,71,0,2
BRDA:277,72,0,0
BRDA:282,73,0,0
BRDA:287,74,0,4
BRDA:287,75,0,2
BRDA:287,76,0,2
BRDA:287,77,0,21
BRDA:287,78,0,19
BRDA:288,79,0,16
BRDA:288,80,0,21
BRDA:288,81,0,3
BRDA:291,82,0,16
BRDA:292,83,0,4
BRDA:295,84,0,12
BRDA:296,85,0,11
BRDA:296,86,0,21
BRDA:296,87,0,1
BRDA:298,88,0,0
BRDA:298,89,0,0
BRDA:299,90,0,11
BRDA:300,91,0,10
BRDA:300,92,0,21
BRDA:300,93,0,1
BRDA:301,94,0,0
BRDA:303,95,0,10
BRDA:304,96,0,1
BRDA:304,97,0,9
BRDA:305,98,0,5
BRDA:306,99,0,0
BRDA:308,100,0,17
BRDA:308,101,0,4
BRDA:309,102,0,2
BRDA:310,103,0,1
BRDA:311,104,0,0
BRDA:314,105,0,0
BRDA:315,106,0,0
BRDA:315,107,0,0
BRDA:318,108,0,0
BRDA:322,109,0,2
BRDA:361,110,0,25
BRDA:363,111,0,2
BRDA:365,112,0,23
BRDA:367,113,0,23
BRDA:368,114,0,23
BRDA:368,115,0,0
BRDA:371,116,0,1
BRDA:371,117,0,23
BRDA:377,118,0,0
BRDA:384,119,0,23
BRDA:375,120,0,23
BRDA:451,121,0,5
BRDA:453,122,0,0
BRDA:458,123,0,0
BRDA:463,124,0,1
BRDA:468,125,0,1
BRF:126
BRH:80
end_of_record
TN:
SF:src\routes\v1\auth.js
FN:21,_sign
FN:29,_safeUser
FN:50,_hashToken
FN:54,_parsePage
FN:60,_issueTokens
FN:446,mapper
FN:458,mapper
FN:470,mapper
FN:713,requireAuth
FNF:9
FNH:9
FNDA:59,_sign
FNDA:80,_safeUser
FNDA:65,_hashToken
FNDA:38,_parsePage
FNDA:59,_issueTokens
FNDA:1,mapper
FNDA:1,mapper
FNDA:2,mapper
FNDA:379,requireAuth
DA:1,1
DA:2,1
DA:3,1
DA:4,1
DA:5,1
DA:6,1
DA:7,1
DA:8,1
DA:9,1
DA:10,1
DA:11,1
DA:12,1
DA:13,1
DA:14,1
DA:15,1
DA:16,1
DA:17,1
DA:18,1
DA:19,1
DA:20,1
DA:21,59
DA:22,59
DA:23,59
DA:24,59
DA:25,59
DA:26,59
DA:27,59
DA:28,1
DA:29,80
DA:30,80
DA:31,80
DA:32,80
DA:33,80
DA:34,80
DA:35,80
DA:36,80
DA:37,80
DA:38,80
DA:39,80
DA:40,80
DA:41,80
DA:42,80
DA:43,80
DA:44,80
DA:45,80
DA:46,80
DA:47,80
DA:48,80
DA:49,1
DA:50,65
DA:51,65
DA:52,65
DA:53,1
DA:54,38
DA:55,38
DA:56,38
DA:57,38
DA:58,38
DA:59,1
DA:60,59
DA:61,59
DA:62,59
DA:63,59
DA:64,59
DA:65,59
DA:66,59
DA:67,59
DA:68,59
DA:69,59
DA:70,59
DA:71,59
DA:72,59
DA:73,59
DA:74,1
DA:75,1
DA:76,1
DA:77,1
DA:78,1
DA:79,1
DA:80,1
DA:81,1
DA:82,1
DA:83,1
DA:84,1
DA:85,1
DA:86,1
DA:87,1
DA:88,1
DA:89,1
DA:90,1
DA:91,1
DA:92,1
DA:93,1
DA:94,1
DA:95,1
DA:96,1
DA:97,1
DA:98,1
DA:99,1
DA:100,1
DA:101,1
DA:102,1
DA:103,1
DA:104,1
DA:105,1
DA:106,1
DA:107,1
DA:108,1
DA:109,1
DA:110,1
DA:111,1
DA:112,1
DA:113,60
DA:114,60
DA:115,60
DA:116,60
DA:117,60
DA:118,60
DA:119,60
DA:120,60
DA:121,60
DA:122,60
DA:123,60
DA:124,60
DA:125,60
DA:126,60
DA:127,53
DA:128,53
DA:129,60
DA:130,52
DA:131,52
DA:132,52
DA:133,52
DA:134,60
DA:135,60
DA:136,60
DA:137,60
DA:138,60
DA:139,60
DA:140,60
DA:141,60
DA:142,60
DA:143,60
DA:144,60
DA:145,60
DA:146,60
DA:147,60
DA:148,52
DA:149,52
DA:150,1
DA:151,1
DA:152,1
DA:153,1
DA:154,1
DA:155,1
DA:156,1
DA:157,1
DA:158,1
DA:159,1
DA:160,1
DA:161,1
DA:162,1
DA:163,1
DA:164,1
DA:165,1
DA:166,1
DA:167,1
DA:168,1
DA:169,1
DA:170,1
DA:171,1
DA:172,1
DA:173,1
DA:174,13
DA:175,13
DA:176,9
DA:177,9
DA:178,9
DA:179,10
DA:180,7
DA:181,7
DA:182,9
DA:183,6
DA:184,6
DA:185,6
DA:186,1
DA:187,1
DA:188,1
DA:189,1
DA:190,1
DA:191,1
DA:192,1
DA:193,1
DA:194,1
DA:195,1
DA:196,1
DA:197,1
DA:198,1
DA:199,16
DA:200,16
DA:201,16
DA:202,1
DA:203,1
DA:204,1
DA:205,1
DA:206,1
DA:207,1
DA:208,1
DA:209,1
DA:210,1
DA:211,1
DA:212,1
DA:213,1
DA:214,1
DA:215,1
DA:216,1
DA:217,1
DA:218,1
DA:219,1
DA:220,1
DA:221,1
DA:222,1
DA:223,1
DA:224,1
DA:225,1
DA:226,1
DA:227,1
DA:228,6
DA:229,6
DA:230,6
DA:231,6
DA:232,6
DA:233,6
DA:234,6
DA:235,6
DA:236,6
DA:237,6
DA:238,6
DA:239,6
DA:240,6
DA:241,6
DA:242,6
DA:243,6
DA:244,6
DA:245,6
DA:246,6
DA:247,6
DA:248,6
DA:249,6
DA:250,6
DA:251,6
DA:252,6
DA:253,6
DA:254,6
DA:255,6
DA:256,6
DA:257,1
DA:258,1
DA:259,1
DA:260,1
DA:261,5
DA:262,5
DA:263,5
DA:264,5
DA:265,5
DA:266,5
DA:267,5
DA:268,5
DA:269,5
DA:270,1
DA:271,1
DA:272,1
DA:273,1
DA:274,3
DA:275,3
DA:276,3
DA:277,3
DA:278,3
DA:279,3
DA:280,3
DA:281,3
DA:282,4
DA:283,4
DA:284,4
DA:285,3
DA:286,3
DA:287,3
DA:288,3
DA:289,3
DA:290,3
DA:291,3
DA:292,3
DA:293,3
DA:294,3
DA:295,3
DA:296,3
DA:297,3
DA:298,0
DA:299,0
DA:300,3
DA:301,3
DA:302,3
DA:303,1
DA:304,1
DA:305,1
DA:306,1
DA:307,12
DA:308,12
DA:309,12
DA:310,12
DA:311,12
DA:312,12
DA:313,12
DA:314,12
DA:315,12
DA:316,12
DA:317,12
DA:318,12
DA:319,12
DA:320,12
DA:321,12
DA:322,12
DA:323,12
DA:324,12
DA:325,12
DA:326,12
DA:327,12
DA:328,1
DA:329,1
DA:330,1
DA:331,1
DA:332,15
DA:333,15
DA:334,15
DA:335,15
DA:336,15
DA:337,15
DA:338,15
DA:339,15
DA:340,15
DA:341,15
DA:342,15
DA:343,15
DA:344,15
DA:345,15
DA:346,15
DA:347,15
DA:348,15
DA:349,15
DA:350,15
DA:351,15
DA:352,1
DA:353,1
DA:354,1
DA:355,1
DA:356,7
DA:357,7
DA:358,7
DA:359,7
DA:360,7
DA:361,7
DA:362,7
DA:363,7
DA:364,7
DA:365,7
DA:366,7
DA:367,7
DA:368,7
DA:369,7
DA:370,7
DA:371,7
DA:372,7
DA:373,1
DA:374,1
DA:375,1
DA:376,1
DA:377,7
DA:378,7
DA:379,7
DA:380,7
DA:381,7
DA:382,7
DA:383,7
DA:384,7
DA:385,7
DA:386,1
DA:387,1
DA:388,1
DA:389,1
DA:390,13
DA:391,13
DA:392,13
DA:393,13
DA:394,13
DA:395,13
DA:396,13
DA:397,13
DA:398,13
DA:399,13
DA:400,12
DA:401,12
DA:402,13
DA:403,13
DA:404,13
DA:405,13
DA:406,13
DA:407,13
DA:408,13
DA:409,13
DA:410,13
DA:411,1
DA:412,1
DA:413,1
DA:414,1
DA:415,6
DA:416,6
DA:417,6
DA:418,6
DA:419,6
DA:420,6
DA:421,6
DA:422,6
DA:423,6
DA:424,1
DA:425,1
DA:426,1
DA:427,1
DA:428,1
DA:429,5
DA:430,5
DA:431,5
DA:432,5
DA:433,1
DA:434,1
DA:435,4
DA:436,4
DA:437,4
DA:438,5
DA:439,1
DA:440,1
DA:441,1
DA:442,1
DA:443,1
DA:444,1
DA:445,1
DA:446,1
DA:447,1
DA:448,1
DA:449,1
DA:450,5
DA:451,1
DA:452,1
DA:453,1
DA:454,1
DA:455,1
DA:456,1
DA:457,1
DA:458,1
DA:459,1
DA:460,1
DA:461,3
DA:462,2
DA:463,2
DA:464,2
DA:465,2
DA:466,2
DA:467,2
DA:468,2
DA:469,2
DA:470,2
DA:471,2
DA:472,2
DA:473,4
DA:474,4
DA:475,4
DA:476,4
DA:477,4
DA:478,4
DA:479,4
DA:480,1
DA:481,1
DA:482,1
DA:483,1
DA:484,10
DA:485,10
DA:486,9
DA:487,9
DA:488,9
DA:489,10
DA:490,10
DA:491,9
DA:492,1
DA:493,1
DA:494,1
DA:495,1
DA:496,5
DA:497,5
DA:498,5
DA:499,5
DA:500,5
DA:501,5
DA:502,5
DA:503,5
DA:504,5
DA:505,1
DA:506,1
DA:507,1
DA:508,1
DA:509,1
DA:510,1
DA:511,1
DA:512,1
DA:513,1
DA:514,1
DA:515,1
DA:516,1
DA:517,1
DA:518,1
DA:519,1
DA:520,1
DA:521,1
DA:522,1
DA:523,1
DA:524,1
DA:525,1
DA:526,1
DA:527,1
DA:528,3
DA:529,3
DA:530,2
DA:531,2
DA:532,2
DA:533,2
DA:534,2
DA:535,2
DA:536,3
DA:537,1
DA:538,1
DA:539,1
DA:540,1
DA:541,1
DA:542,1
DA:543,1
DA:544,1
DA:545,1
DA:546,1
DA:547,1
DA:548,1
DA:549,1
DA:550,1
DA:551,1
DA:552,3
DA:553,0
DA:554,0
DA:555,0
DA:556,1
DA:557,1
DA:558,1
DA:559,1
DA:560,1
DA:561,1
DA:562,1
DA:563,1
DA:564,1
DA:565,1
DA:566,1
DA:567,1
DA:568,1
DA:569,1
DA:570,1
DA:571,1
DA:572,1
DA:573,1
DA:574,1
DA:575,1
DA:576,1
DA:577,1
DA:578,1
DA:579,1
DA:580,1
DA:581,4
DA:582,4
DA:583,4
DA:584,2
DA:585,2
DA:586,2
DA:587,2
DA:588,2
DA:589,2
DA:590,2
DA:591,2
DA:592,2
DA:593,2
DA:594,4
DA:595,4
DA:596,1
DA:597,1
DA:598,1
DA:599,1
DA:600,1
DA:601,1
DA:602,1
DA:603,1
DA:604,1
DA:605,1
DA:606,4
DA:607,0
DA:608,0
DA:609,4
DA:610,2
DA:611,2
DA:612,1
DA:613,1
DA:614,1
DA:615,1
DA:616,1
DA:617,1
DA:618,1
DA:619,1
DA:620,1
DA:621,1
DA:622,1
DA:623,1
DA:624,1
DA:625,1
DA:626,1
DA:627,1
DA:628,1
DA:629,1
DA:630,1
DA:631,1
DA:632,1
DA:633,1
DA:634,1
DA:635,1
DA:636,3
DA:637,3
DA:638,2
DA:639,2
DA:640,2
DA:641,2
DA:642,3
DA:643,2
DA:644,2
DA:645,3
DA:646,1
DA:647,1
DA:648,1
DA:649,1
DA:650,1
DA:651,1
DA:652,1
DA:653,1
DA:654,3
DA:655,0
DA:656,0
DA:657,3
DA:658,2
DA:659,2
DA:660,1
DA:661,1
DA:662,1
DA:663,1
DA:664,3
DA:665,3
DA:666,2
DA:667,2
DA:668,2
DA:669,2
DA:670,2
DA:671,2
DA:672,2
DA:673,2
DA:674,2
DA:675,2
DA:676,2
DA:677,2
DA:678,2
DA:679,3
DA:680,3
DA:681,3
DA:682,0
DA:683,0
DA:684,0
DA:685,1
DA:686,1
DA:687,1
DA:688,1
DA:689,1
DA:690,1
DA:691,1
DA:692,1
DA:693,1
DA:694,3
DA:695,0
DA:696,0
DA:697,3
DA:698,2
DA:699,2
DA:700,1
DA:701,1
DA:702,1
DA:703,1
DA:704,2
DA:705,2
DA:706,1
DA:707,1
DA:708,1
DA:709,1
DA:710,1
DA:711,1
DA:712,1
DA:713,379
DA:714,379
DA:715,379
DA:716,379
DA:717,302
DA:718,302
DA:719,302
DA:720,302
DA:721,302
DA:722,379
DA:723,3
DA:724,3
DA:725,379
DA:726,1
DA:727,1
DA:728,1
LF:728
LH:714
BRDA:17,0,0,0
BRDA:21,1,0,59
BRDA:23,2,0,0
BRDA:23,3,0,0
BRDA:29,4,0,80
BRDA:50,5,0,65
BRDA:54,6,0,38
BRDA:60,7,0,59
BRDA:69,8,0,0
BRDA:112,9,0,60
BRDA:119,10,0,56
BRDA:119,11,0,5
BRDA:119,12,0,55
BRDA:120,13,0,1
BRDA:120,14,0,54
BRDA:121,15,0,1
BRDA:121,16,0,53
BRDA:122,17,0,45
BRDA:122,18,0,0
BRDA:122,19,0,53
BRDA:123,20,0,45
BRDA:123,21,0,0
BRDA:123,22,0,53
BRDA:124,23,0,45
BRDA:124,24,0,0
BRDA:124,25,0,53
BRDA:125,26,0,0
BRDA:125,27,0,0
BRDA:125,28,0,53
BRDA:126,29,0,45
BRDA:126,30,0,0
BRDA:126,31,0,53
BRDA:129,32,0,1
BRDA:129,33,0,52
BRDA:134,34,0,45
BRDA:134,35,0,45
BRDA:134,36,0,45
BRDA:134,37,0,45
BRDA:143,38,0,7
BRDA:143,39,0,7
BRDA:143,40,0,7
BRDA:143,41,0,7
BRDA:147,42,0,52
BRDA:173,43,0,13
BRDA:175,44,0,9
BRDA:175,45,0,4
BRDA:175,46,0,10
BRDA:175,47,0,9
BRDA:179,48,0,2
BRDA:179,49,0,9
BRDA:179,50,0,7
BRDA:182,51,0,1
BRDA:182,52,0,6
BRDA:198,53,0,16
BRDA:200,54,0,0
BRDA:227,55,0,6
BRDA:249,56,0,2
BRDA:249,57,0,4
BRDA:249,58,0,4
BRDA:255,59,0,0
BRDA:260,60,0,5
BRDA:273,61,0,3
BRDA:276,62,0,0
BRDA:297,63,0,0
BRDA:275,64,0,5
BRDA:275,65,0,4
BRDA:281,66,0,4
BRDA:306,67,0,12
BRDA:308,68,0,0
BRDA:309,69,0,2
BRDA:309,70,0,0
BRDA:310,71,0,0
BRDA:311,72,0,4
BRDA:316,73,0,0
BRDA:316,74,0,9
BRDA:316,75,0,10
BRDA:320,76,0,12
BRDA:323,77,0,0
BRDA:323,78,0,9
BRDA:323,79,0,10
BRDA:331,80,0,15
BRDA:337,81,0,0
BRDA:338,82,0,0
BRDA:355,83,0,7
BRDA:357,84,0,1
BRDA:362,85,0,0
BRDA:362,86,0,3
BRDA:362,87,0,6
BRDA:365,88,0,7
BRDA:368,89,0,0
BRDA:368,90,0,3
BRDA:368,91,0,6
BRDA:376,92,0,7
BRDA:389,93,0,13
BRDA:391,94,0,1
BRDA:396,95,0,1
BRDA:396,96,0,12
BRDA:396,97,0,11
BRDA:396,98,0,9
BRDA:396,99,0,9
BRDA:396,100,0,12
BRDA:399,101,0,12
BRDA:403,102,0,13
BRDA:406,103,0,1
BRDA:406,104,0,12
BRDA:406,105,0,11
BRDA:406,106,0,9
BRDA:406,107,0,9
BRDA:406,108,0,12
BRDA:414,109,0,6
BRDA:428,110,0,5
BRDA:429,111,0,1
BRDA:432,112,0,1
BRDA:434,113,0,4
BRDA:438,114,0,1
BRDA:450,115,0,3
BRDA:450,116,0,1
BRDA:461,117,0,2
BRDA:472,118,0,4
BRDA:446,119,0,1
BRDA:447,120,0,0
BRDA:458,121,0,1
BRDA:459,122,0,0
BRDA:459,123,0,0
BRDA:470,124,0,2
BRDA:471,125,0,0
BRDA:483,126,0,10
BRDA:485,127,0,1
BRDA:485,128,0,9
BRDA:489,129,0,7
BRDA:489,130,0,8
BRDA:490,131,0,9
BRDA:495,132,0,5
BRDA:527,133,0,3
BRDA:529,134,0,1
BRDA:529,135,0,2
BRDA:536,136,0,1
BRDA:552,137,0,0
BRDA:580,138,0,4
BRDA:582,139,0,3
BRDA:582,140,0,1
BRDA:582,141,0,3
BRDA:583,142,0,1
BRDA:583,143,0,2
BRDA:594,144,0,1
BRDA:594,145,0,1
BRDA:595,146,0,0
BRDA:595,147,0,1
BRDA:606,148,0,0
BRDA:609,149,0,1
BRDA:609,150,0,2
BRDA:635,151,0,3
BRDA:637,152,0,1
BRDA:637,153,0,2
BRDA:642,154,0,0
BRDA:642,155,0,2
BRDA:645,156,0,1
BRDA:654,157,0,0
BRDA:657,158,0,1
BRDA:657,159,0,2
BRDA:663,160,0,3
BRDA:665,161,0,1
BRDA:665,162,0,2
BRDA:679,163,0,1
BRDA:680,164,0,0
BRDA:680,165,0,1
BRDA:681,166,0,0
BRDA:684,167,0,1
BRDA:694,168,0,0
BRDA:697,169,0,1
BRDA:697,170,0,2
BRDA:703,171,0,2
BRDA:705,172,0,1
BRDA:713,173,0,379
BRDA:714,174,0,77
BRDA:715,175,0,302
BRDA:715,176,0,77
BRDA:716,177,0,77
BRDA:716,178,0,302
BRDA:722,179,0,3
BRF:180
BRH:145
end_of_record
TN:
SF:src\routes\v1\diets.js
FN:148,_localDiet
FN:190,_currentWeekStart
FNF:2
FNH:2
FNDA:14,_localDiet
FNDA:3,_currentWeekStart
DA:1,1
DA:2,1
DA:3,1
DA:4,1
DA:5,1
DA:6,1
DA:7,1
DA:8,1
DA:9,1
DA:10,1
DA:11,1
DA:12,1
DA:13,1
DA:14,1
DA:15,1
DA:16,1
DA:17,1
DA:18,1
DA:19,1
DA:20,1
DA:21,1
DA:22,1
DA:23,1
DA:24,1
DA:25,1
DA:26,1
DA:27,1
DA:28,1
DA:29,1
DA:30,1
DA:31,1
DA:32,1
DA:33,1
DA:34,1
DA:35,1
DA:36,1
DA:37,1
DA:38,1
DA:39,1
DA:40,1
DA:41,16
DA:42,16
DA:43,16
DA:44,15
DA:45,15
DA:46,15
DA:47,15
DA:48,16
DA:49,2
DA:50,2
DA:51,2
DA:52,2
DA:53,2
DA:54,2
DA:55,2
DA:56,2
DA:57,2
DA:58,2
DA:59,2
DA:60,2
DA:61,2
DA:62,14
DA:63,16
DA:64,16
DA:65,1
DA:66,1
DA:67,1
DA:68,1
DA:69,1
DA:70,1
DA:71,3
DA:72,3
DA:73,3
DA:74,3
DA:75,3
DA:76,3
DA:77,3
DA:78,3
DA:79,3
DA:80,3
DA:81,3
DA:82,3
DA:83,3
DA:84,3
DA:85,3
DA:86,3
DA:87,3
DA:88,2
DA:89,1
DA:90,1
DA:91,1
DA:92,0
DA:93,1
DA:94,1
DA:95,1
DA:96,1
DA:97,1
DA:98,1
DA:99,2
DA:100,2
DA:101,2
DA:102,2
DA:103,2
DA:104,2
DA:105,2
DA:106,2
DA:107,2
DA:108,2
DA:109,2
DA:110,2
DA:111,2
DA:112,2
DA:113,2
DA:114,2
DA:115,2
DA:116,2
DA:117,2
DA:118,2
DA:119,2
DA:120,2
DA:121,1
DA:122,1
DA:123,1
DA:124,1
DA:125,1
DA:126,1
DA:127,5
DA:128,5
DA:129,3
DA:130,3
DA:131,3
DA:132,5
DA:133,3
DA:134,3
DA:135,3
DA:136,3
DA:137,3
DA:138,3
DA:139,3
DA:140,3
DA:141,3
DA:142,3
DA:143,3
DA:144,1
DA:145,1
DA:146,1
DA:147,1
DA:148,14
DA:149,14
DA:150,14
DA:151,14
DA:152,14
DA:153,14
DA:154,14
DA:155,14
DA:156,14
DA:157,14
DA:158,14
DA:159,14
DA:160,14
DA:161,14
DA:162,14
DA:163,14
DA:164,14
DA:165,14
DA:166,14
DA:167,14
DA:168,14
DA:169,14
DA:170,14
DA:171,14
DA:172,14
DA:173,14
DA:174,14
DA:175,14
DA:176,14
DA:177,14
DA:178,14
DA:179,14
DA:180,14
DA:181,14
DA:182,98
DA:183,98
DA:184,98
DA:185,14
DA:186,14
DA:187,14
DA:188,14
DA:189,1
DA:190,3
DA:191,3
DA:192,3
DA:193,3
DA:194,3
DA:195,3
DA:196,1
DA:197,1
LF:197
LH:196
BRDA:14,0,0,0
BRDA:40,1,0,16
BRDA:42,2,0,1
BRDA:42,3,0,15
BRDA:43,4,0,0
BRDA:43,5,0,15
BRDA:48,6,0,2
BRDA:48,7,0,2
BRDA:60,8,0,1
BRDA:61,9,0,14
BRDA:63,10,0,0
BRDA:63,11,0,0
BRDA:70,12,0,3
BRDA:86,13,0,1
BRDA:87,14,0,2
BRDA:88,15,0,1
BRDA:90,16,0,1
BRDA:91,17,0,0
BRDA:98,18,0,2
BRDA:100,19,0,1
BRDA:101,20,0,1
BRDA:102,21,0,1
BRDA:116,22,0,1
BRDA:116,23,0,1
BRDA:116,24,0,0
BRDA:116,25,0,0
BRDA:116,26,0,0
BRDA:119,27,0,0
BRDA:126,28,0,5
BRDA:128,29,0,4
BRDA:128,30,0,2
BRDA:128,31,0,3
BRDA:132,32,0,0
BRDA:132,33,0,3
BRDA:142,34,0,1
BRDA:148,35,0,14
BRDA:150,36,0,1
BRDA:176,37,0,1
BRDA:181,38,0,98
BRDA:184,39,0,490
BRDA:190,40,0,3
BRDA:193,41,0,0
BRF:42
BRH:31
end_of_record
TN:
SF:src\routes\v1\habits.js
FNF:0
FNH:0
DA:1,1
DA:2,1
DA:3,1
DA:4,1
DA:5,1
DA:6,1
DA:7,1
DA:8,1
DA:9,1
DA:10,1
DA:11,1
DA:12,1
DA:13,1
DA:14,1
DA:15,1
DA:16,1
DA:17,1
DA:18,1
DA:19,1
DA:20,1
DA:21,1
DA:22,1
DA:23,1
DA:24,1
DA:25,1
DA:26,1
DA:27,1
DA:28,1
DA:29,1
DA:30,1
DA:31,1
DA:32,1
DA:33,1
DA:34,1
DA:35,1
DA:36,1
DA:37,1
DA:38,1
DA:39,1
DA:40,1
DA:41,1
DA:42,1
DA:43,1
DA:44,1
DA:45,1
DA:46,1
DA:47,1
DA:48,1
DA:49,1
DA:50,1
DA:51,1
DA:52,1
DA:53,1
DA:54,1
DA:55,1
DA:56,1
DA:57,1
DA:58,1
DA:59,1
DA:60,1
DA:61,1
DA:62,1
DA:63,1
DA:64,1
DA:65,1
DA:66,1
DA:67,1
DA:68,1
DA:69,1
DA:70,1
DA:71,1
DA:72,1
DA:73,1
DA:74,1
DA:75,1
DA:76,1
DA:77,1
DA:78,1
DA:79,1
DA:80,1
DA:81,1
DA:82,1
DA:83,1
DA:84,1
DA:85,1
DA:86,1
DA:87,1
DA:88,1
DA:89,1
DA:90,1
DA:91,1
DA:92,3
DA:93,3
DA:94,3
DA:95,3
DA:96,3
DA:97,3
DA:98,1
DA:99,1
DA:100,1
DA:101,1
DA:102,1
DA:103,1
DA:104,1
DA:105,1
DA:106,6
DA:107,6
DA:108,6
DA:109,4
DA:110,4
DA:111,2
DA:112,6
DA:113,6
DA:114,6
DA:115,6
DA:116,6
DA:117,6
DA:118,6
DA:119,6
DA:120,6
DA:121,6
DA:122,6
DA:123,6
DA:124,2
DA:125,6
DA:126,1
DA:127,1
DA:128,1
DA:129,1
DA:130,1
DA:131,1
DA:132,1
DA:133,1
DA:134,1
DA:135,3
DA:136,3
DA:137,3
DA:138,3
DA:139,3
DA:140,3
DA:141,3
DA:142,3
DA:143,0
DA:144,3
DA:145,3
DA:146,1
DA:147,1
DA:148,1
DA:149,1
DA:150,1
DA:151,1
DA:152,1
DA:153,1
DA:154,8
DA:155,8
DA:156,8
DA:157,4
DA:158,4
DA:159,4
DA:160,4
DA:161,6
DA:162,6
DA:163,2
DA:164,2
DA:165,6
DA:166,2
DA:167,8
DA:168,8
DA:169,8
DA:170,8
DA:171,8
DA:172,8
DA:173,8
DA:174,8
DA:175,8
DA:176,8
DA:177,2
DA:178,2
DA:179,2
DA:180,0
DA:181,2
DA:182,8
DA:183,1
DA:184,1
DA:185,1
LF:185
LH:183
BRDA:91,0,0,3
BRDA:92,1,0,2
BRDA:105,2,0,6
BRDA:108,3,0,5
BRDA:108,4,0,4
BRDA:108,5,0,4
BRDA:110,6,0,2
BRDA:113,7,0,1
BRDA:113,8,0,1
BRDA:113,9,0,1
BRDA:123,10,0,2
BRDA:134,11,0,3
BRDA:143,12,0,0
BRDA:153,13,0,8
BRDA:156,14,0,6
BRDA:156,15,0,6
BRDA:156,16,0,4
BRDA:158,17,0,6
BRDA:158,18,0,4
BRDA:162,19,0,2
BRDA:165,20,0,5
BRDA:165,21,0,2
BRDA:167,22,0,1
BRDA:176,23,0,5
BRDA:176,24,0,2
BRDA:180,25,0,0
BRDA:181,26,0,2
BRF:27
BRH:25
end_of_record
TN:
SF:src\routes\v1\index.js
FNF:0
FNH:0
DA:1,1
DA:2,1
DA:3,1
DA:4,1
DA:5,1
DA:6,1
DA:7,1
DA:8,1
DA:9,1
DA:10,1
DA:11,1
DA:12,1
DA:13,1
DA:14,1
DA:15,1
DA:16,1
DA:17,1
DA:18,1
DA:19,1
LF:19
LH:19
BRF:0
BRH:0
end_of_record
TN:
SF:src\routes\v1\meals.js
FN:123,rows.reduce.calories
FNF:1
FNH:1
FNDA:7,rows.reduce.calories
DA:1,1
DA:2,1
DA:3,1
DA:4,1
DA:5,1
DA:6,1
DA:7,1
DA:8,1
DA:9,1
DA:10,1
DA:11,1
DA:12,1
DA:13,1
DA:14,1
DA:15,1
DA:16,1
DA:17,1
DA:18,1
DA:19,1
DA:20,1
DA:21,1
DA:22,1
DA:23,1
DA:24,1
DA:25,1
DA:26,1
DA:27,1
DA:28,1
DA:29,1
DA:30,1
DA:31,1
DA:32,1
DA:33,1
DA:34,1
DA:35,1
DA:36,1
DA:37,1
DA:38,1
DA:39,1
DA:40,1
DA:41,1
DA:42,1
DA:43,1
DA:44,1
DA:45,1
DA:46,1
DA:47,1
DA:48,1
DA:49,1
DA:50,1
DA:51,1
DA:52,1
DA:53,1
DA:54,1
DA:55,1
DA:56,1
DA:57,1
DA:58,1
DA:59,1
DA:60,1
DA:61,1
DA:62,1
DA:63,1
DA:64,1
DA:65,1
DA:66,1
DA:67,1
DA:68,1
DA:69,1
DA:70,1
DA:71,1
DA:72,1
DA:73,11
DA:74,11
DA:75,11
DA:76,3
DA:77,3
DA:78,11
DA:79,4
DA:80,4
DA:81,4
DA:82,11
DA:83,11
DA:84,11
DA:85,11
DA:86,11
DA:87,11
DA:88,11
DA:89,11
DA:90,11
DA:91,11
DA:92,11
DA:93,11
DA:94,11
DA:95,11
DA:96,11
DA:97,11
DA:98,11
DA:99,11
DA:100,11
DA:101,4
DA:102,11
DA:103,1
DA:104,1
DA:105,1
DA:106,1
DA:107,1
DA:108,1
DA:109,1
DA:110,6
DA:111,6
DA:112,6
DA:113,6
DA:114,6
DA:115,6
DA:116,6
DA:117,6
DA:118,6
DA:119,6
DA:120,6
DA:121,6
DA:122,6
DA:123,6
DA:124,7
DA:125,7
DA:126,7
DA:127,7
DA:128,6
DA:129,6
DA:130,6
DA:131,6
DA:132,6
DA:133,1
DA:134,1
DA:135,1
LF:135
LH:135
BRDA:72,0,0,11
BRDA:75,1,0,9
BRDA:75,2,0,9
BRDA:75,3,0,3
BRDA:77,4,0,8
BRDA:78,5,0,6
BRDA:78,6,0,6
BRDA:78,7,0,8
BRDA:78,8,0,4
BRDA:82,9,0,3
BRDA:93,10,0,0
BRDA:94,11,0,3
BRDA:95,12,0,3
BRDA:96,13,0,3
BRDA:97,14,0,3
BRDA:98,15,0,1
BRDA:98,16,0,3
BRDA:100,17,0,4
BRDA:102,18,0,0
BRDA:109,19,0,6
BRDA:110,20,0,5
BRDA:123,21,0,7
BRDA:124,22,0,0
BRDA:125,23,0,4
BRDA:126,24,0,4
BRDA:127,25,0,4
BRF:26
BRH:23
end_of_record
TN:
SF:src\routes\v1\n8n.js
FN:19,verifyN8nSecret
FNF:1
FNH:1
FNDA:16,verifyN8nSecret
DA:1,1
DA:2,1
DA:3,1
DA:4,1
DA:5,1
DA:6,1
DA:7,1
DA:8,1
DA:9,1
DA:10,1
DA:11,1
DA:12,1
DA:13,0
DA:14,0
DA:15,1
DA:16,0
DA:17,0
DA:18,1
DA:19,16
DA:20,16
DA:21,16
DA:22,6
DA:23,6
DA:24,6
DA:25,10
DA:26,10
DA:27,1
DA:28,1
DA:29,1
DA:30,5
DA:31,5
DA:32,4
DA:33,4
DA:34,5
DA:35,5
DA:36,5
DA:37,5
DA:38,5
DA:39,5
DA:40,5
DA:41,5
DA:42,1
DA:43,1
DA:44,1
DA:45,1
DA:46,1
DA:47,1
DA:48,5
DA:49,1
DA:50,1
DA:51,1
DA:52,1
DA:53,3
DA:54,1
DA:55,1
DA:56,1
DA:57,1
DA:58,1
DA:59,1
DA:60,1
DA:61,1
DA:62,1
DA:63,1
DA:64,1
DA:65,1
DA:66,1
DA:67,1
DA:68,1
DA:69,0
DA:70,1
DA:71,1
DA:72,1
DA:73,1
DA:74,4
DA:75,4
DA:76,1
DA:77,1
DA:78,1
DA:79,1
DA:80,4
DA:81,4
DA:82,4
DA:83,2
DA:84,2
DA:85,4
DA:86,2
DA:87,4
DA:88,4
DA:89,4
DA:90,4
DA:91,4
DA:92,2
DA:93,2
DA:94,2
DA:95,1
DA:96,1
DA:97,1
DA:98,1
DA:99,2
DA:100,2
DA:101,2
DA:102,2
DA:103,2
DA:104,2
DA:105,2
DA:106,2
DA:107,2
DA:108,2
DA:109,2
DA:110,2
DA:111,2
DA:112,2
DA:113,2
DA:114,2
DA:115,2
DA:116,1
DA:117,1
DA:118,1
DA:119,1
DA:120,1
DA:121,1
DA:122,1
DA:123,1
DA:124,1
DA:125,1
DA:126,1
DA:127,1
DA:128,1
DA:129,1
DA:130,1
DA:131,1
DA:132,1
DA:133,1
DA:134,1
DA:135,1
DA:136,1
DA:137,1
DA:138,1
DA:139,1
DA:140,1
DA:141,1
DA:142,1
DA:143,1
DA:144,1
DA:145,1
DA:146,1
DA:147,1
DA:148,1
DA:149,1
DA:150,1
DA:151,1
DA:152,1
DA:153,1
DA:154,1
DA:155,1
DA:156,1
DA:157,1
DA:158,1
DA:159,1
DA:160,1
DA:161,1
DA:162,1
DA:163,1
DA:164,1
DA:165,1
DA:166,1
DA:167,1
DA:168,0
DA:169,0
DA:170,0
DA:171,0
DA:172,0
DA:173,0
DA:174,0
DA:175,0
DA:176,0
DA:177,0
DA:178,0
DA:179,0
DA:180,0
DA:181,0
DA:182,0
DA:183,0
DA:184,1
DA:185,1
DA:186,1
DA:187,1
DA:188,1
DA:189,1
LF:189
LH:168
BRDA:9,0,0,0
BRDA:10,1,0,0
BRDA:12,2,0,0
BRDA:12,3,0,0
BRDA:15,4,0,0
BRDA:19,5,0,16
BRDA:20,6,0,0
BRDA:21,7,0,6
BRDA:21,8,0,6
BRDA:24,9,0,10
BRDA:29,10,0,5
BRDA:31,11,0,1
BRDA:31,12,0,4
BRDA:34,13,0,0
BRDA:35,14,0,0
BRDA:36,15,0,3
BRDA:36,16,0,1
BRDA:37,17,0,1
BRDA:37,18,0,3
BRDA:41,19,0,1
BRDA:42,20,0,0
BRDA:44,21,0,0
BRDA:45,22,0,0
BRDA:46,23,0,0
BRDA:46,24,0,0
BRDA:46,25,0,0
BRDA:48,26,0,3
BRDA:48,27,0,1
BRDA:49,28,0,0
BRDA:51,29,0,0
BRDA:53,30,0,2
BRDA:53,31,0,1
BRDA:55,32,0,0
BRDA:56,33,0,0
BRDA:59,34,0,0
BRDA:61,35,0,0
BRDA:61,36,0,0
BRDA:64,37,0,0
BRDA:65,38,0,0
BRDA:66,39,0,0
BRDA:67,40,0,0
BRDA:68,41,0,0
BRDA:73,42,0,4
BRDA:43,43,0,2
BRDA:43,44,0,0
BRDA:79,45,0,4
BRDA:81,46,0,1
BRDA:81,47,0,3
BRDA:82,48,0,1
BRDA:82,49,0,2
BRDA:85,50,0,0
BRDA:85,51,0,2
BRDA:87,52,0,1
BRDA:87,53,0,0
BRDA:91,54,0,2
BRDA:98,55,0,2
BRDA:99,56,0,0
BRDA:102,57,0,0
BRDA:119,58,0,1
BRF:59
BRH:28
end_of_record
TN:
SF:src\routes\v1\pdf.js
FNF:0
FNH:0
DA:1,1
DA:2,1
DA:3,1
DA:4,1
DA:5,1
DA:6,1
DA:7,1
DA:8,1
DA:9,1
DA:10,1
DA:11,1
DA:12,1
DA:13,1
DA:14,1
DA:15,22
DA:16,22
DA:17,18
DA:18,18
DA:19,22
DA:20,3
DA:21,3
DA:22,15
DA:23,22
DA:24,22
DA:25,22
DA:26,22
DA:27,22
DA:28,22
DA:29,22
DA:30,1
DA:31,1
DA:32,1
LF:32
LH:32
BRDA:14,0,0,22
BRDA:16,1,0,4
BRDA:16,2,0,18
BRDA:19,3,0,3
BRDA:21,4,0,15
BRDA:23,5,0,2
BRDA:23,6,0,1
BRF:7
BRH:7
end_of_record
TN:
SF:src\routes\v1\progress.js
FNF:0
FNH:0
DA:1,1
DA:2,1
DA:3,1
DA:4,1
DA:5,1
DA:6,1
DA:7,1
DA:8,1
DA:9,1
DA:10,1
DA:11,1
DA:12,1
DA:13,1
DA:14,1
DA:15,1
DA:16,1
DA:17,25
DA:18,25
DA:19,25
DA:20,25
DA:21,25
DA:22,25
DA:23,25
DA:24,25
DA:25,25
DA:26,25
DA:27,25
DA:28,25
DA:29,25
DA:30,25
DA:31,25
DA:32,25
DA:33,25
DA:34,25
DA:35,25
DA:36,25
DA:37,25
DA:38,25
DA:39,25
DA:40,25
DA:41,25
DA:42,25
DA:43,25
DA:44,4
DA:45,4
DA:46,4
DA:47,4
DA:48,4
DA:49,4
DA:50,4
DA:51,4
DA:52,4
DA:53,21
DA:54,21
DA:55,21
DA:56,21
DA:57,21
DA:58,21
DA:59,21
DA:60,21
DA:61,21
DA:62,21
DA:63,21
DA:64,21
DA:65,21
DA:66,21
DA:67,21
DA:68,21
DA:69,1
DA:70,1
DA:71,1
DA:72,1
DA:73,1
DA:74,1
DA:75,1
DA:76,1
DA:77,1
DA:78,1
DA:79,1
DA:80,1
DA:81,1
DA:82,1
DA:83,1
DA:84,1
DA:85,1
DA:86,1
DA:87,1
DA:88,1
DA:89,1
DA:90,1
DA:91,1
DA:92,1
DA:93,1
DA:94,1
DA:95,0
DA:96,0
DA:97,0
DA:98,1
DA:99,1
DA:100,1
DA:101,1
LF:101
LH:98
BRDA:16,0,0,25
BRDA:30,1,0,0
BRDA:36,2,0,2
BRDA:37,3,0,2
BRDA:38,4,0,2
BRDA:39,5,0,3
BRDA:39,6,0,0
BRDA:40,7,0,3
BRDA:40,8,0,0
BRDA:41,9,0,1
BRDA:41,10,0,0
BRDA:43,11,0,23
BRDA:43,12,0,22
BRDA:43,13,0,4
BRDA:47,14,0,2
BRDA:48,15,0,2
BRDA:49,16,0,2
BRDA:52,17,0,21
BRDA:75,18,0,1
BRDA:94,19,0,0
BRF:20
BRH:15
end_of_record
TN:
SF:src\routes\v1\reps.js
FN:16,_persistSession
FNF:1
FNH:1
FNDA:6,_persistSession
DA:1,1
DA:2,1
DA:3,1
DA:4,1
DA:5,1
DA:6,1
DA:7,1
DA:8,1
DA:9,1
DA:10,1
DA:11,1
DA:12,1
DA:13,1
DA:14,1
DA:15,1
DA:16,6
DA:17,6
DA:18,6
DA:19,6
DA:20,6
DA:21,6
DA:22,6
DA:23,6
DA:24,6
DA:25,6
DA:26,6
DA:27,6
DA:28,6
DA:29,6
DA:30,6
DA:31,6
DA:32,6
DA:33,6
DA:34,6
DA:35,6
DA:36,6
DA:37,6
DA:38,6
DA:39,0
DA:40,0
DA:41,6
DA:42,1
DA:43,1
DA:44,1
DA:45,1
DA:46,1
DA:47,1
DA:48,1
DA:49,11
DA:50,11
DA:51,9
DA:52,7
DA:53,7
DA:54,7
DA:55,11
DA:56,5
DA:57,5
DA:58,5
DA:59,5
DA:60,5
DA:61,5
DA:62,5
DA:63,2
DA:64,7
DA:65,1
DA:66,1
DA:67,1
DA:68,1
DA:69,1
DA:70,1
DA:71,1
DA:72,1
DA:73,1
DA:74,1
DA:75,1
DA:76,7
DA:77,7
DA:78,7
DA:79,5
DA:80,5
DA:81,5
DA:82,5
DA:83,5
DA:84,5
DA:85,5
DA:86,5
DA:87,5
DA:88,5
DA:89,5
DA:90,5
DA:91,5
DA:92,5
DA:93,5
DA:94,5
DA:95,5
DA:96,5
DA:97,2
DA:98,2
DA:99,6
DA:100,1
DA:101,1
DA:102,1
DA:103,1
DA:104,1
DA:105,7
DA:106,7
DA:107,7
DA:108,7
DA:109,7
DA:110,7
DA:111,7
DA:112,7
DA:113,7
DA:114,1
DA:115,1
DA:116,1
DA:117,1
DA:118,1
DA:119,1
DA:120,1
DA:121,1
DA:122,1
DA:123,2
DA:124,2
DA:125,1
DA:126,1
DA:127,1
DA:128,1
DA:129,1
DA:130,1
DA:131,1
DA:132,1
DA:133,1
DA:134,1
DA:135,3
DA:136,3
DA:137,3
DA:138,3
DA:139,3
DA:140,3
DA:141,3
DA:142,3
DA:143,3
DA:144,3
DA:145,3
DA:146,3
DA:147,3
DA:148,3
DA:149,3
DA:150,3
DA:151,3
DA:152,3
DA:153,3
DA:154,2
DA:155,2
DA:156,1
DA:157,1
DA:158,1
LF:158
LH:156
BRDA:16,0,0,6
BRDA:28,1,0,4
BRDA:29,2,0,0
BRDA:30,3,0,1
BRDA:31,4,0,0
BRDA:32,5,0,1
BRDA:33,6,0,4
BRDA:34,7,0,4
BRDA:35,8,0,4
BRDA:38,9,0,0
BRDA:48,10,0,11
BRDA:50,11,0,2
BRDA:50,12,0,9
BRDA:51,13,0,2
BRDA:51,14,0,7
BRDA:55,15,0,6
BRDA:55,16,0,5
BRDA:62,17,0,7
BRDA:62,18,0,2
BRDA:64,19,0,1
BRDA:65,20,0,0
BRDA:65,21,0,0
BRDA:75,22,0,7
BRDA:78,23,0,5
BRDA:90,24,0,1
BRDA:91,25,0,3
BRDA:92,26,0,3
BRDA:93,27,0,3
BRDA:96,28,0,6
BRDA:96,29,0,2
BRDA:99,30,0,1
BRDA:100,31,0,0
BRDA:100,32,0,0
BRDA:106,33,0,1
BRDA:107,34,0,1
BRDA:108,35,0,1
BRDA:108,36,0,1
BRDA:109,37,0,0
BRDA:110,38,0,1
BRDA:111,39,0,1
BRDA:112,40,0,1
BRDA:113,41,0,1
BRDA:122,42,0,2
BRDA:124,43,0,1
BRDA:134,44,0,3
BRDA:153,45,0,2
BRF:46
BRH:38
end_of_record
TN:
SF:src\routes\v1\routines.js
FN:90,_localRoutine
FNF:1
FNH:1
FNDA:16,_localRoutine
DA:1,1
DA:2,1
DA:3,1
DA:4,1
DA:5,1
DA:6,1
DA:7,1
DA:8,1
DA:9,1
DA:10,1
DA:11,1
DA:12,1
DA:13,1
DA:14,1
DA:15,1
DA:16,1
DA:17,1
DA:18,1
DA:19,1
DA:20,1
DA:21,1
DA:22,1
DA:23,1
DA:24,1
DA:25,1
DA:26,1
DA:27,1
DA:28,1
DA:29,1
DA:30,1
DA:31,1
DA:32,1
DA:33,1
DA:34,1
DA:35,1
DA:36,17
DA:37,17
DA:38,17
DA:39,17
DA:40,2
DA:41,2
DA:42,2
DA:43,2
DA:44,2
DA:45,2
DA:46,2
DA:47,2
DA:48,2
DA:49,2
DA:50,16
DA:51,16
DA:52,17
DA:53,17
DA:54,1
DA:55,1
DA:56,1
DA:57,1
DA:58,1
DA:59,1
DA:60,3
DA:61,3
DA:62,3
DA:63,3
DA:64,3
DA:65,3
DA:66,3
DA:67,3
DA:68,3
DA:69,3
DA:70,3
DA:71,3
DA:72,3
DA:73,3
DA:74,3
DA:75,3
DA:76,3
DA:77,3
DA:78,3
DA:79,3
DA:80,3
DA:81,2
DA:82,1
DA:83,1
DA:84,1
DA:85,0
DA:86,1
DA:87,1
DA:88,1
DA:89,1
DA:90,16
DA:91,16
DA:92,16
DA:93,16
DA:94,16
DA:95,16
DA:96,16
DA:97,16
DA:98,16
DA:99,16
DA:100,16
DA:101,16
DA:102,16
DA:103,16
DA:104,16
DA:105,16
DA:106,16
DA:107,16
DA:108,16
DA:109,16
DA:110,16
DA:111,16
DA:112,16
DA:113,16
DA:114,16
DA:115,16
DA:116,16
DA:117,16
DA:118,16
DA:119,16
DA:120,16
DA:121,16
DA:122,16
DA:123,16
DA:124,16
DA:125,16
DA:126,16
DA:127,16
DA:128,1
DA:129,1
LF:129
LH:128
BRDA:35,0,0,17
BRDA:39,1,0,2
BRDA:39,2,0,2
BRDA:48,3,0,1
BRDA:49,4,0,16
BRDA:52,5,0,0
BRDA:52,6,0,0
BRDA:59,7,0,3
BRDA:79,8,0,1
BRDA:80,9,0,2
BRDA:81,10,0,1
BRDA:83,11,0,1
BRDA:84,12,0,0
BRDA:90,13,0,16
BRDA:126,14,0,1
BRF:15
BRH:12
end_of_record
TN:
SF:src\routes\v1\settings.js
FN:73,validKey
FNF:1
FNH:1
FNDA:13,validKey
DA:1,1
DA:2,1
DA:3,1
DA:4,1
DA:5,1
DA:6,1
DA:7,1
DA:8,1
DA:9,1
DA:10,1
DA:11,1
DA:12,1
DA:13,1
DA:14,1
DA:15,1
DA:16,1
DA:17,1
DA:18,1
DA:19,1
DA:20,1
DA:21,1
DA:22,1
DA:23,1
DA:24,1
DA:25,1
DA:26,1
DA:27,1
DA:28,1
DA:29,1
DA:30,1
DA:31,1
DA:32,1
DA:33,1
DA:34,1
DA:35,1
DA:36,1
DA:37,1
DA:38,1
DA:39,1
DA:40,1
DA:41,1
DA:42,1
DA:43,1
DA:44,1
DA:45,1
DA:46,1
DA:47,1
DA:48,1
DA:49,1
DA:50,1
DA:51,1
DA:52,1
DA:53,1
DA:54,1
DA:55,1
DA:56,1
DA:57,1
DA:58,1
DA:59,1
DA:60,1
DA:61,1
DA:62,1
DA:63,1
DA:64,1
DA:65,1
DA:66,1
DA:67,1
DA:68,1
DA:69,1
DA:70,1
DA:71,1
DA:72,1
DA:73,13
DA:74,13
DA:75,13
DA:76,1
DA:77,1
DA:78,1
DA:79,1
DA:80,1
DA:81,1
DA:82,2
DA:83,2
DA:84,2
DA:85,2
DA:86,2
DA:87,2
DA:88,1
DA:89,1
DA:90,1
DA:91,1
DA:92,1
DA:93,1
DA:94,1
DA:95,3
DA:96,3
DA:97,2
DA:98,2
DA:99,2
DA:100,2
DA:101,2
DA:102,2
DA:103,0
DA:104,1
DA:105,1
DA:106,1
DA:107,1
DA:108,1
DA:109,1
DA:110,1
DA:111,9
DA:112,9
DA:113,7
DA:114,7
DA:115,7
DA:116,7
DA:117,6
DA:118,1
DA:119,1
DA:120,2
DA:121,2
DA:122,2
DA:123,2
DA:124,2
DA:125,2
DA:126,2
DA:127,2
DA:128,9
DA:129,1
DA:130,1
DA:131,1
DA:132,1
DA:133,1
DA:134,1
DA:135,1
DA:136,1
DA:137,1
DA:138,0
DA:139,0
DA:140,0
DA:141,0
DA:142,0
DA:143,0
DA:144,0
DA:145,1
DA:146,1
DA:147,1
LF:147
LH:139
BRDA:73,0,0,13
BRDA:74,1,0,12
BRDA:81,2,0,2
BRDA:94,3,0,3
BRDA:96,4,0,2
BRDA:96,5,0,1
BRDA:102,6,0,0
BRDA:110,7,0,9
BRDA:112,8,0,2
BRDA:112,9,0,7
BRDA:115,10,0,2
BRDA:115,11,0,5
BRDA:116,12,0,2
BRDA:116,13,0,6
BRDA:116,14,0,3
BRDA:117,15,0,1
BRDA:119,16,0,2
BRDA:128,17,0,0
BRDA:128,18,0,2
BRDA:128,19,0,0
BRDA:128,20,0,2
BRDA:135,21,0,1
BRDA:137,22,0,0
BRF:23
BRH:19
end_of_record
TN:
SF:src\routes\v1\yolo.js
FNF:0
FNH:0
DA:1,1
DA:2,1
DA:3,1
DA:4,1
DA:5,1
DA:6,1
DA:7,1
DA:8,1
DA:9,1
DA:10,1
DA:11,1
DA:12,1
DA:13,1
DA:14,1
DA:15,1
DA:16,1
DA:17,1
DA:18,1
DA:19,1
DA:20,1
DA:21,1
DA:22,1
DA:23,1
DA:24,8
DA:25,8
DA:26,8
DA:27,8
DA:28,8
DA:29,8
DA:30,8
DA:31,8
DA:32,8
DA:33,8
DA:34,8
DA:35,8
DA:36,7
DA:37,7
DA:38,7
DA:39,7
DA:40,7
DA:41,7
DA:42,7
DA:43,7
DA:44,7
DA:45,7
DA:46,7
DA:47,7
DA:48,0
DA:49,0
DA:50,0
DA:51,8
DA:52,7
DA:53,7
DA:54,7
DA:55,1
DA:56,1
DA:57,1
DA:58,1
DA:59,1
DA:60,1
DA:61,1
DA:62,1
DA:63,1
DA:64,1
DA:65,1
DA:66,0
DA:67,1
DA:68,1
DA:69,1
DA:70,1
DA:71,1
DA:72,1
DA:73,1
DA:74,1
DA:75,1
DA:76,1
DA:77,1
DA:78,1
DA:79,1
DA:80,1
DA:81,1
DA:82,0
DA:83,1
DA:84,1
DA:85,1
DA:86,1
DA:87,1
DA:88,1
DA:89,1
LF:89
LH:84
BRDA:10,0,0,0
BRDA:23,1,0,8
BRDA:25,2,0,1
BRDA:25,3,0,7
BRDA:35,4,0,7
BRDA:47,5,0,0
BRDA:51,6,0,7
BRDA:34,7,0,7
BRDA:35,8,0,7
BRDA:60,9,0,1
BRDA:65,10,0,0
BRDA:76,11,0,1
BRDA:81,12,0,0
BRF:13
BRH:9
end_of_record
TN:
SF:src\services\emailService.js
FN:7,_getTransporter
FN:26,sendPasswordReset
FNF:2
FNH:2
FNDA:1,_getTransporter
FNDA:1,sendPasswordReset
DA:1,1
DA:2,1
DA:3,1
DA:4,1
DA:5,1
DA:6,1
DA:7,1
DA:8,1
DA:9,1
DA:10,1
DA:11,1
DA:12,0
DA:13,0
DA:14,0
DA:15,1
DA:16,1
DA:17,1
DA:18,1
DA:19,1
DA:20,1
DA:21,1
DA:22,1
DA:23,1
DA:24,1
DA:25,1
DA:26,1
DA:27,1
DA:28,1
DA:29,1
DA:30,1
DA:31,1
DA:32,1
DA:33,1
DA:34,1
DA:35,1
DA:36,1
DA:37,1
DA:38,0
DA:39,0
DA:40,0
DA:41,0
DA:42,0
DA:43,0
DA:44,0
DA:45,0
DA:46,0
DA:47,0
DA:48,0
DA:49,0
DA:50,0
DA:51,0
DA:52,0
DA:53,0
DA:54,0
DA:55,0
DA:56,0
DA:57,0
DA:58,0
DA:59,0
DA:60,0
DA:61,0
DA:62,0
DA:63,0
DA:64,0
DA:65,1
DA:66,1
LF:66
LH:36
BRDA:7,0,0,1
BRDA:8,1,0,0
BRDA:11,2,0,0
BRDA:26,3,0,1
BRDA:37,4,0,0
BRF:5
BRH:2
end_of_record
TN:
SF:src\services\n8nWebhookService.js
FN:7,emit
FN:33,buildUserContext
FNF:2
FNH:2
FNDA:32,emit
FNDA:32,buildUserContext
DA:1,1
DA:2,1
DA:3,1
DA:4,1
DA:5,1
DA:6,1
DA:7,32
DA:8,32
DA:9,32
DA:10,32
DA:11,32
DA:12,32
DA:13,32
DA:14,32
DA:15,32
DA:16,32
DA:17,32
DA:18,32
DA:19,32
DA:20,32
DA:21,32
DA:22,32
DA:23,32
DA:24,32
DA:25,32
DA:26,32
DA:27,0
DA:28,32
DA:29,32
DA:30,32
DA:31,32
DA:32,1
DA:33,32
DA:34,32
DA:35,32
DA:36,32
DA:37,32
DA:38,32
DA:39,32
DA:40,32
DA:41,32
DA:42,32
DA:43,32
DA:44,32
DA:45,32
DA:46,32
DA:47,32
DA:48,32
DA:49,32
DA:50,32
DA:51,32
DA:52,32
DA:53,32
DA:54,32
DA:55,32
DA:56,32
DA:57,32
DA:58,32
DA:59,9
DA:60,32
DA:61,32
DA:62,32
DA:63,32
DA:64,32
DA:65,32
DA:66,32
DA:67,32
DA:68,32
DA:69,32
DA:70,32
DA:71,32
DA:72,32
DA:73,32
DA:74,32
DA:75,32
DA:76,32
DA:77,32
DA:78,32
DA:79,32
DA:80,32
DA:81,32
DA:82,1
DA:83,1
LF:83
LH:82
BRDA:5,0,0,0
BRDA:7,1,0,32
BRDA:8,2,0,0
BRDA:28,3,0,32
BRDA:33,4,0,32
BRDA:38,5,0,0
BRDA:59,6,0,9
BRDA:60,7,0,23
BRDA:78,8,0,16
BRDA:78,9,0,16
BRF:10
BRH:7
end_of_record
TN:
SF:src\services\ollamaService.js
FN:3,BASE
FN:4,MODEL
FN:6,isAvailable
FN:13,chat
FN:30,chatStream
FN:65,listModels
FNF:6
FNH:6
FNDA:15,BASE
FNDA:10,MODEL
FNDA:3,isAvailable
FNDA:5,chat
FNDA:3,chatStream
FNDA:4,listModels
DA:1,1
DA:2,1
DA:3,1
DA:4,1
DA:5,1
DA:6,3
DA:7,3
DA:8,3
DA:9,2
DA:10,3
DA:11,3
DA:12,1
DA:13,5
DA:14,5
DA:15,5
DA:16,5
DA:17,5
DA:18,5
DA:19,5
DA:20,5
DA:21,5
DA:22,5
DA:23,5
DA:24,5
DA:25,5
DA:26,4
DA:27,5
DA:28,5
DA:29,1
DA:30,3
DA:31,3
DA:32,3
DA:33,3
DA:34,3
DA:35,3
DA:36,3
DA:37,3
DA:38,3
DA:39,3
DA:40,3
DA:41,3
DA:42,3
DA:43,2
DA:44,2
DA:45,2
DA:46,2
DA:47,2
DA:48,2
DA:49,3
DA:50,3
DA:51,2
DA:52,2
DA:53,3
DA:54,3
DA:55,5
DA:56,5
DA:57,5
DA:58,5
DA:59,5
DA:60,5
DA:61,5
DA:62,1
DA:63,3
DA:64,1
DA:65,4
DA:66,4
DA:67,4
DA:68,3
DA:69,2
DA:70,4
DA:71,4
DA:72,4
DA:73,1
DA:74,1
LF:74
LH:74
BRDA:3,0,0,15
BRDA:4,1,0,10
BRDA:4,2,0,9
BRDA:6,3,0,3
BRDA:8,4,0,2
BRDA:10,5,0,1
BRDA:13,6,0,5
BRDA:25,7,0,1
BRDA:25,8,0,4
BRDA:27,9,0,1
BRDA:30,10,0,3
BRDA:42,11,0,1
BRDA:42,12,0,2
BRDA:48,13,0,3
BRDA:50,14,0,2
BRDA:50,15,0,1
BRDA:53,16,0,0
BRDA:54,17,0,5
BRDA:55,18,0,0
BRDA:58,19,0,3
BRDA:58,20,0,4
BRDA:58,21,0,3
BRDA:59,22,0,1
BRDA:60,23,0,1
BRDA:61,24,0,1
BRDA:65,25,0,4
BRDA:67,26,0,3
BRDA:68,27,0,1
BRDA:68,28,0,2
BRDA:70,29,0,1
BRDA:71,30,0,1
BRDA:70,31,0,2
BRF:32
BRH:30
end_of_record
TN:
SF:src\services\visionClient.js
FN:8,_headers
FN:16,_fetch
FN:42,createSession
FN:49,completeSession
FN:56,getSession
FN:66,generateDietPdf
FN:87,generateDiet
FN:94,generateRoutine
FNF:8
FNH:8
FNDA:20,_headers
FNDA:16,_fetch
FNDA:5,createSession
FNDA:2,completeSession
FNDA:3,getSession
FNDA:4,generateDietPdf
FNDA:3,generateDiet
FNDA:3,generateRoutine
DA:1,1
DA:2,1
DA:3,1
DA:4,1
DA:5,1
DA:6,1
DA:7,1
DA:8,20
DA:9,20
DA:10,20
DA:11,20
DA:12,20
DA:13,20
DA:14,20
DA:15,1
DA:16,16
DA:17,16
DA:18,16
DA:19,16
DA:20,16
DA:21,16
DA:22,16
DA:23,16
DA:24,16
DA:25,16
DA:26,11
DA:27,11
DA:28,16
DA:29,5
DA:30,1
DA:31,5
DA:32,4
DA:33,4
DA:34,5
DA:35,16
DA:36,16
DA:37,16
DA:38,16
DA:39,1
DA:40,1
DA:41,1
DA:42,5
DA:43,5
DA:44,5
DA:45,5
DA:46,5
DA:47,5
DA:48,1
DA:49,2
DA:50,2
DA:51,2
DA:52,2
DA:53,2
DA:54,2
DA:55,1
DA:56,3
DA:57,3
DA:58,3
DA:59,1
DA:60,1
DA:61,1
DA:62,1
DA:63,1
DA:64,1
DA:65,1
DA:66,4
DA:67,4
DA:68,4
DA:69,4
DA:70,4
DA:71,4
DA:72,4
DA:73,4
DA:74,4
DA:75,4
DA:76,3
DA:77,4
DA:78,2
DA:79,2
DA:80,4
DA:81,1
DA:82,1
DA:83,4
DA:84,1
DA:85,1
DA:86,1
DA:87,3
DA:88,3
DA:89,3
DA:90,3
DA:91,3
DA:92,3
DA:93,1
DA:94,3
DA:95,3
DA:96,3
DA:97,3
DA:98,3
DA:99,3
DA:100,1
DA:101,1
DA:102,1
DA:103,1
DA:104,1
DA:105,1
LF:105
LH:105
BRDA:5,0,0,0
BRDA:8,1,0,20
BRDA:16,2,0,16
BRDA:24,3,0,11
BRDA:25,4,0,0
BRDA:25,5,0,11
BRDA:28,6,0,5
BRDA:29,7,0,1
BRDA:31,8,0,4
BRDA:35,9,0,0
BRDA:42,10,0,5
BRDA:49,11,0,2
BRDA:56,12,0,3
BRDA:66,13,0,4
BRDA:75,14,0,3
BRDA:77,15,0,1
BRDA:77,16,0,2
BRDA:80,17,0,1
BRDA:87,18,0,3
BRDA:94,19,0,3
BRF:20
BRH:17
end_of_record
TN:
SF:src\utils\asyncHandler.js
FN:15,asyncHandler
FNF:1
FNH:1
FNDA:950,asyncHandler
DA:1,1
DA:2,1
DA:3,1
DA:4,1
DA:5,1
DA:6,1
DA:7,1
DA:8,1
DA:9,1
DA:10,1
DA:11,1
DA:12,1
DA:13,1
DA:14,1
DA:15,1
DA:16,1
DA:17,1
DA:18,1
LF:18
LH:18
BRDA:15,0,0,950
BRDA:15,1,0,406
BRF:2
BRH:2
end_of_record
TN:
SF:src\utils\constants.js
FNF:0
FNH:0
DA:1,1
DA:2,1
DA:3,1
DA:4,1
DA:5,1
DA:6,1
DA:7,1
DA:8,1
DA:9,1
DA:10,1
DA:11,1
DA:12,1
DA:13,1
DA:14,1
DA:15,1
DA:16,1
DA:17,1
DA:18,1
DA:19,1
DA:20,1
DA:21,1
DA:22,1
DA:23,1
DA:24,1
DA:25,1
DA:26,1
DA:27,1
DA:28,1
DA:29,1
DA:30,1
DA:31,1
DA:32,1
DA:33,1
DA:34,1
DA:35,1
DA:36,1
DA:37,1
DA:38,1
DA:39,1
DA:40,1
DA:41,1
DA:42,1
DA:43,1
DA:44,1
DA:45,1
LF:45
LH:45
BRF:0
BRH:0
end_of_record
TN:
SF:src\utils\internalToken.js
FN:27,generateInternalToken
FNF:1
FNH:1
FNDA:18,generateInternalToken
DA:1,1
DA:2,1
DA:3,1
DA:4,1
DA:5,1
DA:6,1
DA:7,1
DA:8,4
DA:9,4
DA:10,4
DA:11,4
DA:12,4
DA:13,4
DA:14,3
DA:15,3
DA:16,3
DA:17,3
DA:18,1
DA:19,1
DA:20,1
DA:21,1
DA:22,1
DA:23,1
DA:24,1
DA:25,1
DA:26,1
DA:27,18
DA:28,18
DA:29,18
DA:30,18
DA:31,2
DA:32,2
DA:33,2
DA:34,16
DA:35,16
DA:36,16
DA:37,16
DA:38,1
DA:39,1
LF:39
LH:39
BRDA:4,0,0,0
BRDA:5,1,0,4
BRDA:7,2,0,4
BRDA:13,3,0,1
BRDA:13,4,0,3
BRDA:27,5,0,18
BRDA:30,6,0,2
BRDA:33,7,0,16
BRF:8
BRH:7
end_of_record
TN:
SF:src\utils\metrics.js
FN:16,calcBMR
FN:29,calcTDEE
FN:40,calcCalorieTarget
FN:53,calcBMI
FN:70,calcMetrics
FN:82,calcProteinTarget
FNF:6
FNH:6
FNDA:37,calcBMR
FNDA:37,calcTDEE
FNDA:37,calcCalorieTarget
FNDA:37,calcBMI
FNDA:37,calcMetrics
FNDA:13,calcProteinTarget
DA:1,1
DA:2,1
DA:3,1
DA:4,1
DA:5,1
DA:6,1
DA:7,1
DA:8,1
DA:9,1
DA:10,1
DA:11,1
DA:12,1
DA:13,1
DA:14,1
DA:15,1
DA:16,37
DA:17,37
DA:18,37
DA:19,37
DA:20,1
DA:21,1
DA:22,1
DA:23,1
DA:24,1
DA:25,1
DA:26,1
DA:27,1
DA:28,1
DA:29,37
DA:30,37
DA:31,37
DA:32,1
DA:33,1
DA:34,1
DA:35,1
DA:36,1
DA:37,1
DA:38,1
DA:39,1
DA:40,37
DA:41,37
DA:42,37
DA:43,25
DA:44,25
DA:45,1
DA:46,1
DA:47,1
DA:48,1
DA:49,1
DA:50,1
DA:51,1
DA:52,1
DA:53,37
DA:54,37
DA:55,37
DA:56,1
DA:57,1
DA:58,1
DA:59,1
DA:60,1
DA:61,1
DA:62,1
DA:63,1
DA:64,1
DA:65,1
DA:66,1
DA:67,1
DA:68,1
DA:69,1
DA:70,37
DA:71,37
DA:72,37
DA:73,37
DA:74,37
DA:75,37
DA:76,37
DA:77,1
DA:78,1
DA:79,1
DA:80,1
DA:81,1
DA:82,13
DA:83,13
DA:84,13
DA:85,13
DA:86,1
DA:87,1
LF:87
LH:87
BRDA:16,0,0,37
BRDA:18,1,0,4
BRDA:18,2,0,33
BRDA:29,3,0,37
BRDA:30,4,0,14
BRDA:40,5,0,37
BRDA:41,6,0,7
BRDA:41,7,0,30
BRDA:42,8,0,33
BRDA:42,9,0,5
BRDA:42,10,0,25
BRDA:53,11,0,37
BRDA:70,12,0,37
BRDA:82,13,0,13
BRDA:84,14,0,0
BRF:15
BRH:14
end_of_record
TN:
SF:src\utils\validate.js
FN:10,isValidDate
FN:17,validateDate
FN:26,validateString
FN:33,validateNumber
FN:45,validateEnum
FN:56,validateId
FN:70,abort
FNF:7
FNH:6
FNDA:15,isValidDate
FNDA:15,validateDate
FNDA:6,validateString
FNDA:210,validateNumber
FNDA:92,validateEnum
FNDA:0,validateId
FNDA:195,abort
DA:1,1
DA:2,1
DA:3,1
DA:4,1
DA:5,1
DA:6,1
DA:7,1
DA:8,1
DA:9,1
DA:10,15
DA:11,15
DA:12,15
DA:13,15
DA:14,15
DA:15,1
DA:16,1
DA:17,15
DA:18,15
DA:19,15
DA:20,0
DA:21,0
DA:22,15
DA:23,15
DA:24,1
DA:25,1
DA:26,6
DA:27,6
DA:28,6
DA:29,6
DA:30,6
DA:31,1
DA:32,1
DA:33,210
DA:34,210
DA:35,6
DA:36,6
DA:37,204
DA:38,210
DA:39,210
DA:40,210
DA:41,204
DA:42,204
DA:43,1
DA:44,1
DA:45,92
DA:46,92
DA:47,7
DA:48,7
DA:49,92
DA:50,3
DA:51,3
DA:52,82
DA:53,82
DA:54,1
DA:55,1
DA:56,0
DA:57,0
DA:58,0
DA:59,0
DA:60,0
DA:61,1
DA:62,1
DA:63,1
DA:64,1
DA:65,1
DA:66,1
DA:67,1
DA:68,1
DA:69,1
DA:70,195
DA:71,195
DA:72,195
DA:73,3
DA:74,3
DA:75,3
DA:76,1
DA:77,1
DA:78,1
DA:79,1
DA:80,1
DA:81,1
DA:82,1
DA:83,1
DA:84,1
LF:84
LH:77
BRDA:10,0,0,15
BRDA:11,1,0,0
BRDA:17,2,0,15
BRDA:18,3,0,0
BRDA:19,4,0,0
BRDA:26,5,0,6
BRDA:27,6,0,0
BRDA:28,7,0,0
BRDA:33,8,0,210
BRDA:34,9,0,204
BRDA:34,10,0,6
BRDA:35,11,0,0
BRDA:36,12,0,204
BRDA:38,13,0,0
BRDA:38,14,0,204
BRDA:39,15,0,0
BRDA:39,16,0,204
BRDA:40,17,0,0
BRDA:40,18,0,204
BRDA:45,19,0,92
BRDA:46,20,0,85
BRDA:46,21,0,7
BRDA:47,22,0,0
BRDA:48,23,0,85
BRDA:49,24,0,91
BRDA:49,25,0,3
BRDA:51,26,0,82
BRDA:70,27,0,195
BRDA:72,28,0,192
BRDA:72,29,0,3
BRF:30
BRH:20
end_of_record
