TN:
SF:src\db\connection.js
FNF:0
FNH:0
DA:1,1
DA:2,1
DA:3,1
LF:3
LH:3
BRF:0
BRH:0
end_of_record
TN:
SF:src\db\migrate.js
FN:11,_migracionesExiste
FN:18,_legacyMigrationsExiste
FN:25,getApplied
FN:43,applyMigration
FN:67,runMigrations
FNF:5
FNH:5
FNDA:335,_migracionesExiste
FNDA:28,_legacyMigrationsExiste
FNDA:32,getApplied
FNDA:304,applyMigration
FNDA:34,runMigrations
DA:1,1
DA:2,1
DA:3,1
DA:4,1
DA:5,1
DA:6,1
DA:7,1
DA:8,1
DA:9,1
DA:10,1
DA:11,335
DA:12,335
DA:13,335
DA:14,335
DA:15,335
DA:16,335
DA:17,1
DA:18,28
DA:19,28
DA:20,28
DA:21,28
DA:22,28
DA:23,28
DA:24,1
DA:25,32
DA:26,32
DA:27,4
DA:28,4
DA:29,4
DA:30,4
DA:31,28
DA:32,28
DA:33,2
DA:34,2
DA:35,2
DA:36,2
DA:37,26
DA:38,26
DA:39,26
DA:40,26
DA:41,26
DA:42,1
DA:43,304
DA:44,304
DA:45,304
DA:46,304
DA:47,303
DA:48,303
DA:49,2
DA:50,2
DA:51,2
DA:52,2
DA:53,303
DA:54,301
DA:55,301
DA:56,301
DA:57,301
DA:58,301
DA:59,303
DA:60,303
DA:61,304
DA:62,1
DA:63,1
DA:64,1
DA:65,304
DA:66,1
DA:67,34
DA:68,34
DA:69,1
DA:70,1
DA:71,1
DA:72,33
DA:73,33
DA:74,1
DA:75,1
DA:76,1
DA:77,32
DA:78,32
DA:79,32
DA:80,32
DA:81,32
DA:82,32
DA:83,32
DA:84,32
DA:85,32
DA:86,32
DA:87,304
DA:88,304
DA:89,304
DA:90,304
DA:91,303
DA:92,304
DA:93,1
DA:94,1
DA:95,1
DA:96,304
DA:97,31
DA:98,31
DA:99,3
DA:100,34
DA:101,32
DA:102,32
DA:103,34
DA:104,1
DA:105,1
DA:106,1
DA:107,1
DA:108,0
DA:109,0
DA:110,0
DA:111,0
LF:111
LH:107
BRDA:107,0,0,0
BRDA:11,1,0,335
BRDA:15,2,0,10
BRDA:18,3,0,28
BRDA:22,4,0,3
BRDA:25,5,0,32
BRDA:26,6,0,4
BRDA:30,7,0,28
BRDA:32,8,0,2
BRDA:36,9,0,26
BRDA:43,10,0,304
BRDA:46,11,0,303
BRDA:48,12,0,2
BRDA:53,13,0,301
BRDA:61,14,0,1
BRDA:67,15,0,34
BRDA:68,16,0,1
BRDA:68,17,0,1
BRDA:71,18,0,33
BRDA:73,19,0,1
BRDA:76,20,0,32
BRDA:86,21,0,304
BRDA:87,22,0,0
BRDA:90,23,0,303
BRDA:92,24,0,1
BRDA:96,25,0,31
BRDA:98,26,0,28
BRDA:99,27,0,3
BRDA:100,28,0,32
BRDA:82,29,0,304
BRF:30
BRH:28
end_of_record
TN:
SF:src\db\postgres.js
FN:1,(empty-report)
FNF:1
FNH:0
FNDA:0,(empty-report)
DA:1,0
DA:2,0
DA:3,0
DA:4,0
DA:5,0
DA:6,0
DA:7,0
DA:8,0
DA:9,0
DA:10,0
DA:11,0
DA:12,0
DA:13,0
DA:14,0
DA:15,0
DA:16,0
DA:17,0
DA:18,0
DA:19,0
DA:20,0
DA:21,0
DA:22,0
DA:23,0
DA:24,0
DA:25,0
DA:26,0
DA:27,0
DA:28,0
DA:29,0
DA:30,0
DA:31,0
DA:32,0
DA:33,0
DA:34,0
DA:35,0
DA:36,0
DA:37,0
DA:38,0
DA:39,0
DA:40,0
DA:41,0
DA:42,0
DA:43,0
DA:44,0
DA:45,0
DA:46,0
DA:47,0
DA:48,0
DA:49,0
DA:50,0
DA:51,0
DA:52,0
DA:53,0
DA:54,0
DA:55,0
DA:56,0
DA:57,0
DA:58,0
DA:59,0
DA:60,0
DA:61,0
DA:62,0
DA:63,0
LF:63
LH:0
BRDA:1,0,0,0
BRF:1
BRH:0
end_of_record
TN:
SF:src\db\tokenCleanup.js
FN:7,runCleanup
FN:19,startTokenCleanup
FNF:2
FNH:2
FNDA:25,runCleanup
FNDA:25,startTokenCleanup
DA:1,1
DA:2,1
DA:3,1
DA:4,1
DA:5,1
DA:6,1
DA:7,25
DA:8,25
DA:9,25
DA:10,25
DA:11,25
DA:12,0
DA:13,0
DA:14,25
DA:15,25
DA:16,25
DA:17,25
DA:18,1
DA:19,25
DA:20,25
DA:21,25
DA:22,25
DA:23,25
DA:24,1
DA:25,1
LF:25
LH:23
BRDA:7,0,0,25
BRDA:11,1,0,0
BRDA:11,2,0,0
BRDA:19,3,0,25
BRF:4
BRH:2
end_of_record
TN:
SF:src\middleware\featureFlags.js
FN:16,require
FN:18,featureFlagGuard
FNF:2
FNH:2
FNDA:28,require
FNDA:16,featureFlagGuard
DA:1,1
DA:2,1
DA:3,1
DA:4,1
DA:5,1
DA:6,1
DA:7,1
DA:8,1
DA:9,1
DA:10,1
DA:11,1
DA:12,1
DA:13,1
DA:14,1
DA:15,1
DA:16,28
DA:17,28
DA:18,28
DA:19,16
DA:20,5
DA:21,5
DA:22,5
DA:23,5
DA:24,5
DA:25,5
DA:26,11
DA:27,28
DA:28,28
DA:29,1
DA:30,1
LF:30
LH:30
BRDA:16,0,0,28
BRDA:18,1,0,16
BRDA:19,2,0,5
BRDA:25,3,0,11
BRF:4
BRH:4
end_of_record
TN:
SF:src\middleware\rateLimiter.js
FN:14,skip
FN:16,keyGenerator
FN:25,skip
FNF:3
FNH:2
FNDA:117,skip
FNDA:0,keyGenerator
FNDA:786,skip
DA:1,1
DA:2,1
DA:3,1
DA:4,1
DA:5,1
DA:6,1
DA:7,1
DA:8,1
DA:9,1
DA:10,1
DA:11,1
DA:12,1
DA:13,1
DA:14,1
DA:15,1
DA:16,1
DA:17,1
DA:18,1
DA:19,1
DA:20,1
DA:21,1
DA:22,1
DA:23,1
DA:24,1
DA:25,1
DA:26,1
DA:27,1
DA:28,1
DA:29,1
LF:29
LH:29
BRDA:11,0,0,0
BRDA:22,1,0,0
BRDA:14,2,0,117
BRDA:25,3,0,786
BRF:4
BRH:2
end_of_record
TN:
SF:src\middleware\requestId.js
FN:10,requestId
FNF:1
FNH:1
FNDA:786,requestId
DA:1,1
DA:2,1
DA:3,1
DA:4,1
DA:5,1
DA:6,1
DA:7,1
DA:8,1
DA:9,1
DA:10,786
DA:11,786
DA:12,786
DA:13,786
DA:14,786
DA:15,1
DA:16,1
LF:16
LH:16
BRDA:10,0,0,786
BRDA:11,1,0,785
BRF:2
BRH:2
end_of_record
TN:
SF:src\routes\v1\ai.js
FN:14,_loadMemories
FN:23,_saveMemories
FN:46,_extractMemories
FN:85,_buildSystemPrompt
FN:170,_detect
FN:177,_calcMetrics
FN:185,_buildRoutine
FN:221,_buildDiet
FN:268,_localAI
FN:393,send
FN:421,send.done
FNF:11
FNH:11
FNDA:80,_loadMemories
FNDA:23,_saveMemories
FNDA:78,_extractMemories
FNDA:77,_buildSystemPrompt
FNDA:75,_detect
FNDA:11,_calcMetrics
FNDA:9,_buildRoutine
FNDA:8,_buildDiet
FNDA:75,_localAI
FNDA:90,send
FNDA:84,send.done
DA:1,1
DA:2,1
DA:3,1
DA:4,1
DA:5,1
DA:6,1
DA:7,1
DA:8,1
DA:9,1
DA:10,1
DA:11,1
DA:12,1
DA:13,1
DA:14,80
DA:15,80
DA:16,26
DA:17,26
DA:18,26
DA:19,26
DA:20,25
DA:21,25
DA:22,1
DA:23,23
DA:24,23
DA:25,21
DA:26,21
DA:27,21
DA:28,22
DA:29,23
DA:30,23
DA:31,23
DA:32,23
DA:33,23
DA:34,23
DA:35,22
DA:36,20
DA:37,22
DA:38,1
DA:39,1
DA:40,22
DA:41,21
DA:42,21
DA:43,23
DA:44,1
DA:45,1
DA:46,78
DA:47,78
DA:48,78
DA:49,78
DA:50,78
DA:51,78
DA:52,78
DA:53,78
DA:54,78
DA:55,78
DA:56,78
DA:57,78
DA:58,78
DA:59,78
DA:60,78
DA:61,78
DA:62,78
DA:63,78
DA:64,78
DA:65,78
DA:66,78
DA:67,78
DA:68,78
DA:69,78
DA:70,78
DA:71,78
DA:72,78
DA:73,78
DA:74,78
DA:75,78
DA:76,78
DA:77,78
DA:78,78
DA:79,78
DA:80,78
DA:81,78
DA:82,78
DA:83,1
DA:84,1
DA:85,77
DA:86,77
DA:87,77
DA:88,77
DA:89,77
DA:90,77
DA:91,77
DA:92,77
DA:93,77
DA:94,77
DA:95,77
DA:96,77
DA:97,77
DA:98,77
DA:99,77
DA:100,77
DA:101,77
DA:102,33
DA:103,33
DA:104,33
DA:105,33
DA:106,33
DA:107,33
DA:108,77
DA:109,77
DA:110,77
DA:111,77
DA:112,77
DA:113,77
DA:114,77
DA:115,77
DA:116,77
DA:117,77
DA:118,77
DA:119,77
DA:120,77
DA:121,1
DA:122,77
DA:123,77
DA:124,77
DA:125,77
DA:126,77
DA:127,77
DA:128,77
DA:129,77
DA:130,77
DA:131,77
DA:132,77
DA:133,77
DA:134,77
DA:135,77
DA:136,77
DA:137,77
DA:138,77
DA:139,77
DA:140,77
DA:141,77
DA:142,77
DA:143,77
DA:144,77
DA:145,77
DA:146,77
DA:147,77
DA:148,77
DA:149,77
DA:150,77
DA:151,1
DA:152,1
DA:153,1
DA:154,1
DA:155,1
DA:156,1
DA:157,1
DA:158,1
DA:159,1
DA:160,1
DA:161,1
DA:162,1
DA:163,1
DA:164,1
DA:165,1
DA:166,1
DA:167,1
DA:168,1
DA:169,1
DA:170,75
DA:171,75
DA:172,575
DA:173,575
DA:174,19
DA:175,19
DA:176,1
DA:177,11
DA:178,11
DA:179,11
DA:180,11
DA:181,11
DA:182,11
DA:183,11
DA:184,1
DA:185,9
DA:186,9
DA:187,9
DA:188,9
DA:189,9
DA:190,9
DA:191,9
DA:192,9
DA:193,9
DA:194,9
DA:195,9
DA:196,9
DA:197,9
DA:198,9
DA:199,9
DA:200,9
DA:201,9
DA:202,9
DA:203,9
DA:204,9
DA:205,9
DA:206,9
DA:207,9
DA:208,9
DA:209,9
DA:210,9
DA:211,9
DA:212,9
DA:213,9
DA:214,9
DA:215,9
DA:216,9
DA:217,9
DA:218,9
DA:219,9
DA:220,1
DA:221,8
DA:222,8
DA:223,8
DA:224,8
DA:225,4
DA:226,4
DA:227,4
DA:228,8
DA:229,8
DA:230,8
DA:231,8
DA:232,8
DA:233,8
DA:234,8
DA:235,8
DA:236,8
DA:237,8
DA:238,8
DA:239,8
DA:240,8
DA:241,8
DA:242,8
DA:243,8
DA:244,8
DA:245,8
DA:246,8
DA:247,8
DA:248,8
DA:249,8
DA:250,8
DA:251,8
DA:252,8
DA:253,8
DA:254,8
DA:255,8
DA:256,8
DA:257,8
DA:258,8
DA:259,8
DA:260,8
DA:261,2
DA:262,6
DA:263,3
DA:264,3
DA:265,8
DA:266,8
DA:267,1
DA:268,75
DA:269,75
DA:270,75
DA:271,75
DA:272,75
DA:273,75
DA:274,75
DA:275,75
DA:276,75
DA:277,75
DA:278,8
DA:279,8
DA:280,8
DA:281,67
DA:282,75
DA:283,1
DA:284,1
DA:285,1
DA:286,66
DA:287,75
DA:288,75
DA:289,9
DA:290,9
DA:291,9
DA:292,73
DA:293,8
DA:294,8
DA:295,8
DA:296,75
DA:297,6
DA:298,6
DA:299,6
DA:300,75
DA:301,4
DA:302,4
DA:303,4
DA:304,73
DA:305,73
DA:306,7
DA:307,7
DA:308,7
DA:309,69
DA:310,69
DA:311,53
DA:312,52
DA:313,13
DA:314,75
DA:315,75
DA:316,1
DA:317,1
DA:318,75
DA:319,75
DA:320,1
DA:321,1
DA:322,1
DA:323,1
DA:324,1
DA:325,1
DA:326,1
DA:327,1
DA:328,1
DA:329,1
DA:330,1
DA:331,1
DA:332,1
DA:333,1
DA:334,1
DA:335,1
DA:336,1
DA:337,1
DA:338,1
DA:339,1
DA:340,1
DA:341,1
DA:342,1
DA:343,1
DA:344,1
DA:345,1
DA:346,1
DA:347,1
DA:348,1
DA:349,1
DA:350,1
DA:351,1
DA:352,1
DA:353,78
DA:354,78
DA:355,4
DA:356,4
DA:357,74
DA:358,78
DA:359,78
DA:360,78
DA:361,78
DA:362,78
DA:363,74
DA:364,74
DA:365,74
DA:366,74
DA:367,74
DA:368,78
DA:369,2
DA:370,2
DA:371,1
DA:372,1
DA:373,1
DA:374,1
DA:375,2
DA:376,73
DA:377,73
DA:378,1
DA:379,1
DA:380,1
DA:381,1
DA:382,5
DA:383,5
DA:384,1
DA:385,1
DA:386,4
DA:387,4
DA:388,4
DA:389,4
DA:390,4
DA:391,4
DA:392,4
DA:393,4
DA:394,4
DA:395,4
DA:396,5
DA:397,5
DA:398,5
DA:399,5
DA:400,5
DA:401,4
DA:402,4
DA:403,3
DA:404,3
DA:405,3
DA:406,5
DA:407,2
DA:408,2
DA:409,2
DA:410,2
DA:411,1
DA:412,1
DA:413,1
DA:414,1
DA:415,1
DA:416,2
DA:417,2
DA:418,2
DA:419,5
DA:420,84
DA:421,84
DA:422,84
DA:423,2
DA:424,5
DA:425,1
DA:426,1
DA:427,1
DA:428,3
DA:429,1
DA:430,1
DA:431,1
DA:432,1
DA:433,1
DA:434,1
DA:435,1
DA:436,1
DA:437,1
DA:438,1
DA:439,1
DA:440,1
DA:441,1
DA:442,1
DA:443,7
DA:444,7
DA:445,7
DA:446,7
DA:447,7
DA:448,7
DA:449,7
DA:450,7
DA:451,1
DA:452,1
DA:453,1
DA:454,1
DA:455,2
DA:456,1
DA:457,1
DA:458,1
DA:459,1
DA:460,2
DA:461,2
DA:462,1
DA:463,1
DA:464,1
LF:464
LH:464
BRDA:14,0,0,80
BRDA:15,1,0,54
BRDA:15,2,0,57
BRDA:15,3,0,26
BRDA:19,4,0,25
BRDA:23,5,0,23
BRDA:24,6,0,21
BRDA:24,7,0,2
BRDA:24,8,0,22
BRDA:24,9,0,21
BRDA:28,10,0,23
BRDA:34,11,0,22
BRDA:35,12,0,20
BRDA:37,13,0,1
BRDA:40,14,0,21
BRDA:46,15,0,78
BRDA:51,16,0,3
BRDA:53,17,0,3
BRDA:54,18,0,1
BRDA:55,19,0,1
BRDA:56,20,0,3
BRDA:57,21,0,1
BRDA:59,22,0,1
BRDA:60,23,0,1
BRDA:61,24,0,1
BRDA:63,25,0,1
BRDA:64,26,0,1
BRDA:65,27,0,1
BRDA:66,28,0,1
BRDA:68,29,0,1
BRDA:69,30,0,1
BRDA:72,31,0,1
BRDA:75,32,0,1
BRDA:77,33,0,1
BRDA:79,34,0,2
BRDA:85,35,0,77
BRDA:101,36,0,39
BRDA:101,37,0,33
BRDA:101,38,0,33
BRDA:110,39,0,28
BRDA:111,40,0,3
BRDA:112,41,0,39
BRDA:112,42,0,38
BRDA:113,43,0,33
BRDA:113,44,0,44
BRDA:114,45,0,33
BRDA:114,46,0,44
BRDA:115,47,0,32
BRDA:115,48,0,45
BRDA:115,49,0,1
BRDA:115,50,0,44
BRDA:116,51,0,57
BRDA:117,52,0,0
BRDA:121,53,0,1
BRDA:122,54,0,76
BRDA:118,55,0,539
BRDA:121,56,0,2
BRDA:170,57,0,75
BRDA:171,58,0,575
BRDA:172,59,0,56
BRDA:173,60,0,19
BRDA:177,61,0,11
BRDA:178,62,0,2
BRDA:178,63,0,2
BRDA:178,64,0,2
BRDA:185,65,0,9
BRDA:218,66,0,0
BRDA:221,67,0,8
BRDA:223,68,0,0
BRDA:224,69,0,5
BRDA:224,70,0,4
BRDA:224,71,0,4
BRDA:252,72,0,0
BRDA:254,73,0,0
BRDA:261,74,0,2
BRDA:262,75,0,6
BRDA:263,76,0,3
BRDA:263,77,0,0
BRDA:264,78,0,3
BRDA:259,79,0,56
BRDA:268,80,0,75
BRDA:271,81,0,26
BRDA:272,82,0,3
BRDA:277,83,0,8
BRDA:280,84,0,67
BRDA:282,85,0,1
BRDA:284,86,0,0
BRDA:285,87,0,66
BRDA:287,88,0,9
BRDA:287,89,0,4
BRDA:287,90,0,5
BRDA:287,91,0,73
BRDA:287,92,0,57
BRDA:288,93,0,49
BRDA:288,94,0,73
BRDA:288,95,0,9
BRDA:291,96,0,48
BRDA:292,97,0,8
BRDA:295,98,0,40
BRDA:296,99,0,36
BRDA:296,100,0,73
BRDA:296,101,0,6
BRDA:298,102,0,4
BRDA:298,103,0,2
BRDA:298,104,0,4
BRDA:298,105,0,0
BRDA:299,106,0,34
BRDA:300,107,0,31
BRDA:300,108,0,73
BRDA:300,109,0,4
BRDA:301,110,0,1
BRDA:303,111,0,30
BRDA:304,112,0,2
BRDA:304,113,0,28
BRDA:305,114,0,7
BRDA:306,115,0,0
BRDA:308,116,0,69
BRDA:308,117,0,21
BRDA:309,118,0,54
BRDA:309,119,0,4
BRDA:309,120,0,17
BRDA:310,121,0,53
BRDA:310,122,0,2
BRDA:310,123,0,15
BRDA:311,124,0,2
BRDA:311,125,0,52
BRDA:311,126,0,13
BRDA:312,127,0,0
BRDA:312,128,0,13
BRDA:314,129,0,1
BRDA:314,130,0,12
BRDA:315,131,0,1
BRDA:315,132,0,52
BRDA:315,133,0,1
BRDA:317,134,0,12
BRDA:318,135,0,11
BRDA:318,136,0,1
BRDA:314,137,0,15
BRDA:352,138,0,78
BRDA:354,139,0,4
BRDA:356,140,0,76
BRDA:356,141,0,74
BRDA:358,142,0,51
BRDA:358,143,0,51
BRDA:359,144,0,74
BRDA:359,145,0,0
BRDA:362,146,0,23
BRDA:362,147,0,74
BRDA:368,148,0,2
BRDA:370,149,0,1
BRDA:375,150,0,73
BRDA:366,151,0,76
BRDA:381,152,0,5
BRDA:383,153,0,1
BRDA:385,154,0,4
BRDA:396,155,0,3
BRDA:396,156,0,3
BRDA:397,157,0,4
BRDA:397,158,0,0
BRDA:400,159,0,0
BRDA:400,160,0,4
BRDA:402,161,0,3
BRDA:406,162,0,2
BRDA:410,163,0,1
BRDA:419,164,0,84
BRDA:422,165,0,2
BRDA:424,166,0,1
BRDA:427,167,0,3
BRDA:393,168,0,90
BRDA:404,169,0,3
BRDA:421,170,0,84
BRDA:442,171,0,7
BRDA:444,172,0,6
BRDA:444,173,0,1
BRDA:449,174,0,1
BRDA:449,175,0,6
BRDA:454,176,0,2
BRDA:459,177,0,2
BRF:178
BRH:165
end_of_record
TN:
SF:src\routes\v1\auth.js
FN:21,_sign
FN:29,_safeUser
FN:50,_hashToken
FN:54,_parsePage
FN:60,_issueTokens
FN:464,mapper
FN:476,mapper
FN:488,mapper
FN:731,requireAuth
FNF:9
FNH:9
FNDA:79,_sign
FNDA:106,_safeUser
FNDA:90,_hashToken
FNDA:54,_parsePage
FNDA:79,_issueTokens
FNDA:1,mapper
FNDA:1,mapper
FNDA:8,mapper
FNDA:465,requireAuth
DA:1,1
DA:2,1
DA:3,1
DA:4,1
DA:5,1
DA:6,1
DA:7,1
DA:8,1
DA:9,1
DA:10,1
DA:11,1
DA:12,1
DA:13,1
DA:14,1
DA:15,1
DA:16,1
DA:17,1
DA:18,1
DA:19,1
DA:20,1
DA:21,79
DA:22,79
DA:23,79
DA:24,79
DA:25,79
DA:26,79
DA:27,79
DA:28,1
DA:29,106
DA:30,106
DA:31,106
DA:32,106
DA:33,106
DA:34,106
DA:35,106
DA:36,106
DA:37,106
DA:38,106
DA:39,106
DA:40,106
DA:41,106
DA:42,106
DA:43,106
DA:44,106
DA:45,106
DA:46,106
DA:47,106
DA:48,106
DA:49,1
DA:50,90
DA:51,90
DA:52,90
DA:53,1
DA:54,54
DA:55,54
DA:56,54
DA:57,54
DA:58,54
DA:59,1
DA:60,79
DA:61,79
DA:62,79
DA:63,79
DA:64,79
DA:65,79
DA:66,79
DA:67,79
DA:68,79
DA:69,79
DA:70,79
DA:71,79
DA:72,79
DA:73,79
DA:74,1
DA:75,1
DA:76,1
DA:77,1
DA:78,1
DA:79,1
DA:80,1
DA:81,1
DA:82,1
DA:83,1
DA:84,1
DA:85,1
DA:86,1
DA:87,1
DA:88,1
DA:89,1
DA:90,1
DA:91,1
DA:92,1
DA:93,1
DA:94,1
DA:95,1
DA:96,1
DA:97,1
DA:98,1
DA:99,1
DA:100,1
DA:101,1
DA:102,1
DA:103,1
DA:104,1
DA:105,1
DA:106,1
DA:107,1
DA:108,1
DA:109,1
DA:110,1
DA:111,1
DA:112,1
DA:113,77
DA:114,77
DA:115,77
DA:116,77
DA:117,77
DA:118,77
DA:119,77
DA:120,77
DA:121,77
DA:122,77
DA:123,77
DA:124,77
DA:125,77
DA:126,77
DA:127,67
DA:128,67
DA:129,77
DA:130,66
DA:131,66
DA:132,66
DA:133,66
DA:134,77
DA:135,77
DA:136,77
DA:137,77
DA:138,77
DA:139,77
DA:140,77
DA:141,77
DA:142,77
DA:143,77
DA:144,77
DA:145,77
DA:146,77
DA:147,77
DA:148,66
DA:149,66
DA:150,1
DA:151,1
DA:152,1
DA:153,1
DA:154,1
DA:155,1
DA:156,1
DA:157,1
DA:158,1
DA:159,1
DA:160,1
DA:161,1
DA:162,1
DA:163,1
DA:164,1
DA:165,1
DA:166,1
DA:167,1
DA:168,1
DA:169,1
DA:170,1
DA:171,1
DA:172,1
DA:173,1
DA:174,25
DA:175,25
DA:176,19
DA:177,19
DA:178,19
DA:179,20
DA:180,12
DA:181,12
DA:182,14
DA:183,10
DA:184,10
DA:185,10
DA:186,1
DA:187,1
DA:188,1
DA:189,1
DA:190,1
DA:191,1
DA:192,1
DA:193,1
DA:194,1
DA:195,1
DA:196,1
DA:197,1
DA:198,1
DA:199,24
DA:200,24
DA:201,24
DA:202,1
DA:203,1
DA:204,1
DA:205,1
DA:206,1
DA:207,1
DA:208,1
DA:209,1
DA:210,1
DA:211,1
DA:212,1
DA:213,1
DA:214,1
DA:215,1
DA:216,1
DA:217,1
DA:218,1
DA:219,1
DA:220,1
DA:221,1
DA:222,1
DA:223,1
DA:224,1
DA:225,1
DA:226,1
DA:227,1
DA:228,6
DA:229,6
DA:230,6
DA:231,6
DA:232,6
DA:233,6
DA:234,6
DA:235,6
DA:236,6
DA:237,6
DA:238,6
DA:239,6
DA:240,6
DA:241,6
DA:242,6
DA:243,6
DA:244,6
DA:245,6
DA:246,6
DA:247,6
DA:248,6
DA:249,6
DA:250,6
DA:251,6
DA:252,6
DA:253,6
DA:254,6
DA:255,6
DA:256,6
DA:257,6
DA:258,6
DA:259,6
DA:260,6
DA:261,6
DA:262,6
DA:263,6
DA:264,6
DA:265,6
DA:266,6
DA:267,6
DA:268,6
DA:269,6
DA:270,6
DA:271,6
DA:272,6
DA:273,6
DA:274,6
DA:275,1
DA:276,1
DA:277,1
DA:278,1
DA:279,5
DA:280,5
DA:281,5
DA:282,5
DA:283,5
DA:284,5
DA:285,5
DA:286,5
DA:287,5
DA:288,1
DA:289,1
DA:290,1
DA:291,1
DA:292,3
DA:293,3
DA:294,3
DA:295,3
DA:296,3
DA:297,3
DA:298,3
DA:299,3
DA:300,4
DA:301,4
DA:302,4
DA:303,3
DA:304,3
DA:305,3
DA:306,3
DA:307,3
DA:308,3
DA:309,3
DA:310,3
DA:311,3
DA:312,3
DA:313,3
DA:314,3
DA:315,3
DA:316,0
DA:317,0
DA:318,3
DA:319,3
DA:320,3
DA:321,1
DA:322,1
DA:323,1
DA:324,1
DA:325,18
DA:326,18
DA:327,18
DA:328,18
DA:329,18
DA:330,18
DA:331,18
DA:332,18
DA:333,18
DA:334,18
DA:335,18
DA:336,18
DA:337,18
DA:338,18
DA:339,18
DA:340,18
DA:341,18
DA:342,18
DA:343,18
DA:344,18
DA:345,18
DA:346,1
DA:347,1
DA:348,1
DA:349,1
DA:350,23
DA:351,23
DA:352,23
DA:353,23
DA:354,23
DA:355,23
DA:356,23
DA:357,23
DA:358,23
DA:359,23
DA:360,23
DA:361,23
DA:362,23
DA:363,23
DA:364,23
DA:365,23
DA:366,23
DA:367,23
DA:368,23
DA:369,23
DA:370,1
DA:371,1
DA:372,1
DA:373,1
DA:374,8
DA:375,8
DA:376,8
DA:377,8
DA:378,8
DA:379,8
DA:380,8
DA:381,8
DA:382,8
DA:383,8
DA:384,8
DA:385,8
DA:386,8
DA:387,8
DA:388,8
DA:389,8
DA:390,8
DA:391,1
DA:392,1
DA:393,1
DA:394,1
DA:395,8
DA:396,8
DA:397,8
DA:398,8
DA:399,8
DA:400,8
DA:401,8
DA:402,8
DA:403,8
DA:404,1
DA:405,1
DA:406,1
DA:407,1
DA:408,18
DA:409,18
DA:410,18
DA:411,18
DA:412,18
DA:413,18
DA:414,18
DA:415,18
DA:416,18
DA:417,18
DA:418,17
DA:419,17
DA:420,18
DA:421,18
DA:422,18
DA:423,18
DA:424,18
DA:425,18
DA:426,18
DA:427,18
DA:428,18
DA:429,1
DA:430,1
DA:431,1
DA:432,1
DA:433,7
DA:434,7
DA:435,7
DA:436,7
DA:437,7
DA:438,7
DA:439,7
DA:440,7
DA:441,7
DA:442,1
DA:443,1
DA:444,1
DA:445,1
DA:446,1
DA:447,7
DA:448,7
DA:449,7
DA:450,7
DA:451,1
DA:452,1
DA:453,6
DA:454,6
DA:455,6
DA:456,7
DA:457,1
DA:458,1
DA:459,1
DA:460,1
DA:461,1
DA:462,1
DA:463,1
DA:464,1
DA:465,1
DA:466,1
DA:467,1
DA:468,7
DA:469,1
DA:470,1
DA:471,1
DA:472,1
DA:473,1
DA:474,1
DA:475,1
DA:476,1
DA:477,1
DA:478,1
DA:479,5
DA:480,4
DA:481,4
DA:482,4
DA:483,4
DA:484,4
DA:485,4
DA:486,4
DA:487,4
DA:488,4
DA:489,4
DA:490,4
DA:491,6
DA:492,6
DA:493,6
DA:494,6
DA:495,6
DA:496,6
DA:497,6
DA:498,1
DA:499,1
DA:500,1
DA:501,1
DA:502,11
DA:503,11
DA:504,10
DA:505,10
DA:506,10
DA:507,11
DA:508,11
DA:509,10
DA:510,1
DA:511,1
DA:512,1
DA:513,1
DA:514,11
DA:515,11
DA:516,11
DA:517,11
DA:518,11
DA:519,11
DA:520,11
DA:521,11
DA:522,11
DA:523,1
DA:524,1
DA:525,1
DA:526,1
DA:527,1
DA:528,1
DA:529,1
DA:530,1
DA:531,1
DA:532,1
DA:533,1
DA:534,1
DA:535,1
DA:536,1
DA:537,1
DA:538,1
DA:539,1
DA:540,1
DA:541,1
DA:542,1
DA:543,1
DA:544,1
DA:545,1
DA:546,4
DA:547,4
DA:548,3
DA:549,3
DA:550,3
DA:551,3
DA:552,3
DA:553,3
DA:554,4
DA:555,2
DA:556,2
DA:557,2
DA:558,2
DA:559,2
DA:560,2
DA:561,2
DA:562,2
DA:563,2
DA:564,2
DA:565,2
DA:566,2
DA:567,2
DA:568,2
DA:569,2
DA:570,4
DA:571,0
DA:572,0
DA:573,0
DA:574,1
DA:575,1
DA:576,1
DA:577,1
DA:578,1
DA:579,1
DA:580,1
DA:581,1
DA:582,1
DA:583,1
DA:584,1
DA:585,1
DA:586,1
DA:587,1
DA:588,1
DA:589,1
DA:590,1
DA:591,1
DA:592,1
DA:593,1
DA:594,1
DA:595,1
DA:596,1
DA:597,1
DA:598,1
DA:599,6
DA:600,6
DA:601,6
DA:602,4
DA:603,4
DA:604,4
DA:605,4
DA:606,4
DA:607,4
DA:608,4
DA:609,4
DA:610,4
DA:611,4
DA:612,6
DA:613,6
DA:614,2
DA:615,2
DA:616,2
DA:617,2
DA:618,2
DA:619,2
DA:620,2
DA:621,2
DA:622,2
DA:623,2
DA:624,6
DA:625,0
DA:626,0
DA:627,6
DA:628,4
DA:629,4
DA:630,1
DA:631,1
DA:632,1
DA:633,1
DA:634,1
DA:635,1
DA:636,1
DA:637,1
DA:638,1
DA:639,1
DA:640,1
DA:641,1
DA:642,1
DA:643,1
DA:644,1
DA:645,1
DA:646,1
DA:647,1
DA:648,1
DA:649,1
DA:650,1
DA:651,1
DA:652,1
DA:653,1
DA:654,3
DA:655,3
DA:656,2
DA:657,2
DA:658,2
DA:659,2
DA:660,3
DA:661,2
DA:662,2
DA:663,3
DA:664,1
DA:665,1
DA:666,1
DA:667,1
DA:668,1
DA:669,1
DA:670,1
DA:671,1
DA:672,3
DA:673,0
DA:674,0
DA:675,3
DA:676,2
DA:677,2
DA:678,1
DA:679,1
DA:680,1
DA:681,1
DA:682,5
DA:683,5
DA:684,4
DA:685,4
DA:686,4
DA:687,4
DA:688,4
DA:689,4
DA:690,4
DA:691,4
DA:692,4
DA:693,4
DA:694,4
DA:695,4
DA:696,4
DA:697,5
DA:698,5
DA:699,5
DA:700,0
DA:701,0
DA:702,0
DA:703,3
DA:704,3
DA:705,3
DA:706,3
DA:707,3
DA:708,3
DA:709,3
DA:710,3
DA:711,3
DA:712,5
DA:713,0
DA:714,0
DA:715,5
DA:716,4
DA:717,4
DA:718,1
DA:719,1
DA:720,1
DA:721,1
DA:722,2
DA:723,2
DA:724,1
DA:725,1
DA:726,1
DA:727,1
DA:728,1
DA:729,1
DA:730,1
DA:731,465
DA:732,465
DA:733,465
DA:734,465
DA:735,383
DA:736,383
DA:737,383
DA:738,383
DA:739,383
DA:740,465
DA:741,5
DA:742,5
DA:743,465
DA:744,1
DA:745,1
DA:746,1
LF:746
LH:732
BRDA:17,0,0,0
BRDA:21,1,0,79
BRDA:23,2,0,0
BRDA:23,3,0,0
BRDA:29,4,0,106
BRDA:50,5,0,90
BRDA:54,6,0,54
BRDA:60,7,0,79
BRDA:69,8,0,0
BRDA:112,9,0,77
BRDA:119,10,0,70
BRDA:119,11,0,8
BRDA:119,12,0,69
BRDA:120,13,0,1
BRDA:120,14,0,68
BRDA:121,15,0,1
BRDA:121,16,0,67
BRDA:122,17,0,56
BRDA:122,18,0,0
BRDA:122,19,0,67
BRDA:123,20,0,54
BRDA:123,21,0,0
BRDA:123,22,0,67
BRDA:124,23,0,54
BRDA:124,24,0,0
BRDA:124,25,0,67
BRDA:125,26,0,1
BRDA:125,27,0,0
BRDA:125,28,0,67
BRDA:126,29,0,58
BRDA:126,30,0,0
BRDA:126,31,0,67
BRDA:129,32,0,1
BRDA:129,33,0,66
BRDA:134,34,0,56
BRDA:134,35,0,54
BRDA:134,36,0,54
BRDA:134,37,0,54
BRDA:143,38,0,10
BRDA:143,39,0,12
BRDA:143,40,0,12
BRDA:143,41,0,12
BRDA:147,42,0,66
BRDA:173,43,0,25
BRDA:175,44,0,19
BRDA:175,45,0,6
BRDA:175,46,0,22
BRDA:175,47,0,20
BRDA:175,48,0,19
BRDA:179,49,0,7
BRDA:179,50,0,14
BRDA:179,51,0,12
BRDA:182,52,0,13
BRDA:182,53,0,2
BRDA:182,54,0,10
BRDA:198,55,0,24
BRDA:200,56,0,0
BRDA:227,57,0,6
BRDA:240,58,0,0
BRDA:243,59,0,4
BRDA:244,60,0,4
BRDA:266,61,0,2
BRDA:266,62,0,4
BRDA:266,63,0,4
BRDA:273,64,0,0
BRDA:278,65,0,5
BRDA:291,66,0,3
BRDA:294,67,0,0
BRDA:315,68,0,0
BRDA:293,69,0,5
BRDA:293,70,0,4
BRDA:299,71,0,4
BRDA:324,72,0,18
BRDA:326,73,0,0
BRDA:327,74,0,3
BRDA:327,75,0,0
BRDA:328,76,0,0
BRDA:329,77,0,5
BRDA:334,78,0,0
BRDA:334,79,0,10
BRDA:334,80,0,15
BRDA:338,81,0,18
BRDA:341,82,0,0
BRDA:341,83,0,10
BRDA:341,84,0,15
BRDA:349,85,0,23
BRDA:355,86,0,0
BRDA:356,87,0,0
BRDA:373,88,0,8
BRDA:375,89,0,1
BRDA:380,90,0,0
BRDA:380,91,0,3
BRDA:380,92,0,7
BRDA:383,93,0,8
BRDA:386,94,0,0
BRDA:386,95,0,3
BRDA:386,96,0,7
BRDA:394,97,0,8
BRDA:407,98,0,18
BRDA:409,99,0,1
BRDA:414,100,0,1
BRDA:414,101,0,17
BRDA:414,102,0,16
BRDA:414,103,0,11
BRDA:414,104,0,14
BRDA:414,105,0,15
BRDA:417,106,0,17
BRDA:421,107,0,18
BRDA:424,108,0,1
BRDA:424,109,0,17
BRDA:424,110,0,16
BRDA:424,111,0,11
BRDA:424,112,0,14
BRDA:424,113,0,15
BRDA:432,114,0,7
BRDA:446,115,0,7
BRDA:447,116,0,2
BRDA:450,117,0,1
BRDA:452,118,0,6
BRDA:456,119,0,1
BRDA:468,120,0,5
BRDA:468,121,0,1
BRDA:479,122,0,4
BRDA:490,123,0,6
BRDA:464,124,0,1
BRDA:465,125,0,0
BRDA:476,126,0,1
BRDA:477,127,0,0
BRDA:477,128,0,0
BRDA:488,129,0,8
BRDA:489,130,0,0
BRDA:489,131,0,2
BRDA:501,132,0,11
BRDA:503,133,0,1
BRDA:503,134,0,10
BRDA:507,135,0,7
BRDA:507,136,0,9
BRDA:508,137,0,10
BRDA:513,138,0,11
BRDA:545,139,0,4
BRDA:547,140,0,1
BRDA:547,141,0,3
BRDA:554,142,0,2
BRDA:554,143,0,1
BRDA:570,144,0,0
BRDA:598,145,0,6
BRDA:600,146,0,5
BRDA:600,147,0,1
BRDA:600,148,0,5
BRDA:601,149,0,1
BRDA:601,150,0,4
BRDA:612,151,0,2
BRDA:612,152,0,2
BRDA:613,153,0,0
BRDA:613,154,0,2
BRDA:624,155,0,0
BRDA:627,156,0,2
BRDA:627,157,0,4
BRDA:653,158,0,3
BRDA:655,159,0,1
BRDA:655,160,0,2
BRDA:660,161,0,0
BRDA:660,162,0,2
BRDA:663,163,0,1
BRDA:672,164,0,0
BRDA:675,165,0,1
BRDA:675,166,0,2
BRDA:681,167,0,5
BRDA:683,168,0,1
BRDA:683,169,0,4
BRDA:697,170,0,3
BRDA:697,171,0,1
BRDA:698,172,0,0
BRDA:698,173,0,3
BRDA:699,174,0,0
BRDA:702,175,0,3
BRDA:712,176,0,0
BRDA:715,177,0,3
BRDA:715,178,0,4
BRDA:721,179,0,2
BRDA:723,180,0,1
BRDA:731,181,0,465
BRDA:732,182,0,82
BRDA:733,183,0,383
BRDA:733,184,0,82
BRDA:734,185,0,463
BRDA:734,186,0,82
BRDA:734,187,0,383
BRDA:740,188,0,5
BRF:189
BRH:154
end_of_record
TN:
SF:src\routes\v1\diets.js
FN:148,_localDiet
FN:190,_currentWeekStart
FNF:2
FNH:2
FNDA:15,_localDiet
FNDA:3,_currentWeekStart
DA:1,1
DA:2,1
DA:3,1
DA:4,1
DA:5,1
DA:6,1
DA:7,1
DA:8,1
DA:9,1
DA:10,1
DA:11,1
DA:12,1
DA:13,1
DA:14,1
DA:15,1
DA:16,1
DA:17,1
DA:18,1
DA:19,1
DA:20,1
DA:21,1
DA:22,1
DA:23,1
DA:24,1
DA:25,1
DA:26,1
DA:27,1
DA:28,1
DA:29,1
DA:30,1
DA:31,1
DA:32,1
DA:33,1
DA:34,1
DA:35,1
DA:36,1
DA:37,1
DA:38,1
DA:39,1
DA:40,1
DA:41,17
DA:42,17
DA:43,17
DA:44,16
DA:45,16
DA:46,16
DA:47,16
DA:48,17
DA:49,2
DA:50,2
DA:51,2
DA:52,2
DA:53,2
DA:54,2
DA:55,2
DA:56,2
DA:57,2
DA:58,2
DA:59,2
DA:60,2
DA:61,2
DA:62,15
DA:63,17
DA:64,17
DA:65,1
DA:66,1
DA:67,1
DA:68,1
DA:69,1
DA:70,1
DA:71,3
DA:72,3
DA:73,3
DA:74,3
DA:75,3
DA:76,3
DA:77,3
DA:78,3
DA:79,3
DA:80,3
DA:81,3
DA:82,3
DA:83,3
DA:84,3
DA:85,3
DA:86,3
DA:87,3
DA:88,2
DA:89,1
DA:90,1
DA:91,1
DA:92,0
DA:93,1
DA:94,1
DA:95,1
DA:96,1
DA:97,1
DA:98,1
DA:99,2
DA:100,2
DA:101,2
DA:102,2
DA:103,2
DA:104,2
DA:105,2
DA:106,2
DA:107,2
DA:108,2
DA:109,2
DA:110,2
DA:111,2
DA:112,2
DA:113,2
DA:114,2
DA:115,2
DA:116,2
DA:117,2
DA:118,2
DA:119,2
DA:120,2
DA:121,1
DA:122,1
DA:123,1
DA:124,1
DA:125,1
DA:126,1
DA:127,5
DA:128,5
DA:129,3
DA:130,3
DA:131,3
DA:132,5
DA:133,3
DA:134,3
DA:135,3
DA:136,3
DA:137,3
DA:138,3
DA:139,3
DA:140,3
DA:141,3
DA:142,3
DA:143,3
DA:144,1
DA:145,1
DA:146,1
DA:147,1
DA:148,15
DA:149,15
DA:150,15
DA:151,15
DA:152,15
DA:153,15
DA:154,15
DA:155,15
DA:156,15
DA:157,15
DA:158,15
DA:159,15
DA:160,15
DA:161,15
DA:162,15
DA:163,15
DA:164,15
DA:165,15
DA:166,15
DA:167,15
DA:168,15
DA:169,15
DA:170,15
DA:171,15
DA:172,15
DA:173,15
DA:174,15
DA:175,15
DA:176,15
DA:177,15
DA:178,15
DA:179,15
DA:180,15
DA:181,15
DA:182,105
DA:183,105
DA:184,105
DA:185,15
DA:186,15
DA:187,15
DA:188,15
DA:189,1
DA:190,3
DA:191,3
DA:192,3
DA:193,3
DA:194,3
DA:195,3
DA:196,1
DA:197,1
LF:197
LH:196
BRDA:14,0,0,0
BRDA:40,1,0,17
BRDA:42,2,0,1
BRDA:42,3,0,16
BRDA:43,4,0,0
BRDA:43,5,0,16
BRDA:48,6,0,2
BRDA:48,7,0,2
BRDA:60,8,0,1
BRDA:61,9,0,15
BRDA:63,10,0,0
BRDA:63,11,0,0
BRDA:70,12,0,3
BRDA:86,13,0,1
BRDA:87,14,0,2
BRDA:88,15,0,1
BRDA:90,16,0,1
BRDA:91,17,0,0
BRDA:98,18,0,2
BRDA:100,19,0,1
BRDA:101,20,0,1
BRDA:102,21,0,1
BRDA:116,22,0,1
BRDA:116,23,0,1
BRDA:116,24,0,0
BRDA:116,25,0,0
BRDA:116,26,0,0
BRDA:119,27,0,0
BRDA:126,28,0,5
BRDA:128,29,0,4
BRDA:128,30,0,2
BRDA:128,31,0,3
BRDA:132,32,0,0
BRDA:132,33,0,3
BRDA:142,34,0,1
BRDA:148,35,0,15
BRDA:150,36,0,1
BRDA:176,37,0,1
BRDA:181,38,0,105
BRDA:184,39,0,525
BRDA:190,40,0,3
BRDA:193,41,0,0
BRF:42
BRH:31
end_of_record
TN:
SF:src\routes\v1\habits.js
FNF:0
FNH:0
DA:1,1
DA:2,1
DA:3,1
DA:4,1
DA:5,1
DA:6,1
DA:7,1
DA:8,1
DA:9,1
DA:10,1
DA:11,1
DA:12,1
DA:13,1
DA:14,1
DA:15,1
DA:16,1
DA:17,1
DA:18,1
DA:19,1
DA:20,1
DA:21,1
DA:22,1
DA:23,1
DA:24,1
DA:25,1
DA:26,1
DA:27,1
DA:28,1
DA:29,1
DA:30,1
DA:31,1
DA:32,1
DA:33,1
DA:34,1
DA:35,1
DA:36,1
DA:37,1
DA:38,1
DA:39,1
DA:40,1
DA:41,1
DA:42,1
DA:43,1
DA:44,1
DA:45,1
DA:46,1
DA:47,1
DA:48,1
DA:49,1
DA:50,1
DA:51,1
DA:52,1
DA:53,1
DA:54,1
DA:55,1
DA:56,1
DA:57,1
DA:58,1
DA:59,1
DA:60,1
DA:61,1
DA:62,1
DA:63,1
DA:64,1
DA:65,1
DA:66,1
DA:67,1
DA:68,1
DA:69,1
DA:70,1
DA:71,1
DA:72,1
DA:73,1
DA:74,1
DA:75,1
DA:76,1
DA:77,1
DA:78,1
DA:79,1
DA:80,1
DA:81,1
DA:82,1
DA:83,1
DA:84,1
DA:85,1
DA:86,1
DA:87,1
DA:88,1
DA:89,1
DA:90,1
DA:91,1
DA:92,6
DA:93,6
DA:94,6
DA:95,6
DA:96,6
DA:97,6
DA:98,1
DA:99,1
DA:100,1
DA:101,1
DA:102,1
DA:103,1
DA:104,1
DA:105,1
DA:106,9
DA:107,9
DA:108,9
DA:109,4
DA:110,4
DA:111,5
DA:112,9
DA:113,9
DA:114,9
DA:115,9
DA:116,9
DA:117,9
DA:118,9
DA:119,9
DA:120,9
DA:121,9
DA:122,9
DA:123,9
DA:124,5
DA:125,9
DA:126,1
DA:127,1
DA:128,1
DA:129,1
DA:130,1
DA:131,1
DA:132,1
DA:133,1
DA:134,1
DA:135,4
DA:136,4
DA:137,4
DA:138,4
DA:139,4
DA:140,4
DA:141,4
DA:142,4
DA:143,0
DA:144,4
DA:145,4
DA:146,1
DA:147,1
DA:148,1
DA:149,1
DA:150,1
DA:151,1
DA:152,1
DA:153,1
DA:154,10
DA:155,10
DA:156,10
DA:157,4
DA:158,4
DA:159,6
DA:160,6
DA:161,8
DA:162,12
DA:163,2
DA:164,2
DA:165,12
DA:166,4
DA:167,10
DA:168,10
DA:169,10
DA:170,10
DA:171,10
DA:172,10
DA:173,10
DA:174,10
DA:175,10
DA:176,10
DA:177,4
DA:178,4
DA:179,4
DA:180,4
DA:181,0
DA:182,10
DA:183,1
DA:184,1
DA:185,1
LF:185
LH:183
BRDA:91,0,0,6
BRDA:92,1,0,4
BRDA:97,2,0,5
BRDA:105,3,0,9
BRDA:108,4,0,8
BRDA:108,5,0,7
BRDA:108,6,0,7
BRDA:108,7,0,4
BRDA:110,8,0,5
BRDA:112,9,0,2
BRDA:113,10,0,1
BRDA:113,11,0,1
BRDA:113,12,0,4
BRDA:123,13,0,7
BRDA:123,14,0,5
BRDA:125,15,0,0
BRDA:134,16,0,4
BRDA:143,17,0,0
BRDA:153,18,0,10
BRDA:156,19,0,8
BRDA:156,20,0,8
BRDA:156,21,0,4
BRDA:158,22,0,8
BRDA:158,23,0,6
BRDA:161,24,0,12
BRDA:162,25,0,2
BRDA:165,26,0,7
BRDA:165,27,0,4
BRDA:167,28,0,1
BRDA:176,29,0,4
BRDA:181,30,0,0
BRF:31
BRH:28
end_of_record
TN:
SF:src\routes\v1\index.js
FNF:0
FNH:0
DA:1,1
DA:2,1
DA:3,1
DA:4,1
DA:5,1
DA:6,1
DA:7,1
DA:8,1
DA:9,1
DA:10,1
DA:11,1
DA:12,1
DA:13,1
DA:14,1
DA:15,1
DA:16,1
DA:17,1
DA:18,1
DA:19,1
LF:19
LH:19
BRF:0
BRH:0
end_of_record
TN:
SF:src\routes\v1\meals.js
FN:123,rows.reduce.calories
FNF:1
FNH:1
FNDA:11,rows.reduce.calories
DA:1,1
DA:2,1
DA:3,1
DA:4,1
DA:5,1
DA:6,1
DA:7,1
DA:8,1
DA:9,1
DA:10,1
DA:11,1
DA:12,1
DA:13,1
DA:14,1
DA:15,1
DA:16,1
DA:17,1
DA:18,1
DA:19,1
DA:20,1
DA:21,1
DA:22,1
DA:23,1
DA:24,1
DA:25,1
DA:26,1
DA:27,1
DA:28,1
DA:29,1
DA:30,1
DA:31,1
DA:32,1
DA:33,1
DA:34,1
DA:35,1
DA:36,1
DA:37,1
DA:38,1
DA:39,1
DA:40,1
DA:41,1
DA:42,1
DA:43,1
DA:44,1
DA:45,1
DA:46,1
DA:47,1
DA:48,1
DA:49,1
DA:50,1
DA:51,1
DA:52,1
DA:53,1
DA:54,1
DA:55,1
DA:56,1
DA:57,1
DA:58,1
DA:59,1
DA:60,1
DA:61,1
DA:62,1
DA:63,1
DA:64,1
DA:65,1
DA:66,1
DA:67,1
DA:68,1
DA:69,1
DA:70,1
DA:71,1
DA:72,1
DA:73,15
DA:74,15
DA:75,15
DA:76,3
DA:77,3
DA:78,15
DA:79,4
DA:80,4
DA:81,8
DA:82,15
DA:83,15
DA:84,15
DA:85,15
DA:86,15
DA:87,15
DA:88,15
DA:89,15
DA:90,15
DA:91,15
DA:92,15
DA:93,15
DA:94,15
DA:95,15
DA:96,15
DA:97,15
DA:98,15
DA:99,15
DA:100,15
DA:101,8
DA:102,15
DA:103,1
DA:104,1
DA:105,1
DA:106,1
DA:107,1
DA:108,1
DA:109,1
DA:110,11
DA:111,11
DA:112,11
DA:113,11
DA:114,11
DA:115,11
DA:116,11
DA:117,11
DA:118,11
DA:119,11
DA:120,11
DA:121,11
DA:122,11
DA:123,11
DA:124,11
DA:125,11
DA:126,11
DA:127,11
DA:128,11
DA:129,11
DA:130,11
DA:131,11
DA:132,11
DA:133,1
DA:134,1
DA:135,1
LF:135
LH:135
BRDA:72,0,0,15
BRDA:75,1,0,13
BRDA:75,2,0,13
BRDA:75,3,0,3
BRDA:77,4,0,12
BRDA:78,5,0,10
BRDA:78,6,0,10
BRDA:78,7,0,12
BRDA:78,8,0,8
BRDA:78,9,0,4
BRDA:82,10,0,3
BRDA:93,11,0,0
BRDA:94,12,0,6
BRDA:95,13,0,6
BRDA:96,14,0,6
BRDA:97,15,0,7
BRDA:98,16,0,1
BRDA:98,17,0,7
BRDA:100,18,0,8
BRDA:102,19,0,0
BRDA:109,20,0,11
BRDA:110,21,0,8
BRDA:123,22,0,11
BRDA:124,23,0,0
BRDA:125,24,0,7
BRDA:126,25,0,7
BRDA:127,26,0,7
BRF:27
BRH:24
end_of_record
TN:
SF:src\routes\v1\n8n.js
FN:19,verifyN8nSecret
FNF:1
FNH:1
FNDA:40,verifyN8nSecret
DA:1,1
DA:2,1
DA:3,1
DA:4,1
DA:5,1
DA:6,1
DA:7,1
DA:8,1
DA:9,1
DA:10,1
DA:11,1
DA:12,1
DA:13,1
DA:14,1
DA:15,1
DA:16,1
DA:17,1
DA:18,1
DA:19,40
DA:20,40
DA:21,40
DA:22,10
DA:23,10
DA:24,10
DA:25,30
DA:26,30
DA:27,1
DA:28,1
DA:29,1
DA:30,13
DA:31,13
DA:32,12
DA:33,12
DA:34,13
DA:35,13
DA:36,13
DA:37,13
DA:38,13
DA:39,13
DA:40,13
DA:41,13
DA:42,3
DA:43,3
DA:44,3
DA:45,3
DA:46,3
DA:47,3
DA:48,13
DA:49,2
DA:50,2
DA:51,2
DA:52,2
DA:53,9
DA:54,4
DA:55,3
DA:56,4
DA:57,4
DA:58,4
DA:59,4
DA:60,4
DA:61,4
DA:62,4
DA:63,7
DA:64,3
DA:65,3
DA:66,3
DA:67,3
DA:68,3
DA:69,1
DA:70,3
DA:71,3
DA:72,3
DA:73,3
DA:74,12
DA:75,12
DA:76,1
DA:77,1
DA:78,1
DA:79,1
DA:80,14
DA:81,14
DA:82,14
DA:83,12
DA:84,12
DA:85,14
DA:86,12
DA:87,14
DA:88,14
DA:89,14
DA:90,14
DA:91,14
DA:92,12
DA:93,12
DA:94,12
DA:95,1
DA:96,1
DA:97,1
DA:98,1
DA:99,5
DA:100,5
DA:101,5
DA:102,5
DA:103,5
DA:104,5
DA:105,5
DA:106,5
DA:107,5
DA:108,5
DA:109,5
DA:110,5
DA:111,5
DA:112,5
DA:113,5
DA:114,5
DA:115,5
DA:116,1
DA:117,1
DA:118,1
DA:119,1
DA:120,3
DA:121,3
DA:122,3
DA:123,3
DA:124,3
DA:125,3
DA:126,3
DA:127,3
DA:128,3
DA:129,3
DA:130,3
DA:131,3
DA:132,3
DA:133,3
DA:134,3
DA:135,3
DA:136,3
DA:137,3
DA:138,3
DA:139,3
DA:140,3
DA:141,3
DA:142,3
DA:143,3
DA:144,3
DA:145,3
DA:146,3
DA:147,3
DA:148,3
DA:149,3
DA:150,3
DA:151,3
DA:152,3
DA:153,3
DA:154,3
DA:155,3
DA:156,3
DA:157,3
DA:158,3
DA:159,3
DA:160,3
DA:161,3
DA:162,3
DA:163,3
DA:164,3
DA:165,3
DA:166,3
DA:167,3
DA:168,0
DA:169,0
DA:170,0
DA:171,0
DA:172,0
DA:173,0
DA:174,0
DA:175,0
DA:176,0
DA:177,0
DA:178,0
DA:179,0
DA:180,0
DA:181,0
DA:182,0
DA:183,0
DA:184,3
DA:185,3
DA:186,3
DA:187,1
DA:188,1
DA:189,1
LF:189
LH:173
BRDA:9,0,0,2
BRDA:10,1,0,0
BRDA:12,2,0,2
BRDA:12,3,0,1
BRDA:15,4,0,1
BRDA:19,5,0,40
BRDA:20,6,0,0
BRDA:21,7,0,9
BRDA:21,8,0,10
BRDA:24,9,0,30
BRDA:29,10,0,13
BRDA:31,11,0,1
BRDA:31,12,0,12
BRDA:34,13,0,0
BRDA:35,14,0,0
BRDA:36,15,0,7
BRDA:36,16,0,5
BRDA:37,17,0,2
BRDA:37,18,0,10
BRDA:41,19,0,3
BRDA:42,20,0,1
BRDA:44,21,0,0
BRDA:45,22,0,1
BRDA:46,23,0,0
BRDA:46,24,0,1
BRDA:46,25,0,1
BRDA:48,26,0,9
BRDA:48,27,0,2
BRDA:49,28,0,0
BRDA:51,29,0,0
BRDA:53,30,0,7
BRDA:53,31,0,4
BRDA:54,32,0,3
BRDA:54,33,0,3
BRDA:55,34,0,1
BRDA:55,35,0,2
BRDA:56,36,0,1
BRDA:58,37,0,3
BRDA:59,38,0,0
BRDA:61,39,0,0
BRDA:61,40,0,3
BRDA:61,41,0,1
BRDA:63,42,0,3
BRDA:64,43,0,1
BRDA:65,44,0,1
BRDA:66,45,0,0
BRDA:67,46,0,1
BRDA:67,47,0,2
BRDA:68,48,0,1
BRDA:69,49,0,0
BRDA:70,50,0,2
BRDA:71,51,0,2
BRDA:73,52,0,12
BRDA:43,53,0,4
BRDA:43,54,0,0
BRDA:79,55,0,14
BRDA:81,56,0,1
BRDA:81,57,0,13
BRDA:82,58,0,1
BRDA:82,59,0,12
BRDA:85,60,0,0
BRDA:85,61,0,12
BRDA:87,62,0,2
BRDA:87,63,0,0
BRDA:91,64,0,12
BRDA:98,65,0,5
BRDA:99,66,0,0
BRDA:102,67,0,0
BRDA:119,68,0,3
BRF:69
BRH:52
end_of_record
TN:
SF:src\routes\v1\pdf.js
FNF:0
FNH:0
DA:1,1
DA:2,1
DA:3,1
DA:4,1
DA:5,1
DA:6,1
DA:7,1
DA:8,1
DA:9,1
DA:10,1
DA:11,1
DA:12,1
DA:13,1
DA:14,1
DA:15,22
DA:16,22
DA:17,18
DA:18,18
DA:19,22
DA:20,3
DA:21,3
DA:22,15
DA:23,22
DA:24,22
DA:25,22
DA:26,22
DA:27,22
DA:28,22
DA:29,22
DA:30,1
DA:31,1
DA:32,1
LF:32
LH:32
BRDA:14,0,0,22
BRDA:16,1,0,4
BRDA:16,2,0,18
BRDA:19,3,0,3
BRDA:21,4,0,15
BRDA:23,5,0,2
BRDA:23,6,0,1
BRF:7
BRH:7
end_of_record
TN:
SF:src\routes\v1\progress.js
FNF:0
FNH:0
DA:1,1
DA:2,1
DA:3,1
DA:4,1
DA:5,1
DA:6,1
DA:7,1
DA:8,1
DA:9,1
DA:10,1
DA:11,1
DA:12,1
DA:13,1
DA:14,1
DA:15,1
DA:16,1
DA:17,27
DA:18,27
DA:19,27
DA:20,27
DA:21,27
DA:22,27
DA:23,27
DA:24,27
DA:25,27
DA:26,27
DA:27,27
DA:28,27
DA:29,27
DA:30,27
DA:31,27
DA:32,27
DA:33,27
DA:34,27
DA:35,27
DA:36,27
DA:37,27
DA:38,27
DA:39,27
DA:40,27
DA:41,27
DA:42,27
DA:43,27
DA:44,4
DA:45,4
DA:46,4
DA:47,4
DA:48,4
DA:49,4
DA:50,4
DA:51,4
DA:52,4
DA:53,23
DA:54,23
DA:55,23
DA:56,23
DA:57,23
DA:58,23
DA:59,23
DA:60,23
DA:61,23
DA:62,23
DA:63,23
DA:64,23
DA:65,23
DA:66,23
DA:67,23
DA:68,23
DA:69,1
DA:70,1
DA:71,1
DA:72,1
DA:73,1
DA:74,1
DA:75,1
DA:76,1
DA:77,1
DA:78,1
DA:79,1
DA:80,1
DA:81,1
DA:82,1
DA:83,1
DA:84,1
DA:85,1
DA:86,1
DA:87,1
DA:88,1
DA:89,1
DA:90,1
DA:91,1
DA:92,1
DA:93,1
DA:94,1
DA:95,0
DA:96,0
DA:97,0
DA:98,1
DA:99,1
DA:100,1
DA:101,1
LF:101
LH:98
BRDA:16,0,0,27
BRDA:30,1,0,0
BRDA:36,2,0,2
BRDA:37,3,0,2
BRDA:38,4,0,2
BRDA:39,5,0,3
BRDA:39,6,0,0
BRDA:40,7,0,3
BRDA:40,8,0,0
BRDA:41,9,0,1
BRDA:41,10,0,0
BRDA:43,11,0,25
BRDA:43,12,0,24
BRDA:43,13,0,4
BRDA:47,14,0,2
BRDA:48,15,0,2
BRDA:49,16,0,2
BRDA:52,17,0,23
BRDA:75,18,0,1
BRDA:94,19,0,0
BRF:20
BRH:15
end_of_record
TN:
SF:src\routes\v1\reps.js
FN:16,_persistSession
FNF:1
FNH:1
FNDA:6,_persistSession
DA:1,1
DA:2,1
DA:3,1
DA:4,1
DA:5,1
DA:6,1
DA:7,1
DA:8,1
DA:9,1
DA:10,1
DA:11,1
DA:12,1
DA:13,1
DA:14,1
DA:15,1
DA:16,6
DA:17,6
DA:18,6
DA:19,6
DA:20,6
DA:21,6
DA:22,6
DA:23,6
DA:24,6
DA:25,6
DA:26,6
DA:27,6
DA:28,6
DA:29,6
DA:30,6
DA:31,6
DA:32,6
DA:33,6
DA:34,6
DA:35,6
DA:36,6
DA:37,6
DA:38,6
DA:39,0
DA:40,0
DA:41,6
DA:42,1
DA:43,1
DA:44,1
DA:45,1
DA:46,1
DA:47,1
DA:48,1
DA:49,11
DA:50,11
DA:51,9
DA:52,7
DA:53,7
DA:54,7
DA:55,11
DA:56,5
DA:57,5
DA:58,5
DA:59,5
DA:60,5
DA:61,5
DA:62,5
DA:63,2
DA:64,7
DA:65,1
DA:66,1
DA:67,1
DA:68,1
DA:69,1
DA:70,1
DA:71,1
DA:72,1
DA:73,1
DA:74,1
DA:75,1
DA:76,7
DA:77,7
DA:78,7
DA:79,5
DA:80,5
DA:81,5
DA:82,5
DA:83,5
DA:84,5
DA:85,5
DA:86,5
DA:87,5
DA:88,5
DA:89,5
DA:90,5
DA:91,5
DA:92,5
DA:93,5
DA:94,5
DA:95,5
DA:96,5
DA:97,2
DA:98,2
DA:99,6
DA:100,1
DA:101,1
DA:102,1
DA:103,1
DA:104,1
DA:105,7
DA:106,7
DA:107,7
DA:108,7
DA:109,7
DA:110,7
DA:111,7
DA:112,7
DA:113,7
DA:114,1
DA:115,1
DA:116,1
DA:117,1
DA:118,1
DA:119,1
DA:120,1
DA:121,1
DA:122,1
DA:123,2
DA:124,2
DA:125,1
DA:126,1
DA:127,1
DA:128,1
DA:129,1
DA:130,1
DA:131,1
DA:132,1
DA:133,1
DA:134,1
DA:135,3
DA:136,3
DA:137,3
DA:138,3
DA:139,3
DA:140,3
DA:141,3
DA:142,3
DA:143,3
DA:144,3
DA:145,3
DA:146,3
DA:147,3
DA:148,3
DA:149,3
DA:150,3
DA:151,3
DA:152,3
DA:153,3
DA:154,2
DA:155,2
DA:156,1
DA:157,1
DA:158,1
LF:158
LH:156
BRDA:16,0,0,6
BRDA:28,1,0,4
BRDA:29,2,0,0
BRDA:30,3,0,1
BRDA:31,4,0,0
BRDA:32,5,0,1
BRDA:33,6,0,4
BRDA:34,7,0,4
BRDA:35,8,0,4
BRDA:38,9,0,0
BRDA:48,10,0,11
BRDA:50,11,0,2
BRDA:50,12,0,9
BRDA:51,13,0,2
BRDA:51,14,0,7
BRDA:55,15,0,6
BRDA:55,16,0,5
BRDA:62,17,0,7
BRDA:62,18,0,2
BRDA:64,19,0,1
BRDA:65,20,0,0
BRDA:65,21,0,0
BRDA:75,22,0,7
BRDA:78,23,0,5
BRDA:90,24,0,1
BRDA:91,25,0,3
BRDA:92,26,0,3
BRDA:93,27,0,3
BRDA:96,28,0,6
BRDA:96,29,0,2
BRDA:99,30,0,1
BRDA:100,31,0,0
BRDA:100,32,0,0
BRDA:106,33,0,1
BRDA:107,34,0,1
BRDA:108,35,0,1
BRDA:108,36,0,1
BRDA:109,37,0,0
BRDA:110,38,0,1
BRDA:111,39,0,1
BRDA:112,40,0,1
BRDA:113,41,0,1
BRDA:122,42,0,2
BRDA:124,43,0,1
BRDA:134,44,0,3
BRDA:153,45,0,2
BRF:46
BRH:38
end_of_record
TN:
SF:src\routes\v1\routines.js
FN:90,_localRoutine
FNF:1
FNH:1
FNDA:18,_localRoutine
DA:1,1
DA:2,1
DA:3,1
DA:4,1
DA:5,1
DA:6,1
DA:7,1
DA:8,1
DA:9,1
DA:10,1
DA:11,1
DA:12,1
DA:13,1
DA:14,1
DA:15,1
DA:16,1
DA:17,1
DA:18,1
DA:19,1
DA:20,1
DA:21,1
DA:22,1
DA:23,1
DA:24,1
DA:25,1
DA:26,1
DA:27,1
DA:28,1
DA:29,1
DA:30,1
DA:31,1
DA:32,1
DA:33,1
DA:34,1
DA:35,1
DA:36,19
DA:37,19
DA:38,19
DA:39,19
DA:40,2
DA:41,2
DA:42,2
DA:43,2
DA:44,2
DA:45,2
DA:46,2
DA:47,2
DA:48,2
DA:49,2
DA:50,18
DA:51,18
DA:52,19
DA:53,19
DA:54,1
DA:55,1
DA:56,1
DA:57,1
DA:58,1
DA:59,1
DA:60,3
DA:61,3
DA:62,3
DA:63,3
DA:64,3
DA:65,3
DA:66,3
DA:67,3
DA:68,3
DA:69,3
DA:70,3
DA:71,3
DA:72,3
DA:73,3
DA:74,3
DA:75,3
DA:76,3
DA:77,3
DA:78,3
DA:79,3
DA:80,3
DA:81,2
DA:82,1
DA:83,1
DA:84,1
DA:85,0
DA:86,1
DA:87,1
DA:88,1
DA:89,1
DA:90,18
DA:91,18
DA:92,18
DA:93,18
DA:94,18
DA:95,18
DA:96,18
DA:97,18
DA:98,18
DA:99,18
DA:100,18
DA:101,18
DA:102,18
DA:103,18
DA:104,18
DA:105,18
DA:106,18
DA:107,18
DA:108,18
DA:109,18
DA:110,18
DA:111,18
DA:112,18
DA:113,18
DA:114,18
DA:115,18
DA:116,18
DA:117,18
DA:118,18
DA:119,18
DA:120,18
DA:121,18
DA:122,18
DA:123,18
DA:124,18
DA:125,18
DA:126,18
DA:127,18
DA:128,1
DA:129,1
LF:129
LH:128
BRDA:35,0,0,19
BRDA:39,1,0,2
BRDA:39,2,0,2
BRDA:48,3,0,1
BRDA:49,4,0,18
BRDA:52,5,0,0
BRDA:52,6,0,0
BRDA:59,7,0,3
BRDA:79,8,0,1
BRDA:80,9,0,2
BRDA:81,10,0,1
BRDA:83,11,0,1
BRDA:84,12,0,0
BRDA:90,13,0,18
BRDA:126,14,0,1
BRF:15
BRH:12
end_of_record
TN:
SF:src\routes\v1\settings.js
FN:73,validKey
FNF:1
FNH:1
FNDA:21,validKey
DA:1,1
DA:2,1
DA:3,1
DA:4,1
DA:5,1
DA:6,1
DA:7,1
DA:8,1
DA:9,1
DA:10,1
DA:11,1
DA:12,1
DA:13,1
DA:14,1
DA:15,1
DA:16,1
DA:17,1
DA:18,1
DA:19,1
DA:20,1
DA:21,1
DA:22,1
DA:23,1
DA:24,1
DA:25,1
DA:26,1
DA:27,1
DA:28,1
DA:29,1
DA:30,1
DA:31,1
DA:32,1
DA:33,1
DA:34,1
DA:35,1
DA:36,1
DA:37,1
DA:38,1
DA:39,1
DA:40,1
DA:41,1
DA:42,1
DA:43,1
DA:44,1
DA:45,1
DA:46,1
DA:47,1
DA:48,1
DA:49,1
DA:50,1
DA:51,1
DA:52,1
DA:53,1
DA:54,1
DA:55,1
DA:56,1
DA:57,1
DA:58,1
DA:59,1
DA:60,1
DA:61,1
DA:62,1
DA:63,1
DA:64,1
DA:65,1
DA:66,1
DA:67,1
DA:68,1
DA:69,1
DA:70,1
DA:71,1
DA:72,1
DA:73,21
DA:74,21
DA:75,21
DA:76,1
DA:77,1
DA:78,1
DA:79,1
DA:80,1
DA:81,1
DA:82,6
DA:83,6
DA:84,6
DA:85,6
DA:86,6
DA:87,6
DA:88,1
DA:89,1
DA:90,1
DA:91,1
DA:92,1
DA:93,1
DA:94,1
DA:95,5
DA:96,5
DA:97,4
DA:98,4
DA:99,4
DA:100,4
DA:101,4
DA:102,4
DA:103,2
DA:104,1
DA:105,1
DA:106,1
DA:107,1
DA:108,1
DA:109,1
DA:110,1
DA:111,15
DA:112,15
DA:113,13
DA:114,13
DA:115,13
DA:116,13
DA:117,12
DA:118,1
DA:119,1
DA:120,8
DA:121,8
DA:122,8
DA:123,8
DA:124,8
DA:125,8
DA:126,8
DA:127,8
DA:128,15
DA:129,1
DA:130,1
DA:131,1
DA:132,1
DA:133,1
DA:134,1
DA:135,1
DA:136,1
DA:137,1
DA:138,0
DA:139,0
DA:140,0
DA:141,0
DA:142,0
DA:143,0
DA:144,0
DA:145,1
DA:146,1
DA:147,1
LF:147
LH:140
BRDA:73,0,0,21
BRDA:74,1,0,20
BRDA:81,2,0,6
BRDA:86,3,0,2
BRDA:94,4,0,5
BRDA:96,5,0,4
BRDA:96,6,0,1
BRDA:102,7,0,2
BRDA:102,8,0,2
BRDA:110,9,0,15
BRDA:112,10,0,2
BRDA:112,11,0,13
BRDA:115,12,0,2
BRDA:115,13,0,11
BRDA:116,14,0,2
BRDA:116,15,0,12
BRDA:116,16,0,9
BRDA:117,17,0,1
BRDA:119,18,0,8
BRDA:128,19,0,0
BRDA:128,20,0,8
BRDA:128,21,0,0
BRDA:135,22,0,1
BRDA:137,23,0,0
BRF:24
BRH:21
end_of_record
TN:
SF:src\routes\v1\yolo.js
FNF:0
FNH:0
DA:1,1
DA:2,1
DA:3,1
DA:4,1
DA:5,1
DA:6,1
DA:7,1
DA:8,1
DA:9,1
DA:10,1
DA:11,1
DA:12,1
DA:13,1
DA:14,1
DA:15,1
DA:16,1
DA:17,1
DA:18,1
DA:19,1
DA:20,1
DA:21,1
DA:22,1
DA:23,1
DA:24,8
DA:25,8
DA:26,8
DA:27,8
DA:28,8
DA:29,8
DA:30,8
DA:31,8
DA:32,8
DA:33,8
DA:34,8
DA:35,8
DA:36,7
DA:37,7
DA:38,7
DA:39,7
DA:40,7
DA:41,7
DA:42,7
DA:43,7
DA:44,7
DA:45,7
DA:46,7
DA:47,7
DA:48,0
DA:49,0
DA:50,0
DA:51,8
DA:52,7
DA:53,7
DA:54,7
DA:55,1
DA:56,1
DA:57,1
DA:58,1
DA:59,1
DA:60,1
DA:61,1
DA:62,1
DA:63,1
DA:64,1
DA:65,1
DA:66,0
DA:67,1
DA:68,1
DA:69,1
DA:70,1
DA:71,1
DA:72,1
DA:73,1
DA:74,1
DA:75,1
DA:76,1
DA:77,1
DA:78,1
DA:79,1
DA:80,1
DA:81,1
DA:82,0
DA:83,1
DA:84,1
DA:85,1
DA:86,1
DA:87,1
DA:88,1
DA:89,1
LF:89
LH:84
BRDA:10,0,0,0
BRDA:23,1,0,8
BRDA:25,2,0,1
BRDA:25,3,0,7
BRDA:35,4,0,7
BRDA:47,5,0,0
BRDA:51,6,0,7
BRDA:34,7,0,7
BRDA:35,8,0,7
BRDA:60,9,0,1
BRDA:65,10,0,0
BRDA:76,11,0,1
BRDA:81,12,0,0
BRF:13
BRH:9
end_of_record
TN:
SF:src\services\emailService.js
FN:7,_getTransporter
FN:26,sendPasswordReset
FNF:2
FNH:2
FNDA:15,_getTransporter
FNDA:15,sendPasswordReset
DA:1,1
DA:2,1
DA:3,1
DA:4,1
DA:5,1
DA:6,1
DA:7,15
DA:8,15
DA:9,14
DA:10,14
DA:11,15
DA:12,8
DA:13,8
DA:14,8
DA:15,15
DA:16,15
DA:17,15
DA:18,15
DA:19,15
DA:20,15
DA:21,15
DA:22,15
DA:23,15
DA:24,15
DA:25,1
DA:26,15
DA:27,15
DA:28,15
DA:29,15
DA:30,15
DA:31,15
DA:32,15
DA:33,6
DA:34,6
DA:35,6
DA:36,6
DA:37,6
DA:38,9
DA:39,9
DA:40,9
DA:41,9
DA:42,9
DA:43,9
DA:44,9
DA:45,9
DA:46,9
DA:47,9
DA:48,9
DA:49,9
DA:50,9
DA:51,9
DA:52,9
DA:53,9
DA:54,9
DA:55,9
DA:56,9
DA:57,9
DA:58,9
DA:59,9
DA:60,9
DA:61,9
DA:62,8
DA:63,8
DA:64,8
DA:65,1
DA:66,1
LF:66
LH:66
BRDA:7,0,0,15
BRDA:8,1,0,14
BRDA:8,2,0,1
BRDA:11,3,0,6
BRDA:11,4,0,8
BRDA:15,5,0,2
BRDA:26,6,0,15
BRDA:28,7,0,8
BRDA:30,8,0,11
BRDA:30,9,0,10
BRDA:32,10,0,6
BRDA:37,11,0,9
BRDA:61,12,0,8
BRF:13
BRH:13
end_of_record
TN:
SF:src\services\n8nWebhookService.js
FN:7,emit
FN:33,buildUserContext
FNF:2
FNH:2
FNDA:44,emit
FNDA:44,buildUserContext
DA:1,1
DA:2,1
DA:3,1
DA:4,1
DA:5,1
DA:6,1
DA:7,44
DA:8,44
DA:9,44
DA:10,44
DA:11,44
DA:12,44
DA:13,44
DA:14,44
DA:15,44
DA:16,44
DA:17,44
DA:18,44
DA:19,44
DA:20,44
DA:21,44
DA:22,44
DA:23,44
DA:24,44
DA:25,44
DA:26,44
DA:27,0
DA:28,44
DA:29,44
DA:30,44
DA:31,44
DA:32,1
DA:33,44
DA:34,44
DA:35,44
DA:36,44
DA:37,44
DA:38,44
DA:39,44
DA:40,44
DA:41,44
DA:42,44
DA:43,44
DA:44,44
DA:45,44
DA:46,44
DA:47,44
DA:48,44
DA:49,44
DA:50,44
DA:51,44
DA:52,44
DA:53,44
DA:54,44
DA:55,44
DA:56,44
DA:57,44
DA:58,44
DA:59,11
DA:60,44
DA:61,44
DA:62,44
DA:63,44
DA:64,44
DA:65,44
DA:66,44
DA:67,44
DA:68,44
DA:69,44
DA:70,44
DA:71,44
DA:72,44
DA:73,44
DA:74,44
DA:75,44
DA:76,44
DA:77,44
DA:78,44
DA:79,44
DA:80,44
DA:81,44
DA:82,1
DA:83,1
LF:83
LH:82
BRDA:5,0,0,0
BRDA:7,1,0,44
BRDA:8,2,0,0
BRDA:28,3,0,44
BRDA:33,4,0,44
BRDA:38,5,0,0
BRDA:59,6,0,11
BRDA:60,7,0,33
BRDA:78,8,0,21
BRDA:78,9,0,23
BRF:10
BRH:7
end_of_record
TN:
SF:src\services\ollamaService.js
FN:3,BASE
FN:4,MODEL
FN:6,isAvailable
FN:13,chat
FN:30,chatStream
FN:65,listModels
FNF:6
FNH:6
FNDA:15,BASE
FNDA:10,MODEL
FNDA:3,isAvailable
FNDA:5,chat
FNDA:3,chatStream
FNDA:4,listModels
DA:1,1
DA:2,1
DA:3,1
DA:4,1
DA:5,1
DA:6,3
DA:7,3
DA:8,3
DA:9,2
DA:10,3
DA:11,3
DA:12,1
DA:13,5
DA:14,5
DA:15,5
DA:16,5
DA:17,5
DA:18,5
DA:19,5
DA:20,5
DA:21,5
DA:22,5
DA:23,5
DA:24,5
DA:25,5
DA:26,4
DA:27,5
DA:28,5
DA:29,1
DA:30,3
DA:31,3
DA:32,3
DA:33,3
DA:34,3
DA:35,3
DA:36,3
DA:37,3
DA:38,3
DA:39,3
DA:40,3
DA:41,3
DA:42,3
DA:43,2
DA:44,2
DA:45,2
DA:46,2
DA:47,2
DA:48,2
DA:49,3
DA:50,3
DA:51,2
DA:52,2
DA:53,3
DA:54,3
DA:55,5
DA:56,5
DA:57,5
DA:58,5
DA:59,5
DA:60,5
DA:61,5
DA:62,1
DA:63,3
DA:64,1
DA:65,4
DA:66,4
DA:67,4
DA:68,3
DA:69,2
DA:70,4
DA:71,4
DA:72,4
DA:73,1
DA:74,1
LF:74
LH:74
BRDA:3,0,0,15
BRDA:4,1,0,10
BRDA:4,2,0,9
BRDA:6,3,0,3
BRDA:8,4,0,2
BRDA:10,5,0,1
BRDA:13,6,0,5
BRDA:25,7,0,1
BRDA:25,8,0,4
BRDA:27,9,0,1
BRDA:30,10,0,3
BRDA:42,11,0,1
BRDA:42,12,0,2
BRDA:48,13,0,3
BRDA:50,14,0,2
BRDA:50,15,0,1
BRDA:53,16,0,0
BRDA:54,17,0,5
BRDA:55,18,0,0
BRDA:58,19,0,3
BRDA:58,20,0,4
BRDA:58,21,0,3
BRDA:59,22,0,1
BRDA:60,23,0,1
BRDA:61,24,0,1
BRDA:65,25,0,4
BRDA:67,26,0,3
BRDA:68,27,0,1
BRDA:68,28,0,2
BRDA:70,29,0,1
BRDA:71,30,0,1
BRDA:70,31,0,2
BRF:32
BRH:30
end_of_record
TN:
SF:src\services\visionClient.js
FN:8,_headers
FN:16,_fetch
FN:42,createSession
FN:49,completeSession
FN:56,getSession
FN:66,generateDietPdf
FN:87,generateDiet
FN:94,generateRoutine
FNF:8
FNH:8
FNDA:20,_headers
FNDA:16,_fetch
FNDA:5,createSession
FNDA:2,completeSession
FNDA:3,getSession
FNDA:4,generateDietPdf
FNDA:3,generateDiet
FNDA:3,generateRoutine
DA:1,1
DA:2,1
DA:3,1
DA:4,1
DA:5,1
DA:6,1
DA:7,1
DA:8,20
DA:9,20
DA:10,20
DA:11,20
DA:12,20
DA:13,20
DA:14,20
DA:15,1
DA:16,16
DA:17,16
DA:18,16
DA:19,16
DA:20,16
DA:21,16
DA:22,16
DA:23,16
DA:24,16
DA:25,16
DA:26,11
DA:27,11
DA:28,16
DA:29,5
DA:30,1
DA:31,5
DA:32,4
DA:33,4
DA:34,5
DA:35,16
DA:36,16
DA:37,16
DA:38,16
DA:39,1
DA:40,1
DA:41,1
DA:42,5
DA:43,5
DA:44,5
DA:45,5
DA:46,5
DA:47,5
DA:48,1
DA:49,2
DA:50,2
DA:51,2
DA:52,2
DA:53,2
DA:54,2
DA:55,1
DA:56,3
DA:57,3
DA:58,3
DA:59,1
DA:60,1
DA:61,1
DA:62,1
DA:63,1
DA:64,1
DA:65,1
DA:66,4
DA:67,4
DA:68,4
DA:69,4
DA:70,4
DA:71,4
DA:72,4
DA:73,4
DA:74,4
DA:75,4
DA:76,3
DA:77,4
DA:78,2
DA:79,2
DA:80,4
DA:81,1
DA:82,1
DA:83,4
DA:84,1
DA:85,1
DA:86,1
DA:87,3
DA:88,3
DA:89,3
DA:90,3
DA:91,3
DA:92,3
DA:93,1
DA:94,3
DA:95,3
DA:96,3
DA:97,3
DA:98,3
DA:99,3
DA:100,1
DA:101,1
DA:102,1
DA:103,1
DA:104,1
DA:105,1
LF:105
LH:105
BRDA:5,0,0,0
BRDA:8,1,0,20
BRDA:16,2,0,16
BRDA:24,3,0,11
BRDA:25,4,0,0
BRDA:25,5,0,11
BRDA:28,6,0,5
BRDA:29,7,0,1
BRDA:31,8,0,4
BRDA:35,9,0,0
BRDA:42,10,0,5
BRDA:49,11,0,2
BRDA:56,12,0,3
BRDA:66,13,0,4
BRDA:75,14,0,3
BRDA:77,15,0,1
BRDA:77,16,0,2
BRDA:80,17,0,1
BRDA:87,18,0,3
BRDA:94,19,0,3
BRF:20
BRH:17
end_of_record
TN:
SF:src\utils\asyncHandler.js
FN:15,asyncHandler
FNF:1
FNH:1
FNDA:1250,asyncHandler
DA:1,1
DA:2,1
DA:3,1
DA:4,1
DA:5,1
DA:6,1
DA:7,1
DA:8,1
DA:9,1
DA:10,1
DA:11,1
DA:12,1
DA:13,1
DA:14,1
DA:15,1
DA:16,1
DA:17,1
DA:18,1
LF:18
LH:18
BRDA:15,0,0,1250
BRDA:15,1,0,586
BRF:2
BRH:2
end_of_record
TN:
SF:src\utils\constants.js
FNF:0
FNH:0
DA:1,1
DA:2,1
DA:3,1
DA:4,1
DA:5,1
DA:6,1
DA:7,1
DA:8,1
DA:9,1
DA:10,1
DA:11,1
DA:12,1
DA:13,1
DA:14,1
DA:15,1
DA:16,1
DA:17,1
DA:18,1
DA:19,1
DA:20,1
DA:21,1
DA:22,1
DA:23,1
DA:24,1
DA:25,1
DA:26,1
DA:27,1
DA:28,1
DA:29,1
DA:30,1
DA:31,1
DA:32,1
DA:33,1
DA:34,1
DA:35,1
DA:36,1
DA:37,1
DA:38,1
DA:39,1
DA:40,1
DA:41,1
DA:42,1
DA:43,1
DA:44,1
DA:45,1
LF:45
LH:45
BRF:0
BRH:0
end_of_record
TN:
SF:src\utils\internalToken.js
FN:27,generateInternalToken
FNF:1
FNH:1
FNDA:18,generateInternalToken
DA:1,1
DA:2,1
DA:3,1
DA:4,1
DA:5,1
DA:6,1
DA:7,1
DA:8,4
DA:9,4
DA:10,4
DA:11,4
DA:12,4
DA:13,4
DA:14,3
DA:15,3
DA:16,3
DA:17,3
DA:18,1
DA:19,1
DA:20,1
DA:21,1
DA:22,1
DA:23,1
DA:24,1
DA:25,1
DA:26,1
DA:27,18
DA:28,18
DA:29,18
DA:30,18
DA:31,2
DA:32,2
DA:33,2
DA:34,16
DA:35,16
DA:36,16
DA:37,16
DA:38,1
DA:39,1
LF:39
LH:39
BRDA:4,0,0,0
BRDA:5,1,0,4
BRDA:7,2,0,4
BRDA:13,3,0,1
BRDA:13,4,0,3
BRDA:27,5,0,18
BRDA:30,6,0,2
BRDA:33,7,0,16
BRF:8
BRH:7
end_of_record
TN:
SF:src\utils\metrics.js
FN:16,calcBMR
FN:29,calcTDEE
FN:40,calcCalorieTarget
FN:53,calcBMI
FN:70,calcMetrics
FN:82,calcProteinTarget
FNF:6
FNH:6
FNDA:67,calcBMR
FNDA:67,calcTDEE
FNDA:67,calcCalorieTarget
FNDA:67,calcBMI
FNDA:67,calcMetrics
FNDA:33,calcProteinTarget
DA:1,1
DA:2,1
DA:3,1
DA:4,1
DA:5,1
DA:6,1
DA:7,1
DA:8,1
DA:9,1
DA:10,1
DA:11,1
DA:12,1
DA:13,1
DA:14,1
DA:15,1
DA:16,67
DA:17,67
DA:18,67
DA:19,67
DA:20,1
DA:21,1
DA:22,1
DA:23,1
DA:24,1
DA:25,1
DA:26,1
DA:27,1
DA:28,1
DA:29,67
DA:30,67
DA:31,67
DA:32,1
DA:33,1
DA:34,1
DA:35,1
DA:36,1
DA:37,1
DA:38,1
DA:39,1
DA:40,67
DA:41,67
DA:42,40
DA:43,25
DA:44,25
DA:45,1
DA:46,1
DA:47,1
DA:48,1
DA:49,1
DA:50,1
DA:51,1
DA:52,1
DA:53,67
DA:54,67
DA:55,67
DA:56,1
DA:57,1
DA:58,1
DA:59,1
DA:60,1
DA:61,1
DA:62,1
DA:63,1
DA:64,1
DA:65,1
DA:66,1
DA:67,1
DA:68,1
DA:69,1
DA:70,67
DA:71,67
DA:72,67
DA:73,67
DA:74,67
DA:75,67
DA:76,67
DA:77,1
DA:78,1
DA:79,1
DA:80,1
DA:81,1
DA:82,33
DA:83,33
DA:84,33
DA:85,33
DA:86,1
DA:87,1
LF:87
LH:87
BRDA:16,0,0,67
BRDA:18,1,0,6
BRDA:18,2,0,61
BRDA:29,3,0,67
BRDA:30,4,0,18
BRDA:40,5,0,67
BRDA:41,6,0,66
BRDA:41,7,0,34
BRDA:41,8,0,40
BRDA:41,9,0,33
BRDA:42,10,0,8
BRDA:42,11,0,25
BRDA:53,12,0,67
BRDA:70,13,0,67
BRDA:82,14,0,33
BRDA:84,15,0,0
BRF:16
BRH:15
end_of_record
TN:
SF:src\utils\validate.js
FN:10,isValidDate
FN:17,validateDate
FN:26,validateString
FN:33,validateNumber
FN:45,validateEnum
FN:56,validateId
FN:70,abort
FNF:7
FNH:6
FNDA:16,isValidDate
FNDA:16,validateDate
FNDA:6,validateString
FNDA:245,validateNumber
FNDA:98,validateEnum
FNDA:0,validateId
FNDA:227,abort
DA:1,1
DA:2,1
DA:3,1
DA:4,1
DA:5,1
DA:6,1
DA:7,1
DA:8,1
DA:9,1
DA:10,16
DA:11,16
DA:12,16
DA:13,16
DA:14,16
DA:15,1
DA:16,1
DA:17,16
DA:18,16
DA:19,16
DA:20,0
DA:21,0
DA:22,16
DA:23,16
DA:24,1
DA:25,1
DA:26,6
DA:27,6
DA:28,6
DA:29,6
DA:30,6
DA:31,1
DA:32,1
DA:33,245
DA:34,245
DA:35,6
DA:36,6
DA:37,239
DA:38,245
DA:39,245
DA:40,245
DA:41,239
DA:42,239
DA:43,1
DA:44,1
DA:45,98
DA:46,98
DA:47,7
DA:48,7
DA:49,98
DA:50,3
DA:51,3
DA:52,88
DA:53,88
DA:54,1
DA:55,1
DA:56,0
DA:57,0
DA:58,0
DA:59,0
DA:60,0
DA:61,1
DA:62,1
DA:63,1
DA:64,1
DA:65,1
DA:66,1
DA:67,1
DA:68,1
DA:69,1
DA:70,227
DA:71,227
DA:72,227
DA:73,3
DA:74,3
DA:75,3
DA:76,1
DA:77,1
DA:78,1
DA:79,1
DA:80,1
DA:81,1
DA:82,1
DA:83,1
DA:84,1
LF:84
LH:77
BRDA:10,0,0,16
BRDA:11,1,0,0
BRDA:17,2,0,16
BRDA:18,3,0,0
BRDA:19,4,0,0
BRDA:26,5,0,6
BRDA:27,6,0,0
BRDA:28,7,0,0
BRDA:33,8,0,245
BRDA:34,9,0,239
BRDA:34,10,0,6
BRDA:35,11,0,0
BRDA:36,12,0,239
BRDA:38,13,0,0
BRDA:38,14,0,239
BRDA:39,15,0,0
BRDA:39,16,0,239
BRDA:40,17,0,0
BRDA:40,18,0,239
BRDA:45,19,0,98
BRDA:46,20,0,91
BRDA:46,21,0,7
BRDA:47,22,0,0
BRDA:48,23,0,91
BRDA:49,24,0,97
BRDA:49,25,0,3
BRDA:51,26,0,88
BRDA:70,27,0,227
BRDA:72,28,0,224
BRDA:72,29,0,3
BRF:30
BRH:20
end_of_record
